2023-09-25 09:33:02.595 [main] INFO  actions.TestcaseExecutor - createProjectSetup started...
2023-09-25 09:33:02.611 [main] INFO  utils.ProjectConfiguration - Logs Folder Already exists...!
2023-09-25 09:33:02.611 [main] INFO  utils.ProjectConfiguration - CleanFolders Started
2023-09-25 09:33:02.611 [main] INFO  utils.ProjectConfiguration - Screenshots Folder Cleaned Successfully
2023-09-25 09:33:02.627 [main] INFO  utils.ProjectConfiguration - TransformedGPS Folder Cleaned Successfully
2023-09-25 09:33:02.627 [main] INFO  utils.ProjectConfiguration - CleanFolders Completed
2023-09-25 09:33:02.627 [main] INFO  utils.ProjectConfiguration - Folders Creation Started
2023-09-25 09:33:02.627 [main] INFO  utils.ProjectConfiguration - Report Folder Already exists...!
2023-09-25 09:33:02.627 [main] INFO  utils.ProjectConfiguration - Capture Images Folder Already exists...!
2023-09-25 09:33:02.627 [main] INFO  utils.ProjectConfiguration - Screenshots Folder Already exists...!
2023-09-25 09:33:02.627 [main] INFO  utils.ProjectConfiguration - Sikuli-Images Folder Already exists...!
2023-09-25 09:33:02.627 [main] INFO  utils.ProjectConfiguration - ExcelHolder Folder Already exists...!
2023-09-25 09:33:02.627 [main] INFO  utils.ProjectConfiguration - TransformedGPS Folder Already exists...!
2023-09-25 09:33:02.627 [main] INFO  utils.ProjectConfiguration - Base-Files Folder Already exists...!
2023-09-25 09:33:02.627 [main] INFO  utils.ProjectConfiguration - config Folder Already exists...!
2023-09-25 09:33:02.627 [main] INFO  utils.ProjectConfiguration - Folders Creation Completed
2023-09-25 09:33:02.627 [main] INFO  utils.ExecutionUtils - loadSettings started
2023-09-25 09:33:04.063 [main] INFO  utils.ExecutionUtils - loadSettings completed
2023-09-25 09:33:04.063 [main] INFO  utils.ProjectConfiguration - Logs Folder Already exists...!
2023-09-25 09:33:04.063 [main] INFO  utils.ProjectConfiguration - CleanFolders Started
2023-09-25 09:33:04.063 [main] INFO  utils.ProjectConfiguration - Screenshots Folder Cleaned Successfully
2023-09-25 09:33:04.063 [main] INFO  utils.ProjectConfiguration - TransformedGPS Folder Cleaned Successfully
2023-09-25 09:33:04.063 [main] INFO  utils.ProjectConfiguration - CleanFolders Completed
2023-09-25 09:33:04.063 [main] INFO  utils.ProjectConfiguration - Folders Creation Started
2023-09-25 09:33:04.063 [main] INFO  utils.ProjectConfiguration - Report Folder Already exists...!
2023-09-25 09:33:04.063 [main] INFO  utils.ProjectConfiguration - Capture Images Folder Already exists...!
2023-09-25 09:33:04.063 [main] INFO  utils.ProjectConfiguration - Screenshots Folder Already exists...!
2023-09-25 09:33:04.063 [main] INFO  utils.ProjectConfiguration - Sikuli-Images Folder Already exists...!
2023-09-25 09:33:04.063 [main] INFO  utils.ProjectConfiguration - ExcelHolder Folder Already exists...!
2023-09-25 09:33:04.078 [main] INFO  utils.ProjectConfiguration - TransformedGPS Folder Already exists...!
2023-09-25 09:33:04.078 [main] INFO  utils.ProjectConfiguration - Base-Files Folder Already exists...!
2023-09-25 09:33:04.078 [main] INFO  utils.ProjectConfiguration - config Folder Already exists...!
2023-09-25 09:33:04.078 [main] INFO  utils.ProjectConfiguration - Folders Creation Completed
2023-09-25 09:33:04.078 [main] INFO  utils.ProjectConfiguration - Report Setup Started
2023-09-25 09:33:04.188 [main] INFO  utils.ProjectConfiguration - Report Setup Completed
2023-09-25 09:33:04.188 [main] INFO  utils.ExecutionUtils - Get execution sheets started
2023-09-25 09:33:04.219 [main] INFO  utils.ExecutionUtils - Get execution sheets completed
2023-09-25 09:33:04.298 [main] INFO  actions.TestcaseExecutor - createProjectSetup completed.
2023-09-25 09:33:04.298 [main] INFO  actions.TestcaseExecutor - loadMethods started...
2023-09-25 09:33:04.298 [main] INFO  utils.ExecutionUtils - D:\Selenium Workspace\TEST\Automation-Framework\NewTestcases\performanceTestcase500.xls Excel File check started...
2023-09-25 09:33:04.423 [main] INFO  utils.ExecutionUtils - DocPerformance Sheet Step validation started...
2023-09-25 09:33:04.454 [main] INFO  utils.ExecutionUtils - DocPerformance Sheet Step validation Ended
2023-09-25 09:33:04.454 [main] INFO  utils.ExecutionUtils - D:\Selenium Workspace\TEST\Automation-Framework\NewTestcases\performanceTestcase500.xls Excel File Check ended
2023-09-25 09:33:04.454 [main] INFO  actions.TestcaseExecutor - loadMethods completed.
2023-09-25 09:33:04.454 [main] INFO  actions.TestcaseExecutor - startExecution started...
2023-09-25 09:33:04.785 [main] INFO  epiplex.PerformanceUtils - PerformanceTest started on PerformanceTest500_edited
2023-09-25 09:33:04.785 [main] INFO  epiplex.PerformanceUtils - Generate Word_BRD started
2023-09-25 09:38:48.681 [main] ERROR actions.ElementFinder - Do you want to launch the generated document? not displyed within 30 s
2023-09-25 09:41:28.688 [main] ERROR actions.ElementFinder - launchDocument not displyed within 160 s
2023-09-25 09:44:08.719 [main] ERROR actions.ElementFinder - launchDocument not displyed within 160 s
2023-09-25 09:45:04.323 [main] INFO  epiplex.PerformanceUtils - Generate Word_BRD completed
2023-09-25 09:45:04.323 [main] INFO  epiplex.PerformanceUtils - Generate Word_BRD started
2023-09-25 09:49:23.032 [main] ERROR actions.ElementFinder - Do you want to launch the generated document? not displyed within 30 s
2023-09-25 09:52:03.038 [main] ERROR actions.ElementFinder - launchDocument not displyed within 160 s
2023-09-25 09:54:43.071 [main] ERROR actions.ElementFinder - launchDocument not displyed within 160 s
2023-09-25 09:55:38.956 [main] INFO  epiplex.PerformanceUtils - Generate Word_BRD completed
2023-09-25 09:55:38.956 [main] INFO  epiplex.PerformanceUtils - Generate Word_4img started
2023-09-25 10:03:34.307 [main] ERROR actions.ElementFinder - Do you want to launch the generated document? not displyed within 30 s
2023-09-25 10:06:14.370 [main] ERROR actions.ElementFinder - launchDocument not displyed within 160 s
2023-09-25 10:08:15.555 [main] INFO  epiplex.PerformanceUtils - Generate Word_4img completed
2023-09-25 10:08:15.555 [main] INFO  epiplex.PerformanceUtils - Generate Word_4img started
2023-09-25 10:16:11.969 [main] ERROR actions.ElementFinder - Do you want to launch the generated document? not displyed within 30 s
2023-09-25 10:18:52.014 [main] ERROR actions.ElementFinder - launchDocument not displyed within 160 s
2023-09-25 10:20:57.018 [main] INFO  epiplex.PerformanceUtils - Generate Word_4img completed
2023-09-25 10:20:57.034 [main] INFO  core.Application - D:\MSI\epiplex\BIN\epiSimDoc_Editor.exe is closing...
2023-09-25 10:20:57.661 [main] INFO  utils.ProjectConfiguration - Report Logging Closed
2023-09-25 10:20:57.677 [main] INFO  actions.TestcaseExecutor - startExecution completed.
2023-09-25 10:20:57.677 [main] INFO  actions.TestcaseExecutor - Close all Application started...
2023-09-25 10:20:57.677 [main] INFO  core.Application - closeAllApps is started...
2023-09-25 10:20:57.677 [main] INFO  core.Application - closeAllApps is completed...
2023-09-25 10:20:57.677 [main] INFO  actions.TestcaseExecutor - Close all Application completed.
2023-09-25 10:28:20.775 [main] INFO  actions.TestcaseExecutor - createProjectSetup started...
2023-09-25 10:28:20.775 [main] INFO  utils.ProjectConfiguration - Logs Folder Already exists...!
2023-09-25 10:28:20.775 [main] INFO  utils.ProjectConfiguration - CleanFolders Started
2023-09-25 10:28:20.790 [main] INFO  utils.ProjectConfiguration - Screenshots Folder Cleaned Successfully
2023-09-25 10:28:20.790 [main] INFO  utils.ProjectConfiguration - TransformedGPS Folder Cleaned Successfully
2023-09-25 10:28:20.790 [main] INFO  utils.ProjectConfiguration - CleanFolders Completed
2023-09-25 10:28:20.790 [main] INFO  utils.ProjectConfiguration - Folders Creation Started
2023-09-25 10:28:20.790 [main] INFO  utils.ProjectConfiguration - Report Folder Already exists...!
2023-09-25 10:28:20.790 [main] INFO  utils.ProjectConfiguration - Capture Images Folder Already exists...!
2023-09-25 10:28:20.790 [main] INFO  utils.ProjectConfiguration - Screenshots Folder Already exists...!
2023-09-25 10:28:20.790 [main] INFO  utils.ProjectConfiguration - Sikuli-Images Folder Already exists...!
2023-09-25 10:28:20.790 [main] INFO  utils.ProjectConfiguration - ExcelHolder Folder Already exists...!
2023-09-25 10:28:20.790 [main] INFO  utils.ProjectConfiguration - TransformedGPS Folder Already exists...!
2023-09-25 10:28:20.790 [main] INFO  utils.ProjectConfiguration - Base-Files Folder Already exists...!
2023-09-25 10:28:20.790 [main] INFO  utils.ProjectConfiguration - config Folder Already exists...!
2023-09-25 10:28:20.790 [main] INFO  utils.ProjectConfiguration - Folders Creation Completed
2023-09-25 10:28:20.790 [main] INFO  utils.ExecutionUtils - loadSettings started
2023-09-25 10:28:22.239 [main] INFO  utils.ExecutionUtils - loadSettings completed
2023-09-25 10:28:22.239 [main] INFO  utils.ProjectConfiguration - Logs Folder Already exists...!
2023-09-25 10:28:22.239 [main] INFO  utils.ProjectConfiguration - CleanFolders Started
2023-09-25 10:28:22.239 [main] INFO  utils.ProjectConfiguration - Screenshots Folder Cleaned Successfully
2023-09-25 10:28:22.239 [main] INFO  utils.ProjectConfiguration - TransformedGPS Folder Cleaned Successfully
2023-09-25 10:28:22.239 [main] INFO  utils.ProjectConfiguration - CleanFolders Completed
2023-09-25 10:28:22.239 [main] INFO  utils.ProjectConfiguration - Folders Creation Started
2023-09-25 10:28:22.239 [main] INFO  utils.ProjectConfiguration - Report Folder Already exists...!
2023-09-25 10:28:22.239 [main] INFO  utils.ProjectConfiguration - Capture Images Folder Already exists...!
2023-09-25 10:28:22.239 [main] INFO  utils.ProjectConfiguration - Screenshots Folder Already exists...!
2023-09-25 10:28:22.239 [main] INFO  utils.ProjectConfiguration - Sikuli-Images Folder Already exists...!
2023-09-25 10:28:22.239 [main] INFO  utils.ProjectConfiguration - ExcelHolder Folder Already exists...!
2023-09-25 10:28:22.239 [main] INFO  utils.ProjectConfiguration - TransformedGPS Folder Already exists...!
2023-09-25 10:28:22.239 [main] INFO  utils.ProjectConfiguration - Base-Files Folder Already exists...!
2023-09-25 10:28:22.239 [main] INFO  utils.ProjectConfiguration - config Folder Already exists...!
2023-09-25 10:28:22.239 [main] INFO  utils.ProjectConfiguration - Folders Creation Completed
2023-09-25 10:28:22.239 [main] INFO  utils.ProjectConfiguration - Report Setup Started
2023-09-25 10:28:22.333 [main] INFO  utils.ProjectConfiguration - Report Setup Completed
2023-09-25 10:28:22.333 [main] INFO  utils.ExecutionUtils - Get execution sheets started
2023-09-25 10:28:22.380 [main] INFO  utils.ExecutionUtils - Get execution sheets completed
2023-09-25 10:28:22.443 [main] INFO  actions.TestcaseExecutor - createProjectSetup completed.
2023-09-25 10:28:22.443 [main] INFO  actions.TestcaseExecutor - loadMethods started...
2023-09-25 10:28:22.443 [main] INFO  utils.ExecutionUtils - D:\Selenium Workspace\TEST\Automation-Framework\NewTestcases\performanceTestcase500.xls Excel File check started...
2023-09-25 10:28:22.568 [main] INFO  utils.ExecutionUtils - DocPerformance Sheet Step validation started...
2023-09-25 10:28:22.600 [main] INFO  utils.ExecutionUtils - DocPerformance Sheet Step validation Ended
2023-09-25 10:28:22.600 [main] INFO  utils.ExecutionUtils - D:\Selenium Workspace\TEST\Automation-Framework\NewTestcases\performanceTestcase500.xls Excel File Check ended
2023-09-25 10:28:22.600 [main] INFO  actions.TestcaseExecutor - loadMethods completed.
2023-09-25 10:28:22.600 [main] INFO  actions.TestcaseExecutor - startExecution started...
2023-09-25 10:28:22.930 [main] INFO  epiplex.PerformanceUtils - PerformanceTest started on PerformanceTest500_edited
2023-09-25 10:28:22.930 [main] INFO  epiplex.PerformanceUtils - Generate Word_BRD started
2023-09-25 10:32:46.146 [main] ERROR actions.ElementFinder - Do you want to launch the generated document? not displyed within 30 s
2023-09-25 10:35:26.242 [main] ERROR actions.ElementFinder - launchDocument not displyed within 160 s
2023-09-25 10:38:06.334 [main] ERROR actions.ElementFinder - launchDocument not displyed within 160 s
2023-09-25 10:39:04.033 [main] INFO  epiplex.PerformanceUtils - Generate Word_BRD completed
2023-09-25 10:39:04.033 [main] INFO  epiplex.PerformanceUtils - Generate Word_BRD started
2023-09-25 10:43:21.194 [main] ERROR actions.ElementFinder - Do you want to launch the generated document? not displyed within 30 s
2023-09-25 10:46:01.300 [main] ERROR actions.ElementFinder - launchDocument not displyed within 160 s
2023-09-25 10:48:41.352 [main] ERROR actions.ElementFinder - launchDocument not displyed within 160 s
2023-09-25 10:49:48.711 [main] INFO  epiplex.PerformanceUtils - Generate Word_BRD completed
2023-09-25 10:49:48.711 [main] INFO  epiplex.PerformanceUtils - Generate Word_4img started
2023-09-25 10:54:59.322 [main] ERROR actions.ElementFinder - Do you want to launch the generated document? not displyed within 30 s
2023-09-25 10:57:39.398 [main] ERROR actions.ElementFinder - launchDocument not displyed within 160 s
2023-09-25 11:00:19.402 [main] ERROR actions.ElementFinder - launchDocument not displyed within 160 s
2023-09-25 11:02:35.414 [main] INFO  epiplex.PerformanceUtils - Generate Word_4img completed
2023-09-25 11:02:35.414 [main] INFO  epiplex.PerformanceUtils - Generate Word_4img started
2023-09-25 11:10:31.532 [main] ERROR actions.ElementFinder - Do you want to launch the generated document? not displyed within 30 s
2023-09-25 11:13:11.559 [main] ERROR actions.ElementFinder - launchDocument not displyed within 160 s
2023-09-25 11:15:08.654 [main] INFO  epiplex.PerformanceUtils - Generate Word_4img completed
2023-09-25 11:15:08.670 [main] INFO  core.Application - D:\MSI\epiplex\BIN\epiSimDoc_Editor.exe is closing...
2023-09-25 11:15:09.257 [main] INFO  utils.ProjectConfiguration - Report Logging Closed
2023-09-25 11:15:09.257 [main] INFO  actions.TestcaseExecutor - startExecution completed.
2023-09-25 11:15:09.257 [main] INFO  actions.TestcaseExecutor - Close all Application started...
2023-09-25 11:15:09.257 [main] INFO  core.Application - closeAllApps is started...
2023-09-25 11:15:09.257 [main] INFO  core.Application - closeAllApps is completed...
2023-09-25 11:15:09.257 [main] INFO  actions.TestcaseExecutor - Close all Application completed.
2023-09-25 12:24:10.342 [main] INFO  actions.TestcaseExecutor - createProjectSetup started...
2023-09-25 12:24:10.342 [main] INFO  utils.ProjectConfiguration - Logs Folder Already exists...!
2023-09-25 12:24:10.342 [main] INFO  utils.ProjectConfiguration - CleanFolders Started
2023-09-25 12:24:10.358 [main] INFO  utils.ProjectConfiguration - Screenshots Folder Cleaned Successfully
2023-09-25 12:24:10.358 [main] INFO  utils.ProjectConfiguration - TransformedGPS Folder Cleaned Successfully
2023-09-25 12:24:10.358 [main] INFO  utils.ProjectConfiguration - CleanFolders Completed
2023-09-25 12:24:10.358 [main] INFO  utils.ProjectConfiguration - Folders Creation Started
2023-09-25 12:24:10.358 [main] INFO  utils.ProjectConfiguration - Report Folder Already exists...!
2023-09-25 12:24:10.358 [main] INFO  utils.ProjectConfiguration - Capture Images Folder Already exists...!
2023-09-25 12:24:10.358 [main] INFO  utils.ProjectConfiguration - Screenshots Folder Already exists...!
2023-09-25 12:24:10.358 [main] INFO  utils.ProjectConfiguration - Sikuli-Images Folder Already exists...!
2023-09-25 12:24:10.358 [main] INFO  utils.ProjectConfiguration - ExcelHolder Folder Already exists...!
2023-09-25 12:24:10.358 [main] INFO  utils.ProjectConfiguration - TransformedGPS Folder Already exists...!
2023-09-25 12:24:10.358 [main] INFO  utils.ProjectConfiguration - Base-Files Folder Already exists...!
2023-09-25 12:24:10.358 [main] INFO  utils.ProjectConfiguration - config Folder Already exists...!
2023-09-25 12:24:10.358 [main] INFO  utils.ProjectConfiguration - Folders Creation Completed
2023-09-25 12:24:10.358 [main] INFO  utils.ExecutionUtils - loadSettings started
2023-09-25 12:24:11.803 [main] INFO  utils.ExecutionUtils - loadSettings completed
2023-09-25 12:24:11.803 [main] INFO  utils.ProjectConfiguration - Logs Folder Already exists...!
2023-09-25 12:24:11.803 [main] INFO  utils.ProjectConfiguration - CleanFolders Started
2023-09-25 12:24:11.803 [main] INFO  utils.ProjectConfiguration - Screenshots Folder Cleaned Successfully
2023-09-25 12:24:11.803 [main] INFO  utils.ProjectConfiguration - TransformedGPS Folder Cleaned Successfully
2023-09-25 12:24:11.803 [main] INFO  utils.ProjectConfiguration - CleanFolders Completed
2023-09-25 12:24:11.803 [main] INFO  utils.ProjectConfiguration - Folders Creation Started
2023-09-25 12:24:11.803 [main] INFO  utils.ProjectConfiguration - Report Folder Already exists...!
2023-09-25 12:24:11.803 [main] INFO  utils.ProjectConfiguration - Capture Images Folder Already exists...!
2023-09-25 12:24:11.803 [main] INFO  utils.ProjectConfiguration - Screenshots Folder Already exists...!
2023-09-25 12:24:11.803 [main] INFO  utils.ProjectConfiguration - Sikuli-Images Folder Already exists...!
2023-09-25 12:24:11.803 [main] INFO  utils.ProjectConfiguration - ExcelHolder Folder Already exists...!
2023-09-25 12:24:11.803 [main] INFO  utils.ProjectConfiguration - TransformedGPS Folder Already exists...!
2023-09-25 12:24:11.803 [main] INFO  utils.ProjectConfiguration - Base-Files Folder Already exists...!
2023-09-25 12:24:11.803 [main] INFO  utils.ProjectConfiguration - config Folder Already exists...!
2023-09-25 12:24:11.803 [main] INFO  utils.ProjectConfiguration - Folders Creation Completed
2023-09-25 12:24:11.803 [main] INFO  utils.ProjectConfiguration - Report Setup Started
2023-09-25 12:24:11.917 [main] INFO  utils.ProjectConfiguration - Report Setup Completed
2023-09-25 12:24:11.917 [main] INFO  utils.ExecutionUtils - Get execution sheets started
2023-09-25 12:24:11.944 [main] INFO  utils.ExecutionUtils - Get execution sheets completed
2023-09-25 12:24:12.023 [main] INFO  actions.TestcaseExecutor - createProjectSetup completed.
2023-09-25 12:24:12.023 [main] INFO  actions.TestcaseExecutor - loadMethods started...
2023-09-25 12:24:12.023 [main] INFO  utils.ExecutionUtils - D:\Selenium Workspace\TEST\Automation-Framework\NewTestcases\performanceTestcase500.xls Excel File check started...
2023-09-25 12:24:12.148 [main] INFO  utils.ExecutionUtils - DocPerformance Sheet Step validation started...
2023-09-25 12:24:12.179 [main] INFO  utils.ExecutionUtils - DocPerformance Sheet Step validation Ended
2023-09-25 12:24:12.179 [main] INFO  utils.ExecutionUtils - D:\Selenium Workspace\TEST\Automation-Framework\NewTestcases\performanceTestcase500.xls Excel File Check ended
2023-09-25 12:24:12.179 [main] INFO  actions.TestcaseExecutor - loadMethods completed.
2023-09-25 12:24:12.179 [main] INFO  actions.TestcaseExecutor - startExecution started...
2023-09-25 12:24:12.509 [main] INFO  epiplex.PerformanceUtils - PerformanceTest started on PerformanceTest500_edited
2023-09-25 12:24:12.509 [main] INFO  epiplex.PerformanceUtils - Generate Word_BRD started
2023-09-25 12:28:38.507 [main] ERROR actions.ElementFinder - Do you want to launch the generated document? not displyed within 30 s
2023-09-25 12:31:18.553 [main] ERROR actions.ElementFinder - launchDocument not displyed within 160 s
2023-09-25 12:33:58.556 [main] ERROR actions.ElementFinder - launchDocument not displyed within 160 s
2023-09-25 12:34:59.019 [main] INFO  epiplex.PerformanceUtils - Generate Word_BRD completed
2023-09-25 12:34:59.019 [main] INFO  epiplex.PerformanceUtils - Generate Word_BRD started
2023-09-25 12:39:18.099 [main] ERROR actions.ElementFinder - Do you want to launch the generated document? not displyed within 30 s
2023-09-25 12:41:58.157 [main] ERROR actions.ElementFinder - launchDocument not displyed within 160 s
2023-09-25 12:44:38.170 [main] ERROR actions.ElementFinder - launchDocument not displyed within 160 s
2023-09-25 12:45:40.753 [main] INFO  epiplex.PerformanceUtils - Generate Word_BRD completed
2023-09-25 12:45:40.753 [main] INFO  epiplex.PerformanceUtils - Generate Word_4img started
2023-09-25 12:47:11.885 [main] ERROR actions.ElementFinder - Do you want to launch the generated document? not displyed within 30 s
2023-09-25 12:54:20.449 [main] ERROR actions.ElementFinder - Button - No not found within 160 s
2023-09-25 12:54:21.057 [main] INFO  utils.ProjectConfiguration - Report Logging Closed
2023-09-25 12:54:21.061 [main] INFO  actions.TestcaseExecutor - startExecution completed.
2023-09-25 12:54:21.061 [main] INFO  actions.TestcaseExecutor - Close all Application started...
2023-09-25 12:54:21.061 [main] INFO  core.Application - closeAllApps is started...
2023-09-25 12:54:21.077 [main] INFO  core.Application - closeAllApps is completed...
2023-09-25 12:54:21.077 [main] INFO  actions.TestcaseExecutor - Close all Application completed.
2023-09-25 14:14:36.262 [main] INFO  actions.TestcaseExecutor - createProjectSetup started...
2023-09-25 14:14:36.273 [main] INFO  utils.ProjectConfiguration - Logs Folder Already exists...!
2023-09-25 14:14:36.273 [main] INFO  utils.ProjectConfiguration - CleanFolders Started
2023-09-25 14:14:36.289 [main] INFO  utils.ProjectConfiguration - Screenshots Folder Cleaned Successfully
2023-09-25 14:14:36.289 [main] INFO  utils.ProjectConfiguration - TransformedGPS Folder Cleaned Successfully
2023-09-25 14:14:36.289 [main] INFO  utils.ProjectConfiguration - CleanFolders Completed
2023-09-25 14:14:36.289 [main] INFO  utils.ProjectConfiguration - Folders Creation Started
2023-09-25 14:14:36.289 [main] INFO  utils.ProjectConfiguration - Report Folder Already exists...!
2023-09-25 14:14:36.289 [main] INFO  utils.ProjectConfiguration - Capture Images Folder Already exists...!
2023-09-25 14:14:36.289 [main] INFO  utils.ProjectConfiguration - Screenshots Folder Already exists...!
2023-09-25 14:14:36.289 [main] INFO  utils.ProjectConfiguration - Sikuli-Images Folder Already exists...!
2023-09-25 14:14:36.289 [main] INFO  utils.ProjectConfiguration - ExcelHolder Folder Already exists...!
2023-09-25 14:14:36.289 [main] INFO  utils.ProjectConfiguration - TransformedGPS Folder Already exists...!
2023-09-25 14:14:36.289 [main] INFO  utils.ProjectConfiguration - Base-Files Folder Already exists...!
2023-09-25 14:14:36.289 [main] INFO  utils.ProjectConfiguration - config Folder Already exists...!
2023-09-25 14:14:36.289 [main] INFO  utils.ProjectConfiguration - Folders Creation Completed
2023-09-25 14:14:36.289 [main] INFO  utils.ExecutionUtils - loadSettings started
2023-09-25 14:14:37.827 [main] INFO  utils.ExecutionUtils - loadSettings completed
2023-09-25 14:14:37.827 [main] INFO  utils.ProjectConfiguration - Logs Folder Already exists...!
2023-09-25 14:14:37.827 [main] INFO  utils.ProjectConfiguration - CleanFolders Started
2023-09-25 14:14:37.827 [main] INFO  utils.ProjectConfiguration - Screenshots Folder Cleaned Successfully
2023-09-25 14:14:37.827 [main] INFO  utils.ProjectConfiguration - TransformedGPS Folder Cleaned Successfully
2023-09-25 14:14:37.827 [main] INFO  utils.ProjectConfiguration - CleanFolders Completed
2023-09-25 14:14:37.827 [main] INFO  utils.ProjectConfiguration - Folders Creation Started
2023-09-25 14:14:37.827 [main] INFO  utils.ProjectConfiguration - Report Folder Already exists...!
2023-09-25 14:14:37.827 [main] INFO  utils.ProjectConfiguration - Capture Images Folder Already exists...!
2023-09-25 14:14:37.827 [main] INFO  utils.ProjectConfiguration - Screenshots Folder Already exists...!
2023-09-25 14:14:37.827 [main] INFO  utils.ProjectConfiguration - Sikuli-Images Folder Already exists...!
2023-09-25 14:14:37.827 [main] INFO  utils.ProjectConfiguration - ExcelHolder Folder Already exists...!
2023-09-25 14:14:37.827 [main] INFO  utils.ProjectConfiguration - TransformedGPS Folder Already exists...!
2023-09-25 14:14:37.827 [main] INFO  utils.ProjectConfiguration - Base-Files Folder Already exists...!
2023-09-25 14:14:37.827 [main] INFO  utils.ProjectConfiguration - config Folder Already exists...!
2023-09-25 14:14:37.827 [main] INFO  utils.ProjectConfiguration - Folders Creation Completed
2023-09-25 14:14:37.827 [main] INFO  utils.ProjectConfiguration - Report Setup Started
2023-09-25 14:14:37.952 [main] INFO  utils.ProjectConfiguration - Report Setup Completed
2023-09-25 14:14:37.952 [main] INFO  utils.ExecutionUtils - Get execution sheets started
2023-09-25 14:14:37.984 [main] INFO  utils.ExecutionUtils - Get execution sheets completed
2023-09-25 14:14:38.066 [main] INFO  actions.TestcaseExecutor - createProjectSetup completed.
2023-09-25 14:14:38.066 [main] INFO  actions.TestcaseExecutor - loadMethods started...
2023-09-25 14:14:38.066 [main] INFO  utils.ExecutionUtils - D:\Selenium Workspace\TEST\Automation-Framework\NewTestcases\performanceTestcase500.xls Excel File check started...
2023-09-25 14:14:38.204 [main] INFO  utils.ExecutionUtils - DocPerformance Sheet Step validation started...
2023-09-25 14:14:38.235 [main] INFO  utils.ExecutionUtils - DocPerformance Sheet Step validation Ended
2023-09-25 14:14:38.235 [main] INFO  utils.ExecutionUtils - D:\Selenium Workspace\TEST\Automation-Framework\NewTestcases\performanceTestcase500.xls Excel File Check ended
2023-09-25 14:14:38.235 [main] INFO  actions.TestcaseExecutor - loadMethods completed.
2023-09-25 14:14:38.235 [main] INFO  actions.TestcaseExecutor - startExecution started...
2023-09-25 14:14:38.565 [main] INFO  epiplex.PerformanceUtils - PerformanceTest started on PerformanceTest500_edited
2023-09-25 14:14:38.565 [main] INFO  epiplex.PerformanceUtils - Generate Word_BRD started
2023-09-25 14:19:05.871 [main] ERROR actions.ElementFinder - Do you want to launch the generated document? not displyed within 10 s
2023-09-25 14:20:45.947 [main] ERROR actions.ElementFinder - launchDocument not displyed within 100 s
2023-09-25 14:22:26.038 [main] ERROR actions.ElementFinder - launchDocument not displyed within 100 s
2023-09-25 14:24:06.097 [main] ERROR actions.ElementFinder - launchDocument not displyed within 100 s
2023-09-25 14:25:21.313 [main] INFO  epiplex.PerformanceUtils - Generate Word_BRD completed
2023-09-25 14:25:21.313 [main] INFO  epiplex.PerformanceUtils - Generate Word_BRD started
2023-09-25 14:29:39.748 [main] ERROR actions.ElementFinder - Do you want to launch the generated document? not displyed within 10 s
2023-09-25 14:31:19.764 [main] ERROR actions.ElementFinder - launchDocument not displyed within 100 s
2023-09-25 14:32:59.890 [main] ERROR actions.ElementFinder - launchDocument not displyed within 100 s
2023-09-25 14:34:39.924 [main] ERROR actions.ElementFinder - launchDocument not displyed within 100 s
2023-09-25 14:35:49.753 [main] INFO  epiplex.PerformanceUtils - Generate Word_BRD completed
2023-09-25 14:35:49.753 [main] INFO  epiplex.PerformanceUtils - Generate Word_4img started
2023-09-25 14:43:49.088 [main] ERROR actions.ElementFinder - Do you want to launch the generated document? not displyed within 10 s
2023-09-25 14:45:29.114 [main] ERROR actions.ElementFinder - launchDocument not displyed within 100 s
2023-09-25 14:47:09.117 [main] ERROR actions.ElementFinder - launchDocument not displyed within 100 s
2023-09-25 14:48:21.926 [main] INFO  epiplex.PerformanceUtils - Generate Word_4img completed
2023-09-25 14:48:21.926 [main] INFO  epiplex.PerformanceUtils - Generate Word_4img started
2023-09-25 14:56:17.987 [main] ERROR actions.ElementFinder - Do you want to launch the generated document? not displyed within 10 s
2023-09-25 14:57:58.110 [main] ERROR actions.ElementFinder - launchDocument not displyed within 100 s
2023-09-25 14:59:38.201 [main] ERROR actions.ElementFinder - launchDocument not displyed within 100 s
2023-09-25 15:00:57.739 [main] INFO  epiplex.PerformanceUtils - Generate Word_4img completed
2023-09-25 15:00:57.786 [main] INFO  core.Application - D:\MSI\epiplex\BIN\epiSimDoc_Editor.exe is closing...
2023-09-25 15:00:58.360 [main] INFO  utils.ProjectConfiguration - Report Logging Closed
2023-09-25 15:00:58.360 [main] INFO  actions.TestcaseExecutor - startExecution completed.
2023-09-25 15:00:58.360 [main] INFO  actions.TestcaseExecutor - Close all Application started...
2023-09-25 15:00:58.360 [main] INFO  core.Application - closeAllApps is started...
2023-09-25 15:00:58.360 [main] INFO  core.Application - closeAllApps is completed...
2023-09-25 15:00:58.360 [main] INFO  actions.TestcaseExecutor - Close all Application completed.
2023-09-25 18:15:38.980 [main] INFO  actions.TestcaseExecutor - createProjectSetup started...
2023-09-25 18:15:38.995 [main] INFO  utils.ProjectConfiguration - Logs Folder Already exists...!
2023-09-25 18:15:38.995 [main] INFO  utils.ProjectConfiguration - CleanFolders Started
2023-09-25 18:15:38.995 [main] INFO  utils.ProjectConfiguration - Screenshots Folder Cleaned Successfully
2023-09-25 18:15:38.995 [main] INFO  utils.ProjectConfiguration - TransformedGPS Folder Cleaned Successfully
2023-09-25 18:15:38.995 [main] INFO  utils.ProjectConfiguration - CleanFolders Completed
2023-09-25 18:15:38.995 [main] INFO  utils.ProjectConfiguration - Folders Creation Started
2023-09-25 18:15:38.995 [main] INFO  utils.ProjectConfiguration - Report Folder Already exists...!
2023-09-25 18:15:38.995 [main] INFO  utils.ProjectConfiguration - Capture Images Folder Already exists...!
2023-09-25 18:15:39.011 [main] INFO  utils.ProjectConfiguration - Screenshots Folder Already exists...!
2023-09-25 18:15:39.011 [main] INFO  utils.ProjectConfiguration - Sikuli-Images Folder Already exists...!
2023-09-25 18:15:39.011 [main] INFO  utils.ProjectConfiguration - ExcelHolder Folder Already exists...!
2023-09-25 18:15:39.011 [main] INFO  utils.ProjectConfiguration - TransformedGPS Folder Already exists...!
2023-09-25 18:15:39.011 [main] INFO  utils.ProjectConfiguration - Base-Files Folder Already exists...!
2023-09-25 18:15:39.011 [main] INFO  utils.ProjectConfiguration - config Folder Already exists...!
2023-09-25 18:15:39.011 [main] INFO  utils.ProjectConfiguration - Folders Creation Completed
2023-09-25 18:15:39.011 [main] INFO  utils.ExecutionUtils - loadSettings started
2023-09-25 18:15:40.472 [main] INFO  utils.ExecutionUtils - loadSettings completed
2023-09-25 18:15:40.472 [main] INFO  utils.ProjectConfiguration - Logs Folder Already exists...!
2023-09-25 18:15:40.472 [main] INFO  utils.ProjectConfiguration - CleanFolders Started
2023-09-25 18:15:40.472 [main] INFO  utils.ProjectConfiguration - Screenshots Folder Cleaned Successfully
2023-09-25 18:15:40.472 [main] INFO  utils.ProjectConfiguration - TransformedGPS Folder Cleaned Successfully
2023-09-25 18:15:40.472 [main] INFO  utils.ProjectConfiguration - CleanFolders Completed
2023-09-25 18:15:40.472 [main] INFO  utils.ProjectConfiguration - Folders Creation Started
2023-09-25 18:15:40.472 [main] INFO  utils.ProjectConfiguration - Report Folder Already exists...!
2023-09-25 18:15:40.472 [main] INFO  utils.ProjectConfiguration - Capture Images Folder Already exists...!
2023-09-25 18:15:40.472 [main] INFO  utils.ProjectConfiguration - Screenshots Folder Already exists...!
2023-09-25 18:15:40.472 [main] INFO  utils.ProjectConfiguration - Sikuli-Images Folder Already exists...!
2023-09-25 18:15:40.472 [main] INFO  utils.ProjectConfiguration - ExcelHolder Folder Already exists...!
2023-09-25 18:15:40.472 [main] INFO  utils.ProjectConfiguration - TransformedGPS Folder Already exists...!
2023-09-25 18:15:40.472 [main] INFO  utils.ProjectConfiguration - Base-Files Folder Already exists...!
2023-09-25 18:15:40.472 [main] INFO  utils.ProjectConfiguration - config Folder Already exists...!
2023-09-25 18:15:40.472 [main] INFO  utils.ProjectConfiguration - Folders Creation Completed
2023-09-25 18:15:40.472 [main] INFO  utils.ProjectConfiguration - Report Setup Started
2023-09-25 18:15:40.581 [main] INFO  utils.ProjectConfiguration - Report Setup Completed
2023-09-25 18:15:40.581 [main] INFO  utils.ExecutionUtils - Get execution sheets started
2023-09-25 18:15:40.628 [main] INFO  utils.ExecutionUtils - Get execution sheets completed
2023-09-25 18:15:40.676 [main] INFO  actions.TestcaseExecutor - createProjectSetup completed.
2023-09-25 18:15:40.676 [main] INFO  actions.TestcaseExecutor - loadMethods started...
2023-09-25 18:15:40.676 [main] INFO  utils.ExecutionUtils - D:\Selenium Workspace\TEST\Automation-Framework\NewTestcases\performanceTestcase500.xls Excel File check started...
2023-09-25 18:15:40.801 [main] INFO  utils.ExecutionUtils - DocPerformance Sheet Step validation started...
2023-09-25 18:15:40.848 [main] INFO  utils.ExecutionUtils - DocPerformance Sheet Step validation Ended
2023-09-25 18:15:40.848 [main] INFO  utils.ExecutionUtils - D:\Selenium Workspace\TEST\Automation-Framework\NewTestcases\performanceTestcase500.xls Excel File Check ended
2023-09-25 18:15:40.848 [main] INFO  actions.TestcaseExecutor - loadMethods completed.
2023-09-25 18:15:40.848 [main] INFO  actions.TestcaseExecutor - startExecution started...
2023-09-25 18:15:41.162 [main] INFO  epiplex.PerformanceUtils - PerformanceTest started on PerformanceTest500_edited
2023-09-25 18:15:41.162 [main] INFO  epiplex.PerformanceUtils - Generate Word_BRD started
2023-09-25 18:20:06.514 [main] ERROR actions.ElementFinder - Do you want to launch the generated document? not displyed within 20 s
2023-09-25 18:20:41.651 [main] ERROR actions.ElementFinder - Do you want to launch the generated document? not displyed within 20 s
2023-09-25 18:21:16.855 [main] ERROR actions.ElementFinder - Do you want to launch the generated document? not displyed within 20 s
2023-09-25 18:21:51.978 [main] ERROR actions.ElementFinder - Do you want to launch the generated document? not displyed within 20 s
2023-09-25 18:22:27.039 [main] ERROR actions.ElementFinder - Do you want to launch the generated document? not displyed within 20 s
2023-09-25 18:23:02.243 [main] ERROR actions.ElementFinder - Do you want to launch the generated document? not displyed within 20 s
2023-09-25 18:23:37.413 [main] ERROR actions.ElementFinder - Do you want to launch the generated document? not displyed within 20 s
2023-09-25 18:24:11.593 [main] ERROR actions.ElementFinder - Do you want to launch the generated document? not displyed within 20 s
2023-09-25 18:24:45.208 [main] ERROR actions.ElementFinder - Do you want to launch the generated document? not displyed within 20 s
2023-09-25 18:25:22.177 [main] ERROR actions.ElementFinder - Do you want to launch the generated document? not displyed within 20 s
2023-09-25 18:25:54.272 [main] ERROR actions.ElementFinder - Do you want to launch the generated document? not displyed within 20 s
2023-09-25 18:26:29.063 [main] ERROR actions.ElementFinder - Do you want to launch the generated document? not displyed within 20 s
2023-09-25 18:27:08.341 [main] INFO  epiplex.PerformanceUtils - Generate Word_BRD completed
2023-09-25 18:27:08.341 [main] INFO  epiplex.PerformanceUtils - Generate Word_BRD started
2023-09-25 18:31:24.184 [main] ERROR actions.ElementFinder - Do you want to launch the generated document? not displyed within 20 s
2023-09-25 18:31:56.247 [main] ERROR actions.ElementFinder - Do you want to launch the generated document? not displyed within 20 s
2023-09-25 18:32:28.490 [main] ERROR actions.ElementFinder - Do you want to launch the generated document? not displyed within 20 s
2023-09-25 18:33:01.082 [main] ERROR actions.ElementFinder - Do you want to launch the generated document? not displyed within 20 s
2023-09-25 18:33:33.427 [main] ERROR actions.ElementFinder - Do you want to launch the generated document? not displyed within 20 s
2023-09-25 18:34:05.835 [main] ERROR actions.ElementFinder - Do you want to launch the generated document? not displyed within 20 s
2023-09-25 18:34:38.307 [main] ERROR actions.ElementFinder - Do you want to launch the generated document? not displyed within 20 s
2023-09-25 18:35:10.745 [main] ERROR actions.ElementFinder - Do you want to launch the generated document? not displyed within 20 s
2023-09-25 18:35:43.324 [main] ERROR actions.ElementFinder - Do you want to launch the generated document? not displyed within 20 s
2023-09-25 18:36:19.731 [main] ERROR actions.ElementFinder - Do you want to launch the generated document? not displyed within 20 s
2023-09-25 18:36:53.595 [main] ERROR actions.ElementFinder - Do you want to launch the generated document? not displyed within 20 s
2023-09-25 18:37:26.317 [main] ERROR actions.ElementFinder - Do you want to launch the generated document? not displyed within 20 s
2023-09-25 18:38:03.337 [main]