2023-10-05 12:31:09.587 [main] INFO  actions.TestcaseExecutor - createProjectSetup started...
2023-10-05 12:31:09.587 [main] INFO  utils.ProjectConfiguration - Logs Folder Already exists...!
2023-10-05 12:31:09.587 [main] INFO  utils.ProjectConfiguration - CleanFolders Started
2023-10-05 12:31:09.603 [main] INFO  utils.ProjectConfiguration - Screenshots Folder Cleaned Successfully
2023-10-05 12:31:09.603 [main] INFO  utils.ProjectConfiguration - TransformedGPS Folder Cleaned Successfully
2023-10-05 12:31:09.603 [main] INFO  utils.ProjectConfiguration - CleanFolders Completed
2023-10-05 12:31:09.603 [main] INFO  utils.ProjectConfiguration - Folders Creation Started
2023-10-05 12:31:09.603 [main] INFO  utils.ProjectConfiguration - Report Folder Already exists...!
2023-10-05 12:31:09.603 [main] INFO  utils.ProjectConfiguration - Capture Images Folder Already exists...!
2023-10-05 12:31:09.603 [main] INFO  utils.ProjectConfiguration - Screenshots Folder Already exists...!
2023-10-05 12:31:09.603 [main] INFO  utils.ProjectConfiguration - Sikuli-Images Folder Already exists...!
2023-10-05 12:31:09.603 [main] INFO  utils.ProjectConfiguration - ExcelHolder Folder Already exists...!
2023-10-05 12:31:09.603 [main] INFO  utils.ProjectConfiguration - TransformedGPS Folder Already exists...!
2023-10-05 12:31:09.603 [main] INFO  utils.ProjectConfiguration - Base-Files Folder Already exists...!
2023-10-05 12:31:09.603 [main] INFO  utils.ProjectConfiguration - config Folder Already exists...!
2023-10-05 12:31:09.603 [main] INFO  utils.ProjectConfiguration - Folders Creation Completed
2023-10-05 12:31:09.603 [main] INFO  utils.ExecutionUtils - loadSettings started
2023-10-05 12:31:11.071 [main] INFO  utils.ExecutionUtils - loadSettings completed
2023-10-05 12:31:11.071 [main] INFO  utils.ProjectConfiguration - Logs Folder Already exists...!
2023-10-05 12:31:11.071 [main] INFO  utils.ProjectConfiguration - CleanFolders Started
2023-10-05 12:31:11.071 [main] INFO  utils.ProjectConfiguration - Screenshots Folder Cleaned Successfully
2023-10-05 12:31:11.071 [main] INFO  utils.ProjectConfiguration - TransformedGPS Folder Cleaned Successfully
2023-10-05 12:31:11.071 [main] INFO  utils.ProjectConfiguration - CleanFolders Completed
2023-10-05 12:31:11.071 [main] INFO  utils.ProjectConfiguration - Folders Creation Started
2023-10-05 12:31:11.071 [main] INFO  utils.ProjectConfiguration - Report Folder Already exists...!
2023-10-05 12:31:11.071 [main] INFO  utils.ProjectConfiguration - Capture Images Folder Already exists...!
2023-10-05 12:31:11.071 [main] INFO  utils.ProjectConfiguration - Screenshots Folder Already exists...!
2023-10-05 12:31:11.071 [main] INFO  utils.ProjectConfiguration - Sikuli-Images Folder Already exists...!
2023-10-05 12:31:11.071 [main] INFO  utils.ProjectConfiguration - ExcelHolder Folder Already exists...!
2023-10-05 12:31:11.071 [main] INFO  utils.ProjectConfiguration - TransformedGPS Folder Already exists...!
2023-10-05 12:31:11.071 [main] INFO  utils.ProjectConfiguration - Base-Files Folder Already exists...!
2023-10-05 12:31:11.071 [main] INFO  utils.ProjectConfiguration - config Folder Already exists...!
2023-10-05 12:31:11.071 [main] INFO  utils.ProjectConfiguration - Folders Creation Completed
2023-10-05 12:31:11.071 [main] INFO  utils.ProjectConfiguration - Report Setup Started
2023-10-05 12:31:11.181 [main] INFO  utils.ProjectConfiguration - Report Setup Completed
2023-10-05 12:31:11.181 [main] INFO  utils.ExecutionUtils - Get execution sheets started
2023-10-05 12:31:11.227 [main] INFO  utils.ExecutionUtils - Get execution sheets completed
2023-10-05 12:31:11.290 [main] INFO  actions.TestcaseExecutor - createProjectSetup completed.
2023-10-05 12:31:11.290 [main] INFO  actions.TestcaseExecutor - loadMethods started...
2023-10-05 12:31:11.290 [main] INFO  utils.ExecutionUtils - D:\Selenium Workspace\TEST\Automation-Framework\NewTestcases\performanceTestcase500.xls Excel File check started...
2023-10-05 12:31:11.415 [main] INFO  utils.ExecutionUtils - StartPerformance Sheet Step validation started...
2023-10-05 12:31:11.446 [main] INFO  utils.ExecutionUtils - StartPerformance Sheet Step validation Ended
2023-10-05 12:31:11.446 [main] INFO  utils.ExecutionUtils - shortcuts Sheet Step validation started...
2023-10-05 12:31:11.477 [main] INFO  utils.ExecutionUtils - shortcuts Sheet Step validation Ended
2023-10-05 12:31:11.477 [main] INFO  utils.ExecutionUtils - Chrome Test_with narration Sheet Step validation started...
2023-10-05 12:31:11.493 [main] INFO  utils.ExecutionUtils - Chrome Test_with narration Sheet Step validation Ended
2023-10-05 12:31:11.493 [main] INFO  utils.ExecutionUtils - Edge Test_with audio Sheet Step validation started...
2023-10-05 12:31:11.509 [main] INFO  utils.ExecutionUtils - Edge Test_with audio Sheet Step validation Ended
2023-10-05 12:31:11.509 [main] INFO  utils.ExecutionUtils - Dotnet Test Sheet Step validation started...
2023-10-05 12:31:11.524 [main] INFO  utils.ExecutionUtils - Dotnet Test Sheet Step validation Ended
2023-10-05 12:31:11.524 [main] INFO  utils.ExecutionUtils - Notepad Test Sheet Step validation started...
2023-10-05 12:31:11.540 [main] INFO  utils.ExecutionUtils - Notepad Test Sheet Step validation Ended
2023-10-05 12:31:11.540 [main] INFO  utils.ExecutionUtils - shortcuts Sheet Step validation started...
2023-10-05 12:31:11.556 [main] INFO  utils.ExecutionUtils - shortcuts Sheet Step validation Ended
2023-10-05 12:31:11.556 [main] INFO  utils.ExecutionUtils - Chrome Test_with narration Sheet Step validation started...
2023-10-05 12:31:11.571 [main] INFO  utils.ExecutionUtils - Chrome Test_with narration Sheet Step validation Ended
2023-10-05 12:31:11.571 [main] INFO  utils.ExecutionUtils - Edge Test_with audio Sheet Step validation started...
2023-10-05 12:31:11.587 [main] INFO  utils.ExecutionUtils - Edge Test_with audio Sheet Step validation Ended
2023-10-05 12:31:11.587 [main] INFO  utils.ExecutionUtils - Dotnet Test Sheet Step validation started...
2023-10-05 12:31:11.602 [main] INFO  utils.ExecutionUtils - Dotnet Test Sheet Step validation Ended
2023-10-05 12:31:11.602 [main] INFO  utils.ExecutionUtils - Notepad Test Sheet Step validation started...
2023-10-05 12:31:11.602 [main] INFO  utils.ExecutionUtils - Notepad Test Sheet Step validation Ended
2023-10-05 12:31:11.618 [main] INFO  utils.ExecutionUtils - shortcuts Sheet Step validation started...
2023-10-05 12:31:11.618 [main] INFO  utils.ExecutionUtils - shortcuts Sheet Step validation Ended
2023-10-05 12:31:11.634 [main] INFO  utils.ExecutionUtils - Chrome Test_with narration Sheet Step validation started...
2023-10-05 12:31:11.634 [main] INFO  utils.ExecutionUtils - Chrome Test_with narration Sheet Step validation Ended
2023-10-05 12:31:11.634 [main] INFO  utils.ExecutionUtils - SavePerformance Sheet Step validation started...
2023-10-05 12:31:11.649 [main] INFO  utils.ExecutionUtils - SavePerformance Sheet Step validation Ended
2023-10-05 12:31:11.649 [main] INFO  utils.ExecutionUtils - StartEpiplex Sheet Step validation started...
2023-10-05 12:31:11.665 [main] INFO  utils.ExecutionUtils - StartEpiplex Sheet Step validation Ended
2023-10-05 12:31:11.665 [main] INFO  utils.ExecutionUtils - shortcuts Sheet Step validation started...
2023-10-05 12:31:11.681 [main] INFO  utils.ExecutionUtils - shortcuts Sheet Step validation Ended
2023-10-05 12:31:11.681 [main] INFO  utils.ExecutionUtils - Chrome Test_with narration Sheet Step validation started...
2023-10-05 12:31:11.681 [main] INFO  utils.ExecutionUtils - Chrome Test_with narration Sheet Step validation Ended
2023-10-05 12:31:11.681 [main] INFO  utils.ExecutionUtils - Edge Test_with audio Sheet Step validation started...
2023-10-05 12:31:11.696 [main] INFO  utils.ExecutionUtils - Edge Test_with audio Sheet Step validation Ended
2023-10-05 12:31:11.696 [main] INFO  utils.ExecutionUtils - Dotnet Test Sheet Step validation started...
2023-10-05 12:31:11.712 [main] INFO  utils.ExecutionUtils - Dotnet Test Sheet Step validation Ended
2023-10-05 12:31:11.712 [main] INFO  utils.ExecutionUtils - Notepad Test Sheet Step validation started...
2023-10-05 12:31:11.727 [main] INFO  utils.ExecutionUtils - Notepad Test Sheet Step validation Ended
2023-10-05 12:31:11.727 [main] INFO  utils.ExecutionUtils - shortcuts Sheet Step validation started...
2023-10-05 12:31:11.727 [main] INFO  utils.ExecutionUtils - shortcuts Sheet Step validation Ended
2023-10-05 12:31:11.727 [main] INFO  utils.ExecutionUtils - Chrome Test_with narration Sheet Step validation started...
2023-10-05 12:31:11.743 [main] INFO  utils.ExecutionUtils - Chrome Test_with narration Sheet Step validation Ended
2023-10-05 12:31:11.743 [main] INFO  utils.ExecutionUtils - Edge Test_with audio Sheet Step validation started...
2023-10-05 12:31:11.759 [main] INFO  utils.ExecutionUtils - Edge Test_with audio Sheet Step validation Ended
2023-10-05 12:31:11.759 [main] INFO  utils.ExecutionUtils - Dotnet Test Sheet Step validation started...
2023-10-05 12:31:11.759 [main] INFO  utils.ExecutionUtils - Dotnet Test Sheet Step validation Ended
2023-10-05 12:31:11.759 [main] INFO  utils.ExecutionUtils - Notepad Test Sheet Step validation started...
2023-10-05 12:31:11.774 [main] INFO  utils.ExecutionUtils - Notepad Test Sheet Step validation Ended
2023-10-05 12:31:11.774 [main] INFO  utils.ExecutionUtils - shortcuts Sheet Step validation started...
2023-10-05 12:31:11.790 [main] INFO  utils.ExecutionUtils - shortcuts Sheet Step validation Ended
2023-10-05 12:31:11.790 [main] INFO  utils.ExecutionUtils - Chrome Test_with narration Sheet Step validation started...
2023-10-05 12:31:11.806 [main] INFO  utils.ExecutionUtils - Chrome Test_with narration Sheet Step validation Ended
2023-10-05 12:31:11.806 [main] INFO  utils.ExecutionUtils - CancelPerformance Sheet Step validation started...
2023-10-05 12:31:11.806 [main] INFO  utils.ExecutionUtils - CancelPerformance Sheet Step validation Ended
2023-10-05 12:31:11.806 [main] INFO  utils.ExecutionUtils - openCaptureFile Sheet Step validation started...
2023-10-05 12:31:11.821 [main] INFO  utils.ExecutionUtils - openCaptureFile Sheet Step validation Ended
2023-10-05 12:31:11.821 [main] INFO  utils.ExecutionUtils - SaveAndSaveAs Sheet Step validation started...
2023-10-05 12:31:11.821 [main] INFO  utils.ExecutionUtils - SaveAndSaveAs Sheet Step validation Ended
2023-10-05 12:31:11.821 [main] INFO  utils.ExecutionUtils - DocPerformance Sheet Step validation started...
2023-10-05 12:31:11.837 [main] INFO  utils.ExecutionUtils - DocPerformance Sheet Step validation Ended
2023-10-05 12:31:11.837 [main] INFO  utils.ExecutionUtils - D:\Selenium Workspace\TEST\Automation-Framework\NewTestcases\performanceTestcase500.xls Excel File Check ended
2023-10-05 12:31:11.837 [main] INFO  actions.TestcaseExecutor - loadMethods completed.
2023-10-05 12:31:11.837 [main] INFO  actions.TestcaseExecutor - startExecution started...
2023-10-05 12:31:12.165 [main] INFO  utils.XML_Library - Automation settings updation started
2023-10-05 12:31:12.493 [main] INFO  utils.XML_Library - Automation settings updation completed
2023-10-05 12:31:12.493 [main] INFO  epiplex.PerformanceUtils - PerformanceTest500_home Capture - initializing...
2023-10-05 12:31:12.493 [main] INFO  core.Application - D:\MSI\epiplex\BIN\epiplex.exe is launching...
2023-10-05 12:31:21.459 [main] INFO  core.Application - D:\MSI\epiplex\BIN\epiplex.exe is launched
2023-10-05 12:31:31.580 [main] ERROR actions.ElementFinder - File already exists. Do you want to overwrite? not displyed within 3 s
2023-10-05 12:31:34.971 [main] ERROR actions.ElementFinder - File Name specified is pending to recover and save. Do you want to overwrite the file? not displyed within 3 s
2023-10-05 12:31:55.760 [main] INFO  epiplex.PerformanceUtils - PerformanceTest500_home Capture - started...
2023-10-05 12:31:56.073 [main] INFO  core.Application - chrome is closing...
2023-10-05 12:31:56.104 [main] INFO  core.Application - C:\Program Files\Google\Chrome\Application\chrome.exe is closed.
2023-10-05 12:31:56.417 [main] INFO  core.Application - msedge is closing...
2023-10-05 12:32:01.744 [main] INFO  core.Application - C:\\Program Files (x86)\\Microsoft\\Edge\\Application\\msedge.exe is closed.
2023-10-05 12:32:02.060 [main] INFO  core.Application - Dotnet App is closing...
2023-10-05 12:32:02.076 [main] INFO  core.Application - D:\\Selenium Workspace\\TEST\\Automation-Framework\\Base-Files\\Epiplex500ERP.exe is closed.
2023-10-05 12:32:02.388 [main] INFO  core.Application - notepad is closing...
2023-10-05 12:32:02.419 [main] INFO  core.Application - C:\\WINDOWS\\SYSTEM32\\notepad.exe is closed.
2023-10-05 12:32:02.732 [main] INFO  core.Application - C:\Program Files\Google\Chrome\Application\chrome.exe is launching...
2023-10-05 12:32:08.446 [main] INFO  core.Application - C:\Program Files\Google\Chrome\Application\chrome.exe is launched
2023-10-05 12:32:10.979 [main] INFO  core.Application - C:\\WINDOWS\\SYSTEM32\\notepad.exe is launching...
2023-10-05 12:32:15.411 [main] INFO  core.Application - C:\\WINDOWS\\SYSTEM32\\notepad.exe is launched
2023-10-05 12:32:17.541 [main] INFO  core.Application - C:\\Program Files (x86)\\Microsoft\\Edge\\Application\\msedge.exe is launching...
2023-10-05 12:32:20.016 [main] INFO  core.Application - C:\\Program Files (x86)\\Microsoft\\Edge\\Application\\msedge.exe is launched
2023-10-05 12:32:23.862 [main] INFO  core.Application - D:\\Selenium Workspace\\TEST\\Automation-Framework\\Base-Files\\Epiplex500ERP.exe is launching...
2023-10-05 12:32:27.257 [main] INFO  core.Application - D:\\Selenium Workspace\\TEST\\Automation-Framework\\Base-Files\\Epiplex500ERP.exe is launched
2023-10-05 12:33:40.334 [main] INFO  core.Application - chrome is closing...
2023-10-05 12:33:41.490 [main] INFO  core.Application - C:\Program Files\Google\Chrome\Application\chrome.exe is closed.
2023-10-05 12:33:41.818 [main] INFO  core.Application - msedge is closing...
2023-10-05 12:33:42.927 [main] INFO  core.Application - C:\\Program Files (x86)\\Microsoft\\Edge\\Application\\msedge.exe is closed.
2023-10-05 12:33:43.240 [main] INFO  core.Application - Dotnet App is closing...
2023-10-05 12:33:44.349 [main] INFO  core.Application - D:\\Selenium Workspace\\TEST\\Automation-Framework\\Base-Files\\Epiplex500ERP.exe is closed.
2023-10-05 12:33:44.662 [main] INFO  core.Application - notepad is closing...
2023-10-05 12:33:45.833 [main] INFO  core.Application - C:\\WINDOWS\\SYSTEM32\\notepad.exe is closed.
2023-10-05 12:33:46.146 [main] INFO  core.Application - chrome is closing...
2023-10-05 12:33:46.208 [main] INFO  core.Application - C:\Program Files\Google\Chrome\Application\chrome.exe is closed.
2023-10-05 12:33:46.536 [main] INFO  core.Application - C:\Program Files\Google\Chrome\Application\chrome.exe is launching...
2023-10-05 12:33:52.363 [main] INFO  core.Application - C:\Program Files\Google\Chrome\Application\chrome.exe is launched
2023-10-05 12:34:18.933 [main] INFO  core.Application - chrome is closing...
2023-10-05 12:34:20.011 [main] INFO  core.Application - C:\Program Files\Google\Chrome\Application\chrome.exe is closed.
2023-10-05 12:34:20.324 [main] INFO  core.Application - msedge is closing...
2023-10-05 12:34:25.667 [main] INFO  core.Application - C:\\Program Files (x86)\\Microsoft\\Edge\\Application\\msedge.exe is closed.
2023-10-05 12:34:25.980 [main] INFO  core.Application - C:\\Program Files (x86)\\Microsoft\\Edge\\Application\\msedge.exe is launching...
2023-10-05 12:34:28.441 [main] INFO  core.Application - C:\\Program Files (x86)\\Microsoft\\Edge\\Application\\msedge.exe is launched
2023-10-05 12:34:54.493 [main] INFO  core.Application - msedge is closing...
2023-10-05 12:34:55.577 [main] INFO  core.Application - C:\\Program Files (x86)\\Microsoft\\Edge\\Application\\msedge.exe is closed.
2023-10-05 12:34:55.889 [main] INFO  core.Application - Dotnet App is closing...
2023-10-05 12:34:55.905 [main] INFO  core.Application - D:\\Selenium Workspace\\TEST\\Automation-Framework\\Base-Files\\Epiplex500ERP.exe is closed.
2023-10-05 12:34:56.217 [main] INFO  core.Application - D:\\Selenium Workspace\\TEST\\Automation-Framework\\Base-Files\\Epiplex500ERP.exe is launching...
2023-10-05 12:34:59.811 [main] INFO  core.Application - D:\\Selenium Workspace\\TEST\\Automation-Framework\\Base-Files\\Epiplex500ERP.exe is launched
2023-10-05 12:35:37.279 [main] INFO  core.Application - Dotnet App is closing...
2023-10-05 12:35:38.373 [main] INFO  core.Application - D:\\Selenium Workspace\\TEST\\Automation-Framework\\Base-Files\\Epiplex500ERP.exe is closed.
2023-10-05 12:35:38.685 [main] INFO  core.Application - notepad is closing...
2023-10-05 12:35:38.732 [main] INFO  core.Application - C:\\WINDOWS\\SYSTEM32\\notepad.exe is closed.
2023-10-05 12:35:39.045 [main] INFO  core.Application - C:\\WINDOWS\\SYSTEM32\\notepad.exe is launching...
2023-10-05 12:35:42.435 [main] INFO  core.Application - C:\\WINDOWS\\SYSTEM32\\notepad.exe is launched
2023-10-05 12:36:22.513 [main] ERROR actions.ElementFinder - MENUITEM - Page Setup not found within 30 s
2023-10-05 12:36:27.528 [main] ERROR actions.ElementFinder - MENUITEM - Page Setup not found within 5 s
2023-10-05 12:36:58.199 [main] ERROR actions.ElementFinder - Page Setup not found within 30 s
2023-10-05 12:37:03.589 [main] ERROR actions.ElementFinder - Page Setup not displyed within 5 s
2023-10-05 12:37:04.058 [main] INFO  utils.ProjectConfiguration - Report Logging Closed
2023-10-05 12:37:04.058 [main] INFO  actions.TestcaseExecutor - startExecution completed.
2023-10-05 12:37:04.058 [main] INFO  actions.TestcaseExecutor - Close all Application started...
2023-10-05 12:37:04.058 [main] INFO  core.Application - closeAllApps is started...
2023-10-05 12:37:21.059 [main] INFO  core.Application - closeAllApps is completed...
2023-10-05 12:37:21.059 [main] INFO  actions.TestcaseExecutor - Close all Application completed.
2023-10-05 12:43:52.439 [main] INFO  actions.TestcaseExecutor - createProjectSetup started...
2023-10-05 12:43:52.439 [main] INFO  utils.ProjectConfiguration - Logs Folder Already exists...!
2023-10-05 12:43:52.439 [main] INFO  utils.ProjectConfiguration - CleanFolders Started
2023-10-05 12:43:52.454 [main] INFO  utils.ProjectConfiguration - Screenshots Folder Cleaned Successfully
2023-10-05 12:43:52.454 [main] INFO  utils.ProjectConfiguration - TransformedGPS Folder Cleaned Successfully
2023-10-05 12:43:52.454 [main] INFO  utils.ProjectConfiguration - CleanFolders Completed
2023-10-05 12:43:52.454 [main] INFO  utils.ProjectConfiguration - Folders Creation Started
2023-10-05 12:43:52.454 [main] INFO  utils.ProjectConfiguration - Report Folder Already exists...!
2023-10-05 12:43:52.470 [main] INFO  utils.ProjectConfiguration - Capture Images Folder Already exists...!
2023-10-05 12:43:52.470 [main] INFO  utils.ProjectConfiguration - Screenshots Folder Already exists...!
2023-10-05 12:43:52.470 [main] INFO  utils.ProjectConfiguration - Sikuli-Images Folder Already exists...!
2023-10-05 12:43:52.470 [main] INFO  utils.ProjectConfiguration - ExcelHolder Folder Already exists...!
2023-10-05 12:43:52.470 [main] INFO  utils.ProjectConfiguration - TransformedGPS Folder Already exists...!
2023-10-05 12:43:52.470 [main] INFO  utils.ProjectConfiguration - Base-Files Folder Already exists...!
2023-10-05 12:43:52.470 [main] INFO  utils.ProjectConfiguration - config Folder Already exists...!
2023-10-05 12:43:52.470 [main] INFO  utils.ProjectConfiguration - Folders Creation Completed
2023-10-05 12:43:52.470 [main] INFO  utils.ExecutionUtils - loadSettings started
2023-10-05 12:43:53.892 [main] INFO  utils.ExecutionUtils - loadSettings completed
2023-10-05 12:43:53.892 [main] INFO  utils.ProjectConfiguration - Logs Folder Already exists...!
2023-10-05 12:43:53.892 [main] INFO  utils.ProjectConfiguration - CleanFolders Started
2023-10-05 12:43:53.892 [main] INFO  utils.ProjectConfiguration - Screenshots Folder Cleaned Successfully
2023-10-05 12:43:53.892 [main] INFO  utils.ProjectConfiguration - TransformedGPS Folder Cleaned Successfully
2023-10-05 12:43:53.892 [main] INFO  utils.ProjectConfiguration - CleanFolders Completed
2023-10-05 12:43:53.892 [main] INFO  utils.ProjectConfiguration - Folders Creation Started
2023-10-05 12:43:53.892 [main] INFO  utils.ProjectConfiguration - Report Folder Already exists...!
2023-10-05 12:43:53.892 [main] INFO  utils.ProjectConfiguration - Capture Images Folder Already exists...!
2023-10-05 12:43:53.892 [main] INFO  utils.ProjectConfiguration - Screenshots Folder Already exists...!
2023-10-05 12:43:53.892 [main] INFO  utils.ProjectConfiguration - Sikuli-Images Folder Already exists...!
2023-10-05 12:43:53.892 [main] INFO  utils.ProjectConfiguration - ExcelHolder Folder Already exists...!
2023-10-05 12:43:53.892 [main] INFO  utils.ProjectConfiguration - TransformedGPS Folder Already exists...!
2023-10-05 12:43:53.892 [main] INFO  utils.ProjectConfiguration - Base-Files Folder Already exists...!
2023-10-05 12:43:53.892 [main] INFO  utils.ProjectConfiguration - config Folder Already exists...!
2023-10-05 12:43:53.892 [main] INFO  utils.ProjectConfiguration - Folders Creation Completed
2023-10-05 12:43:53.892 [main] INFO  utils.ProjectConfiguration - Report Setup Started
2023-10-05 12:43:53.986 [main] INFO  utils.ProjectConfiguration - Report Setup Completed
2023-10-05 12:43:53.986 [main] INFO  utils.ExecutionUtils - Get execution sheets started
2023-10-05 12:43:54.032 [main] INFO  utils.ExecutionUtils - Get execution sheets completed
2023-10-05 12:43:54.079 [main] INFO  actions.TestcaseExecutor - createProjectSetup completed.
2023-10-05 12:43:54.079 [main] INFO  actions.TestcaseExecutor - loadMethods started...
2023-10-05 12:43:54.079 [main] INFO  utils.ExecutionUtils - D:\Selenium Workspace\TEST\Automation-Framework\NewTestcases\performanceTestcase500.xls Excel File check started...
2023-10-05 12:43:54.204 [main] INFO  utils.ExecutionUtils - StartPerformance Sheet Step validation started...
2023-10-05 12:43:54.236 [main] INFO  utils.ExecutionUtils - StartPerformance Sheet Step validation Ended
2023-10-05 12:43:54.236 [main] INFO  utils.ExecutionUtils - shortcuts Sheet Step validation started...
2023-10-05 12:43:54.282 [main] INFO  utils.ExecutionUtils - shortcuts Sheet Step validation Ended
2023-10-05 12:43:54.282 [main] INFO  utils.ExecutionUtils - Chrome Test_with narration Sheet Step validation started...
2023-10-05 12:43:54.298 [main] INFO  utils.ExecutionUtils - Chrome Test_with narration Sheet Step validation Ended
2023-10-05 12:43:54.298 [main] INFO  utils.ExecutionUtils - Edge Test_with audio Sheet Step validation started...
2023-10-05 12:43:54.314 [main] INFO  utils.ExecutionUtils - Edge Test_with audio Sheet Step validation Ended
2023-10-05 12:43:54.314 [main] INFO  utils.ExecutionUtils - Dotnet Test Sheet Step validation started...
2023-10-05 12:43:54.329 [main] INFO  utils.ExecutionUtils - Dotnet Test Sheet Step validation Ended
2023-10-05 12:43:54.329 [main] INFO  utils.ExecutionUtils - Notepad Test Sheet Step validation started...
2023-10-05 12:43:54.345 [main] INFO  utils.ExecutionUtils - Notepad Test Sheet Step validation Ended
2023-10-05 12:43:54.345 [main] INFO  utils.ExecutionUtils - shortcuts Sheet Step validation started...
2023-10-05 12:43:54.360 [main] INFO  utils.ExecutionUtils - shortcuts Sheet Step validation Ended
2023-10-05 12:43:54.360 [main] INFO  utils.ExecutionUtils - Chrome Test_with narration Sheet Step validation started...
2023-10-05 12:43:54.376 [main] INFO  utils.ExecutionUtils - Chrome Test_with narration Sheet Step validation Ended
2023-10-05 12:43:54.376 [main] INFO  utils.ExecutionUtils - Edge Test_with audio Sheet Step validation started...
2023-10-05 12:43:54.392 [main] INFO  utils.ExecutionUtils - Edge Test_with audio Sheet Step validation Ended
2023-10-05 12:43:54.392 [main] INFO  utils.ExecutionUtils - Dotnet Test Sheet Step validation started...
2023-10-05 12:43:54.392 [main] INFO  utils.ExecutionUtils - Dotnet Test Sheet Step validation Ended
2023-10-05 12:43:54.392 [main] INFO  utils.ExecutionUtils - Notepad Test Sheet Step validation started...
2023-10-05 12:43:54.407 [main] INFO  utils.ExecutionUtils - Notepad Test Sheet Step validation Ended
2023-10-05 12:43:54.407 [main] INFO  utils.ExecutionUtils - shortcuts Sheet Step validation started...
2023-10-05 12:43:54.423 [main] INFO  utils.ExecutionUtils - shortcuts Sheet Step validation Ended
2023-10-05 12:43:54.423 [main] INFO  utils.ExecutionUtils - Chrome Test_with narration Sheet Step validation started...
2023-10-05 12:43:54.439 [main] INFO  utils.ExecutionUtils - Chrome Test_with narration Sheet Step validation Ended
2023-10-05 12:43:54.439 [main] INFO  utils.ExecutionUtils - SavePerformance Sheet Step validation started...
2023-10-05 12:43:54.454 [main] INFO  utils.ExecutionUtils - SavePerformance Sheet Step validation Ended
2023-10-05 12:43:54.454 [main] INFO  utils.ExecutionUtils - StartEpiplex Sheet Step validation started...
2023-10-05 12:43:54.454 [main] INFO  utils.ExecutionUtils - StartEpiplex Sheet Step validation Ended
2023-10-05 12:43:54.454 [main] INFO  utils.ExecutionUtils - shortcuts Sheet Step validation started...
2023-10-05 12:43:54.470 [main] INFO  utils.ExecutionUtils - shortcuts Sheet Step validation Ended
2023-10-05 12:43:54.470 [main] INFO  utils.ExecutionUtils - Chrome Test_with narration Sheet Step validation started...
2023-10-05 12:43:54.485 [main] INFO  utils.ExecutionUtils - Chrome Test_with narration Sheet Step validation Ended
2023-10-05 12:43:54.485 [main] INFO  utils.ExecutionUtils - Edge Test_with audio Sheet Step validation started...
2023-10-05 12:43:54.485 [main] INFO  utils.ExecutionUtils - Edge Test_with audio Sheet Step validation Ended
2023-10-05 12:43:54.485 [main] INFO  utils.ExecutionUtils - Dotnet Test Sheet Step validation started...
2023-10-05 12:43:54.517 [main] INFO  utils.ExecutionUtils - Dotnet Test Sheet Step validation Ended
2023-10-05 12:43:54.517 [main] INFO  utils.ExecutionUtils - Notepad Test Sheet Step validation started...
2023-10-05 12:43:54.517 [main] INFO  utils.ExecutionUtils - Notepad Test Sheet Step validation Ended
2023-10-05 12:43:54.517 [main] INFO  utils.ExecutionUtils - shortcuts Sheet Step validation started...
2023-10-05 12:43:54.532 [main] INFO  utils.ExecutionUtils - shortcuts Sheet Step validation Ended
2023-10-05 12:43:54.532 [main] INFO  utils.ExecutionUtils - Chrome Test_with narration Sheet Step validation started...
2023-10-05 12:43:54.548 [main] INFO  utils.ExecutionUtils - Chrome Test_with narration Sheet Step validation Ended
2023-10-05 12:43:54.548 [main] INFO  utils.ExecutionUtils - Edge Test_with audio Sheet Step validation started...
2023-10-05 12:43:54.548 [main] INFO  utils.ExecutionUtils - Edge Test_with audio Sheet Step validation Ended
2023-10-05 12:43:54.548 [main] INFO  utils.ExecutionUtils - Dotnet Test Sheet Step validation started...
2023-10-05 12:43:54.564 [main] INFO  utils.ExecutionUtils - Dotnet Test Sheet Step validation Ended
2023-10-05 12:43:54.564 [main] INFO  utils.ExecutionUtils - Notepad Test Sheet Step validation started...
2023-10-05 12:43:54.564 [main] INFO  utils.ExecutionUtils - Notepad Test Sheet Step validation Ended
2023-10-05 12:43:54.579 [main] INFO  utils.ExecutionUtils - shortcuts Sheet Step validation started...
2023-10-05 12:43:54.579 [main] INFO  utils.ExecutionUtils - shortcuts Sheet Step validation Ended
2023-10-05 12:43:54.579 [main] INFO  utils.ExecutionUtils - Chrome Test_with narration Sheet Step validation started...
2023-10-05 12:43:54.595 [main] INFO  utils.ExecutionUtils - Chrome Test_with narration Sheet Step validation Ended
2023-10-05 12:43:54.595 [main] INFO  utils.ExecutionUtils - CancelPerformance Sheet Step validation started...
2023-10-05 12:43:54.595 [main] INFO  utils.ExecutionUtils - CancelPerformance Sheet Step validation Ended
2023-10-05 12:43:54.595 [main] INFO  utils.ExecutionUtils - openCaptureFile Sheet Step validation started...
2023-10-05 12:43:54.610 [main] INFO  utils.ExecutionUtils - openCaptureFile Sheet Step validation Ended
2023-10-05 12:43:54.610 [main] INFO  utils.ExecutionUtils - SaveAndSaveAs Sheet Step validation started...
2023-10-05 12:43:54.626 [main] INFO  utils.ExecutionUtils - SaveAndSaveAs Sheet Step validation Ended
2023-10-05 12:43:54.626 [main] INFO  utils.ExecutionUtils - DocPerformance Sheet Step validation started...
2023-10-05 12:43:54.626 [main] INFO  utils.ExecutionUtils - DocPerformance Sheet Step validation Ended
2023-10-05 12:43:54.626 [main] INFO  utils.ExecutionUtils - D:\Selenium Workspace\TEST\Automation-Framework\NewTestcases\performanceTestcase500.xls Excel File Check ended
2023-10-05 12:43:54.626 [main] INFO  actions.TestcaseExecutor - loadMethods completed.
2023-10-05 12:43:54.626 [main] INFO  actions.TestcaseExecutor - startExecution started...
2023-10-05 12:43:54.954 [main] INFO  utils.XML_Library - Automation settings updation started
2023-10-05 12:43:55.235 [main] INFO  utils.XML_Library - Automation settings updation completed
2023-10-05 12:43:55.235 [main] INFO  epiplex.PerformanceUtils - PerformanceTest500_home Capture - initializing...
2023-10-05 12:43:55.235 [main] INFO  core.Application - D:\MSI\epiplex\BIN\epiplex.exe is launching...
2023-10-05 12:44:04.288 [main] INFO  core.Application - D:\MSI\epiplex\BIN\epiplex.exe is launched
2023-10-05 12:44:13.179 [main] ERROR actions.ElementFinder - File already exists. Do you want to overwrite? not displyed within 3 s
2023-10-05 12:44:16.788 [main] ERROR actions.ElementFinder - File Name specified is pending to recover and save. Do you want to overwrite the file? not displyed within 3 s
2023-10-05 12:44:37.005 [main] INFO  epiplex.PerformanceUtils - PerformanceTest500_home Capture - started...
2023-10-05 12:44:37.318 [main] INFO  core.Application - chrome is closing...
2023-10-05 12:44:37.380 [main] INFO  core.Application - C:\Program Files\Google\Chrome\Application\chrome.exe is closed.
2023-10-05 12:44:37.693 [main] INFO  core.Application - msedge is closing...
2023-10-05 12:44:43.021 [main] INFO  core.Application - C:\\Program Files (x86)\\Microsoft\\Edge\\Application\\msedge.exe is closed.
2023-10-05 12:44:43.333 [main] INFO  core.Application - Dotnet App is closing...
2023-10-05 12:44:43.364 [main] INFO  core.Application - D:\\Selenium Workspace\\TEST\\Automation-Framework\\Base-Files\\Epiplex500ERP.exe is closed.
2023-10-05 12:44:43.677 [main] INFO  core.Application - notepad is closing...
2023-10-05 12:44:43.724 [main] INFO  core.Application - C:\\WINDOWS\\SYSTEM32\\notepad.exe is closed.
2023-10-05 12:44:44.036 [main] INFO  core.Application - C:\Program Files\Google\Chrome\Application\chrome.exe is launching...
2023-10-05 12:44:49.688 [main] INFO  core.Application - C:\Program Files\Google\Chrome\Application\chrome.exe is launched
2023-10-05 12:44:52.231 [main] INFO  core.Application - C:\\WINDOWS\\SYSTEM32\\notepad.exe is launching...
2023-10-05 12:44:55.666 [main] INFO  core.Application - C:\\WINDOWS\\SYSTEM32\\notepad.exe is launched
2023-10-05 12:44:57.790 [main] INFO  core.Application - C:\\Program Files (x86)\\Microsoft\\Edge\\Application\\msedge.exe is launching...
2023-10-05 12:45:00.398 [main] INFO  core.Application - C:\\Program Files (x86)\\Microsoft\\Edge\\Application\\msedge.exe is launched
2023-10-05 12:45:04.256 [main] INFO  core.Application - D:\\Selenium Workspace\\TEST\\Automation-Framework\\Base-Files\\Epiplex500ERP.exe is launching...
2023-10-05 12:45:07.735 [main] INFO  core.Application - D:\\Selenium Workspace\\TEST\\Automation-Framework\\Base-Files\\Epiplex500ERP.exe is launched
2023-10-05 12:46:21.184 [main] INFO  core.Application - chrome is closing...
2023-10-05 12:46:22.293 [main] INFO  core.Application - C:\Program Files\Google\Chrome\Application\chrome.exe is closed.
2023-10-05 12:46:22.605 [main] INFO  core.Application - msedge is closing...
2023-10-05 12:46:23.715 [main] INFO  core.Application - C:\\Program Files (x86)\\Microsoft\\Edge\\Application\\msedge.exe is closed.
2023-10-05 12:46:24.027 [main] INFO  core.Application - Dotnet App is closing...
2023-10-05 12:46:25.199 [main] INFO  core.Application - D:\\Selenium Workspace\\TEST\\Automation-Framework\\Base-Files\\Epiplex500ERP.exe is closed.
2023-10-05 12:46:25.511 [main] INFO  core.Application - notepad is closing...
2023-10-05 12:46:26.668 [main] INFO  core.Application - C:\\WINDOWS\\SYSTEM32\\notepad.exe is closed.
2023-10-05 12:46:26.996 [main] INFO  core.Application - chrome is closing...
2023-10-05 12:46:27.027 [main] INFO  core.Application - C:\Program Files\Google\Chrome\Application\chrome.exe is closed.
2023-10-05 12:46:27.339 [main] INFO  core.Application - C:\Program Files\Google\Chrome\Application\chrome.exe is launching...
2023-10-05 12:46:33.169 [main] INFO  core.Application - C:\Program Files\Google\Chrome\Application\chrome.exe is launched
2023-10-05 12:47:00.010 [main] INFO  core.Application - chrome is closing...
2023-10-05 12:47:01.088 [main] INFO  core.Application - C:\Program Files\Google\Chrome\Application\chrome.exe is closed.
2023-10-05 12:47:01.401 [main] INFO  core.Application - msedge is closing...
2023-10-05 12:47:06.760 [main] INFO  core.Application - C:\\Program Files (x86)\\Microsoft\\Edge\\Application\\msedge.exe is closed.
2023-10-05 12:47:07.072 [main] INFO  core.Application - C:\\Program Files (x86)\\Microsoft\\Edge\\Application\\msedge.exe is launching...
2023-10-05 12:47:09.559 [main] INFO  core.Application - C:\\Program Files (x86)\\Microsoft\\Edge\\Application\\msedge.exe is launched
2023-10-05 12:47:35.500 [main] INFO  core.Application - msedge is closing...
2023-10-05 12:47:36.625 [main] INFO  core.Application - C:\\Program Files (x86)\\Microsoft\\Edge\\Application\\msedge.exe is closed.
2023-10-05 12:47:36.938 [main] INFO  core.Application - Dotnet App is closing...
2023-10-05 12:47:36.953 [main] INFO  core.Application - D:\\Selenium Workspace\\TEST\\Automation-Framework\\Base-Files\\Epiplex500ERP.exe is closed.
2023-10-05 12:47:37.266 [main] INFO  core.Application - D:\\Selenium Workspace\\TEST\\Automation-Framework\\Base-Files\\Epiplex500ERP.exe is launching...
2023-10-05 12:47:40.922 [main] INFO  core.Application - D:\\Selenium Workspace\\TEST\\Automation-Framework\\Base-Files\\Epiplex500ERP.exe is launched
2023-10-05 12:48:18.082 [main] INFO  core.Application - Dotnet App is closing...
2023-10-05 12:48:19.175 [main] INFO  core.Application - D:\\Selenium Workspace\\TEST\\Automation-Framework\\Base-Files\\Epiplex500ERP.exe is closed.
2023-10-05 12:48:19.488 [main] INFO  core.Application - notepad is closing...
2023-10-05 12:48:19.550 [main] INFO  core.Application - C:\\WINDOWS\\SYSTEM32\\notepad.exe is closed.
2023-10-05 12:48:19.863 [main] INFO  core.Application - C:\\WINDOWS\\SYSTEM32\\notepad.exe is launching...
2023-10-05 12:48:23.250 [main] INFO  core.Application - C:\\WINDOWS\\SYSTEM32\\notepad.exe is launched
2023-10-05 12:48:46.859 [main] INFO  core.Application - notepad is closing...
2023-10-05 12:48:47.952 [main] INFO  core.Application - C:\\WINDOWS\\SYSTEM32\\notepad.exe is closed.
2023-10-05 12:48:48.265 [main] INFO  core.Application - chrome is closing...
2023-10-05 12:48:48.312 [main] INFO  core.Application - C:\Program Files\Google\Chrome\Application\chrome.exe is closed.
2023-10-05 12:48:48.624 [main] INFO  core.Application - msedge is closing...
2023-10-05 12:48:53.968 [main] INFO  core.Application - C:\\Program Files (x86)\\Microsoft\\Edge\\Application\\msedge.exe is closed.
2023-10-05 12:48:54.280 [main] INFO  core.Application - Dotnet App is closing...
2023-10-05 12:48:54.327 [main] INFO  core.Application - D:\\Selenium Workspace\\TEST\\Automation-Framework\\Base-Files\\Epiplex500ERP.exe is closed.
2023-10-05 12:48:54.655 [main] INFO  core.Application - notepad is closing...
2023-10-05 12:48:54.702 [main] INFO  core.Application - C:\\WINDOWS\\SYSTEM32\\notepad.exe is closed.
2023-10-05 12:48:55.014 [main] INFO  core.Application - C:\Program Files\Google\Chrome\Application\chrome.exe is launching...
2023-10-05 12:49:00.871 [main] INFO  core.Application - C:\Program Files\Google\Chrome\Application\chrome.exe is launched
2023-10-05 12:49:03.294 [main] INFO  core.Application - C:\\WINDOWS\\SYSTEM32\\notepad.exe is launching...
2023-10-05 12:49:06.693 [main] INFO  core.Application - C:\\WINDOWS\\SYSTEM32\\notepad.exe is launched
2023-10-05 12:49:08.916 [main] INFO  core.Application - C:\\Program Files (x86)\\Microsoft\\Edge\\Application\\msedge.exe is launching...
2023-10-05 12:49:11.476 [main] INFO  core.Application - C:\\Program Files (x86)\\Microsoft\\Edge\\Application\\msedge.exe is launched
2023-10-05 12:49:15.499 [main] INFO  core.Application - D:\\Selenium Workspace\\TEST\\Automation-Framework\\Base-Files\\Epiplex500ERP.exe is launching...
2023-10-05 12:49:18.963 [main] INFO  core.Application - D:\\Selenium Workspace\\TEST\\Automation-Framework\\Base-Files\\Epiplex500ERP.exe is launched
2023-10-05 12:50:33.662 [main] INFO  core.Application - chrome is closing...
2023-10-05 12:50:34.740 [main] INFO  core.Application - C:\Program Files\Google\Chrome\Application\chrome.exe is closed.
2023-10-05 12:50:35.053 [main] INFO  core.Application - msedge is closing...
2023-10-05 12:50:36.115 [main] INFO  core.Application - C:\\Program Files (x86)\\Microsoft\\Edge\\Application\\msedge.exe is closed.
2023-10-05 12:50:36.443 [main] INFO  core.Application - Dotnet App is closing...
2023-10-05 12:50:37.538 [main] INFO  core.Application - D:\\Selenium Workspace\\TEST\\Automation-Framework\\Base-Files\\Epiplex500ERP.exe is closed.
2023-10-05 12:50:37.850 [main] INFO  core.Application - notepad is closing...
2023-10-05 12:50:38.960 [main] INFO  core.Application - C:\\WINDOWS\\SYSTEM32\\notepad.exe is closed.
2023-10-05 12:50:39.272 [main] INFO  core.Application - chrome is closing...
2023-10-05 12:50:39.319 [main] INFO  core.Application - C:\Program Files\Google\Chrome\Application\chrome.exe is closed.
2023-10-05 12:50:39.632 [main] INFO  core.Application - C:\Program Files\Google\Chrome\Application\chrome.exe is launching...
2023-10-05 12:50:45.785 [main] INFO  core.Application - C:\Program Files\Google\Chrome\Application\chrome.exe is launched
2023-10-05 12:51:12.725 [main] INFO  core.Application - chrome is closing...
2023-10-05 12:51:13.834 [main] INFO  core.Application - C:\Program Files\Google\Chrome\Application\chrome.exe is closed.
2023-10-05 12:51:14.147 [main] INFO  core.Application - msedge is closing...
2023-10-05 12:51:19.428 [main] INFO  core.Application - C:\\Program Files (x86)\\Microsoft\\Edge\\Application\\msedge.exe is closed.
2023-10-05 12:51:19.742 [main] INFO  core.Application - C:\\Program Files (x86)\\Microsoft\\Edge\\Application\\msedge.exe is launching...
2023-10-05 12:51:22.212 [main] INFO  core.Application - C:\\Program Files (x86)\\Microsoft\\Edge\\Application\\msedge.exe is launched
2023-10-05 12:51:49.223 [main] INFO  core.Application - msedge is closing...
2023-10-05 12:51:50.347 [main] INFO  core.Application - C:\\Program Files (x86)\\Microsoft\\Edge\\Application\\msedge.exe is closed.
2023-10-05 12:51:50.660 [main] INFO  core.Application - Dotnet App is closing...
2023-10-05 12:51:50.676 [main] INFO  core.Application - D:\\Selenium Workspace\\TEST\\Automation-Framework\\Base-Files\\Epiplex500ERP.exe is closed.
2023-10-05 12:51:50.988 [main] INFO  core.Application - D:\\Selenium Workspace\\TEST\\Automation-Framework\\Base-Files\\Epiplex500ERP.exe is launching...
2023-10-05 12:51:54.566 [main] INFO  core.Application - D:\\Selenium Workspace\\TEST\\Automation-Framework\\Base-Files\\Epiplex500ERP.exe is launched
2023-10-05 12:52:32.181 [main] INFO  core.Application - Dotnet App is closing...
2023-10-05 12:52:33.305 [main] INFO  core.Application - D:\\Selenium Workspace\\TEST\\Automation-Framework\\Base-Files\\Epiplex500ERP.exe is closed.
2023-10-05 12:52:33.619 [main] INFO  core.Application - notepad is closing...
2023-10-05 12:52:33.651 [main] INFO  core.Application - C:\\WINDOWS\\SYSTEM32\\notepad.exe is closed.
2023-10-05 12:52:33.963 [main] INFO  core.Application - C:\\WINDOWS\\SYSTEM32\\notepad.exe is launching...
2023-10-05 12:52:37.494 [main] INFO  core.Application - C:\\WINDOWS\\SYSTEM32\\notepad.exe is launched
2023-10-05 12:53:01.356 [main] INFO  core.Application - notepad is closing...
2023-10-05 12:53:02.434 [main] INFO  core.Application - C:\\WINDOWS\\SYSTEM32\\notepad.exe is closed.
2023-10-05 12:53:02.746 [main] INFO  core.Application - chrome is closing...
2023-10-05 12:53:02.809 [main] INFO  core.Application - C:\Program Files\Google\Chrome\Application\chrome.exe is closed.
2023-10-05 12:53:03.121 [main] INFO  core.Application - msedge is closing...
2023-10-05 12:53:08.496 [main] INFO  core.Application - C:\\Program Files (x86)\\Microsoft\\Edge\\Application\\msedge.exe is closed.
2023-10-05 12:53:08.808 [main] INFO  core.Application - Dotnet App is closing...
2023-10-05 12:53:08.855 [main] INFO  core.Application - D:\\Selenium Workspace\\TEST\\Automation-Framework\\Base-Files\\Epiplex500ERP.exe is closed.
2023-10-05 12:53:09.168 [main] INFO  core.Application - notepad is closing...
2023-10-05 12:53:09.214 [main] INFO  core.Application - C:\\WINDOWS\\SYSTEM32\\notepad.exe is closed.
2023-10-05 12:53:09.527 [main] INFO  core.Application - C:\Program Files\Google\Chrome\Application\chrome.exe is launching...
2023-10-05 12:53:15.592 [main] INFO  core.Application - C:\Program Files\Google\Chrome\Application\chrome.exe is launched
2023-10-05 12:53:17.966 [main] INFO  core.Application - C:\\WINDOWS\\SYSTEM32\\notepad.exe is launching...
2023-10-05 12:53:21.544 [main] INFO  core.Application - C:\\WINDOWS\\SYSTEM32\\notepad.exe is launched
2023-10-05 12:53:23.834 [main] INFO  core.Application - C:\\Program Files (x86)\\Microsoft\\Edge\\Application\\msedge.exe is launching...
2023-10-05 12:53:26.681 [main] INFO  core.Application - C:\\Program Files (x86)\\Microsoft\\Edge\\Application\\msedge.exe is launched
2023-10-05 12:53:30.901 [main] INFO  core.Application - D:\\Selenium Workspace\\TEST\\Automation-Framework\\Base-Files\\Epiplex500ERP.exe is launching...
2023-10-05 12:53:34.445 [main] INFO  core.Application - D:\\Selenium Workspace\\TEST\\Automation-Framework\\Base-Files\\Epiplex500ERP.exe is launched
2023-10-05 12:54:49.025 [main] INFO  core.Application - chrome is closing...
2023-10-05 12:54:50.150 [main] INFO  core.Application - C:\Program Files\Google\Chrome\Application\chrome.exe is closed.
2023-10-05 12:54:50.462 [main] INFO  core.Application - msedge is closing...
2023-10-05 12:54:51.540 [main] INFO  core.Application - C:\\Program Files (x86)\\Microsoft\\Edge\\Application\\msedge.exe is closed.
2023-10-05 12:54:51.853 [main] INFO  core.Application - Dotnet App is closing...
2023-10-05 12:54:52.931 [main] INFO  core.Application - D:\\Selenium Workspace\\TEST\\Automation-Framework\\Base-Files\\Epiplex500ERP.exe is closed.
2023-10-05 12:54:53.243 [main] INFO  core.Application - notepad is closing...
2023-10-05 12:54:54.353 [main] INFO  core.Application - C:\\WINDOWS\\SYSTEM32\\notepad.exe is closed.
2023-10-05 12:54:54.665 [main] INFO  core.Application - chrome is closing...
2023-10-05 12:54:54.728 [main] INFO  core.Application - C:\Program Files\Google\Chrome\Application\chrome.exe is closed.
2023-10-05 12:54:55.040 [main] INFO  core.Application - C:\Program Files\Google\Chrome\Application\chrome.exe is launching...
2023-10-05 12:55:01.192 [main] INFO  core.Application - C:\Program Files\Google\Chrome\Application\chrome.exe is launched
2023-10-05 12:55:27.812 [main] INFO  core.Application - chrome is closing...
2023-10-05 12:55:28.921 [main] INFO  core.Application - C:\Program Files\Google\Chrome\Application\chrome.exe is closed.
2023-10-05 12:55:29.234 [main] INFO  epiplex.PerformanceUtils - Capture save initializing...
2023-10-05 12:55:36.478 [main] ERROR actions.ElementFinder - Saving capture file not vanished within 3 s
2023-10-05 12:55:40.261 [main] ERROR actions.ElementFinder - Saving capture file not vanished within 3 s
2023-10-05 12:56:08.591 [main] INFO  core.Application - Epiplex is closing...
2023-10-05 12:56:09.702 [main] INFO  core.Application - D:\MSI\epiplex\BIN\epiplex.exe is closed.
2023-10-05 12:56:09.702 [main] INFO  epiplex.PerformanceUtils - Capture save completed.
2023-10-05 12:56:10.327 [main] INFO  utils.XML_Library - Automation settings updation started
2023-10-05 12:56:10.514 [main] INFO  utils.XML_Library - Automation settings updation completed
2023-10-05 12:56:10.514 [main] INFO  core.Application - D:\MSI\epiplex\BIN\epiplex.exe is launching...
2023-10-05 12:56:18.044 [main] INFO  core.Application - D:\MSI\epiplex\BIN\epiplex.exe is launched
2023-10-05 12:56:33.399 [main] ERROR actions.ElementFinder - File already exists. Do you want to overwrite? not displyed within 3 s
2023-10-05 12:56:37.810 [main] ERROR actions.ElementFinder - File Name specified is pending to recover and save. Do you want to overwrite the file? not displyed within 3 s
2023-10-05 12:56:56.708 [main] INFO  core.Application - chrome is closing...
2023-10-05 12:56:56.739 [main] INFO  core.Application - C:\Program Files\Google\Chrome\Application\chrome.exe is closed.
2023-10-05 12:56:57.054 [main] INFO  core.Application - msedge is closing...
2023-10-05 12:57:02.413 [main] INFO  core.Application - C:\\Program Files (x86)\\Microsoft\\Edge\\Application\\msedge.exe is closed.
2023-10-05 12:57:02.726 [main] INFO  core.Application - Dotnet App is closing...
2023-10-05 12:57:02.741 [main] INFO  core.Application - D:\\Selenium Workspace\\TEST\\Automation-Framework\\Base-Files\\Epiplex500ERP.exe is closed.
2023-10-05 12:57:03.054 [main] INFO  core.Application - notepad is closing...
2023-10-05 12:57:03.101 [main] INFO  core.Application - C:\\WINDOWS\\SYSTEM32\\notepad.exe is closed.
2023-10-05 12:57:03.413 [main] INFO  core.Application - C:\Program Files\Google\Chrome\Application\chrome.exe is launching...
2023-10-05 12:57:08.133 [main] INFO  core.Application - C:\Program Files\Google\Chrome\Application\chrome.exe is launched
2023-10-05 12:57:10.503 [main] INFO  core.Application - C:\\WINDOWS\\SYSTEM32\\notepad.exe is launching...
2023-10-05 12:57:13.961 [main] INFO  core.Application - C:\\WINDOWS\\SYSTEM32\\notepad.exe is launched
2023-10-05 12:57:16.079 [main] INFO  core.Application - C:\\Program Files (x86)\\Microsoft\\Edge\\Application\\msedge.exe is launching...
2023-10-05 12:57:18.534 [main] INFO  core.Application - C:\\Program Files (x86)\\Microsoft\\Edge\\Application\\msedge.exe is launched
2023-10-05 12:57:23.239 [main] INFO  core.Application - D:\\Selenium Workspace\\TEST\\Automation-Framework\\Base-Files\\Epiplex500ERP.exe is launching...
2023-10-05 12:57:26.620 [main] INFO  core.Application - D:\\Selenium Workspace\\TEST\\Automation-Framework\\Base-Files\\Epiplex500ERP.exe is launched
2023-10-05 12:58:39.894 [main] INFO  core.Application - chrome is closing...
2023-10-05 12:58:40.988 [main] INFO  core.Application - C:\Program Files\Google\Chrome\Application\chrome.exe is closed.
2023-10-05 12:58:41.301 [main] INFO  core.Application - msedge is closing...
2023-10-05 12:58:42.426 [main] INFO  core.Application - C:\\Program Files (x86)\\Microsoft\\Edge\\Application\\msedge.exe is closed.
2023-10-05 12:58:42.738 [main] INFO  core.Application - Dotnet App is closing...
2023-10-05 12:58:43.832 [main] INFO  core.Application - D:\\Selenium Workspace\\TEST\\Automation-Framework\\Base-Files\\Epiplex500ERP.exe is closed.
2023-10-05 12:58:44.160 [main] INFO  core.Application - notepad is closing...
2023-10-05 12:58:45.410 [main] INFO  core.Application - C:\\WINDOWS\\SYSTEM32\\notepad.exe is closed.
2023-10-05 12:58:45.738 [main] INFO  core.Application - chrome is closing...
2023-10-05 12:58:45.769 [main] INFO  core.Application - C:\Program Files\Google\Chrome\Application\chrome.exe is closed.
2023-10-05 12:58:46.082 [main] INFO  core.Application - C:\Program Files\Google\Chrome\Application\chrome.exe is launching...
2023-10-05 12:58:52.194 [main] INFO  core.Application - C:\Program Files\Google\Chrome\Application\chrome.exe is launched
2023-10-05 12:59:18.968 [main] INFO  core.Application - chrome is closing...
2023-10-05 12:59:20.062 [main] INFO  core.Application - C:\Program Files\Google\Chrome\Application\chrome.exe is closed.
2023-10-05 12:59:20.374 [main] INFO  core.Application - msedge is closing...
2023-10-05 12:59:25.765 [main] INFO  core.Application - C:\\Program Files (x86)\\Microsoft\\Edge\\Application\\msedge.exe is closed.
2023-10-05 12:59:26.077 [main] INFO  core.Application - C:\\Program Files (x86)\\Microsoft\\Edge\\Application\\msedge.exe is launching...
2023-10-05 12:59:28.476 [main] INFO  core.Application - C:\\Program Files (x86)\\Microsoft\\Edge\\Application\\msedge.exe is launched
2023-10-05 12:59:54.794 [main] INFO  core.Application - msedge is closing...
2023-10-05 12:59:55.904 [main] INFO  core.Application - C:\\Program Files (x86)\\Microsoft\\Edge\\Application\\msedge.exe is closed.
2023-10-05 12:59:56.217 [main] INFO  core.Application - Dotnet App is closing...
2023-10-05 12:59:56.232 [main] INFO  core.Application - D:\\Selenium Workspace\\TEST\\Automation-Framework\\Base-Files\\Epiplex500ERP.exe is closed.
2023-10-05 12:59:56.545 [main] INFO  core.Application - D:\\Selenium Workspace\\TEST\\Automation-Framework\\Base-Files\\Epiplex500ERP.exe is launching...
2023-10-05 13:00:00.123 [main] INFO  core.Application - D:\\Selenium Workspace\\TEST\\Automation-Framework\\Base-Files\\Epiplex500ERP.exe is launched
2023-10-05 13:00:37.702 [main] INFO  core.Application - Dotnet App is closing...
2023-10-05 13:00:38.843 [main] INFO  core.Application - D:\\Selenium Workspace\\TEST\\Automation-Framework\\Base-Files\\Epiplex500ERP.exe is closed.
2023-10-05 13:00:39.155 [main] INFO  core.Application - notepad is closing...
2023-10-05 13:00:39.186 [main] INFO  core.Application - C:\\WINDOWS\\SYSTEM32\\notepad.exe is closed.
2023-10-05 13:00:39.499 [main] INFO  core.Application - C:\\WINDOWS\\SYSTEM32\\notepad.exe is launching...
2023-10-05 13:00:42.967 [main] INFO  core.Application - C:\\WINDOWS\\SYSTEM32\\notepad.exe is launched
2023-10-05 13:01:06.137 [main] INFO  core.Application - notepad is closing...
2023-10-05 13:01:07.293 [main] INFO  core.Application - C:\\WINDOWS\\SYSTEM32\\notepad.exe is closed.
2023-10-05 13:01:07.606 [main] INFO  core.Application - chrome is closing...
2023-10-05 13:01:07.652 [main] INFO  core.Application - C:\Program Files\Google\Chrome\Application\chrome.exe is closed.
2023-10-05 13:01:07.981 [main] INFO  core.Application - msedge is closing...
2023-10-05 13:01:13.340 [main] INFO  core.Application - C:\\Program Files (x86)\\Microsoft\\Edge\\Application\\msedge.exe is closed.
2023-10-05 13:01:13.652 [main] INFO  core.Application - Dotnet App is closing...
2023-10-05 13:01:13.683 [main] INFO  core.Application - D:\\Selenium Workspace\\TEST\\Automation-Framework\\Base-Files\\Epiplex500ERP.exe is closed.
2023-10-05 13:01:13.997 [main] INFO  core.Application - notepad is closing...
2023-10-05 13:01:14.044 [main] INFO  core.Application - C:\\WINDOWS\\SYSTEM32\\notepad.exe is closed.
2023-10-05 13:01:14.360 [main] INFO  core.Application - C:\Program Files\Google\Chrome\Application\chrome.exe is launching...
2023-10-05 13:01:20.150 [main] INFO  core.Application - C:\Program Files\Google\Chrome\Application\chrome.exe is launched
2023-10-05 13:01:22.559 [main] INFO  core.Application - C:\\WINDOWS\\SYSTEM32\\notepad.exe is launching...
2023-10-05 13:01:25.986 [main] INFO  core.Application - C:\\WINDOWS\\SYSTEM32\\notepad.exe is launched
2023-10-05 13:01:28.136 [main] INFO  core.Application - C:\\Program Files (x86)\\Microsoft\\Edge\\Application\\msedge.exe is launching...
2023-10-05 13:01:30.705 [main] INFO  core.Application - C:\\Program Files (x86)\\Microsoft\\Edge\\Application\\msedge.exe is launched
2023-10-05 13:01:35.688 [main] INFO  core.Application - D:\\Selenium Workspace\\TEST\\Automation-Framework\\Base-Files\\Epiplex500ERP.exe is launching...
2023-10-05 13:01:39.165 [main] INFO  core.Application - D:\\Selenium Workspace\\TEST\\Automation-Framework\\Base-Files\\Epiplex500ERP.exe is launched
2023-10-05 13:02:52.304 [main] INFO  core.Application - chrome is closing...
2023-10-05 13:02:53.382 [main] INFO  core.Application - C:\Program Files\Google\Chrome\Application\chrome.exe is closed.
2023-10-05 13:02:53.695 [main] INFO  core.Application - msedge is closing...
2023-10-05 13:02:54.757 [main] INFO  core.Application - C:\\Program Files (x86)\\Microsoft\\Edge\\Application\\msedge.exe is closed.
2023-10-05 13:02:55.086 [main] INFO  core.Application - Dotnet App is closing...
2023-10-05 13:02:56.211 [main] INFO  core.Application - D:\\Selenium Workspace\\TEST\\Automation-Framework\\Base-Files\\Epiplex500ERP.exe is closed.
2023-10-05 13:02:56.523 [main] INFO  core.Application - notepad is closing...
2023-10-05 13:02:57.649 [main] INFO  core.Application - C:\\WINDOWS\\SYSTEM32\\notepad.exe is closed.
2023-10-05 13:02:57.961 [main] INFO  core.Application - chrome is closing...
2023-10-05 13:02:57.992 [main] INFO  core.Application - C:\Program Files\Google\Chrome\Application\chrome.exe is closed.
2023-10-05 13:02:58.305 [main] INFO  core.Application - C:\Program Files\Google\Chrome\Application\chrome.exe is launching...
2023-10-05 13:03:04.180 [main] INFO  core.Application - C:\Program Files\Google\Chrome\Application\chrome.exe is launched
2023-10-05 13:03:31.670 [main] INFO  core.Application - chrome is closing...
2023-10-05 13:03:32.748 [main] INFO  core.Application - C:\Program Files\Google\Chrome\Application\chrome.exe is closed.
2023-10-05 13:03:33.061 [main] INFO  core.Application - msedge is closing...
2023-10-05 13:03:38.404 [main] INFO  core.Application - C:\\Program Files (x86)\\Microsoft\\Edge\\Application\\msedge.exe is closed.
2023-10-05 13:03:38.717 [main] INFO  core.Application - C:\\Program Files (x86)\\Microsoft\\Edge\\Application\\msedge.exe is launching...
2023-10-05 13:03:41.169 [main] INFO  core.Application - C:\\Program Files (x86)\\Microsoft\\Edge\\Application\\msedge.exe is launched
2023-10-05 13:04:07.030 [main] INFO  core.Application - msedge is closing...
2023-10-05 13:04:08.139 [main] INFO  core.Application - C:\\Program Files (x86)\\Microsoft\\Edge\\Application\\msedge.exe is closed.
2023-10-05 13:04:08.452 [main] INFO  core.Application - Dotnet App is closing...
2023-10-05 13:04:08.467 [main] INFO  core.Application - D:\\Selenium Workspace\\TEST\\Automation-Framework\\Base-Files\\Epiplex500ERP.exe is closed.
2023-10-05 13:04:08.780 [main] INFO  core.Application - D:\\Selenium Workspace\\TEST\\Automation-Framework\\Base-Files\\Epiplex500ERP.exe is launching...
2023-10-05 13:04:12.358 [main] INFO  core.Application - D:\\Selenium Workspace\\TEST\\Automation-Framework\\Base-Files\\Epiplex500ERP.exe is launched
2023-10-05 13:04:49.628 [main] INFO  core.Application - Dotnet App is closing...
2023-10-05 13:04:50.769 [main] INFO  core.Application - D:\\Selenium Workspace\\TEST\\Automation-Framework\\Base-Files\\Epiplex500ERP.exe is closed.
2023-10-05 13:04:51.081 [main] INFO  core.Application - notepad is closing...
2023-10-05 13:04:51.097 [main] INFO  core.Application - C:\\WINDOWS\\SYSTEM32\\notepad.exe is closed.
2023-10-05 13:04:51.410 [main] INFO  core.Application - C:\\WINDOWS\\SYSTEM32\\notepad.exe is launching...
2023-10-05 13:04:54.847 [main] INFO  core.Application - C:\\WINDOWS\\SYSTEM32\\notepad.exe is launched
2023-10-05 13:05:18.001 [main] INFO  core.Application - notepad is closing...
2023-10-05 13:05:19.111 [main] INFO  core.Application - C:\\WINDOWS\\SYSTEM32\\notepad.exe is closed.
2023-10-05 13:05:19.423 [main] INFO  core.Application - chrome is closing...
2023-10-05 13:05:19.439 [main] INFO  core.Application - C:\Program Files\Google\Chrome\Application\chrome.exe is closed.
2023-10-05 13:05:19.751 [main] INFO  core.Application - msedge is closing...
2023-10-05 13:05:25.095 [main] INFO  core.Application - C:\\Program Files (x86)\\Microsoft\\Edge\\Application\\msedge.exe is closed.
2023-10-05 13:05:25.407 [main] INFO  core.Application - Dotnet App is closing...
2023-10-05 13:05:25.423 [main] INFO  core.Application - D:\\Selenium Workspace\\TEST\\Automation-Framework\\Base-Files\\Epiplex500ERP.exe is closed.
2023-10-05 13:05:25.735 [main] INFO  core.Application - notepad is closing...
2023-10-05 13:05:25.751 [main] INFO  core.Application - C:\\WINDOWS\\SYSTEM32\\notepad.exe is closed.
2023-10-05 13:05:26.063 [main] INFO  core.Application - C:\Program Files\Google\Chrome\Application\chrome.exe is launching...
2023-10-05 13:05:31.829 [main] INFO  core.Application - C:\Program Files\Google\Chrome\Application\chrome.exe is launched
2023-10-05 13:05:34.244 [main] INFO  core.Application - C:\\WINDOWS\\SYSTEM32\\notepad.exe is launching...
2023-10-05 13:05:37.652 [main] INFO  core.Application - C:\\WINDOWS\\SYSTEM32\\notepad.exe is launched
2023-10-05 13:05:39.864 [main] INFO  core.Application - C:\\Program Files (x86)\\Microsoft\\Edge\\Application\\msedge.exe is launching...
2023-10-05 13:05:42.467 [main] INFO  core.Application - C:\\Program Files (x86)\\Microsoft\\Edge\\Application\\msedge.exe is launched
2023-10-05 13:05:47.470 [main] INFO  core.Application - D:\\Selenium Workspace\\TEST\\Automation-Framework\\Base-Files\\Epiplex500ERP.exe is launching...
2023-10-05 13:05:50.946 [main] INFO  core.Application - D:\\Selenium Workspace\\TEST\\Automation-Framework\\Base-Files\\Epiplex500ERP.exe is launched
2023-10-05 13:07:05.224 [main] INFO  core.Application - chrome is closing...
2023-10-05 13:07:06.349 [main] INFO  core.Application - C:\Program Files\Google\Chrome\Application\chrome.exe is closed.
2023-10-05 13:07:06.662 [main] INFO  core.Application - msedge is closing...
2023-10-05 13:07:07.740 [main] INFO  core.Application - C:\\Program Files (x86)\\Microsoft\\Edge\\Application\\msedge.exe is closed.
2023-10-05 13:07:08.051 [main] INFO  core.Application - Dotnet App is closing...
2023-10-05 13:07:09.215 [main] INFO  core.Application - D:\\Selenium Workspace\\TEST\\Automation-Framework\\Base-Files\\Epiplex500ERP.exe is closed.
2023-10-05 13:07:09.528 [main] INFO  core.Application - notepad is closing...
2023-10-05 13:07:10.642 [main] INFO  core.Application - C:\\WINDOWS\\SYSTEM32\\notepad.exe is closed.
2023-10-05 13:07:10.959 [main] INFO  core.Application - chrome is closing...
2023-10-05 13:07:11.006 [main] INFO  core.Application - C:\Program Files\Google\Chrome\Application\chrome.exe is closed.
2023-10-05 13:07:11.319 [main] INFO  core.Application - C:\Program Files\Google\Chrome\Application\chrome.exe is launching...
2023-10-05 13:07:17.581 [main] INFO  core.Application - C:\Program Files\Google\Chrome\Application\chrome.exe is launched
2023-10-05 13:07:43.984 [main] INFO  core.Application - chrome is closing...
2023-10-05 13:07:45.078 [main] INFO  core.Application - C:\Program Files\Google\Chrome\Application\chrome.exe is closed.
2023-10-05 13:07:45.391 [main] INFO  epiplex.PerformanceUtils - Capture cancel initializing...
2023-10-05 13:07:50.155 [main] INFO  epiplex.PerformanceUtils - Capture cancel completed.
2023-10-05 13:07:50.780 [main] INFO  epiplex.PerformanceUtils - open capture file PerformanceTest500_home from home initializing...
2023-10-05 13:07:50.780 [main] INFO  core.Application - D:\MSI\epiplex\BIN\epiplex.exe is launching...
2023-10-05 13:07:52.983 [main] INFO  core.Application - D:\MSI\epiplex\BIN\epiplex.exe is launched
2023-10-05 13:08:07.183 [main] ERROR actions.ElementFinder - Process Editor - [ not displyed within 2 s
2023-10-05 13:08:17.402 [main] ERROR actions.ElementFinder - Process Editor - [ not displyed within 2 s
2023-10-05 13:08:19.589 [main] ERROR actions.ElementFinder - Process Editor - [ not displyed within 2 s
2023-10-05 13:08:22.169 [main] ERROR actions.ElementFinder - Process Editor - [ not displyed within 2 s
2023-10-05 13:08:26.670 [main] INFO  epiplex.PerformanceUtils - open capture file PerformanceTest500_home from home completed
2023-10-05 13:08:27.290 [main] INFO  epiplex.PerformanceUtils - save and saveAs process editor started
2023-10-05 13:10:37.298 [main] ERROR actions.ElementFinder - Text - Click in Partner Name box. not found within 130 s
2023-10-05 13:10:37.814 [main] INFO  utils.ProjectConfiguration - Report Logging Closed
2023-10-05 13:10:37.814 [main] INFO  actions.TestcaseExecutor - startExecution completed.
2023-10-05 13:10:37.814 [main] INFO  actions.TestcaseExecutor - Close all Application started...
2023-10-05 13:10:37.814 [main] INFO  core.Application - closeAllApps is started...
2023-10-05 13:11:47.153 [main] INFO  core.Application - closeAllApps is completed...
2023-10-05 13:11:47.153 [main] INFO  actions.TestcaseExecutor - Close all Application completed.
2023-10-05 14:34:23.102 [main] INFO  actions.TestcaseExecutor - createProjectSetup started...
2023-10-05 14:34:23.102 [main] INFO  utils.ProjectConfiguration - Logs Folder Already exists...!
2023-10-05 14:34:23.102 [main] INFO  utils.ProjectConfiguration - CleanFolders Started
2023-10-05 14:34:23.102 [main] INFO  utils.ProjectConfiguration - Screenshots Folder Cleaned Successfully
2023-10-05 14:34:23.117 [main] INFO  utils.ProjectConfiguration - TransformedGPS Folder Cleaned Successfully
2023-10-05 14:34:23.117 [main] INFO  utils.ProjectConfiguration - CleanFolders Completed
2023-10-05 14:34:23.117 [main] INFO  utils.ProjectConfiguration - Folders Creation Started
2023-10-05 14:34:23.117 [main] INFO  utils.ProjectConfiguration - Report Folder Already exists...!
2023-10-05 14:34:23.117 [main] INFO  utils.ProjectConfiguration - Capture Images Folder Already exists...!
2023-10-05 14:34:23.117 [main] INFO  utils.ProjectConfiguration - Screenshots Folder Already exists...!
2023-10-05 14:34:23.117 [main] INFO  utils.ProjectConfiguration - Sikuli-Images Folder Already exists...!
2023-10-05 14:34:23.117 [main] INFO  utils.ProjectConfiguration - ExcelHolder Folder Already exists...!
2023-10-05 14:34:23.117 [main] INFO  utils.ProjectConfiguration - TransformedGPS Folder Already exists...!
2023-10-05 14:34:23.117 [main] INFO  utils.ProjectConfiguration - Base-Files Folder Already exists...!
2023-10-05 14:34:23.117 [main] INFO  utils.ProjectConfiguration - config Folder Already exists...!
2023-10-05 14:34:23.117 [main] INFO  utils.ProjectConfiguration - Folders Creation Completed
2023-10-05 14:34:23.117 [main] INFO  utils.ExecutionUtils - loadSettings started
2023-10-05 14:34:24.617 [main] INFO  utils.ExecutionUtils - loadSettings completed
2023-10-05 14:34:24.617 [main] INFO  utils.ProjectConfiguration - Logs Folder Already exists...!
2023-10-05 14:34:24.617 [main] INFO  utils.ProjectConfiguration - CleanFolders Started
2023-10-05 14:34:24.617 [main] INFO  utils.ProjectConfiguration - Screenshots Folder Cleaned Successfully
2023-10-05 14:34:24.617 [main] INFO  utils.ProjectConfiguration - TransformedGPS Folder Cleaned Successfully
2023-10-05 14:34:24.617 [main] INFO  utils.ProjectConfiguration - CleanFolders Completed
2023-10-05 14:34:24.617 [main] INFO  utils.ProjectConfiguration - Folders Creation Started
2023-10-05 14:34:24.617 [main] INFO  utils.ProjectConfiguration - Report Folder Already exists...!
2023-10-05 14:34:24.617 [main] INFO  utils.ProjectConfiguration - Capture Images Folder Already exists...!
2023-10-05 14:34:24.617 [main] INFO  utils.ProjectConfiguration - Screenshots Folder Already exists...!
2023-10-05 14:34:24.617 [main] INFO  utils.ProjectConfiguration - Sikuli-Images Folder Already exists...!
2023-10-05 14:34:24.617 [main] INFO  utils.ProjectConfiguration - ExcelHolder Folder Already exists...!
2023-10-05 14:34:24.617 [main] INFO  utils.ProjectConfiguration - TransformedGPS Folder Already exists...!
2023-10-05 14:34:24.617 [main] INFO  utils.ProjectConfiguration - Base-Files Folder Already exists...!
2023-10-05 14:34:24.617 [main] INFO  utils.ProjectConfiguration - config Folder Already exists...!
2023-10-05 14:34:24.617 [main] INFO  utils.ProjectConfiguration - Folders Creation Completed
2023-10-05 14:34:24.617 [main] INFO  utils.ProjectConfiguration - Report Setup Started
2023-10-05 14:34:24.726 [main] INFO  utils.ProjectConfiguration - Report Setup Completed
2023-10-05 14:34:24.726 [main] INFO  utils.ExecutionUtils - Get execution sheets started
2023-10-05 14:34:24.758 [main] INFO  utils.ExecutionUtils - Get execution sheets completed
2023-10-05 14:34:24.805 [main] INFO  actions.TestcaseExecutor - createProjectSetup completed.
2023-10-05 14:34:24.805 [main] INFO  actions.TestcaseExecutor - loadMethods started...
2023-10-05 14:34:24.805 [main] INFO  utils.ExecutionUtils - D:\Selenium Workspace\TEST\Automation-Framework\NewTestcases\performanceTestcase500.xls Excel File check started...
2023-10-05 14:34:24.930 [main] INFO  utils.ExecutionUtils - SaveAndSaveAs Sheet Step validation started...
2023-10-05 14:34:24.976 [main] INFO  utils.ExecutionUtils - SaveAndSaveAs Sheet Step validation Ended
2023-10-05 14:34:24.976 [main] INFO  utils.ExecutionUtils - DocPerformance Sheet Step validation started...
2023-10-05 14:34:24.992 [main] INFO  utils.ExecutionUtils - DocPerformance Sheet Step validation Ended
2023-10-05 14:34:24.992 [main] INFO  utils.ExecutionUtils - D:\Selenium Workspace\TEST\Automation-Framework\NewTestcases\performanceTestcase500.xls Excel File Check ended
2023-10-05 14:34:24.992 [main] INFO  actions.TestcaseExecutor - loadMethods completed.
2023-10-05 14:34:24.992 [main] INFO  actions.TestcaseExecutor - startExecution started...
2023-10-05 14:34:25.618 [main] INFO  epiplex.PerformanceUtils - save and saveAs process editor started
2023-10-05 14:34:33.752 [main] INFO  epiplex.PerformanceUtils - process Editor file PerformanceTest500_home Save is completed
2023-10-05 14:35:14.173 [main] INFO  epiplex.PerformanceUtils - process editor file PerformanceTest500_homesave As is  completed
2023-10-05 14:35:18.011 [main] ERROR actions.ElementFinder - Epiplex500 not displyed within 2 s
2023-10-05 14:35:20.058 [main] ERROR actions.ElementFinder - Epiplex500 not displyed within 2 s
2023-10-05 14:35:22.214 [main] ERROR actions.ElementFinder - Epiplex500 not displyed within 2 s
2023-10-05 14:35:24.370 [main] ERROR actions.ElementFinder - Epiplex500 not displyed within 2 s
2023-10-05 14:35:26.745 [main] ERROR actions.ElementFinder - Epiplex500 not displyed within 2 s
2023-10-05 14:35:28.901 [main] ERROR actions.ElementFinder - Epiplex500 not displyed within 2 s
2023-10-05 14:35:31.057 [main] ERROR actions.ElementFinder - Epiplex500 not displyed within 2 s
2023-10-05 14:35:33.119 [main] ERROR actions.ElementFinder - Epiplex500 not displyed within 2 s
2023-10-05 14:35:35.182 [main] ERROR actions.ElementFinder - Epiplex500 not displyed within 2 s
2023-10-05 14:35:37.447 [main] ERROR actions.ElementFinder - Epiplex500 not displyed within 2 s
2023-10-05 14:35:39.557 [main] ERROR actions.ElementFinder - Epiplex500 not displyed within 2 s
2023-10-05 14:35:41.650 [main] ERROR actions.ElementFinder - Epiplex500 not displyed within 2 s
2023-10-05 14:35:43.666 [main] ERROR actions.ElementFinder - Epiplex500 not displyed within 2 s
2023-10-05 14:35:45.812 [main] ERROR actions.ElementFinder - Epiplex500 not displyed within 2 s
2023-10-05 14:35:47.952 [main] ERROR actions.ElementFinder - Epiplex500 not displyed within 2 s
2023-10-05 14:35:50.046 [main] ERROR actions.ElementFinder - Epiplex500 not displyed within 2 s
2023-10-05 14:35:54.947 [main] ERROR actions.ElementFinder - Epiplex500 not displyed within 2 s
2023-10-05 14:35:55.494 [main] INFO  epiplex.PerformanceUtils - process Editor closed succesfully
2023-10-05 14:35:55.494 [main] INFO  core.Application - Epiplex is closing...
2023-10-05 14:36:00.906 [main] INFO  core.Application - D:\MSI\epiplex\BIN\epiplex.exe is closed.
2023-10-05 14:36:00.906 [main] INFO  epiplex.PerformanceUtils - epiplex Application closed successfuly
2023-10-05 14:36:01.531 [main] INFO  epiplex.PerformanceUtils - PerformanceTest started on PerformanceTest500_home
2023-10-05 14:36:01.531 [main] INFO  epiplex.PerformanceUtils - Finalize capture file PerformanceTest500_home from home initializing...
2023-10-05 14:36:01.531 [main] INFO  core.Application - D:\MSI\epiplex\BIN\epiplex.exe is launching...
2023-10-05 14:36:03.749 [main] INFO  core.Application - D:\MSI\epiplex\BIN\epiplex.exe is launched
2023-10-05 14:36:20.373 [main] ERROR actions.ElementFinder - Yes not displyed within 1 s
2023-10-05 14:38:28.804 [main] ERROR actions.ElementFinder - Developer Editor - [ not displyed within 2 s
2023-10-05 14:38:31.992 [main] ERROR actions.ElementFinder - Developer Editor - [ not displyed within 2 s
2023-10-05 14:38:37.257 [main] ERROR actions.ElementFinder - Developer Editor - [ not displyed within 2 s
2023-10-05 14:38:43.663 [main] ERROR actions.ElementFinder - Developer Editor - [ not displyed within 2 s
2023-10-05 14:38:46.866 [main] ERROR actions.ElementFinder - Developer Editor - [ not displyed within 2 s
2023-10-05 14:38:51.662 [main] ERROR actions.ElementFinder - Developer Editor - [ not displyed within 2 s
2023-10-05 14:38:53.740 [main] ERROR actions.ElementFinder - Developer Editor - [ not displyed within 2 s
2023-10-05 14:38:57.396 [main] ERROR actions.ElementFinder - Developer Editor - [ not displyed within 2 s
2023-10-05 14:38:59.714 [main] ERROR actions.ElementFinder - Developer Editor - [ not displyed within 2 s
2023-10-05 14:39:37.509 [main] INFO  epiplex.PerformanceUtils - Finalize capture file PerformanceTest500_home from home completed
2023-10-05 14:39:37.509 [main] INFO  core.Application - D:\MSI\epiplex\BIN\epiSimDoc_Editor.exe is closing...
2023-10-05 14:39:37.915 [main] INFO  utils.ProjectConfiguration - Report Logging Closed
2023-10-05 14:39:37.915 [main] INFO  actions.TestcaseExecutor - startExecution completed.
2023-10-05 14:39:37.915 [main] INFO  actions.TestcaseExecutor - Close all Application started...
2023-10-05 14:39:37.915 [main] INFO  core.Application - closeAllApps is started...
2023-10-05 14:39:43.258 [main] INFO  core.Application - closeAllApps is completed...
2023-10-05 14:39:43.258 [main] INFO  actions.TestcaseExecutor - Close all Application completed.
2023-10-05 14:48:43.460 [main] INFO  actions.TestcaseExecutor - createProjectSetup started...
2023-10-05 14:48:43.460 [main] INFO  utils.ProjectConfiguration - Logs Folder Already exists...!
2023-10-05 14:48:43.460 [main] INFO  utils.ProjectConfiguration - CleanFolders Started
2023-10-05 14:48:43.476 [main] INFO  utils.ProjectConfiguration - Screenshots Folder Cleaned Successfully
2023-10-05 14:48:43.476 [main] INFO  utils.ProjectConfiguration - TransformedGPS Folder Cleaned Successfully
2023-10-05 14:48:43.476 [main] INFO  utils.ProjectConfiguration - CleanFolders Completed
2023-10-05 14:48:43.476 [main] INFO  utils.ProjectConfiguration - Folders Creation Started
2023-10-05 14:48:43.492 [main] INFO  utils.ProjectConfiguration - Report Folder Already exists...!
2023-10-05 14:48:43.492 [main] INFO  utils.ProjectConfiguration - Capture Images Folder Already exists...!
2023-10-05 14:48:43.492 [main] INFO  utils.ProjectConfiguration - Screenshots Folder Already exists...!
2023-10-05 14:48:43.492 [main] INFO  utils.ProjectConfiguration - Sikuli-Images Folder Already exists...!
2023-10-05 14:48:43.492 [main] INFO  utils.ProjectConfiguration - ExcelHolder Folder Already exists...!
2023-10-05 14:48:43.492 [main] INFO  utils.ProjectConfiguration - TransformedGPS Folder Already exists...!
2023-10-05 14:48:43.492 [main] INFO  utils.ProjectConfiguration - Base-Files Folder Already exists...!
2023-10-05 14:48:43.492 [main] INFO  utils.ProjectConfiguration - config Folder Already exists...!
2023-10-05 14:48:43.492 [main] INFO  utils.ProjectConfiguration - Folders Creation Completed
2023-10-05 14:48:43.492 [main] INFO  utils.ExecutionUtils - loadSettings started
2023-10-05 14:48:44.929 [main] INFO  utils.ExecutionUtils - loadSettings completed
2023-10-05 14:48:44.929 [main] INFO  utils.ProjectConfiguration - Logs Folder Already exists...!
2023-10-05 14:48:44.929 [main] INFO  utils.ProjectConfiguration - CleanFolders Started
2023-10-05 14:48:44.929 [main] INFO  utils.ProjectConfiguration - Screenshots Folder Cleaned Successfully
2023-10-05 14:48:44.929 [main] INFO  utils.ProjectConfiguration - TransformedGPS Folder Cleaned Successfully
2023-10-05 14:48:44.929 [main] INFO  utils.ProjectConfiguration - CleanFolders Completed
2023-10-05 14:48:44.929 [main] INFO  utils.ProjectConfiguration - Folders Creation Started
2023-10-05 14:48:44.929 [main] INFO  utils.ProjectConfiguration - Report Folder Already exists...!
2023-10-05 14:48:44.929 [main] INFO  utils.ProjectConfiguration - Capture Images Folder Already exists...!
2023-10-05 14:48:44.929 [main] INFO  utils.ProjectConfiguration - Screenshots Folder Already exists...!
2023-10-05 14:48:44.929 [main] INFO  utils.ProjectConfiguration - Sikuli-Images Folder Already exists...!
2023-10-05 14:48:44.929 [main] INFO  utils.ProjectConfiguration - ExcelHolder Folder Already exists...!
2023-10-05 14:48:44.929 [main] INFO  utils.ProjectConfiguration - TransformedGPS Folder Already exists...!
2023-10-05 14:48:44.929 [main] INFO  utils.ProjectConfiguration - Base-Files Folder Already exists...!
2023-10-05 14:48:44.929 [main] INFO  utils.ProjectConfiguration - config Folder Already exists...!
2023-10-05 14:48:44.929 [main] INFO  utils.ProjectConfiguration - Folders Creation Completed
2023-10-05 14:48:44.929 [main] INFO  utils.ProjectConfiguration - Report Setup Started
2023-10-05 14:48:45.039 [main] INFO  utils.ProjectConfiguration - Report Setup Completed
2023-10-05 14:48:45.039 [main] INFO  utils.ExecutionUtils - Get execution sheets started
2023-10-05 14:48:45.070 [main] INFO  utils.ExecutionUtils - Get execution sheets completed
2023-10-05 14:48:45.133 [main] INFO  actions.TestcaseExecutor - createProjectSetup completed.
2023-10-05 14:48:45.133 [main] INFO  actions.TestcaseExecutor - loadMethods started...
2023-10-05 14:48:45.133 [main] INFO  utils.ExecutionUtils - D:\Selenium Workspace\TEST\Automation-Framework\NewTestcases\performanceTestcase500.xls Excel File check started...
2023-10-05 14:48:45.258 [main] INFO  utils.ExecutionUtils - openCaptureFile Sheet Step validation started...
2023-10-05 14:48:45.289 [main] INFO  utils.ExecutionUtils - openCaptureFile Sheet Step validation Ended
2023-10-05 14:48:45.289 [main] INFO  utils.ExecutionUtils - SaveAndSaveAs Sheet Step validation started...
2023-10-05 14:48:45.304 [main] INFO  utils.ExecutionUtils - SaveAndSaveAs Sheet Step validation Ended
2023-10-05 14:48:45.304 [main] INFO  utils.ExecutionUtils - DocPerformance Sheet Step validation started...
2023-10-05 14:48:45.320 [main] INFO  utils.ExecutionUtils - DocPerformance Sheet Step validation Ended
2023-10-05 14:48:45.320 [main] INFO  utils.ExecutionUtils - D:\Selenium Workspace\TEST\Automation-Framework\NewTestcases\performanceTestcase500.xls Excel File Check ended
2023-10-05 14:48:45.320 [main] INFO  actions.TestcaseExecutor - loadMethods completed.
2023-10-05 14:48:45.320 [main] INFO  actions.TestcaseExecutor - startExecution started...
2023-10-05 14:48:45.634 [main] INFO  epiplex.PerformanceUtils - open capture file PerformanceTest500_home from home initializing...
2023-10-05 14:48:45.634 [main] INFO  core.Application - D:\MSI\epiplex\BIN\epiplex.exe is launching...
2023-10-05 14:48:54.559 [main] INFO  core.Application - D:\MSI\epiplex\BIN\epiplex.exe is launched
2023-10-05 14:49:08.690 [main] ERROR actions.ElementFinder - Process Editor - [ not displyed within 2 s
2023-10-05 14:49:11.549 [main] ERROR actions.ElementFinder - Process Editor - [ not displyed within 2 s
2023-10-05 14:49:17.815 [main] ERROR actions.ElementFinder - Process Editor - [ not displyed within 2 s
2023-10-05 14:49:20.002 [main] ERROR actions.ElementFinder - Process Editor - [ not displyed within 2 s
2023-10-05 14:49:22.215 [main] ERROR actions.ElementFinder - Process Editor - [ not displyed within 2 s
2023-10-05 14:49:24.315 [main] ERROR actions.ElementFinder - Process Editor - [ not displyed within 2 s
2023-10-05 14:49:26.408 [main] ERROR actions.ElementFinder - Process Editor - [ not displyed within 2 s
2023-10-05 14:49:28.533 [main] ERROR actions.ElementFinder - Process Editor - [ not displyed within 2 s
2023-10-05 14:49:30.627 [main] ERROR actions.ElementFinder - Process Editor - [ not displyed within 2 s
2023-10-05 14:49:32.752 [main] ERROR actions.ElementFinder - Process Editor - [ not displyed within 2 s
2023-10-05 14:49:34.861 [main] ERROR actions.ElementFinder - Process Editor - [ not displyed within 2 s
2023-10-05 14:49:39.451 [main] INFO  epiplex.PerformanceUtils - open capture file PerformanceTest500_home from home completed
2023-10-05 14:49:40.092 [main] INFO  epiplex.PerformanceUtils - save and saveAs process editor started
2023-10-05 14:50:02.995 [main] INFO  epiplex.PerformanceUtils - process Editor file PerformanceTest500_home Save is completed
2023-10-05 14:50:36.790 [main] INFO  epiplex.PerformanceUtils - process editor file PerformanceTest500_homesave As is  completed
2023-10-05 14:50:40.475 [main] INFO  epiplex.PerformanceUtils - process Editor closed succesfully
2023-10-05 14:50:40.475 [main] INFO  core.Application - Epiplex is closing...
2023-10-05 14:50:41.600 [main] INFO  core.Application - D:\MSI\epiplex\BIN\epiplex.exe is closed.
2023-10-05 14:50:41.600 [main] INFO  epiplex.PerformanceUtils - epiplex Application closed successfuly
2023-10-05 14:50:42.225 [main] INFO  epiplex.PerformanceUtils - PerformanceTest started on PerformanceTest500_home
2023-10-05 14:50:42.225 [main] INFO  epiplex.PerformanceUtils - Finalize capture file PerformanceTest500_home from home initializing...
2023-10-05 14:50:42.225 [main] INFO  core.Application - D:\MSI\epiplex\BIN\epiplex.exe is launching...
2023-10-05 14:50:50.740 [main] INFO  core.Application - D:\MSI\epiplex\BIN\epiplex.exe is launched
2023-10-05 14:51:02.731 [main] ERROR actions.ElementFinder - Yes not displyed within 1 s
2023-10-05 14:53:04.039 [main] ERROR actions.ElementFinder - Developer Editor - [ not displyed within 2 s
2023-10-05 14:53:07.211 [main] ERROR actions.ElementFinder - Developer Editor - [ not displyed within 2 s
2023-10-05 14:53:12.367 [main] ERROR actions.ElementFinder - Developer Editor - [ not displyed within 2 s
2023-10-05 14:53:19.444 [main] ERROR actions.ElementFinder - Developer Editor - [ not displyed within 2 s
2023-10-05 14:53:21.835 [main] ERROR actions.ElementFinder - Developer Editor - [ not displyed within 2 s
2023-10-05 14:53:27.163 [main] ERROR actions.ElementFinder - Developer Editor - [ not displyed within 2 s
2023-10-05 14:53:33.116 [main] ERROR actions.ElementFinder - Developer Editor - [ not displyed within 2 s
2023-10-05 14:54:08.676 [main] INFO  epiplex.PerformanceUtils - Finalize capture file PerformanceTest500_home from home completed
2023-10-05 14:54:08.676 [main] INFO  core.Application - D:\MSI\epiplex\BIN\epiSimDoc_Editor.exe is closing...
2023-10-05 14:54:09.035 [main] INFO  utils.ProjectConfiguration - Report Logging Closed
2023-10-05 14:54:09.035 [main] INFO  actions.TestcaseExecutor - startExecution completed.
2023-10-05 14:54:09.035 [main] INFO  actions.TestcaseExecutor - Close all Application started...
2023-10-05 14:54:09.035 [main] INFO  core.Application - closeAllApps is started...
2023-10-05 14:54:19.628 [main] INFO  core.Application - closeAllApps is completed...
2023-10-05 14:54:19.644 [main] INFO  actions.TestcaseExecutor - Close all Application completed.
