2023-09-11 10:18:57.820 [main] INFO  actions.TestcaseExecutor - createProjectSetup started...
2023-09-11 10:18:57.820 [main] INFO  utils.ProjectConfiguration - Logs Folder Already exists...!
2023-09-11 10:18:57.820 [main] INFO  utils.ProjectConfiguration - CleanFolders Started
2023-09-11 10:18:57.830 [main] INFO  utils.ProjectConfiguration - Screenshots Folder Cleaned Successfully
2023-09-11 10:18:57.830 [main] INFO  utils.ProjectConfiguration - TransformedGPS Folder Cleaned Successfully
2023-09-11 10:18:57.830 [main] INFO  utils.ProjectConfiguration - CleanFolders Completed
2023-09-11 10:18:57.830 [main] INFO  utils.ProjectConfiguration - Folders Creation Started
2023-09-11 10:18:57.830 [main] INFO  utils.ProjectConfiguration - Report Folder Already exists...!
2023-09-11 10:18:57.836 [main] INFO  utils.ProjectConfiguration - Capture Images Folder Already exists...!
2023-09-11 10:18:57.836 [main] INFO  utils.ProjectConfiguration - Screenshots Folder Already exists...!
2023-09-11 10:18:57.836 [main] INFO  utils.ProjectConfiguration - Sikuli-Images Folder Already exists...!
2023-09-11 10:18:57.836 [main] INFO  utils.ProjectConfiguration - ExcelHolder Folder Already exists...!
2023-09-11 10:18:57.836 [main] INFO  utils.ProjectConfiguration - TransformedGPS Folder Already exists...!
2023-09-11 10:18:57.836 [main] INFO  utils.ProjectConfiguration - Base-Files Folder Already exists...!
2023-09-11 10:18:57.836 [main] INFO  utils.ProjectConfiguration - config Folder Already exists...!
2023-09-11 10:18:57.836 [main] INFO  utils.ProjectConfiguration - Folders Creation Completed
2023-09-11 10:18:57.836 [main] INFO  utils.ExecutionUtils - loadSettings started
2023-09-11 10:18:59.440 [main] INFO  utils.ExecutionUtils - loadSettings completed
2023-09-11 10:18:59.440 [main] INFO  utils.ProjectConfiguration - Logs Folder Already exists...!
2023-09-11 10:18:59.440 [main] INFO  utils.ProjectConfiguration - CleanFolders Started
2023-09-11 10:18:59.440 [main] INFO  utils.ProjectConfiguration - Screenshots Folder Cleaned Successfully
2023-09-11 10:18:59.440 [main] INFO  utils.ProjectConfiguration - TransformedGPS Folder Cleaned Successfully
2023-09-11 10:18:59.440 [main] INFO  utils.ProjectConfiguration - CleanFolders Completed
2023-09-11 10:18:59.440 [main] INFO  utils.ProjectConfiguration - Folders Creation Started
2023-09-11 10:18:59.440 [main] INFO  utils.ProjectConfiguration - Report Folder Already exists...!
2023-09-11 10:18:59.440 [main] INFO  utils.ProjectConfiguration - Capture Images Folder Already exists...!
2023-09-11 10:18:59.440 [main] INFO  utils.ProjectConfiguration - Screenshots Folder Already exists...!
2023-09-11 10:18:59.440 [main] INFO  utils.ProjectConfiguration - Sikuli-Images Folder Already exists...!
2023-09-11 10:18:59.440 [main] INFO  utils.ProjectConfiguration - ExcelHolder Folder Already exists...!
2023-09-11 10:18:59.440 [main] INFO  utils.ProjectConfiguration - TransformedGPS Folder Already exists...!
2023-09-11 10:18:59.440 [main] INFO  utils.ProjectConfiguration - Base-Files Folder Already exists...!
2023-09-11 10:18:59.440 [main] INFO  utils.ProjectConfiguration - config Folder Already exists...!
2023-09-11 10:18:59.440 [main] INFO  utils.ProjectConfiguration - Folders Creation Completed
2023-09-11 10:18:59.440 [main] INFO  utils.ProjectConfiguration - Report Setup Started
2023-09-11 10:18:59.581 [main] INFO  utils.ProjectConfiguration - Report Setup Completed
2023-09-11 10:18:59.581 [main] INFO  utils.ExecutionUtils - Get execution sheets started
2023-09-11 10:18:59.612 [main] INFO  utils.ExecutionUtils - Get execution sheets completed
2023-09-11 10:18:59.675 [main] INFO  actions.TestcaseExecutor - createProjectSetup completed.
2023-09-11 10:18:59.690 [main] INFO  actions.TestcaseExecutor - loadMethods started...
2023-09-11 10:18:59.690 [main] INFO  utils.ExecutionUtils - D:\Selenium Workspace\TEST\Automation-Framework\NewTestcases\performanceTestcase500.xls Excel File check started...
2023-09-11 10:18:59.816 [main] INFO  utils.ExecutionUtils - DocPerformance Sheet Step validation started...
2023-09-11 10:18:59.847 [main] INFO  utils.ExecutionUtils - DocPerformance Sheet Step validation Ended
2023-09-11 10:18:59.847 [main] INFO  utils.ExecutionUtils - D:\Selenium Workspace\TEST\Automation-Framework\NewTestcases\performanceTestcase500.xls Excel File Check ended
2023-09-11 10:18:59.847 [main] INFO  actions.TestcaseExecutor - loadMethods completed.
2023-09-11 10:18:59.847 [main] INFO  actions.TestcaseExecutor - startExecution started...
2023-09-11 10:19:00.177 [main] INFO  epiplex.PerformanceUtils - PerformanceTest started on PerformanceTest500
2023-09-11 10:19:00.177 [main] INFO  epiplex.PerformanceUtils - Generate HTML_BRD started
2023-09-11 10:26:38.950 [main] ERROR actions.ElementFinder - Do you want to launch the generated document? not displyed within 30 s
2023-09-11 10:26:42.257 [main] INFO  epiplex.PerformanceUtils - Generate HTML_BRD completed
2023-09-11 10:26:42.257 [main] INFO  epiplex.PerformanceUtils - Generate HTML_4img started
2023-09-11 10:34:52.523 [main] ERROR actions.ElementFinder - Do you want to launch the generated document? not displyed within 30 s
2023-09-11 10:34:53.417 [main] INFO  epiplex.PerformanceUtils - Generate HTML_4img completed
2023-09-11 10:34:53.417 [main] INFO  epiplex.PerformanceUtils - Generate Word_BRD started
2023-09-11 10:42:50.897 [main] ERROR actions.ElementFinder - Do you want to launch the generated document? not displyed within 30 s
2023-09-11 10:45:30.934 [main] ERROR actions.ElementFinder - launchDocument not displyed within 160 s
2023-09-11 10:47:02.249 [main] INFO  epiplex.PerformanceUtils - Generate Word_BRD completed
2023-09-11 10:47:02.249 [main] INFO  epiplex.PerformanceUtils - Generate Word_4img started
2023-09-11 10:54:55.914 [main] ERROR actions.ElementFinder - Do you want to launch the generated document? not displyed within 30 s
2023-09-11 10:57:36.052 [main] ERROR actions.ElementFinder - launchDocument not displyed within 160 s
2023-09-11 10:59:02.710 [main] INFO  epiplex.PerformanceUtils - Generate Word_4img completed
2023-09-11 10:59:02.710 [main] INFO  epiplex.PerformanceUtils - Generate Excel_BRD started
2023-09-11 11:00:27.893 [main] ERROR actions.ElementFinder - Do you want to launch the generated document? not displyed within 30 s
2023-09-11 11:01:25.296 [main] INFO  epiplex.PerformanceUtils - Generate Excel_BRD completed
2023-09-11 11:01:25.296 [main] INFO  epiplex.PerformanceUtils - Generate Excel_Dump started
2023-09-11 11:03:34.836 [main] ERROR actions.ElementFinder - Do you want to launch the generated document? not displyed within 30 s
2023-09-11 11:03:35.725 [main] INFO  epiplex.PerformanceUtils - Generate Excel_Dump completed
2023-09-11 11:03:35.725 [main] INFO  epiplex.PerformanceUtils - Generate Simulation_MB1 started...
2023-09-11 11:06:11.450 [main] INFO  epiplex.PerformanceUtils - Generate Simulation_MB1 completed
2023-09-11 11:06:11.450 [main] INFO  epiplex.PerformanceUtils - Generate Live_cuecard started
2023-09-11 11:07:16.078 [main] INFO  epiplex.PerformanceUtils - Generate Live_cuecard completed
2023-09-11 11:07:16.082 [main] INFO  core.Application - D:\MSI\epiplex\BIN\epiSimDoc_Editor.exe is closing...
2023-09-11 11:07:16.502 [main] INFO  utils.ProjectConfiguration - Report Logging Closed
2023-09-11 11:07:16.502 [main] INFO  actions.TestcaseExecutor - startExecution completed.
2023-09-11 11:07:16.502 [main] INFO  actions.TestcaseExecutor - Close all Application started...
2023-09-11 11:07:16.502 [main] INFO  core.Application - closeAllApps is started...
2023-09-11 11:07:16.502 [main] INFO  core.Application - closeAllApps is completed...
2023-09-11 11:07:16.502 [main] INFO  actions.TestcaseExecutor - Close all Application completed.
2023-09-11 11:38:06.208 [main] INFO  actions.TestcaseExecutor - createProjectSetup started...
2023-09-11 11:38:06.215 [main] INFO  utils.ProjectConfiguration - Logs Folder Already exists...!
2023-09-11 11:38:06.215 [main] INFO  utils.ProjectConfiguration - CleanFolders Started
2023-09-11 11:38:06.224 [main] INFO  utils.ProjectConfiguration - Screenshots Folder Cleaned Successfully
2023-09-11 11:38:06.225 [main] INFO  utils.ProjectConfiguration - TransformedGPS Folder Cleaned Successfully
2023-09-11 11:38:06.225 [main] INFO  utils.ProjectConfiguration - CleanFolders Completed
2023-09-11 11:38:06.225 [main] INFO  utils.ProjectConfiguration - Folders Creation Started
2023-09-11 11:38:06.225 [main] INFO  utils.ProjectConfiguration - Report Folder Already exists...!
2023-09-11 11:38:06.225 [main] INFO  utils.ProjectConfiguration - Capture Images Folder Already exists...!
2023-09-11 11:38:06.226 [main] INFO  utils.ProjectConfiguration - Screenshots Folder Already exists...!
2023-09-11 11:38:06.226 [main] INFO  utils.ProjectConfiguration - Sikuli-Images Folder Already exists...!
2023-09-11 11:38:06.226 [main] INFO  utils.ProjectConfiguration - ExcelHolder Folder Already exists...!
2023-09-11 11:38:06.226 [main] INFO  utils.ProjectConfiguration - TransformedGPS Folder Already exists...!
2023-09-11 11:38:06.226 [main] INFO  utils.ProjectConfiguration - Base-Files Folder Already exists...!
2023-09-11 11:38:06.227 [main] INFO  utils.ProjectConfiguration - config Folder Already exists...!
2023-09-11 11:38:06.227 [main] INFO  utils.ProjectConfiguration - Folders Creation Completed
2023-09-11 11:38:06.227 [main] INFO  utils.ExecutionUtils - loadSettings started
2023-09-11 11:38:07.691 [main] INFO  utils.ExecutionUtils - loadSettings completed
2023-09-11 11:38:07.692 [main] INFO  utils.ProjectConfiguration - Logs Folder Already exists...!
2023-09-11 11:38:07.692 [main] INFO  utils.ProjectConfiguration - CleanFolders Started
2023-09-11 11:38:07.692 [main] INFO  utils.ProjectConfiguration - Screenshots Folder Cleaned Successfully
2023-09-11 11:38:07.693 [main] INFO  utils.ProjectConfiguration - TransformedGPS Folder Cleaned Successfully
2023-09-11 11:38:07.693 [main] INFO  utils.ProjectConfiguration - CleanFolders Completed
2023-09-11 11:38:07.693 [main] INFO  utils.ProjectConfiguration - Folders Creation Started
2023-09-11 11:38:07.693 [main] INFO  utils.ProjectConfiguration - Report Folder Already exists...!
2023-09-11 11:38:07.693 [main] INFO  utils.ProjectConfiguration - Capture Images Folder Already exists...!
2023-09-11 11:38:07.694 [main] INFO  utils.ProjectConfiguration - Screenshots Folder Already exists...!
2023-09-11 11:38:07.694 [main] INFO  utils.ProjectConfiguration - Sikuli-Images Folder Already exists...!
2023-09-11 11:38:07.694 [main] INFO  utils.ProjectConfiguration - ExcelHolder Folder Already exists...!
2023-09-11 11:38:07.694 [main] INFO  utils.ProjectConfiguration - TransformedGPS Folder Already exists...!
2023-09-11 11:38:07.694 [main] INFO  utils.ProjectConfiguration - Base-Files Folder Already exists...!
2023-09-11 11:38:07.694 [main] INFO  utils.ProjectConfiguration - config Folder Already exists...!
2023-09-11 11:38:07.695 [main] INFO  utils.ProjectConfiguration - Folders Creation Completed
2023-09-11 11:38:07.695 [main] INFO  utils.ProjectConfiguration - Report Setup Started
2023-09-11 11:38:07.816 [main] INFO  utils.ProjectConfiguration - Report Setup Completed
2023-09-11 11:38:07.816 [main] INFO  utils.ExecutionUtils - Get execution sheets started
2023-09-11 11:38:07.851 [main] INFO  utils.ExecutionUtils - Get execution sheets completed
2023-09-11 11:38:07.923 [main] INFO  actions.TestcaseExecutor - createProjectSetup completed.
2023-09-11 11:38:07.923 [main] INFO  actions.TestcaseExecutor - loadMethods started...
2023-09-11 11:38:07.925 [main] INFO  utils.ExecutionUtils - D:\Selenium Workspace\TEST\Automation-Framework\NewTestcases\performanceTestcase500.xls Excel File check started...
2023-09-11 11:38:08.061 [main] INFO  utils.ExecutionUtils - DocPerformance Sheet Step validation started...
2023-09-11 11:38:08.099 [main] INFO  utils.ExecutionUtils - DocPerformance Sheet Step validation Ended
2023-09-11 11:38:08.099 [main] INFO  utils.ExecutionUtils - D:\Selenium Workspace\TEST\Automation-Framework\NewTestcases\performanceTestcase500.xls Excel File Check ended
2023-09-11 11:38:08.099 [main] INFO  actions.TestcaseExecutor - loadMethods completed.
2023-09-11 11:38:08.100 [main] INFO  actions.TestcaseExecutor - startExecution started...
2023-09-11 11:38:08.426 [main] INFO  epiplex.PerformanceUtils - PerformanceTest started on PerformanceTest500
2023-09-11 11:38:08.426 [main] INFO  epiplex.PerformanceUtils - Generate HTML_BRD started
2023-09-11 11:44:40.825 [main] ERROR actions.ElementFinder - Do you want to launch the generated document? not displyed within 30 s
2023-09-11 11:44:42.189 [main] INFO  epiplex.PerformanceUtils - Generate HTML_BRD completed
2023-09-11 11:44:42.189 [main] INFO  epiplex.PerformanceUtils - Generate HTML_4img started
2023-09-11 11:52:39.996 [main] ERROR actions.ElementFinder - Do you want to launch the generated document? not displyed within 30 s
2023-09-11 11:52:40.844 [main] INFO  epiplex.PerformanceUtils - Generate HTML_4img completed
2023-09-11 11:52:40.844 [main] INFO  epiplex.PerformanceUtils - Generate Word_BRD started
2023-09-11 12:00:26.401 [main] ERROR actions.ElementFinder - Do you want to launch the generated document? not displyed within 30 s
2023-09-11 12:03:06.518 [main] ERROR actions.ElementFinder - launchDocument not displyed within 160 s
2023-09-11 12:04:31.829 [main] INFO  epiplex.PerformanceUtils - Generate Word_BRD completed
2023-09-11 12:04:31.829 [main] INFO  epiplex.PerformanceUtils - Generate Word_4img started
2023-09-11 12:12:16.895 [main] ERROR actions.ElementFinder - Do you want to launch the generated document? not displyed within 30 s
2023-09-11 12:14:56.990 [main] ERROR actions.ElementFinder - launchDocument not displyed within 160 s
2023-09-11 12:16:36.540 [main] INFO  epiplex.PerformanceUtils - Generate Word_4img completed
2023-09-11 12:16:36.540 [main] INFO  epiplex.PerformanceUtils - Generate Excel_BRD started
2023-09-11 12:19:00.706 [main] ERROR actions.ElementFinder - Do you want to launch the generated document? not displyed within 30 s
2023-09-11 12:19:01.552 [main] INFO  epiplex.PerformanceUtils - Generate Excel_BRD completed
2023-09-11 12:19:01.552 [main] INFO  epiplex.PerformanceUtils - Generate Excel_Dump started
2023-09-11 12:21:00.582 [main] ERROR actions.ElementFinder - Do you want to launch the generated document? not displyed within 30 s
2023-09-11 12:21:01.430 [main] INFO  epiplex.PerformanceUtils - Generate Excel_Dump completed
2023-09-11 12:21:01.430 [main] INFO  epiplex.PerformanceUtils - Generate Simulation_MB1 started...
2023-09-11 12:23:28.310 [main] INFO  epiplex.PerformanceUtils - Generate Simulation_MB1 completed
2023-09-11 12:23:28.310 [main] INFO  epiplex.PerformanceUtils - Generate Live_cuecard started
2023-09-11 12:24:25.459 [main] INFO  epiplex.PerformanceUtils - Generate Live_cuecard completed
2023-09-11 12:24:25.462 [main] INFO  core.Application - D:\MSI\epiplex\BIN\epiSimDoc_Editor.exe is closing...
2023-09-11 12:24:25.892 [main] INFO  utils.ProjectConfiguration - Report Logging Closed
2023-09-11 12:24:25.892 [main] INFO  actions.TestcaseExecutor - startExecution completed.
2023-09-11 12:24:25.892 [main] INFO  actions.TestcaseExecutor - Close all Application started...
2023-09-11 12:24:25.892 [main] INFO  core.Application - closeAllApps is started...
2023-09-11 12:24:25.892 [main] INFO  core.Application - closeAllApps is completed...
2023-09-11 12:24:25.892 [main] INFO  actions.TestcaseExecutor - Close all Application completed.
2023-09-11 17:32:31.938 [main] INFO  actions.TestcaseExecutor - createProjectSetup started...
2023-09-11 17:32:31.941 [main] INFO  utils.ProjectConfiguration - Logs Folder Already exists...!
2023-09-11 17:32:31.942 [main] INFO  utils.ProjectConfiguration - CleanFolders Started
2023-09-11 17:32:31.945 [main] INFO  utils.ProjectConfiguration - Screenshots Folder Cleaned Successfully
2023-09-11 17:32:31.946 [main] INFO  utils.ProjectConfiguration - TransformedGPS Folder Cleaned Successfully
2023-09-11 17:32:31.946 [main] INFO  utils.ProjectConfiguration - CleanFolders Completed
2023-09-11 17:32:31.946 [main] INFO  utils.ProjectConfiguration - Folders Creation Started
2023-09-11 17:32:31.946 [main] INFO  utils.ProjectConfiguration - Report Folder Already exists...!
2023-09-11 17:32:31.946 [main] INFO  utils.ProjectConfiguration - Capture Images Folder Already exists...!
2023-09-11 17:32:31.946 [main] INFO  utils.ProjectConfiguration - Screenshots Folder Already exists...!
2023-09-11 17:32:31.947 [main] INFO  utils.ProjectConfiguration - Sikuli-Images Folder Already exists...!
2023-09-11 17:32:31.947 [main] INFO  utils.ProjectConfiguration - ExcelHolder Folder Already exists...!
2023-09-11 17:32:31.947 [main] INFO  utils.ProjectConfiguration - TransformedGPS Folder Already exists...!
2023-09-11 17:32:31.947 [main] INFO  utils.ProjectConfiguration - Base-Files Folder Already exists...!
2023-09-11 17:32:31.947 [main] INFO  utils.ProjectConfiguration - config Folder Already exists...!
2023-09-11 17:32:31.947 [main] INFO  utils.ProjectConfiguration - Folders Creation Completed
2023-09-11 17:32:31.948 [main] INFO  utils.ExecutionUtils - loadSettings started
2023-09-11 17:32:33.454 [main] INFO  utils.ExecutionUtils - loadSettings completed
2023-09-11 17:32:33.454 [main] INFO  utils.ProjectConfiguration - Logs Folder Already exists...!
2023-09-11 17:32:33.455 [main] INFO  utils.ProjectConfiguration - CleanFolders Started
2023-09-11 17:32:33.455 [main] INFO  utils.ProjectConfiguration - Screenshots Folder Cleaned Successfully
2023-09-11 17:32:33.455 [main] INFO  utils.ProjectConfiguration - TransformedGPS Folder Cleaned Successfully
2023-09-11 17:32:33.456 [main] INFO  utils.ProjectConfiguration - CleanFolders Completed
2023-09-11 17:32:33.456 [main] INFO  utils.ProjectConfiguration - Folders Creation Started
2023-09-11 17:32:33.456 [main] INFO  utils.ProjectConfiguration - Report Folder Already exists...!
2023-09-11 17:32:33.456 [main] INFO  utils.ProjectConfiguration - Capture Images Folder Already exists...!
2023-09-11 17:32:33.456 [main] INFO  utils.ProjectConfiguration - Screenshots Folder Already exists...!
2023-09-11 17:32:33.456 [main] INFO  utils.ProjectConfiguration - Sikuli-Images Folder Already exists...!
2023-09-11 17:32:33.456 [main] INFO  utils.ProjectConfiguration - ExcelHolder Folder Already exists...!
2023-09-11 17:32:33.457 [main] INFO  utils.ProjectConfiguration - TransformedGPS Folder Already exists...!
2023-09-11 17:32:33.457 [main] INFO  utils.ProjectConfiguration - Base-Files Folder Already exists...!
2023-09-11 17:32:33.457 [main] INFO  utils.ProjectConfiguration - config Folder Already exists...!
2023-09-11 17:32:33.457 [main] INFO  utils.ProjectConfiguration - Folders Creation Completed
2023-09-11 17:32:33.457 [main] INFO  utils.ProjectConfiguration - Report Setup Started
2023-09-11 17:32:33.585 [main] INFO  utils.ProjectConfiguration - Report Setup Completed
2023-09-11 17:32:33.585 [main] INFO  utils.ExecutionUtils - Get execution sheets started
2023-09-11 17:32:33.628 [main] INFO  utils.ExecutionUtils - Get execution sheets completed
2023-09-11 17:32:33.664 [main] INFO  actions.TestcaseExecutor - createProjectSetup completed.
2023-09-11 17:32:33.664 [main] INFO  actions.TestcaseExecutor - loadMethods started...
2023-09-11 17:32:33.666 [main] INFO  utils.ExecutionUtils - D:\Selenium Workspace\TEST\Automation-Framework\NewTestcases\performanceTestcase500.xls Excel File check started...
2023-09-11 17:32:33.788 [main] INFO  utils.ExecutionUtils - DocPerformance Sheet Step validation started...
2023-09-11 17:32:33.820 [main] INFO  utils.ExecutionUtils - DocPerformance Sheet Step validation Ended
2023-09-11 17:32:33.820 [main] INFO  utils.ExecutionUtils - D:\Selenium Workspace\TEST\Automation-Framework\NewTestcases\performanceTestcase500.xls Excel File Check ended
2023-09-11 17:32:33.820 [main] INFO  actions.TestcaseExecutor - loadMethods completed.
2023-09-11 17:32:33.821 [main] INFO  actions.TestcaseExecutor - startExecution started...
2023-09-11 17:32:34.137 [main] INFO  epiplex.PerformanceUtils - PerformanceTest started on PerformanceTest500
2023-09-11 17:32:34.138 [main] INFO  epiplex.PerformanceUtils - Generate HTML_BRD started
2023-09-11 17:40:00.758 [main] ERROR actions.ElementFinder - Do you want to launch the generated document? not displyed within 30 s
2023-09-11 17:40:02.154 [main] INFO  epiplex.PerformanceUtils - Generate HTML_BRD completed
2023-09-11 17:40:02.154 [main] INFO  epiplex.PerformanceUtils - Generate HTML_4img started
2023-09-11 17:48:04.915 [main] ERROR actions.ElementFinder - Do you want to launch the generated document? not displyed within 30 s
2023-09-11 17:48:05.802 [main] INFO  epiplex.PerformanceUtils - Generate HTML_4img completed
2023-09-11 17:48:05.802 [main] INFO  epiplex.PerformanceUtils - Generate Word_BRD started
2023-09-11 17:52:28.766 [main] ERROR actions.ElementFinder - Do you want to launch the generated document? not displyed within 30 s
2023-09-11 17:55:08.872 [main] ERROR actions.ElementFinder - launchDocument not displyed within 160 s
2023-09-11 17:57:47.745 [main] INFO  epiplex.PerformanceUtils - Generate Word_BRD completed
2023-09-11 17:57:47.745 [main] INFO  epiplex.PerformanceUtils - Generate Word_4img started
2023-09-11 18:05:51.319 [main] ERROR actions.ElementFinder - Do you want to launch the generated document? not displyed within 30 s
2023-09-11 18:08:31.342 [main] ERROR actions.ElementFinder - launchDocument not displyed within 160 s
2023-09-11 18:10:04.885 [main] INFO  epiplex.PerformanceUtils - Generate Word_4img completed
2023-09-11 18:10:04.885 [main] INFO  epiplex.PerformanceUtils - Generate Excel_BRD started
2023-09-11 18:11:32.220 [main] ERROR actions.ElementFinder - Do you want to launch the generated document? not displyed within 30 s
2023-09-11 18:12:34.429 [main] INFO  epiplex.PerformanceUtils - Generate Excel_BRD completed
2023-09-11 18:12:34.429 [main] INFO  epiplex.PerformanceUtils - Generate Excel_Dump started
2023-09-11 18:14:48.475 [main] ERROR actions.ElementFinder - Do you want to launch the generated document? not displyed within 30 s
2023-09-11 18:14:49.323 [main] INFO  epiplex.PerformanceUtils - Generate Excel_Dump completed
2023-09-11 18:14:49.323 [main] INFO  epiplex.PerformanceUtils - Generate Simulation_MB1 started...
2023-09-11 18:17:22.221 [main] INFO  epiplex.PerformanceUtils - Generate Simulation_MB1 completed
2023-09-11 18:17:22.221 [main] INFO  epiplex.PerformanceUtils - Generate Live_cuecard started
2023-09-11 18:18:26.807 [main] INFO  epiplex.PerformanceUtils - Generate Live_cuecard completed
2023-09-11 18:18:26.811 [main] INFO  core.Application - D:\MSI\epiplex\BIN\epiSimDoc_Editor.exe is closing...
2023-09-11 18:18:27.222 [main] INFO  utils.ProjectConfiguration - Report Logging Closed
2023-09-11 18:18:27.222 [main] INFO  actions.TestcaseExecutor - startExecution completed.
2023-09-11 18:18:27.222 [main] INFO  actions.TestcaseExecutor - Close all Application started...
2023-09-11 18:18:27.222 [main] INFO  core.Application - closeAllApps is started...
2023-09-11 18:18:27.222 [main] INFO  core.Application - closeAllApps is completed...
2023-09-11 18:18:27.222 [main] INFO  actions.TestcaseExecutor - Close all Application completed.
