2023-12-08 14:29:21.874 [main] INFO  actions.TestcaseExecutor - createProjectSetup started...
2023-12-08 14:29:21.878 [main] INFO  utils.ProjectConfiguration - Logs Folder Already exists...!
2023-12-08 14:29:21.879 [main] INFO  utils.ProjectConfiguration - CleanFolders Started
2023-12-08 14:29:21.887 [main] INFO  utils.ProjectConfiguration - Screenshots Folder Cleaned Successfully
2023-12-08 14:29:21.933 [main] INFO  utils.ProjectConfiguration - TransformedGPS Folder Cleaned Successfully
2023-12-08 14:29:21.934 [main] INFO  utils.ProjectConfiguration - CleanFolders Completed
2023-12-08 14:29:21.934 [main] INFO  utils.ProjectConfiguration - Folders Creation Started
2023-12-08 14:29:21.934 [main] INFO  utils.ProjectConfiguration - Report Folder Already exists...!
2023-12-08 14:29:21.934 [main] INFO  utils.ProjectConfiguration - Capture Images Folder Already exists...!
2023-12-08 14:29:21.934 [main] INFO  utils.ProjectConfiguration - Screenshots Folder Already exists...!
2023-12-08 14:29:21.935 [main] INFO  utils.ProjectConfiguration - Sikuli-Images Folder Already exists...!
2023-12-08 14:29:21.935 [main] INFO  utils.ProjectConfiguration - ExcelHolder Folder Already exists...!
2023-12-08 14:29:21.935 [main] INFO  utils.ProjectConfiguration - TransformedGPS Folder Already exists...!
2023-12-08 14:29:21.940 [main] INFO  utils.ProjectConfiguration - Base-Files Folder Already exists...!
2023-12-08 14:29:21.940 [main] INFO  utils.ProjectConfiguration - config Folder Already exists...!
2023-12-08 14:29:21.941 [main] INFO  utils.ProjectConfiguration - Folders Creation Completed
2023-12-08 14:29:21.941 [main] INFO  utils.ExecutionUtils - loadSettings started
2023-12-08 14:29:23.631 [main] INFO  utils.ExecutionUtils - loadSettings completed
2023-12-08 14:29:23.631 [main] INFO  utils.ProjectConfiguration - Logs Folder Already exists...!
2023-12-08 14:29:23.632 [main] INFO  utils.ProjectConfiguration - CleanFolders Started
2023-12-08 14:29:23.632 [main] INFO  utils.ProjectConfiguration - Screenshots Folder Cleaned Successfully
2023-12-08 14:29:23.633 [main] INFO  utils.ProjectConfiguration - TransformedGPS Folder Cleaned Successfully
2023-12-08 14:29:23.633 [main] INFO  utils.ProjectConfiguration - CleanFolders Completed
2023-12-08 14:29:23.633 [main] INFO  utils.ProjectConfiguration - Folders Creation Started
2023-12-08 14:29:23.633 [main] INFO  utils.ProjectConfiguration - Report Folder Already exists...!
2023-12-08 14:29:23.634 [main] INFO  utils.ProjectConfiguration - Capture Images Folder Already exists...!
2023-12-08 14:29:23.634 [main] INFO  utils.ProjectConfiguration - Screenshots Folder Already exists...!
2023-12-08 14:29:23.634 [main] INFO  utils.ProjectConfiguration - Sikuli-Images Folder Already exists...!
2023-12-08 14:29:23.634 [main] INFO  utils.ProjectConfiguration - ExcelHolder Folder Already exists...!
2023-12-08 14:29:23.634 [main] INFO  utils.ProjectConfiguration - TransformedGPS Folder Already exists...!
2023-12-08 14:29:23.635 [main] INFO  utils.ProjectConfiguration - Base-Files Folder Already exists...!
2023-12-08 14:29:23.635 [main] INFO  utils.ProjectConfiguration - config Folder Already exists...!
2023-12-08 14:29:23.635 [main] INFO  utils.ProjectConfiguration - Folders Creation Completed
2023-12-08 14:29:23.635 [main] INFO  utils.ProjectConfiguration - Report Setup Started
2023-12-08 14:29:24.256 [main] INFO  utils.ProjectConfiguration - Report Setup Completed
2023-12-08 14:29:24.256 [main] INFO  utils.ExecutionUtils - Get execution sheets started
2023-12-08 14:29:24.300 [main] INFO  utils.ExecutionUtils - Get execution sheets completed
2023-12-08 14:29:24.367 [main] INFO  actions.TestcaseExecutor - createProjectSetup completed.
2023-12-08 14:29:24.367 [main] INFO  actions.TestcaseExecutor - loadMethods started...
2023-12-08 14:29:24.371 [main] INFO  utils.ExecutionUtils - D:\Selenium Workspace\Framework\Automation Project\Finalized\Upgrade.xls Excel File check started...
2023-12-08 14:29:24.650 [main] INFO  utils.ExecutionUtils - upgrade Sheet Step validation started...
2023-12-08 14:29:24.686 [main] INFO  utils.ExecutionUtils - upgrade Sheet Step validation Ended
2023-12-08 14:29:24.686 [main] INFO  utils.ExecutionUtils - D:\Selenium Workspace\Framework\Automation Project\Finalized\Upgrade.xls Excel File Check ended
2023-12-08 14:29:24.686 [main] INFO  actions.TestcaseExecutor - loadMethods completed.
2023-12-08 14:29:24.687 [main] INFO  actions.TestcaseExecutor - startExecution started...
2023-12-08 14:29:25.000 [main] INFO  utils.ExecutionUtils - Load backup setting xml paths started
2023-12-08 14:29:25.002 [main] INFO  utils.ExecutionUtils - Load backup settings paths completed
2023-12-08 14:29:25.316 [main] INFO  utils.ExecutionUtils - Load XML paths started..
2023-12-08 14:29:25.366 [main] INFO  utils.ExecutionUtils - Load XML paths Completed..
2023-12-08 14:29:25.679 [main] INFO  utils.XML_Library - Offline Upgrade check started...
2023-12-08 14:29:25.681 [main] INFO  utils.XML_Library - NewCapturePrefernce.xml -upgrade check started...
2023-12-08 14:29:25.682 [main] INFO  utils.XML_Library - transform Upgrde GPS started for-BaseXML-config/NewCapturePreferences.xsl
2023-12-08 14:29:25.899 [main] INFO  utils.XML_Library - transform Upgrde GPS Completed-BaseXML-config/NewCapturePreferences.xsl
2023-12-08 14:29:25.900 [main] INFO  utils.XML_Library - transform Upgrde GPS started for-CurrentXMl-config/NewCapturePreferences.xsl
2023-12-08 14:29:25.936 [main] INFO  utils.XML_Library - transform Upgrde GPS Completed-CurrentXMl-config/NewCapturePreferences.xsl
2023-12-08 14:29:25.972 [main] INFO  utils.XML_Library - NewCapturePrefernce.xml -upgrade check completed...
2023-12-08 14:29:25.973 [main] INFO  utils.XML_Library - NewCapturePreference.xml -upgrade check started...
2023-12-08 14:29:25.973 [main] INFO  utils.XML_Library - transform Upgrde GPS started for-BaseXML-config/NewCapturePreferences.xsl
2023-12-08 14:29:26.016 [main] INFO  utils.XML_Library - transform Upgrde GPS Completed-BaseXML-config/NewCapturePreferences.xsl
2023-12-08 14:29:26.016 [main] INFO  utils.XML_Library - transform Upgrde GPS started for-CurrentXMl-config/NewCapturePreferences.xsl
2023-12-08 14:29:26.041 [main] INFO  utils.XML_Library - transform Upgrde GPS Completed-CurrentXMl-config/NewCapturePreferences.xsl
2023-12-08 14:29:26.057 [main] INFO  utils.XML_Library - NewCapturePreference.xml -upgrade check completed...
2023-12-08 14:29:26.057 [main] INFO  utils.XML_Library - AutoSecurityKeys.xml -upgrade check started...
2023-12-08 14:29:26.057 [main] INFO  utils.XML_Library - transform Upgrde GPS started for-BaseXML-config/OfflineUpgrade.xsl
2023-12-08 14:29:26.081 [main] INFO  utils.XML_Library - transform Upgrde GPS Completed-BaseXML-config/OfflineUpgrade.xsl
2023-12-08 14:29:26.081 [main] INFO  utils.XML_Library - transform Upgrde GPS started for-CurrentXMl-config/OfflineUpgrade.xsl
2023-12-08 14:29:26.104 [main] INFO  utils.XML_Library - transform Upgrde GPS Completed-CurrentXMl-config/OfflineUpgrade.xsl
2023-12-08 14:29:26.113 [main] INFO  utils.XML_Library - AutoSecurityKeys.xml -upgrade check completed...
2023-12-08 14:29:26.113 [main] INFO  utils.XML_Library - ExclusionFilter.xml -upgrade check started...
2023-12-08 14:29:26.113 [main] INFO  utils.XML_Library - transform Upgrde GPS started for-BaseXML-config/OfflineUpgrade.xsl
2023-12-08 14:29:26.139 [main] INFO  utils.XML_Library - transform Upgrde GPS Completed-BaseXML-config/OfflineUpgrade.xsl
2023-12-08 14:29:26.140 [main] INFO  utils.XML_Library - transform Upgrde GPS started for-CurrentXMl-config/OfflineUpgrade.xsl
2023-12-08 14:29:26.179 [main] INFO  utils.XML_Library - transform Upgrde GPS Completed-CurrentXMl-config/OfflineUpgrade.xsl
2023-12-08 14:29:26.191 [main] INFO  utils.XML_Library - ExclusionFilter.xml -upgrade check completed...
2023-12-08 14:29:26.192 [main] INFO  utils.XML_Library - epiSimDoc.xml -upgrade check started...
2023-12-08 14:29:26.192 [main] INFO  utils.XML_Library - transform Upgrde GPS started for-BaseXML-config/epiSimDoc.xsl
2023-12-08 14:29:26.230 [main] INFO  utils.XML_Library - transform Upgrde GPS Completed-BaseXML-config/epiSimDoc.xsl
2023-12-08 14:29:26.231 [main] INFO  utils.XML_Library - transform Upgrde GPS started for-CurrentXMl-config/epiSimDoc.xsl
2023-12-08 14:29:26.271 [main] INFO  utils.XML_Library - transform Upgrde GPS Completed-CurrentXMl-config/epiSimDoc.xsl
2023-12-08 14:29:26.297 [main] INFO  utils.XML_Library - epiSimDoc.xml -upgrade check completed...
2023-12-08 14:29:26.298 [main] INFO  utils.XML_Library - epiSimDoc.xml -upgrade check started...
2023-12-08 14:29:26.298 [main] INFO  utils.XML_Library - transform Upgrde GPS started for-BaseXML-config/epiSimDoc.xsl
2023-12-08 14:29:26.318 [main] INFO  utils.XML_Library - transform Upgrde GPS Completed-BaseXML-config/epiSimDoc.xsl
2023-12-08 14:29:26.318 [main] INFO  utils.XML_Library - transform Upgrde GPS started for-CurrentXMl-config/epiSimDoc.xsl
2023-12-08 14:29:26.342 [main] INFO  utils.XML_Library - transform Upgrde GPS Completed-CurrentXMl-config/epiSimDoc.xsl
2023-12-08 14:29:26.349 [main] INFO  utils.XML_Library - epiSimDoc.xml -upgrade check completed...
2023-12-08 14:29:26.350 [main] INFO  utils.XML_Library - UserSettings.xml -upgrade check started...
2023-12-08 14:29:26.350 [main] INFO  utils.XML_Library - transform Upgrde GPS started for-BaseXML-config/CaptureUpgradeAll.xsl
2023-12-08 14:29:26.374 [main] INFO  utils.XML_Library - transform Upgrde GPS Completed-BaseXML-config/CaptureUpgradeAll.xsl
2023-12-08 14:29:26.374 [main] INFO  utils.XML_Library - transform Upgrde GPS started for-CurrentXMl-config/CaptureUpgradeAll.xsl
2023-12-08 14:29:26.399 [main] INFO  utils.XML_Library - transform Upgrde GPS Completed-CurrentXMl-config/CaptureUpgradeAll.xsl
2023-12-08 14:29:26.409 [main] INFO  utils.XML_Library - UserSettings.xml -upgrade check completed...
2023-12-08 14:29:26.409 [main] INFO  utils.XML_Library - STTSettings -upgrade check started...
2023-12-08 14:29:26.409 [main] INFO  utils.XML_Library - transform Upgrde GPS started for-BaseXML-config/OfflineUpgrade.xsl
2023-12-08 14:29:26.427 [main] INFO  utils.XML_Library - transform Upgrde GPS Completed-BaseXML-config/OfflineUpgrade.xsl
2023-12-08 14:29:26.427 [main] INFO  utils.XML_Library - transform Upgrde GPS started for-CurrentXMl-config/OfflineUpgrade.xsl
2023-12-08 14:29:26.446 [main] INFO  utils.XML_Library - transform Upgrde GPS Completed-CurrentXMl-config/OfflineUpgrade.xsl
2023-12-08 14:29:26.457 [main] INFO  utils.XML_Library - STTSettings -upgrade check completed...
2023-12-08 14:29:26.458 [main] INFO  utils.XML_Library - Offline Upgrade check completed...
2023-12-08 14:29:26.761 [main] INFO  utils.XML_Library - Capture Upgrade check started....
2023-12-08 14:29:26.762 [main] INFO  utils.XML_Library - CaptureSetting.xml -upgrade check started...
2023-12-08 14:29:26.762 [main] INFO  utils.XML_Library - transform Upgrde GPS started for-BaseXML-config/CaptureSettings.xsl
2023-12-08 14:29:26.776 [main] INFO  utils.XML_Library - transform Upgrde GPS Completed-BaseXML-config/CaptureSettings.xsl
2023-12-08 14:29:26.777 [main] INFO  utils.XML_Library - transform Upgrde GPS started for-CurrentXMl-config/CaptureSettings.xsl
2023-12-08 14:29:26.790 [main] INFO  utils.XML_Library - transform Upgrde GPS Completed-CurrentXMl-config/CaptureSettings.xsl
2023-12-08 14:29:26.804 [main] INFO  utils.XML_Library - CaptureSetting.xml -upgrade check completed...
2023-12-08 14:29:26.804 [main] INFO  utils.XML_Library - DialogRules.xml -upgrade check started...
2023-12-08 14:29:26.804 [main] INFO  utils.XML_Library - transform Upgrde GPS started for-BaseXML-config/CaptureUpgradeAll.xsl
2023-12-08 14:29:26.820 [main] INFO  utils.XML_Library - transform Upgrde GPS Completed-BaseXML-config/CaptureUpgradeAll.xsl
2023-12-08 14:29:26.820 [main] INFO  utils.XML_Library - transform Upgrde GPS started for-CurrentXMl-config/CaptureUpgradeAll.xsl
2023-12-08 14:29:26.837 [main] INFO  utils.XML_Library - transform Upgrde GPS Completed-CurrentXMl-config/CaptureUpgradeAll.xsl
2023-12-08 14:29:26.845 [main] INFO  utils.XML_Library - DialogRules.xml -upgrade check completed...
2023-12-08 14:29:26.845 [main] INFO  utils.XML_Library - AdaptorInfo.xml -upgrade check started...
2023-12-08 14:29:26.845 [main] INFO  utils.XML_Library - transform Upgrde GPS started for-BaseXML-config/CaptureUpgradeAll.xsl
2023-12-08 14:29:26.864 [main] INFO  utils.XML_Library - transform Upgrde GPS Completed-BaseXML-config/CaptureUpgradeAll.xsl
2023-12-08 14:29:26.864 [main] INFO  utils.XML_Library - transform Upgrde GPS started for-CurrentXMl-config/CaptureUpgradeAll.xsl
2023-12-08 14:29:26.883 [main] INFO  utils.XML_Library - transform Upgrde GPS Completed-CurrentXMl-config/CaptureUpgradeAll.xsl
2023-12-08 14:29:26.893 [main] INFO  utils.XML_Library - AdaptorInfo.xml -upgrade check completed...
2023-12-08 14:29:26.893 [main] INFO  utils.XML_Library - ClawAdaptor.xml -upgrade check started...
2023-12-08 14:29:26.893 [main] INFO  utils.XML_Library - transform Upgrde GPS started for-BaseXML-config/CaptureUpgradeAll.xsl
2023-12-08 14:29:26.911 [main] INFO  utils.XML_Library - transform Upgrde GPS Completed-BaseXML-config/CaptureUpgradeAll.xsl
2023-12-08 14:29:26.912 [main] INFO  utils.XML_Library - transform Upgrde GPS started for-CurrentXMl-config/CaptureUpgradeAll.xsl
2023-12-08 14:29:26.929 [main] INFO  utils.XML_Library - transform Upgrde GPS Completed-CurrentXMl-config/CaptureUpgradeAll.xsl
2023-12-08 14:29:26.936 [main] INFO  utils.XML_Library - ClawAdaptor.xml -upgrade check completed...
2023-12-08 14:29:26.936 [main] INFO  utils.XML_Library - ImageSettings.xml -upgrade check started...
2023-12-08 14:29:26.936 [main] INFO  utils.XML_Library - transform Upgrde GPS started for-BaseXML-config/CaptureUpgradeAll.xsl
2023-12-08 14:29:26.950 [main] INFO  utils.XML_Library - transform Upgrde GPS Completed-BaseXML-config/CaptureUpgradeAll.xsl
2023-12-08 14:29:26.950 [main] INFO  utils.XML_Library - transform Upgrde GPS started for-CurrentXMl-config/CaptureUpgradeAll.xsl
2023-12-08 14:29:26.969 [main] INFO  utils.XML_Library - transform Upgrde GPS Completed-CurrentXMl-config/CaptureUpgradeAll.xsl
2023-12-08 14:29:26.978 [main] INFO  utils.XML_Library - ImageSettings.xml -upgrade check completed...
2023-12-08 14:29:26.979 [main] INFO  utils.XML_Library - KeyClubbing.xml -upgrade check started...
2023-12-08 14:29:26.979 [main] INFO  utils.XML_Library - transform Upgrde GPS started for-BaseXML-config/CaptureUpgradeAll.xsl
2023-12-08 14:29:26.997 [main] INFO  utils.XML_Library - transform Upgrde GPS Completed-BaseXML-config/CaptureUpgradeAll.xsl
2023-12-08 14:29:26.997 [main] INFO  utils.XML_Library - transform Upgrde GPS started for-CurrentXMl-config/CaptureUpgradeAll.xsl
2023-12-08 14:29:27.013 [main] INFO  utils.XML_Library - transform Upgrde GPS Completed-CurrentXMl-config/CaptureUpgradeAll.xsl
2023-12-08 14:29:27.022 [main] INFO  utils.XML_Library - KeyClubbing.xml -upgrade check completed...
2023-12-08 14:29:27.022 [main] INFO  utils.XML_Library - IEAdaptor.xml -upgrade check started...
2023-12-08 14:29:27.022 [main] INFO  utils.XML_Library - transform Upgrde GPS started for-BaseXML-config/IEAdopter.xsl
2023-12-08 14:29:27.061 [main] INFO  utils.XML_Library - transform Upgrde GPS Completed-BaseXML-config/IEAdopter.xsl
2023-12-08 14:29:27.061 [main] INFO  utils.XML_Library - transform Upgrde GPS started for-CurrentXMl-config/IEAdopter.xsl
2023-12-08 14:29:27.094 [main] INFO  utils.XML_Library - transform Upgrde GPS Completed-CurrentXMl-config/IEAdopter.xsl
2023-12-08 14:29:27.109 [main] INFO  utils.XML_Library - IEAdaptor.xml -upgrade check completed...
2023-12-08 14:29:27.109 [main] INFO  utils.XML_Library - Capture upgrade check completed...
2023-12-08 14:29:27.755 [main] INFO  utils.ProjectConfiguration - Report Logging Closed
2023-12-08 14:29:27.757 [main] INFO  actions.TestcaseExecutor - startExecution completed.
2023-12-08 14:29:27.757 [main] INFO  actions.TestcaseExecutor - Close all Application started...
2023-12-08 14:29:27.757 [main] INFO  utils.ProjectConfiguration - Rename report File started
2023-12-08 14:29:27.761 [main] INFO  utils.ProjectConfiguration - Rename report File Completed
2023-12-08 14:29:27.762 [main] INFO  core.Application - closeAllApps is started...
2023-12-08 14:29:27.762 [main] INFO  core.Application - closeAllApps is completed...
2023-12-08 14:29:27.762 [main] INFO  actions.TestcaseExecutor - Close all Application completed.
2023-12-08 14:30:53.170 [main] INFO  actions.TestcaseExecutor - createProjectSetup started...
2023-12-08 14:30:53.172 [main] INFO  utils.ProjectConfiguration - Logs Folder Already exists...!
2023-12-08 14:30:53.172 [main] INFO  utils.ProjectConfiguration - CleanFolders Started
2023-12-08 14:30:53.175 [main] INFO  utils.ProjectConfiguration - Screenshots Folder Cleaned Successfully
2023-12-08 14:30:53.224 [main] INFO  utils.ProjectConfiguration - TransformedGPS Folder Cleaned Successfully
2023-12-08 14:30:53.225 [main] INFO  utils.ProjectConfiguration - CleanFolders Completed
2023-12-08 14:30:53.225 [main] INFO  utils.ProjectConfiguration - Folders Creation Started
2023-12-08 14:30:53.225 [main] INFO  utils.ProjectConfiguration - Report Folder Already exists...!
2023-12-08 14:30:53.225 [main] INFO  utils.ProjectConfiguration - Capture Images Folder Already exists...!
2023-12-08 14:30:53.225 [main] INFO  utils.ProjectConfiguration - Screenshots Folder Already exists...!
2023-12-08 14:30:53.225 [main] INFO  utils.ProjectConfiguration - Sikuli-Images Folder Already exists...!
2023-12-08 14:30:53.226 [main] INFO  utils.ProjectConfiguration - ExcelHolder Folder Already exists...!
2023-12-08 14:30:53.226 [main] INFO  utils.ProjectConfiguration - TransformedGPS Folder Already exists...!
2023-12-08 14:30:53.226 [main] INFO  utils.ProjectConfiguration - Base-Files Folder Already exists...!
2023-12-08 14:30:53.231 [main] INFO  utils.ProjectConfiguration - config Folder Already exists...!
2023-12-08 14:30:53.231 [main] INFO  utils.ProjectConfiguration - Folders Creation Completed
2023-12-08 14:30:53.232 [main] INFO  utils.ExecutionUtils - loadSettings started
2023-12-08 14:30:54.739 [main] INFO  utils.ExecutionUtils - loadSettings completed
2023-12-08 14:30:54.739 [main] INFO  utils.ProjectConfiguration - Logs Folder Already exists...!
2023-12-08 14:30:54.739 [main] INFO  utils.ProjectConfiguration - CleanFolders Started
2023-12-08 14:30:54.740 [main] INFO  utils.ProjectConfiguration - Screenshots Folder Cleaned Successfully
2023-12-08 14:30:54.740 [main] INFO  utils.ProjectConfiguration - TransformedGPS Folder Cleaned Successfully
2023-12-08 14:30:54.740 [main] INFO  utils.ProjectConfiguration - CleanFolders Completed
2023-12-08 14:30:54.740 [main] INFO  utils.ProjectConfiguration - Folders Creation Started
2023-12-08 14:30:54.740 [main] INFO  utils.ProjectConfiguration - Report Folder Already exists...!
2023-12-08 14:30:54.741 [main] INFO  utils.ProjectConfiguration - Capture Images Folder Already exists...!
2023-12-08 14:30:54.741 [main] INFO  utils.ProjectConfiguration - Screenshots Folder Already exists...!
2023-12-08 14:30:54.741 [main] INFO  utils.ProjectConfiguration - Sikuli-Images Folder Already exists...!
2023-12-08 14:30:54.741 [main] INFO  utils.ProjectConfiguration - ExcelHolder Folder Already exists...!
2023-12-08 14:30:54.741 [main] INFO  utils.ProjectConfiguration - TransformedGPS Folder Already exists...!
2023-12-08 14:30:54.741 [main] INFO  utils.ProjectConfiguration - Base-Files Folder Already exists...!
2023-12-08 14:30:54.741 [main] INFO  utils.ProjectConfiguration - config Folder Already exists...!
2023-12-08 14:30:54.742 [main] INFO  utils.ProjectConfiguration - Folders Creation Completed
2023-12-08 14:30:54.742 [main] INFO  utils.ProjectConfiguration - Report Setup Started
2023-12-08 14:30:54.898 [main] INFO  utils.ProjectConfiguration - Report Setup Completed
2023-12-08 14:30:54.898 [main] INFO  utils.ExecutionUtils - Get execution sheets started
2023-12-08 14:30:54.954 [main] INFO  utils.ExecutionUtils - Get execution sheets completed
2023-12-08 14:30:55.012 [main] INFO  actions.TestcaseExecutor - createProjectSetup completed.
2023-12-08 14:30:55.012 [main] INFO  actions.TestcaseExecutor - loadMethods started...
2023-12-08 14:30:55.016 [main] INFO  utils.ExecutionUtils - D:\Selenium Workspace\Framework\Automation Project\Finalized\Upgrade.xls Excel File check started...
2023-12-08 14:30:55.134 [main] INFO  utils.ExecutionUtils - upgrade Sheet Step validation started...
2023-12-08 14:30:55.172 [main] INFO  utils.ExecutionUtils - upgrade Sheet Step validation Ended
2023-12-08 14:30:55.172 [main] INFO  utils.ExecutionUtils - D:\Selenium Workspace\Framework\Automation Project\Finalized\Upgrade.xls Excel File Check ended
2023-12-08 14:30:55.173 [main] INFO  actions.TestcaseExecutor - loadMethods completed.
2023-12-08 14:30:55.173 [main] INFO  actions.TestcaseExecutor - startExecution started...
2023-12-08 14:30:55.484 [main] INFO  utils.ExecutionUtils - Load backup setting xml paths started
2023-12-08 14:30:55.485 [main] INFO  utils.ExecutionUtils - Load backup settings paths completed
2023-12-08 14:30:55.799 [main] INFO  utils.ExecutionUtils - Load XML paths started..
2023-12-08 14:30:55.843 [main] INFO  utils.ExecutionUtils - Load XML paths Completed..
2023-12-08 14:30:56.148 [main] INFO  utils.XML_Library - Offline Upgrade check started...
2023-12-08 14:30:56.148 [main] INFO  utils.XML_Library - NewCapturePrefernce.xml -upgrade check started...
2023-12-08 14:30:56.148 [main] INFO  utils.XML_Library - transform Upgrde GPS started for-BaseXML-config/NewCapturePreferences.xsl
2023-12-08 14:30:56.367 [main] INFO  utils.XML_Library - transform Upgrde GPS Completed-BaseXML-config/NewCapturePreferences.xsl
2023-12-08 14:30:56.367 [main] INFO  utils.XML_Library - transform Upgrde GPS started for-CurrentXMl-config/NewCapturePreferences.xsl
2023-12-08 14:30:56.405 [main] INFO  utils.XML_Library - transform Upgrde GPS Completed-CurrentXMl-config/NewCapturePreferences.xsl
2023-12-08 14:30:56.430 [main] INFO  utils.XML_Library - NewCapturePrefernce.xml -upgrade check completed...
2023-12-08 14:30:56.431 [main] INFO  utils.XML_Library - NewCapturePreference.xml -upgrade check started...
2023-12-08 14:30:56.431 [main] INFO  utils.XML_Library - transform Upgrde GPS started for-BaseXML-config/NewCapturePreferences.xsl
2023-12-08 14:30:56.463 [main] INFO  utils.XML_Library - transform Upgrde GPS Completed-BaseXML-config/NewCapturePreferences.xsl
2023-12-08 14:30:56.463 [main] INFO  utils.XML_Library - transform Upgrde GPS started for-CurrentXMl-config/NewCapturePreferences.xsl
2023-12-08 14:30:56.495 [main] INFO  utils.XML_Library - transform Upgrde GPS Completed-CurrentXMl-config/NewCapturePreferences.xsl
2023-12-08 14:30:56.508 [main] INFO  utils.XML_Library - NewCapturePreference.xml -upgrade check completed...
2023-12-08 14:30:56.508 [main] INFO  utils.XML_Library - AutoSecurityKeys.xml -upgrade check started...
2023-12-08 14:30:56.508 [main] INFO  utils.XML_Library - transform Upgrde GPS started for-BaseXML-config/OfflineUpgrade.xsl
2023-12-08 14:30:56.530 [main] INFO  utils.XML_Library - transform Upgrde GPS Completed-BaseXML-config/OfflineUpgrade.xsl
2023-12-08 14:30:56.531 [main] INFO  utils.XML_Library - transform Upgrde GPS started for-CurrentXMl-config/OfflineUpgrade.xsl
2023-12-08 14:30:56.555 [main] INFO  utils.XML_Library - transform Upgrde GPS Completed-CurrentXMl-config/OfflineUpgrade.xsl
2023-12-08 14:30:56.566 [main] INFO  utils.XML_Library - AutoSecurityKeys.xml -upgrade check completed...
2023-12-08 14:30:56.566 [main] INFO  utils.XML_Library - ExclusionFilter.xml -upgrade check started...
2023-12-08 14:30:56.566 [main] INFO  utils.XML_Library - transform Upgrde GPS started for-BaseXML-config/OfflineUpgrade.xsl
2023-12-08 14:30:56.588 [main] INFO  utils.XML_Library - transform Upgrde GPS Completed-BaseXML-config/OfflineUpgrade.xsl
2023-12-08 14:30:56.590 [main] INFO  utils.XML_Library - transform Upgrde GPS started for-CurrentXMl-config/OfflineUpgrade.xsl
2023-12-08 14:30:56.628 [main] INFO  utils.XML_Library - transform Upgrde GPS Completed-CurrentXMl-config/OfflineUpgrade.xsl
2023-12-08 14:30:56.640 [main] INFO  utils.XML_Library - ExclusionFilter.xml -upgrade check completed...
2023-12-08 14:30:56.640 [main] INFO  utils.XML_Library - epiSimDoc.xml -upgrade check started...
2023-12-08 14:30:56.640 [main] INFO  utils.XML_Library - transform Upgrde GPS started for-BaseXML-config/epiSimDoc.xsl
2023-12-08 14:30:56.690 [main] INFO  utils.XML_Library - transform Upgrde GPS Completed-BaseXML-config/epiSimDoc.xsl
2023-12-08 14:30:56.690 [main] INFO  utils.XML_Library - transform Upgrde GPS started for-CurrentXMl-config/epiSimDoc.xsl
2023-12-08 14:30:56.728 [main] INFO  utils.XML_Library - transform Upgrde GPS Completed-CurrentXMl-config/epiSimDoc.xsl
2023-12-08 14:30:56.755 [main] INFO  utils.XML_Library - epiSimDoc.xml -upgrade check completed...
2023-12-08 14:30:56.756 [main] INFO  utils.XML_Library - epiSimDoc.xml -upgrade check started...
2023-12-08 14:30:56.756 [main] INFO  utils.XML_Library - transform Upgrde GPS started for-BaseXML-config/epiSimDoc.xsl
2023-12-08 14:30:56.790 [main] INFO  utils.XML_Library - transform Upgrde GPS Completed-BaseXML-config/epiSimDoc.xsl
2023-12-08 14:30:56.791 [main] INFO  utils.XML_Library - transform Upgrde GPS started for-CurrentXMl-config/epiSimDoc.xsl
2023-12-08 14:30:56.819 [main] INFO  utils.XML_Library - transform Upgrde GPS Completed-CurrentXMl-config/epiSimDoc.xsl
2023-12-08 14:30:56.827 [main] INFO  utils.XML_Library - epiSimDoc.xml -upgrade check completed...
2023-12-08 14:30:56.827 [main] INFO  utils.XML_Library - UserSettings.xml -upgrade check started...
2023-12-08 14:30:56.827 [main] INFO  utils.XML_Library - transform Upgrde GPS started for-BaseXML-config/CaptureUpgradeAll.xsl
2023-12-08 14:30:56.845 [main] INFO  utils.XML_Library - transform Upgrde GPS Completed-BaseXML-config/CaptureUpgradeAll.xsl
2023-12-08 14:30:56.845 [main] INFO  utils.XML_Library - transform Upgrde GPS started for-CurrentXMl-config/CaptureUpgradeAll.xsl
2023-12-08 14:30:56.859 [main] INFO  utils.XML_Library - transform Upgrde GPS Completed-CurrentXMl-config/CaptureUpgradeAll.xsl
2023-12-08 14:30:56.869 [main] INFO  utils.XML_Library - UserSettings.xml -upgrade check completed...
2023-12-08 14:30:56.870 [main] INFO  utils.XML_Library - STTSettings -upgrade check started...
2023-12-08 14:30:56.870 [main] INFO  utils.XML_Library - transform Upgrde GPS started for-BaseXML-config/OfflineUpgrade.xsl
2023-12-08 14:30:56.883 [main] INFO  utils.XML_Library - transform Upgrde GPS Completed-BaseXML-config/OfflineUpgrade.xsl
2023-12-08 14:30:56.883 [main] INFO  utils.XML_Library - transform Upgrde GPS started for-CurrentXMl-config/OfflineUpgrade.xsl
2023-12-08 14:30:56.899 [main] INFO  utils.XML_Library - transform Upgrde GPS Completed-CurrentXMl-config/OfflineUpgrade.xsl
2023-12-08 14:30:56.908 [main] INFO  utils.XML_Library - STTSettings -upgrade check completed...
2023-12-08 14:30:56.908 [main] INFO  utils.XML_Library - Offline Upgrade check completed...
2023-12-08 14:30:57.222 [main] INFO  utils.XML_Library - Capture Upgrade check started....
2023-12-08 14:30:57.222 [main] INFO  utils.XML_Library - CaptureSetting.xml -upgrade check started...
2023-12-08 14:30:57.223 [main] INFO  utils.XML_Library - transform Upgrde GPS started for-BaseXML-config/CaptureSettings.xsl
2023-12-08 14:30:57.233 [main] INFO  utils.XML_Library - transform Upgrde GPS Completed-BaseXML-config/CaptureSettings.xsl
2023-12-08 14:30:57.233 [main] INFO  utils.XML_Library - transform Upgrde GPS started for-CurrentXMl-config/CaptureSettings.xsl
2023-12-08 14:30:57.245 [main] INFO  utils.XML_Library - transform Upgrde GPS Completed-CurrentXMl-config/CaptureSettings.xsl
2023-12-08 14:30:57.255 [main] INFO  utils.XML_Library - CaptureSetting.xml -upgrade check completed...
2023-12-08 14:30:57.255 [main] INFO  utils.XML_Library - DialogRules.xml -upgrade check started...
2023-12-08 14:30:57.255 [main] INFO  utils.XML_Library - transform Upgrde GPS started for-BaseXML-config/CaptureUpgradeAll.xsl
2023-12-08 14:30:57.267 [main] INFO  utils.XML_Library - transform Upgrde GPS Completed-BaseXML-config/CaptureUpgradeAll.xsl
2023-12-08 14:30:57.267 [main] INFO  utils.XML_Library - transform Upgrde GPS started for-CurrentXMl-config/CaptureUpgradeAll.xsl
2023-12-08 14:30:57.280 [main] INFO  utils.XML_Library - transform Upgrde GPS Completed-CurrentXMl-config/CaptureUpgradeAll.xsl
2023-12-08 14:30:57.289 [main] INFO  utils.XML_Library - DialogRules.xml -upgrade check completed...
2023-12-08 14:30:57.289 [main] INFO  utils.XML_Library - AdaptorInfo.xml -upgrade check started...
2023-12-08 14:30:57.290 [main] INFO  utils.XML_Library - transform Upgrde GPS started for-BaseXML-config/CaptureUpgradeAll.xsl
2023-12-08 14:30:57.310 [main] INFO  utils.XML_Library - transform Upgrde GPS Completed-BaseXML-config/CaptureUpgradeAll.xsl
2023-12-08 14:30:57.310 [main] INFO  utils.XML_Library - transform Upgrde GPS started for-CurrentXMl-config/CaptureUpgradeAll.xsl
2023-12-08 14:30:57.326 [main] INFO  utils.XML_Library - transform Upgrde GPS Completed-CurrentXMl-config/CaptureUpgradeAll.xsl
2023-12-08 14:30:57.336 [main] INFO  utils.XML_Library - AdaptorInfo.xml -upgrade check completed...
2023-12-08 14:30:57.337 [main] INFO  utils.XML_Library - ClawAdaptor.xml -upgrade check started...
2023-12-08 14:30:57.337 [main] INFO  utils.XML_Library - transform Upgrde GPS started for-BaseXML-config/CaptureUpgradeAll.xsl
2023-12-08 14:30:57.352 [main] INFO  utils.XML_Library - transform Upgrde GPS Completed-BaseXML-config/CaptureUpgradeAll.xsl
2023-12-08 14:30:57.352 [main] INFO  utils.XML_Library - transform Upgrde GPS started for-CurrentXMl-config/CaptureUpgradeAll.xsl
2023-12-08 14:30:57.365 [main] INFO  utils.XML_Library - transform Upgrde GPS Completed-CurrentXMl-config/CaptureUpgradeAll.xsl
2023-12-08 14:30:57.374 [main] INFO  utils.XML_Library - ClawAdaptor.xml -upgrade check completed...
2023-12-08 14:30:57.374 [main] INFO  utils.XML_Library - ImageSettings.xml -upgrade check started...
2023-12-08 14:30:57.374 [main] INFO  utils.XML_Library - transform Upgrde GPS started for-BaseXML-config/CaptureUpgradeAll.xsl
2023-12-08 14:30:57.391 [main] INFO  utils.XML_Library - transform Upgrde GPS Completed-BaseXML-config/CaptureUpgradeAll.xsl
2023-12-08 14:30:57.391 [main] INFO  utils.XML_Library - transform Upgrde GPS started for-CurrentXMl-config/CaptureUpgradeAll.xsl
2023-12-08 14:30:57.415 [main] INFO  utils.XML_Library - transform Upgrde GPS Completed-CurrentXMl-config/CaptureUpgradeAll.xsl
2023-12-08 14:30:57.424 [main] INFO  utils.XML_Library - ImageSettings.xml -upgrade check completed...
2023-12-08 14:30:57.424 [main] INFO  utils.XML_Library - KeyClubbing.xml -upgrade check started...
2023-12-08 14:30:57.424 [main] INFO  utils.XML_Library - transform Upgrde GPS started for-BaseXML-config/CaptureUpgradeAll.xsl
2023-12-08 14:30:57.440 [main] INFO  utils.XML_Library - transform Upgrde GPS Completed-BaseXML-config/CaptureUpgradeAll.xsl
2023-12-08 14:30:57.440 [main] INFO  utils.XML_Library - transform Upgrde GPS started for-CurrentXMl-config/CaptureUpgradeAll.xsl
2023-12-08 14:30:57.451 [main] INFO  utils.XML_Library - transform Upgrde GPS Completed-CurrentXMl-config/CaptureUpgradeAll.xsl
2023-12-08 14:30:57.459 [main] INFO  utils.XML_Library - KeyClubbing.xml -upgrade check completed...
2023-12-08 14:30:57.459 [main] INFO  utils.XML_Library - IEAdaptor.xml -upgrade check started...
2023-12-08 14:30:57.459 [main] INFO  utils.XML_Library - transform Upgrde GPS started for-BaseXML-config/IEAdopter.xsl
2023-12-08 14:30:57.484 [main] INFO  utils.XML_Library - transform Upgrde GPS Completed-BaseXML-config/IEAdopter.xsl
2023-12-08 14:30:57.484 [main] INFO  utils.XML_Library - transform Upgrde GPS started for-CurrentXMl-config/IEAdopter.xsl
2023-12-08 14:30:57.502 [main] INFO  utils.XML_Library - transform Upgrde GPS Completed-CurrentXMl-config/IEAdopter.xsl
2023-12-08 14:30:57.513 [main] INFO  utils.XML_Library - IEAdaptor.xml -upgrade check completed...
2023-12-08 14:30:57.513 [main] INFO  utils.XML_Library - Capture upgrade check completed...
2023-12-08 14:30:58.952 [main] INFO  utils.ProjectConfiguration - Report Logging Closed
2023-12-08 14:30:58.953 [main] INFO  actions.TestcaseExecutor - startExecution completed.
2023-12-08 14:30:58.953 [main] INFO  actions.TestcaseExecutor - Close all Application started...
2023-12-08 14:30:58.953 [main] INFO  utils.ProjectConfiguration - Rename report File started
2023-12-08 14:30:58.955 [main] INFO  utils.ProjectConfiguration - Rename report File Completed
2023-12-08 14:30:58.955 [main] INFO  core.Application - closeAllApps is started...
2023-12-08 14:30:58.956 [main] INFO  core.Application - closeAllApps is completed...
2023-12-08 14:30:58.956 [main] INFO  actions.TestcaseExecutor - Close all Application completed.
2023-12-08 16:37:02.286 [main] INFO  actions.TestcaseExecutor - createProjectSetup started...
2023-12-08 16:37:02.288 [main] INFO  utils.ProjectConfiguration - Logs Folder Already exists...!
2023-12-08 16:37:02.289 [main] INFO  utils.ProjectConfiguration - CleanFolders Started
2023-12-08 16:37:02.292 [main] INFO  utils.ProjectConfiguration - Screenshots Folder Cleaned Successfully
2023-12-08 16:37:02.328 [main] INFO  utils.ProjectConfiguration - TransformedGPS Folder Cleaned Successfully
2023-12-08 16:37:02.328 [main] INFO  utils.ProjectConfiguration - CleanFolders Completed
2023-12-08 16:37:02.328 [main] INFO  utils.ProjectConfiguration - Folders Creation Started
2023-12-08 16:37:02.328 [main] INFO  utils.ProjectConfiguration - Report Folder Already exists...!
2023-12-08 16:37:02.328 [main] INFO  utils.ProjectConfiguration - Capture Images Folder Already exists...!
2023-12-08 16:37:02.328 [main] INFO  utils.ProjectConfiguration - Screenshots Folder Already exists...!
2023-12-08 16:37:02.328 [main] INFO  utils.ProjectConfiguration - Sikuli-Images Folder Already exists...!
2023-12-08 16:37:02.329 [main] INFO  utils.ProjectConfiguration - ExcelHolder Folder Already exists...!
2023-12-08 16:37:02.329 [main] INFO  utils.ProjectConfiguration - TransformedGPS Folder Already exists...!
2023-12-08 16:37:02.329 [main] INFO  utils.ProjectConfiguration - Base-Files Folder Already exists...!
2023-12-08 16:37:02.329 [main] INFO  utils.ProjectConfiguration - config Folder Already exists...!
2023-12-08 16:37:02.329 [main] INFO  utils.ProjectConfiguration - Folders Creation Completed
2023-12-08 16:37:02.329 [main] INFO  utils.ExecutionUtils - loadSettings started
2023-12-08 16:37:03.745 [main] INFO  utils.ExecutionUtils - loadSettings completed
2023-12-08 16:37:03.746 [main] INFO  utils.ProjectConfiguration - Logs Folder Already exists...!
2023-12-08 16:37:03.746 [main] INFO  utils.ProjectConfiguration - CleanFolders Started
2023-12-08 16:37:03.746 [main] INFO  utils.ProjectConfiguration - Screenshots Folder Cleaned Successfully
2023-12-08 16:37:03.746 [main] INFO  utils.ProjectConfiguration - TransformedGPS Folder Cleaned Successfully
2023-12-08 16:37:03.746 [main] INFO  utils.ProjectConfiguration - CleanFolders Completed
2023-12-08 16:37:03.746 [main] INFO  utils.ProjectConfiguration - Folders Creation Started
2023-12-08 16:37:03.746 [main] INFO  utils.ProjectConfiguration - Report Folder Already exists...!
2023-12-08 16:37:03.747 [main] INFO  utils.ProjectConfiguration - Capture Images Folder Already exists...!
2023-12-08 16:37:03.747 [main] INFO  utils.ProjectConfiguration - Screenshots Folder Already exists...!
2023-12-08 16:37:03.747 [main] INFO  utils.ProjectConfiguration - Sikuli-Images Folder Already exists...!
2023-12-08 16:37:03.747 [main] INFO  utils.ProjectConfiguration - ExcelHolder Folder Already exists...!
2023-12-08 16:37:03.747 [main] INFO  utils.ProjectConfiguration - TransformedGPS Folder Already exists...!
2023-12-08 16:37:03.747 [main] INFO  utils.ProjectConfiguration - Base-Files Folder Already exists...!
2023-12-08 16:37:03.747 [main] INFO  utils.ProjectConfiguration - config Folder Already exists...!
2023-12-08 16:37:03.747 [main] INFO  utils.ProjectConfiguration - Folders Creation Completed
2023-12-08 16:37:03.747 [main] INFO  utils.ProjectConfiguration - Report Setup Started
2023-12-08 16:37:03.857 [main] INFO  utils.ProjectConfiguration - Report Setup Completed
2023-12-08 16:37:03.857 [main] INFO  utils.ExecutionUtils - Get execution sheets started
2023-12-08 16:37:03.912 [main] INFO  utils.ExecutionUtils - Get execution sheets completed
2023-12-08 16:37:03.964 [main] INFO  actions.TestcaseExecutor - createProjectSetup completed.
2023-12-08 16:37:03.964 [main] INFO  actions.TestcaseExecutor - loadMethods started...
2023-12-08 16:37:03.965 [main] INFO  utils.ExecutionUtils - D:\Selenium Workspace\Framework\Automation Project\Finalized\Upgrade.xls Excel File check started...
2023-12-08 16:37:04.084 [main] INFO  utils.ExecutionUtils - upgrade Sheet Step validation started...
2023-12-08 16:37:04.118 [main] INFO  utils.ExecutionUtils - upgrade Sheet Step validation Ended
2023-12-08 16:37:04.118 [main] INFO  utils.ExecutionUtils - D:\Selenium Workspace\Framework\Automation Project\Finalized\Upgrade.xls Excel File Check ended
2023-12-08 16:37:04.118 [main] INFO  actions.TestcaseExecutor - loadMethods completed.
2023-12-08 16:37:04.119 [main] INFO  actions.TestcaseExecutor - startExecution started...
2023-12-08 16:37:04.432 [main] INFO  utils.ExecutionUtils - Load backup setting xml paths started
2023-12-08 16:37:04.439 [main] INFO  utils.ExecutionUtils - Load backup settings paths completed
2023-12-08 16:37:04.748 [main] INFO  utils.ExecutionUtils - Load XML paths started..
2023-12-08 16:37:04.781 [main] INFO  utils.ExecutionUtils - Load XML paths Completed..
2023-12-08 16:37:05.090 [main] INFO  utils.XML_Library - Offline Upgrade check started...
2023-12-08 16:37:05.090 [main] INFO  utils.XML_Library - NewCapturePrefernce.xml -upgrade check started...
2023-12-08 16:37:05.091 [main] INFO  utils.XML_Library - transform Upgrde GPS started for-BaseXML-config/NewCapturePreferences.xsl
2023-12-08 16:37:05.268 [main] INFO  utils.XML_Library - transform Upgrde GPS Completed-BaseXML-config/NewCapturePreferences.xsl
2023-12-08 16:37:05.268 [main] INFO  utils.XML_Library - transform Upgrde GPS started for-CurrentXMl-config/NewCapturePreferences.xsl
2023-12-08 16:37:05.293 [main] INFO  utils.XML_Library - transform Upgrde GPS Completed-CurrentXMl-config/NewCapturePreferences.xsl
2023-12-08 16:37:05.313 [main] INFO  utils.XML_Library - NewCapturePrefernce.xml -upgrade check completed...
2023-12-08 16:37:05.313 [main] INFO  utils.XML_Library - NewCapturePreference.xml -upgrade check started...
2023-12-08 16:37:05.313 [main] INFO  utils.XML_Library - transform Upgrde GPS started for-BaseXML-config/NewCapturePreferences.xsl
2023-12-08 16:37:05.331 [main] INFO  utils.XML_Library - transform Upgrde GPS Completed-BaseXML-config/NewCapturePreferences.xsl
2023-12-08 16:37:05.331 [main] INFO  utils.XML_Library - transform Upgrde GPS started for-CurrentXMl-config/NewCapturePreferences.xsl
2023-12-08 16:37:05.349 [main] INFO  utils.XML_Library - transform Upgrde GPS Completed-CurrentXMl-config/NewCapturePreferences.xsl
2023-12-08 16:37:05.359 [main] INFO  utils.XML_Library - NewCapturePreference.xml -upgrade check completed...
2023-12-08 16:37:05.359 [main] INFO  utils.XML_Library - AutoSecurityKeys.xml -upgrade check started...
2023-12-08 16:37:05.360 [main] INFO  utils.XML_Library - transform Upgrde GPS started for-BaseXML-config/OfflineUpgrade.xsl
2023-12-08 16:37:05.385 [main] INFO  utils.XML_Library - transform Upgrde GPS Completed-BaseXML-config/OfflineUpgrade.xsl
2023-12-08 16:37:05.386 [main] INFO  utils.XML_Library - transform Upgrde GPS started for-CurrentXMl-config/OfflineUpgrade.xsl
2023-12-08 16:37:05.402 [main] INFO  utils.XML_Library - transform Upgrde GPS Completed-CurrentXMl-config/OfflineUpgrade.xsl
2023-12-08 16:37:05.412 [main] INFO  utils.XML_Library - AutoSecurityKeys.xml -upgrade check completed...
2023-12-08 16:37:05.413 [main] INFO  utils.XML_Library - ExclusionFilter.xml -upgrade check started...
2023-12-08 16:37:05.413 [main] INFO  utils.XML_Library - transform Upgrde GPS started for-BaseXML-config/OfflineUpgrade.xsl
2023-12-08 16:37:05.442 [main] INFO  utils.XML_Library - transform Upgrde GPS Completed-BaseXML-config/OfflineUpgrade.xsl
2023-12-08 16:37:05.442 [main] INFO  utils.XML_Library - transform Upgrde GPS started for-CurrentXMl-config/OfflineUpgrade.xsl
2023-12-08 16:37:05.473 [main] INFO  utils.XML_Library - transform Upgrde GPS Completed-CurrentXMl-config/OfflineUpgrade.xsl
2023-12-08 16:37:05.482 [main] INFO  utils.XML_Library - ExclusionFilter.xml -upgrade check completed...
2023-12-08 16:37:05.482 [main] INFO  utils.XML_Library - epiSimDoc.xml -upgrade check started...
2023-12-08 16:37:05.482 [main] INFO  utils.XML_Library - transform Upgrde GPS started for-BaseXML-config/epiSimDoc.xsl
2023-12-08 16:37:05.513 [main] INFO  utils.XML_Library - transform Upgrde GPS Completed-BaseXML-config/epiSimDoc.xsl
2023-12-08 16:37:05.513 [main] INFO  utils.XML_Library - transform Upgrde GPS started for-CurrentXMl-config/epiSimDoc.xsl
2023-12-08 16:37:05.541 [main] INFO  utils.XML_Library - transform Upgrde GPS Completed-CurrentXMl-config/epiSimDoc.xsl
2023-12-08 16:37:05.561 [main] INFO  utils.XML_Library - epiSimDoc.xml -upgrade check completed...
2023-12-08 16:37:05.561 [main] INFO  utils.XML_Library - epiSimDoc.xml -upgrade check started...
2023-12-08 16:37:05.561 [main] INFO  utils.XML_Library - transform Upgrde GPS started for-BaseXML-config/epiSimDoc.xsl
2023-12-08 16:37:05.580 [main] INFO  utils.XML_Library - transform Upgrde GPS Completed-BaseXML-config/epiSimDoc.xsl
2023-12-08 16:37:05.580 [main] INFO  utils.XML_Library - transform Upgrde GPS started for-CurrentXMl-config/epiSimDoc.xsl
2023-12-08 16:37:05.598 [main] INFO  utils.XML_Library - transform Upgrde GPS Completed-CurrentXMl-config/epiSimDoc.xsl
2023-12-08 16:37:05.605 [main] INFO  utils.XML_Library - epiSimDoc.xml -upgrade check completed...
2023-12-08 16:37:05.605 [main] INFO  utils.XML_Library - UserSettings.xml -upgrade check started...
2023-12-08 16:37:05.605 [main] INFO  utils.XML_Library - transform Upgrde GPS started for-BaseXML-config/CaptureUpgradeAll.xsl
2023-12-08 16:37:05.632 [main] INFO  utils.XML_Library - transform Upgrde GPS Completed-BaseXML-config/CaptureUpgradeAll.xsl
2023-12-08 16:37:05.632 [main] INFO  utils.XML_Library - transform Upgrde GPS started for-CurrentXMl-config/CaptureUpgradeAll.xsl
2023-12-08 16:37:05.651 [main] INFO  utils.XML_Library - transform Upgrde GPS Completed-CurrentXMl-config/CaptureUpgradeAll.xsl
2023-12-08 16:37:05.660 [main] INFO  utils.XML_Library - UserSettings.xml -upgrade check completed...
2023-12-08 16:37:05.660 [main] INFO  utils.XML_Library - STTSettings -upgrade check started...
2023-12-08 16:37:05.660 [main] INFO  utils.XML_Library - transform Upgrde GPS started for-BaseXML-config/OfflineUpgrade.xsl
2023-12-08 16:37:05.673 [main] INFO  utils.XML_Library - transform Upgrde GPS Completed-BaseXML-config/OfflineUpgrade.xsl
2023-12-08 16:37:05.673 [main] INFO  utils.XML_Library - transform Upgrde GPS started for-CurrentXMl-config/OfflineUpgrade.xsl
2023-12-08 16:37:05.691 [main] INFO  utils.XML_Library - transform Upgrde GPS Completed-CurrentXMl-config/OfflineUpgrade.xsl
2023-12-08 16:37:05.698 [main] INFO  utils.XML_Library - STTSettings -upgrade check completed...
2023-12-08 16:37:05.698 [main] INFO  utils.XML_Library - Offline Upgrade check completed...
2023-12-08 16:37:06.007 [main] INFO  utils.XML_Library - Capture Upgrade check started....
2023-12-08 16:37:06.007 [main] INFO  utils.XML_Library - CaptureSetting.xml -upgrade check started...
2023-12-08 16:37:06.007 [main] INFO  utils.XML_Library - transform Upgrde GPS started for-BaseXML-config/CaptureSettings.xsl
2023-12-08 16:37:06.026 [main] INFO  utils.XML_Library - transform Upgrde GPS Completed-BaseXML-config/CaptureSettings.xsl
2023-12-08 16:37:06.026 [main] INFO  utils.XML_Library - transform Upgrde GPS started for-CurrentXMl-config/CaptureSettings.xsl
2023-12-08 16:37:06.042 [main] INFO  utils.XML_Library - transform Upgrde GPS Completed-CurrentXMl-config/CaptureSettings.xsl
2023-12-08 16:37:06.056 [main] INFO  utils.XML_Library - CaptureSetting.xml -upgrade check completed...
2023-12-08 16:37:06.056 [main] INFO  utils.XML_Library - DialogRules.xml -upgrade check started...
2023-12-08 16:37:06.056 [main] INFO  utils.XML_Library - transform Upgrde GPS started for-BaseXML-config/CaptureUpgradeAll.xsl
2023-12-08 16:37:06.074 [main] INFO  utils.XML_Library - transform Upgrde GPS Completed-BaseXML-config/CaptureUpgradeAll.xsl
2023-12-08 16:37:06.075 [main] INFO  utils.XML_Library - transform Upgrde GPS started for-CurrentXMl-config/CaptureUpgradeAll.xsl
2023-12-08 16:37:06.091 [main] INFO  utils.XML_Library - transform Upgrde GPS Completed-CurrentXMl-config/CaptureUpgradeAll.xsl
2023-12-08 16:37:06.098 [main] INFO  utils.XML_Library - DialogRules.xml -upgrade check completed...
2023-12-08 16:37:06.098 [main] INFO  utils.XML_Library - AdaptorInfo.xml -upgrade check started...
2023-12-08 16:37:06.098 [main] INFO  utils.XML_Library - transform Upgrde GPS started for-BaseXML-config/CaptureUpgradeAll.xsl
2023-12-08 16:37:06.113 [main] INFO  utils.XML_Library - transform Upgrde GPS Completed-BaseXML-config/CaptureUpgradeAll.xsl
2023-12-08 16:37:06.114 [main] INFO  utils.XML_Library - transform Upgrde GPS started for-CurrentXMl-config/CaptureUpgradeAll.xsl
2023-12-08 16:37:06.127 [main] INFO  utils.XML_Library - transform Upgrde GPS Completed-CurrentXMl-config/CaptureUpgradeAll.xsl
2023-12-08 16:37:06.134 [main] INFO  utils.XML_Library - AdaptorInfo.xml -upgrade check completed...
2023-12-08 16:37:06.134 [main] INFO  utils.XML_Library - ClawAdaptor.xml -upgrade check started...
2023-12-08 16:37:06.134 [main] INFO  utils.XML_Library - transform Upgrde GPS started for-BaseXML-config/CaptureUpgradeAll.xsl
2023-12-08 16:37:06.152 [main] INFO  utils.XML_Library - transform Upgrde GPS Completed-BaseXML-config/CaptureUpgradeAll.xsl
2023-12-08 16:37:06.152 [main] INFO  utils.XML_Library - transform Upgrde GPS started for-CurrentXMl-config/CaptureUpgradeAll.xsl
2023-12-08 16:37:06.168 [main] INFO  utils.XML_Library - transform Upgrde GPS Completed-CurrentXMl-config/CaptureUpgradeAll.xsl
2023-12-08 16:37:06.174 [main] INFO  utils.XML_Library - ClawAdaptor.xml -upgrade check completed...
2023-12-08 16:37:06.174 [main] INFO  utils.XML_Library - ImageSettings.xml -upgrade check started...
2023-12-08 16:37:06.175 [main] INFO  utils.XML_Library - transform Upgrde GPS started for-BaseXML-config/CaptureUpgradeAll.xsl
2023-12-08 16:37:06.188 [main] INFO  utils.XML_Library - transform Upgrde GPS Completed-BaseXML-config/CaptureUpgradeAll.xsl
2023-12-08 16:37:06.189 [main] INFO  utils.XML_Library - transform Upgrde GPS started for-CurrentXMl-config/CaptureUpgradeAll.xsl
2023-12-08 16:37:06.204 [main] INFO  utils.XML_Library - transform Upgrde GPS Completed-CurrentXMl-config/CaptureUpgradeAll.xsl
2023-12-08 16:37:06.210 [main] INFO  utils.XML_Library - ImageSettings.xml -upgrade check completed...
2023-12-08 16:37:06.211 [main] INFO  utils.XML_Library - KeyClubbing.xml -upgrade check started...
2023-12-08 16:37:06.211 [main] INFO  utils.XML_Library - transform Upgrde GPS started for-BaseXML-config/CaptureUpgradeAll.xsl
2023-12-08 16:37:06.229 [main] INFO  utils.XML_Library - transform Upgrde GPS Completed-BaseXML-config/CaptureUpgradeAll.xsl
2023-12-08 16:37:06.229 [main] INFO  utils.XML_Library - transform Upgrde GPS started for-CurrentXMl-config/CaptureUpgradeAll.xsl
2023-12-08 16:37:06.254 [main] INFO  utils.XML_Library - transform Upgrde GPS Completed-CurrentXMl-config/CaptureUpgradeAll.xsl
2023-12-08 16:37:06.261 [main] INFO  utils.XML_Library - KeyClubbing.xml -upgrade check completed...
2023-12-08 16:37:06.261 [main] INFO  utils.XML_Library - IEAdaptor.xml -upgrade check started...
2023-12-08 16:37:06.261 [main] INFO  utils.XML_Library - transform Upgrde GPS started for-BaseXML-config/IEAdopter.xsl
2023-12-08 16:37:06.296 [main] INFO  utils.XML_Library - transform Upgrde GPS Completed-BaseXML-config/IEAdopter.xsl
2023-12-08 16:37:06.296 [main] INFO  utils.XML_Library - transform Upgrde GPS started for-CurrentXMl-config/IEAdopter.xsl
2023-12-08 16:37:06.319 [main] INFO  utils.XML_Library - transform Upgrde GPS Completed-CurrentXMl-config/IEAdopter.xsl
2023-12-08 16:37:06.329 [main] INFO  utils.XML_Library - IEAdaptor.xml -upgrade check completed...
2023-12-08 16:37:06.330 [main] INFO  utils.XML_Library - Capture upgrade check completed...
2023-12-08 16:37:06.964 [main] INFO  utils.ProjectConfiguration - Report Logging Closed
2023-12-08 16:37:06.964 [main] INFO  actions.TestcaseExecutor - startExecution completed.
2023-12-08 16:37:06.964 [main] INFO  actions.TestcaseExecutor - Close all Application started...
2023-12-08 16:37:06.964 [main] INFO  core.Application - closeAllApps is started...
2023-12-08 16:37:06.964 [main] INFO  core.Application - closeAllApps is completed...
2023-12-08 16:37:06.965 [main] INFO  actions.TestcaseExecutor - Close all Application completed.
2023-12-08 16:44:25.842 [main] INFO  actions.TestcaseExecutor - createProjectSetup started...
2023-12-08 16:44:25.844 [main] INFO  utils.ProjectConfiguration - Logs Folder Already exists...!
2023-12-08 16:44:25.845 [main] INFO  utils.ProjectConfiguration - CleanFolders Started
2023-12-08 16:44:25.847 [main] INFO  utils.ProjectConfiguration - Screenshots Folder Cleaned Successfully
2023-12-08 16:44:25.879 [main] INFO  utils.ProjectConfiguration - TransformedGPS Folder Cleaned Successfully
2023-12-08 16:44:25.880 [main] INFO  utils.ProjectConfiguration - CleanFolders Completed
2023-12-08 16:44:25.880 [main] INFO  utils.ProjectConfiguration - Folders Creation Started
2023-12-08 16:44:25.880 [main] INFO  utils.ProjectConfiguration - Report Folder Already exists...!
2023-12-08 16:44:25.880 [main] INFO  utils.ProjectConfiguration - Capture Images Folder Already exists...!
2023-12-08 16:44:25.880 [main] INFO  utils.ProjectConfiguration - Screenshots Folder Already exists...!
2023-12-08 16:44:25.880 [main] INFO  utils.ProjectConfiguration - Sikuli-Images Folder Already exists...!
2023-12-08 16:44:25.880 [main] INFO  utils.ProjectConfiguration - ExcelHolder Folder Already exists...!
2023-12-08 16:44:25.880 [main] INFO  utils.ProjectConfiguration - TransformedGPS Folder Already exists...!
2023-12-08 16:44:25.881 [main] INFO  utils.ProjectConfiguration - Base-Files Folder Already exists...!
2023-12-08 16:44:25.881 [main] INFO  utils.ProjectConfiguration - config Folder Already exists...!
2023-12-08 16:44:25.881 [main] INFO  utils.ProjectConfiguration - Folders Creation Completed
2023-12-08 16:44:25.881 [main] INFO  utils.ExecutionUtils - loadSettings started
2023-12-08 16:44:27.273 [main] INFO  utils.ExecutionUtils - loadSettings completed
2023-12-08 16:44:27.274 [main] INFO  utils.ProjectConfiguration - Logs Folder Already exists...!
2023-12-08 16:44:27.274 [main] INFO  utils.ProjectConfiguration - CleanFolders Started
2023-12-08 16:44:27.274 [main] INFO  utils.ProjectConfiguration - Screenshots Folder Cleaned Successfully
2023-12-08 16:44:27.274 [main] INFO  utils.ProjectConfiguration - TransformedGPS Folder Cleaned Successfully
2023-12-08 16:44:27.274 [main] INFO  utils.ProjectConfiguration - CleanFolders Completed
2023-12-08 16:44:27.274 [main] INFO  utils.ProjectConfiguration - Folders Creation Started
2023-12-08 16:44:27.274 [main] INFO  utils.ProjectConfiguration - Report Folder Already exists...!
2023-12-08 16:44:27.274 [main] INFO  utils.ProjectConfiguration - Capture Images Folder Already exists...!
2023-12-08 16:44:27.275 [main] INFO  utils.ProjectConfiguration - Screenshots Folder Already exists...!
2023-12-08 16:44:27.275 [main] INFO  utils.ProjectConfiguration - Sikuli-Images Folder Already exists...!
2023-12-08 16:44:27.275 [main] INFO  utils.ProjectConfiguration - ExcelHolder Folder Already exists...!
2023-12-08 16:44:27.275 [main] INFO  utils.ProjectConfiguration - TransformedGPS Folder Already exists...!
2023-12-08 16:44:27.275 [main] INFO  utils.ProjectConfiguration - Base-Files Folder Already exists...!
2023-12-08 16:44:27.275 [main] INFO  utils.ProjectConfiguration - config Folder Already exists...!
2023-12-08 16:44:27.275 [main] INFO  utils.ProjectConfiguration - Folders Creation Completed
2023-12-08 16:44:27.275 [main] INFO  utils.ProjectConfiguration - Report Setup Started
2023-12-08 16:44:27.382 [main] INFO  utils.ProjectConfiguration - Report Setup Completed
2023-12-08 16:44:27.382 [main] INFO  utils.ExecutionUtils - Get execution sheets started
2023-12-08 16:44:27.434 [main] INFO  utils.ExecutionUtils - Get execution sheets completed
2023-12-08 16:44:27.478 [main] INFO  actions.TestcaseExecutor - createProjectSetup completed.
2023-12-08 16:44:27.478 [main] INFO  actions.TestcaseExecutor - loadMethods started...
2023-12-08 16:44:27.480 [main] INFO  utils.ExecutionUtils - D:\Selenium Workspace\Framework\Automation Project\Finalized\Upgrade.xls Excel File check started...
2023-12-08 16:44:27.584 [main] INFO  utils.ExecutionUtils - upgrade Sheet Step validation started...
2023-12-08 16:44:27.619 [main] INFO  utils.ExecutionUtils - upgrade Sheet Step validation Ended
2023-12-08 16:44:27.619 [main] INFO  utils.ExecutionUtils - D:\Selenium Workspace\Framework\Automation Project\Finalized\Upgrade.xls Excel File Check ended
2023-12-08 16:44:27.620 [main] INFO  actions.TestcaseExecutor - loadMethods completed.
2023-12-08 16:44:27.620 [main] INFO  actions.TestcaseExecutor - startExecution started...
2023-12-08 16:44:27.943 [main] INFO  utils.ExecutionUtils - Load backup setting xml paths started
2023-12-08 16:44:27.944 [main] INFO  utils.ExecutionUtils - Load backup settings paths completed
2023-12-08 16:44:28.258 [main] INFO  utils.ExecutionUtils - Load XML paths started..
2023-12-08 16:44:28.296 [main] INFO  utils.ExecutionUtils - Load XML paths Completed..
2023-12-08 16:44:28.606 [main] INFO  utils.XML_Library - Offline Upgrade check started...
2023-12-08 16:44:28.606 [main] INFO  utils.XML_Library - NewCapturePrefernce.xml -upgrade check started...
2023-12-08 16:44:28.606 [main] INFO  utils.XML_Library - transform Upgrde GPS started for-BaseXML-config/NewCapturePreferences.xsl
2023-12-08 16:44:28.777 [main] INFO  utils.XML_Library - transform Upgrde GPS Completed-BaseXML-config/NewCapturePreferences.xsl
2023-12-08 16:44:28.780 [main] INFO  utils.XML_Library - transform Upgrde GPS started for-CurrentXMl-config/NewCapturePreferences.xsl
2023-12-08 16:44:28.817 [main] INFO  utils.XML_Library - transform Upgrde GPS Completed-CurrentXMl-config/NewCapturePreferences.xsl
2023-12-08 16:44:28.835 [main] INFO  utils.XML_Library - NewCapturePrefernce.xml -upgrade check completed...
2023-12-08 16:44:28.835 [main] INFO  utils.XML_Library - NewCapturePreference.xml -upgrade check started...
2023-12-08 16:44:28.835 [main] INFO  utils.XML_Library - transform Upgrde GPS started for-BaseXML-config/NewCapturePreferences.xsl
2023-12-08 16:44:28.858 [main] INFO  utils.XML_Library - transform Upgrde GPS Completed-BaseXML-config/NewCapturePreferences.xsl
2023-12-08 16:44:28.858 [main] INFO  utils.XML_Library - transform Upgrde GPS started for-CurrentXMl-config/NewCapturePreferences.xsl
2023-12-08 16:44:28.875 [main] INFO  utils.XML_Library - transform Upgrde GPS Completed-CurrentXMl-config/NewCapturePreferences.xsl
2023-12-08 16:44:28.885 [main] INFO  utils.XML_Library - NewCapturePreference.xml -upgrade check completed...
2023-12-08 16:44:28.885 [main] INFO  utils.XML_Library - AutoSecurityKeys.xml -upgrade check started...
2023-12-08 16:44:28.885 [main] INFO  utils.XML_Library - transform Upgrde GPS started for-BaseXML-config/OfflineUpgrade.xsl
2023-12-08 16:44:28.897 [main] INFO  utils.XML_Library - transform Upgrde GPS Completed-BaseXML-config/OfflineUpgrade.xsl
2023-12-08 16:44:28.897 [main] INFO  utils.XML_Library - transform Upgrde GPS started for-CurrentXMl-config/OfflineUpgrade.xsl
2023-12-08 16:44:28.909 [main] INFO  utils.XML_Library - transform Upgrde GPS Completed-CurrentXMl-config/OfflineUpgrade.xsl
2023-12-08 16:44:28.917 [main] INFO  utils.XML_Library - AutoSecurityKeys.xml -upgrade check completed...
2023-12-08 16:44:28.917 [main] INFO  utils.XML_Library - ExclusionFilter.xml -upgrade check started...
2023-12-08 16:44:28.917 [main] INFO  utils.XML_Library - transform Upgrde GPS started for-BaseXML-config/OfflineUpgrade.xsl
2023-12-08 16:44:28.933 [main] INFO  utils.XML_Library - transform Upgrde GPS Completed-BaseXML-config/OfflineUpgrade.xsl
2023-12-08 16:44:28.933 [main] INFO  utils.XML_Library - transform Upgrde GPS started for-CurrentXMl-config/OfflineUpgrade.xsl
2023-12-08 16:44:28.957 [main] INFO  utils.XML_Library - transform Upgrde GPS Completed-CurrentXMl-config/OfflineUpgrade.xsl
2023-12-08 16:44:28.968 [main] INFO  utils.XML_Library - ExclusionFilter.xml -upgrade check completed...
2023-12-08 16:44:28.968 [main] INFO  utils.XML_Library - epiSimDoc.xml -upgrade check started...
2023-12-08 16:44:28.968 [main] INFO  utils.XML_Library - transform Upgrde GPS started for-BaseXML-config/epiSimDoc.xsl
2023-12-08 16:44:29.002 [main] INFO  utils.XML_Library - transform Upgrde GPS Completed-BaseXML-config/epiSimDoc.xsl
2023-12-08 16:44:29.003 [main] INFO  utils.XML_Library - transform Upgrde GPS started for-CurrentXMl-config/epiSimDoc.xsl
2023-12-08 16:44:29.029 [main] INFO  utils.XML_Library - transform Upgrde GPS Completed-CurrentXMl-config/epiSimDoc.xsl
2023-12-08 16:44:29.049 [main] INFO  utils.XML_Library - epiSimDoc.xml -upgrade check completed...
2023-12-08 16:44:29.049 [main] INFO  utils.XML_Library - epiSimDoc.xml -upgrade check started...
2023-12-08 16:44:29.049 [main] INFO  utils.XML_Library - transform Upgrde GPS started for-BaseXML-config/epiSimDoc.xsl
2023-12-08 16:44:29.068 [main] INFO  utils.XML_Library - transform Upgrde GPS Completed-BaseXML-config/epiSimDoc.xsl
2023-12-08 16:44:29.068 [main] INFO  utils.XML_Library - transform Upgrde GPS started for-CurrentXMl-config/epiSimDoc.xsl
2023-12-08 16:44:29.083 [main] INFO  utils.XML_Library - transform Upgrde GPS Completed-CurrentXMl-config/epiSimDoc.xsl
2023-12-08 16:44:29.088 [main] INFO  utils.XML_Library - epiSimDoc.xml -upgrade check completed...
2023-12-08 16:44:29.088 [main] INFO  utils.XML_Library - UserSettings.xml -upgrade check started...
2023-12-08 16:44:29.088 [main] INFO  utils.XML_Library - transform Upgrde GPS started for-BaseXML-config/CaptureUpgradeAll.xsl
2023-12-08 16:44:29.100 [main] INFO  utils.XML_Library - transform Upgrde GPS Completed-BaseXML-config/CaptureUpgradeAll.xsl
2023-12-08 16:44:29.100 [main] INFO  utils.XML_Library - transform Upgrde GPS started for-CurrentXMl-config/CaptureUpgradeAll.xsl
2023-12-08 16:44:29.111 [main] INFO  utils.XML_Library - transform Upgrde GPS Completed-CurrentXMl-config/CaptureUpgradeAll.xsl
2023-12-08 16:44:29.117 [main] INFO  utils.XML_Library - UserSettings.xml -upgrade check completed...
2023-12-08 16:44:29.117 [main] INFO  utils.XML_Library - STTSettings -upgrade check started...
2023-12-08 16:44:29.117 [main] INFO  utils.XML_Library - transform Upgrde GPS started for-BaseXML-config/OfflineUpgrade.xsl
2023-12-08 16:44:29.125 [main] INFO  utils.XML_Library - transform Upgrde GPS Completed-BaseXML-config/OfflineUpgrade.xsl
2023-12-08 16:44:29.126 [main] INFO  utils.XML_Library - transform Upgrde GPS started for-CurrentXMl-config/OfflineUpgrade.xsl
2023-12-08 16:44:29.134 [main] INFO  utils.XML_Library - transform Upgrde GPS Completed-CurrentXMl-config/OfflineUpgrade.xsl
2023-12-08 16:44:29.141 [main] INFO  utils.XML_Library - STTSettings -upgrade check completed...
2023-12-08 16:44:29.141 [main] INFO  utils.XML_Library - Offline Upgrade check completed...
2023-12-08 16:44:29.452 [main] INFO  utils.XML_Library - Capture Upgrade check started....
2023-12-08 16:44:29.452 [main] INFO  utils.XML_Library - CaptureSetting.xml -upgrade check started...
2023-12-08 16:44:29.453 [main] INFO  utils.XML_Library - transform Upgrde GPS started for-BaseXML-config/CaptureSettings.xsl
2023-12-08 16:44:29.463 [main] INFO  utils.XML_Library - transform Upgrde GPS Completed-BaseXML-config/CaptureSettings.xsl
2023-12-08 16:44:29.463 [main] INFO  utils.XML_Library - transform Upgrde GPS started for-CurrentXMl-config/CaptureSettings.xsl
2023-12-08 16:44:29.475 [main] INFO  utils.XML_Library - transform Upgrde GPS Completed-CurrentXMl-config/CaptureSettings.xsl
2023-12-08 16:44:29.487 [main] INFO  utils.XML_Library - CaptureSetting.xml -upgrade check completed...
2023-12-08 16:44:29.487 [main] INFO  utils.XML_Library - DialogRules.xml -upgrade check started...
2023-12-08 16:44:29.487 [main] INFO  utils.XML_Library - transform Upgrde GPS started for-BaseXML-config/CaptureUpgradeAll.xsl
2023-12-08 16:44:29.504 [main] INFO  utils.XML_Library - transform Upgrde GPS Completed-BaseXML-config/CaptureUpgradeAll.xsl
2023-12-08 16:44:29.505 [main] INFO  utils.XML_Library - transform Upgrde GPS started for-CurrentXMl-config/CaptureUpgradeAll.xsl
2023-12-08 16:44:29.517 [main] INFO  utils.XML_Library - transform Upgrde GPS Completed-CurrentXMl-config/CaptureUpgradeAll.xsl
2023-12-08 16:44:29.525 [main] INFO  utils.XML_Library - DialogRules.xml -upgrade check completed...
2023-12-08 16:44:29.526 [main] INFO  utils.XML_Library - AdaptorInfo.xml -upgrade check started...
2023-12-08 16:44:29.526 [main] INFO  utils.XML_Library - transform Upgrde GPS started for-BaseXML-config/CaptureUpgradeAll.xsl
2023-12-08 16:44:29.536 [main] INFO  utils.XML_Library - transform Upgrde GPS Completed-BaseXML-config/CaptureUpgradeAll.xsl
2023-12-08 16:44:29.536 [main] INFO  utils.XML_Library - transform Upgrde GPS started for-CurrentXMl-config/CaptureUpgradeAll.xsl
2023-12-08 16:44:29.546 [main] INFO  utils.XML_Library - transform Upgrde GPS Completed-CurrentXMl-config/CaptureUpgradeAll.xsl
2023-12-08 16:44:29.554 [main] INFO  utils.XML_Library - AdaptorInfo.xml -upgrade check completed...
2023-12-08 16:44:29.554 [main] INFO  utils.XML_Library - ClawAdaptor.xml -upgrade check started...
2023-12-08 16:44:29.554 [main] INFO  utils.XML_Library - transform Upgrde GPS started for-BaseXML-config/CaptureUpgradeAll.xsl
2023-12-08 16:44:29.566 [main] INFO  utils.XML_Library - transform Upgrde GPS Completed-BaseXML-config/CaptureUpgradeAll.xsl
2023-12-08 16:44:29.566 [main] INFO  utils.XML_Library - transform Upgrde GPS started for-CurrentXMl-config/CaptureUpgradeAll.xsl
2023-12-08 16:44:29.576 [main] INFO  utils.XML_Library - transform Upgrde GPS Completed-CurrentXMl-config/CaptureUpgradeAll.xsl
2023-12-08 16:44:29.582 [main] INFO  utils.XML_Library - ClawAdaptor.xml -upgrade check completed...
2023-12-08 16:44:29.582 [main] INFO  utils.XML_Library - ImageSettings.xml -upgrade check started...
2023-12-08 16:44:29.582 [main] INFO  utils.XML_Library - transform Upgrde GPS started for-BaseXML-config/CaptureUpgradeAll.xsl
2023-12-08 16:44:29.596 [main] INFO  utils.XML_Library - transform Upgrde GPS Completed-BaseXML-config/CaptureUpgradeAll.xsl
2023-12-08 16:44:29.596 [main] INFO  utils.XML_Library - transform Upgrde GPS started for-CurrentXMl-config/CaptureUpgradeAll.xsl
2023-12-08 16:44:29.609 [main] INFO  utils.XML_Library - transform Upgrde GPS Completed-CurrentXMl-config/CaptureUpgradeAll.xsl
2023-12-08 16:44:29.617 [main] INFO  utils.XML_Library - ImageSettings.xml -upgrade check completed...
2023-12-08 16:44:29.618 [main] INFO  utils.XML_Library - KeyClubbing.xml -upgrade check started...
2023-12-08 16:44:29.618 [main] INFO  utils.XML_Library - transform Upgrde GPS started for-BaseXML-config/CaptureUpgradeAll.xsl
2023-12-08 16:44:29.633 [main] INFO  utils.XML_Library - transform Upgrde GPS Completed-BaseXML-config/CaptureUpgradeAll.xsl
2023-12-08 16:44:29.633 [main] INFO  utils.XML_Library - transform Upgrde GPS started for-CurrentXMl-config/CaptureUpgradeAll.xsl
2023-12-08 16:44:29.649 [main] INFO  utils.XML_Library - transform Upgrde GPS Completed-CurrentXMl-config/CaptureUpgradeAll.xsl
2023-12-08 16:44:29.658 [main] INFO  utils.XML_Library - KeyClubbing.xml -upgrade check completed...
2023-12-08 16:44:29.658 [main] INFO  utils.XML_Library - IEAdaptor.xml -upgrade check started...
2023-12-08 16:44:29.658 [main] INFO  utils.XML_Library - transform Upgrde GPS started for-BaseXML-config/IEAdopter.xsl
2023-12-08 16:44:29.689 [main] INFO  utils.XML_Library - transform Upgrde GPS Completed-BaseXML-config/IEAdopter.xsl
2023-12-08 16:44:29.689 [main] INFO  utils.XML_Library - transform Upgrde GPS started for-CurrentXMl-config/IEAdopter.xsl
2023-12-08 16:44:29.714 [main] INFO  utils.XML_Library - transform Upgrde GPS Completed-CurrentXMl-config/IEAdopter.xsl
2023-12-08 16:44:29.729 [main] INFO  utils.XML_Library - IEAdaptor.xml -upgrade check completed...
2023-12-08 16:44:29.730 [main] INFO  utils.XML_Library - Capture upgrade check completed...
2023-12-08 16:44:30.290 [main] INFO  utils.ProjectConfiguration - Report Logging Closed
2023-12-08 16:44:30.291 [main] INFO  actions.TestcaseExecutor - startExecution completed.
2023-12-08 16:44:30.291 [main] INFO  utils.ProjectConfiguration - Rename report File started
2023-12-08 16:44:30.293 [main] INFO  utils.ProjectConfiguration - Rename report File Completed
2023-12-08 16:44:30.293 [main] INFO  actions.TestcaseExecutor - Close all Application started...
2023-12-08 16:44:30.293 [main] INFO  core.Application - closeAllApps is started...
2023-12-08 16:44:30.293 [main] INFO  core.Application - closeAllApps is completed...
2023-12-08 16:44:30.293 [main] INFO  actions.TestcaseExecutor - Close all Application completed.
2023-12-08 16:53:09.957 [main] INFO  actions.TestcaseExecutor - createProjectSetup started...
2023-12-08 16:53:09.960 [main] INFO  utils.ProjectConfiguration - Logs Folder Already exists...!
2023-12-08 16:53:09.960 [main] INFO  utils.ProjectConfiguration - CleanFolders Started
2023-12-08 16:53:09.962 [main] INFO  utils.ProjectConfiguration - Screenshots Folder Cleaned Successfully
2023-12-08 16:53:10.001 [main] INFO  utils.ProjectConfiguration - TransformedGPS Folder Cleaned Successfully
2023-12-08 16:53:10.001 [main] INFO  utils.ProjectConfiguration - CleanFolders Completed
2023-12-08 16:53:10.001 [main] INFO  utils.ProjectConfiguration - Folders Creation Started
2023-12-08 16:53:10.001 [main] INFO  utils.ProjectConfiguration - Report Folder Already exists...!
2023-12-08 16:53:10.001 [main] INFO  utils.ProjectConfiguration - Capture Images Folder Already exists...!
2023-12-08 16:53:10.001 [main] INFO  utils.ProjectConfiguration - Screenshots Folder Already exists...!
2023-12-08 16:53:10.002 [main] INFO  utils.ProjectConfiguration - Sikuli-Images Folder Already exists...!
2023-12-08 16:53:10.002 [main] INFO  utils.ProjectConfiguration - ExcelHolder Folder Already exists...!
2023-12-08 16:53:10.002 [main] INFO  utils.ProjectConfiguration - TransformedGPS Folder Already exists...!
2023-12-08 16:53:10.002 [main] INFO  utils.ProjectConfiguration - Base-Files Folder Already exists...!
2023-12-08 16:53:10.002 [main] INFO  utils.ProjectConfiguration - config Folder Already exists...!
2023-12-08 16:53:10.002 [main] INFO  utils.ProjectConfiguration - Folders Creation Completed
2023-12-08 16:53:10.002 [main] INFO  utils.ExecutionUtils - loadSettings started
2023-12-08 16:53:11.392 [main] INFO  utils.ExecutionUtils - loadSettings completed
2023-12-08 16:53:11.392 [main] INFO  utils.ProjectConfiguration - Logs Folder Already exists...!
2023-12-08 16:53:11.392 [main] INFO  utils.ProjectConfiguration - CleanFolders Started
2023-12-08 16:53:11.392 [main] INFO  utils.ProjectConfiguration - Screenshots Folder Cleaned Successfully
2023-12-08 16:53:11.392 [main] INFO  utils.ProjectConfiguration - TransformedGPS Folder Cleaned Successfully
2023-12-08 16:53:11.392 [main] INFO  utils.ProjectConfiguration - CleanFolders Completed
2023-12-08 16:53:11.393 [main] INFO  utils.ProjectConfiguration - Folders Creation Started
2023-12-08 16:53:11.393 [main] INFO  utils.ProjectConfiguration - Report Folder Already exists...!
2023-12-08 16:53:11.393 [main] INFO  utils.ProjectConfiguration - Capture Images Folder Already exists...!
2023-12-08 16:53:11.393 [main] INFO  utils.ProjectConfiguration - Screenshots Folder Already exists...!
2023-12-08 16:53:11.393 [main] INFO  utils.ProjectConfiguration - Sikuli-Images Folder Already exists...!
2023-12-08 16:53:11.393 [main] INFO  utils.ProjectConfiguration - ExcelHolder Folder Already exists...!
2023-12-08 16:53:11.393 [main] INFO  utils.ProjectConfiguration - TransformedGPS Folder Already exists...!
2023-12-08 16:53:11.393 [main] INFO  utils.ProjectConfiguration - Base-Files Folder Already exists...!
2023-12-08 16:53:11.393 [main] INFO  utils.ProjectConfiguration - config Folder Already exists...!
2023-12-08 16:53:11.393 [main] INFO  utils.ProjectConfiguration - Folders Creation Completed
2023-12-08 16:53:11.394 [main] INFO  utils.ProjectConfiguration - Report Setup Started
2023-12-08 16:53:11.500 [main] INFO  utils.ProjectConfiguration - Report Setup Completed
2023-12-08 16:53:11.501 [main] INFO  utils.ExecutionUtils - Get execution sheets started
2023-12-08 16:53:11.547 [main] INFO  utils.ExecutionUtils - Get execution sheets completed
2023-12-08 16:53:11.595 [main] INFO  actions.TestcaseExecutor - createProjectSetup completed.
2023-12-08 16:53:11.595 [main] INFO  actions.TestcaseExecutor - loadMethods started...
2023-12-08 16:53:11.596 [main] INFO  utils.ExecutionUtils - D:\Selenium Workspace\Framework\Automation Project\Finalized\Upgrade.xls Excel File check started...
2023-12-08 16:53:11.718 [main] INFO  utils.ExecutionUtils - upgrade Sheet Step validation started...
2023-12-08 16:53:11.749 [main] INFO  utils.ExecutionUtils - upgrade Sheet Step validation Ended
2023-12-08 16:53:11.749 [main] INFO  utils.ExecutionUtils - D:\Selenium Workspace\Framework\Automation Project\Finalized\Upgrade.xls Excel File Check ended
2023-12-08 16:53:11.750 [main] INFO  actions.TestcaseExecutor - loadMethods completed.
2023-12-08 16:53:11.750 [main] INFO  actions.TestcaseExecutor - startExecution started...
2023-12-08 16:53:12.060 [main] INFO  utils.ExecutionUtils - Load backup setting xml paths started
2023-12-08 16:53:12.063 [main] INFO  utils.ExecutionUtils - Load backup settings paths completed
2023-12-08 16:53:12.375 [main] INFO  utils.ExecutionUtils - Load XML paths started..
2023-12-08 16:53:12.406 [main] INFO  utils.ExecutionUtils - Load XML paths Completed..
2023-12-08 16:53:12.719 [main] INFO  utils.XML_Library - Offline Upgrade check started...
2023-12-08 16:53:12.719 [main] INFO  utils.XML_Library - NewCapturePrefernce.xml -upgrade check started...
2023-12-08 16:53:12.720 [main] INFO  utils.XML_Library - transform Upgrde GPS started for-BaseXML-config/NewCapturePreferences.xsl
2023-12-08 16:53:12.885 [main] INFO  utils.XML_Library - transform Upgrde GPS Completed-BaseXML-config/NewCapturePreferences.xsl
2023-12-08 16:53:12.885 [main] INFO  utils.XML_Library - transform Upgrde GPS started for-CurrentXMl-config/NewCapturePreferences.xsl
2023-12-08 16:53:12.913 [main] INFO  utils.XML_Library - transform Upgrde GPS Completed-CurrentXMl-config/NewCapturePreferences.xsl
2023-12-08 16:53:12.935 [main] INFO  utils.XML_Library - NewCapturePrefernce.xml -upgrade check completed...
2023-12-08 16:53:12.935 [main] INFO  utils.XML_Library - NewCapturePreference.xml -upgrade check started...
2023-12-08 16:53:12.935 [main] INFO  utils.XML_Library - transform Upgrde GPS started for-BaseXML-config/NewCapturePreferences.xsl
2023-12-08 16:53:12.961 [main] INFO  utils.XML_Library - transform Upgrde GPS Completed-BaseXML-config/NewCapturePreferences.xsl
2023-12-08 16:53:12.961 [main] INFO  utils.XML_Library - transform Upgrde GPS started for-CurrentXMl-config/NewCapturePreferences.xsl
2023-12-08 16:53:12.987 [main] INFO  utils.XML_Library - transform Upgrde GPS Completed-CurrentXMl-config/NewCapturePreferences.xsl
2023-12-08 16:53:13.000 [main] INFO  utils.XML_Library - NewCapturePreference.xml -upgrade check completed...
2023-12-08 16:53:13.001 [main] INFO  utils.XML_Library - AutoSecurityKeys.xml -upgrade check started...
2023-12-08 16:53:13.001 [main] INFO  utils.XML_Library - transform Upgrde GPS started for-BaseXML-config/OfflineUpgrade.xsl
2023-12-08 16:53:13.020 [main] INFO  utils.XML_Library - transform Upgrde GPS Completed-BaseXML-config/OfflineUpgrade.xsl
2023-12-08 16:53:13.020 [main] INFO  utils.XML_Library - transform Upgrde GPS started for-CurrentXMl-config/OfflineUpgrade.xsl
2023-12-08 16:53:13.037 [main] INFO  utils.XML_Library - transform Upgrde GPS Completed-CurrentXMl-config/OfflineUpgrade.xsl
2023-12-08 16:53:13.046 [main] INFO  utils.XML_Library - AutoSecurityKeys.xml -upgrade check completed...
2023-12-08 16:53:13.046 [main] INFO  utils.XML_Library - ExclusionFilter.xml -upgrade check started...
2023-12-08 16:53:13.047 [main] INFO  utils.XML_Library - transform Upgrde GPS started for-BaseXML-config/OfflineUpgrade.xsl
2023-12-08 16:53:13.067 [main] INFO  utils.XML_Library - transform Upgrde GPS Completed-BaseXML-config/OfflineUpgrade.xsl
2023-12-08 16:53:13.067 [main] INFO  utils.XML_Library - transform Upgrde GPS started for-CurrentXMl-config/OfflineUpgrade.xsl
2023-12-08 16:53:13.083 [main] INFO  utils.XML_Library - transform Upgrde GPS Completed-CurrentXMl-config/OfflineUpgrade.xsl
2023-12-08 16:53:13.093 [main] INFO  utils.XML_Library - ExclusionFilter.xml -upgrade check completed...
2023-12-08 16:53:13.093 [main] INFO  utils.XML_Library - epiSimDoc.xml -upgrade check started...
2023-12-08 16:53:13.093 [main] INFO  utils.XML_Library - transform Upgrde GPS started for-BaseXML-config/epiSimDoc.xsl
2023-12-08 16:53:13.120 [main] INFO  utils.XML_Library - transform Upgrde GPS Completed-BaseXML-config/epiSimDoc.xsl
2023-12-08 16:53:13.121 [main] INFO  utils.XML_Library - transform Upgrde GPS started for-CurrentXMl-config/epiSimDoc.xsl
2023-12-08 16:53:13.146 [main] INFO  utils.XML_Library - transform Upgrde GPS Completed-CurrentXMl-config/epiSimDoc.xsl
2023-12-08 16:53:13.166 [main] INFO  utils.XML_Library - epiSimDoc.xml -upgrade check completed...
2023-12-08 16:53:13.166 [main] INFO  utils.XML_Library - epiSimDoc.xml -upgrade check started...
2023-12-08 16:53:13.166 [main] INFO  utils.XML_Library - transform Upgrde GPS started for-BaseXML-config/epiSimDoc.xsl
2023-12-08 16:53:13.190 [main] INFO  utils.XML_Library - transform Upgrde GPS Completed-BaseXML-config/epiSimDoc.xsl
2023-12-08 16:53:13.190 [main] INFO  utils.XML_Library - transform Upgrde GPS started for-CurrentXMl-config/epiSimDoc.xsl
2023-12-08 16:53:13.214 [main] INFO  utils.XML_Library - transform Upgrde GPS Completed-CurrentXMl-config/epiSimDoc.xsl
2023-12-08 16:53:13.220 [main] INFO  utils.XML_Library - epiSimDoc.xml -upgrade check completed...
2023-12-08 16:53:13.221 [main] INFO  utils.XML_Library - UserSettings.xml -upgrade check started...
2023-12-08 16:53:13.221 [main] INFO  utils.XML_Library - transform Upgrde GPS started for-BaseXML-config/CaptureUpgradeAll.xsl
2023-12-08 16:53:13.236 [main] INFO  utils.XML_Library - transform Upgrde GPS Completed-BaseXML-config/CaptureUpgradeAll.xsl
2023-12-08 16:53:13.237 [main] INFO  utils.XML_Library - transform Upgrde GPS started for-CurrentXMl-config/CaptureUpgradeAll.xsl
2023-12-08 16:53:13.250 [main] INFO  utils.XML_Library - transform Upgrde GPS Completed-CurrentXMl-config/CaptureUpgradeAll.xsl
2023-12-08 16:53:13.259 [main] INFO  utils.XML_Library - UserSettings.xml -upgrade check completed...
2023-12-08 16:53:13.259 [main] INFO  utils.XML_Library - STTSettings -upgrade check started...
2023-12-08 16:53:13.259 [main] INFO  utils.XML_Library - transform Upgrde GPS started for-BaseXML-config/OfflineUpgrade.xsl
2023-12-08 16:53:13.270 [main] INFO  utils.XML_Library - transform Upgrde GPS Completed-BaseXML-config/OfflineUpgrade.xsl
2023-12-08 16:53:13.270 [main] INFO  utils.XML_Library - transform Upgrde GPS started for-CurrentXMl-config/OfflineUpgrade.xsl
2023-12-08 16:53:13.280 [main] INFO  utils.XML_Library - transform Upgrde GPS Completed-CurrentXMl-config/OfflineUpgrade.xsl
2023-12-08 16:53:13.288 [main] INFO  utils.XML_Library - STTSettings -upgrade check completed...
2023-12-08 16:53:13.288 [main] INFO  utils.XML_Library - Offline Upgrade check completed...
2023-12-08 16:53:13.603 [main] INFO  utils.XML_Library - Capture Upgrade check started....
2023-12-08 16:53:13.605 [main] INFO  utils.XML_Library - CaptureSetting.xml -upgrade check started...
2023-12-08 16:53:13.605 [main] INFO  utils.XML_Library - transform Upgrde GPS started for-BaseXML-config/CaptureSettings.xsl
2023-12-08 16:53:13.619 [main] INFO  utils.XML_Library - transform Upgrde GPS Completed-BaseXML-config/CaptureSettings.xsl
2023-12-08 16:53:13.619 [main] INFO  utils.XML_Library - transform Upgrde GPS started for-CurrentXMl-config/CaptureSettings.xsl
2023-12-08 16:53:13.631 [main] INFO  utils.XML_Library - transform Upgrde GPS Completed-CurrentXMl-config/CaptureSettings.xsl
2023-12-08 16:53:13.640 [main] INFO  utils.XML_Library - CaptureSetting.xml -upgrade check completed...
2023-12-08 16:53:13.641 [main] INFO  utils.XML_Library - DialogRules.xml -upgrade check started...
2023-12-08 16:53:13.641 [main] INFO  utils.XML_Library - transform Upgrde GPS started for-BaseXML-config/CaptureUpgradeAll.xsl
2023-12-08 16:53:13.658 [main] INFO  utils.XML_Library - transform Upgrde GPS Completed-BaseXML-config/CaptureUpgradeAll.xsl
2023-12-08 16:53:13.658 [main] INFO  utils.XML_Library - transform Upgrde GPS started for-CurrentXMl-config/CaptureUpgradeAll.xsl
2023-12-08 16:53:13.673 [main] INFO  utils.XML_Library - transform Upgrde GPS Completed-CurrentXMl-config/CaptureUpgradeAll.xsl
2023-12-08 16:53:13.682 [main] INFO  utils.XML_Library - DialogRules.xml -upgrade check completed...
2023-12-08 16:53:13.682 [main] INFO  utils.XML_Library - AdaptorInfo.xml -upgrade check started...
2023-12-08 16:53:13.682 [main] INFO  utils.XML_Library - transform Upgrde GPS started for-BaseXML-config/CaptureUpgradeAll.xsl
2023-12-08 16:53:13.696 [main] INFO  utils.XML_Library - transform Upgrde GPS Completed-BaseXML-config/CaptureUpgradeAll.xsl
2023-12-08 16:53:13.696 [main] INFO  utils.XML_Library - transform Upgrde GPS started for-CurrentXMl-config/CaptureUpgradeAll.xsl
2023-12-08 16:53:13.708 [main] INFO  utils.XML_Library - transform Upgrde GPS Completed-CurrentXMl-config/CaptureUpgradeAll.xsl
2023-12-08 16:53:13.716 [main] INFO  utils.XML_Library - AdaptorInfo.xml -upgrade check completed...
2023-12-08 16:53:13.716 [main] INFO  utils.XML_Library - ClawAdaptor.xml -upgrade check started...
2023-12-08 16:53:13.717 [main] INFO  utils.XML_Library - transform Upgrde GPS started for-BaseXML-config/CaptureUpgradeAll.xsl
2023-12-08 16:53:13.726 [main] INFO  utils.XML_Library - transform Upgrde GPS Completed-BaseXML-config/CaptureUpgradeAll.xsl
2023-12-08 16:53:13.727 [main] INFO  utils.XML_Library - transform Upgrde GPS started for-CurrentXMl-config/CaptureUpgradeAll.xsl
2023-12-08 16:53:13.737 [main] INFO  utils.XML_Library - transform Upgrde GPS Completed-CurrentXMl-config/CaptureUpgradeAll.xsl
2023-12-08 16:53:13.743 [main] INFO  utils.XML_Library - ClawAdaptor.xml -upgrade check completed...
2023-12-08 16:53:13.743 [main] INFO  utils.XML_Library - ImageSettings.xml -upgrade check started...
2023-12-08 16:53:13.744 [main] INFO  utils.XML_Library - transform Upgrde GPS started for-BaseXML-config/CaptureUpgradeAll.xsl
2023-12-08 16:53:13.756 [main] INFO  utils.XML_Library - transform Upgrde GPS Completed-BaseXML-config/CaptureUpgradeAll.xsl
2023-12-08 16:53:13.757 [main] INFO  utils.XML_Library - transform Upgrde GPS started for-CurrentXMl-config/CaptureUpgradeAll.xsl
2023-12-08 16:53:13.773 [main] INFO  utils.XML_Library - transform Upgrde GPS Completed-CurrentXMl-config/CaptureUpgradeAll.xsl
2023-12-08 16:53:13.780 [main] INFO  utils.XML_Library - ImageSettings.xml -upgrade check completed...
2023-12-08 16:53:13.780 [main] INFO  utils.XML_Library - KeyClubbing.xml -upgrade check started...
2023-12-08 16:53:13.780 [main] INFO  utils.XML_Library - transform Upgrde GPS started for-BaseXML-config/CaptureUpgradeAll.xsl
2023-12-08 16:53:13.790 [main] INFO  utils.XML_Library - transform Upgrde GPS Completed-BaseXML-config/CaptureUpgradeAll.xsl
2023-12-08 16:53:13.790 [main] INFO  utils.XML_Library - transform Upgrde GPS started for-CurrentXMl-config/CaptureUpgradeAll.xsl
2023-12-08 16:53:13.799 [main] INFO  utils.XML_Library - transform Upgrde GPS Completed-CurrentXMl-config/CaptureUpgradeAll.xsl
2023-12-08 16:53:13.806 [main] INFO  utils.XML_Library - KeyClubbing.xml -upgrade check completed...
2023-12-08 16:53:13.806 [main] INFO  utils.XML_Library - IEAdaptor.xml -upgrade check started...
2023-12-08 16:53:13.806 [main] INFO  utils.XML_Library - transform Upgrde GPS started for-BaseXML-config/IEAdopter.xsl
2023-12-08 16:53:13.835 [main] INFO  utils.XML_Library - transform Upgrde GPS Completed-BaseXML-config/IEAdopter.xsl
2023-12-08 16:53:13.835 [main] INFO  utils.XML_Library - transform Upgrde GPS started for-CurrentXMl-config/IEAdopter.xsl
2023-12-08 16:53:13.854 [main] INFO  utils.XML_Library - transform Upgrde GPS Completed-CurrentXMl-config/IEAdopter.xsl
2023-12-08 16:53:13.867 [main] INFO  utils.XML_Library - IEAdaptor.xml -upgrade check completed...
2023-12-08 16:53:13.867 [main] INFO  utils.XML_Library - Capture upgrade check completed...
2023-12-08 16:53:14.438 [main] INFO  utils.ProjectConfiguration - Report Logging Closed
2023-12-08 16:53:14.438 [main] INFO  actions.TestcaseExecutor - startExecution completed.
2023-12-08 16:53:14.438 [main] INFO  utils.ProjectConfiguration - Rename report File started
2023-12-08 16:53:14.440 [main] INFO  utils.ProjectConfiguration - Rename report File Completed
2023-12-08 16:53:14.440 [main] INFO  actions.TestcaseExecutor - Close all Application started...
2023-12-08 16:53:14.440 [main] INFO  core.Application - closeAllApps is started...
2023-12-08 16:53:14.440 [main] INFO  core.Application - closeAllApps is completed...
2023-12-08 16:53:14.440 [main] INFO  actions.TestcaseExecutor - Close all Application completed.
