2023-10-04 11:52:39.858 [main] INFO  actions.TestcaseExecutor - createProjectSetup started...
2023-10-04 11:52:39.858 [main] INFO  utils.ProjectConfiguration - Logs Folder Already exists...!
2023-10-04 11:52:39.858 [main] INFO  utils.ProjectConfiguration - CleanFolders Started
2023-10-04 11:52:39.874 [main] INFO  utils.ProjectConfiguration - Screenshots Folder Cleaned Successfully
2023-10-04 11:52:39.874 [main] INFO  utils.ProjectConfiguration - TransformedGPS Folder Cleaned Successfully
2023-10-04 11:52:39.874 [main] INFO  utils.ProjectConfiguration - CleanFolders Completed
2023-10-04 11:52:39.874 [main] INFO  utils.ProjectConfiguration - Folders Creation Started
2023-10-04 11:52:39.874 [main] INFO  utils.ProjectConfiguration - Report Folder Already exists...!
2023-10-04 11:52:39.874 [main] INFO  utils.ProjectConfiguration - Capture Images Folder Already exists...!
2023-10-04 11:52:39.874 [main] INFO  utils.ProjectConfiguration - Screenshots Folder Already exists...!
2023-10-04 11:52:39.874 [main] INFO  utils.ProjectConfiguration - Sikuli-Images Folder Already exists...!
2023-10-04 11:52:39.874 [main] INFO  utils.ProjectConfiguration - ExcelHolder Folder Already exists...!
2023-10-04 11:52:39.874 [main] INFO  utils.ProjectConfiguration - TransformedGPS Folder Already exists...!
2023-10-04 11:52:39.874 [main] INFO  utils.ProjectConfiguration - Base-Files Folder Already exists...!
2023-10-04 11:52:39.874 [main] INFO  utils.ProjectConfiguration - config Folder Already exists...!
2023-10-04 11:52:39.874 [main] INFO  utils.ProjectConfiguration - Folders Creation Completed
2023-10-04 11:52:39.874 [main] INFO  utils.ExecutionUtils - loadSettings started
2023-10-04 11:52:41.312 [main] INFO  utils.ExecutionUtils - loadSettings completed
2023-10-04 11:52:41.312 [main] INFO  utils.ProjectConfiguration - Logs Folder Already exists...!
2023-10-04 11:52:41.312 [main] INFO  utils.ProjectConfiguration - CleanFolders Started
2023-10-04 11:52:41.312 [main] INFO  utils.ProjectConfiguration - Screenshots Folder Cleaned Successfully
2023-10-04 11:52:41.312 [main] INFO  utils.ProjectConfiguration - TransformedGPS Folder Cleaned Successfully
2023-10-04 11:52:41.312 [main] INFO  utils.ProjectConfiguration - CleanFolders Completed
2023-10-04 11:52:41.312 [main] INFO  utils.ProjectConfiguration - Folders Creation Started
2023-10-04 11:52:41.312 [main] INFO  utils.ProjectConfiguration - Report Folder Already exists...!
2023-10-04 11:52:41.312 [main] INFO  utils.ProjectConfiguration - Capture Images Folder Already exists...!
2023-10-04 11:52:41.312 [main] INFO  utils.ProjectConfiguration - Screenshots Folder Already exists...!
2023-10-04 11:52:41.312 [main] INFO  utils.ProjectConfiguration - Sikuli-Images Folder Already exists...!
2023-10-04 11:52:41.312 [main] INFO  utils.ProjectConfiguration - ExcelHolder Folder Already exists...!
2023-10-04 11:52:41.312 [main] INFO  utils.ProjectConfiguration - TransformedGPS Folder Already exists...!
2023-10-04 11:52:41.312 [main] INFO  utils.ProjectConfiguration - Base-Files Folder Already exists...!
2023-10-04 11:52:41.312 [main] INFO  utils.ProjectConfiguration - config Folder Already exists...!
2023-10-04 11:52:41.312 [main] INFO  utils.ProjectConfiguration - Folders Creation Completed
2023-10-04 11:52:41.312 [main] INFO  utils.ProjectConfiguration - Report Setup Started
2023-10-04 11:52:41.422 [main] INFO  utils.ProjectConfiguration - Report Setup Completed
2023-10-04 11:52:41.422 [main] INFO  utils.ExecutionUtils - Get execution sheets started
2023-10-04 11:52:41.469 [main] INFO  utils.ExecutionUtils - Get execution sheets completed
2023-10-04 11:52:41.531 [main] INFO  actions.TestcaseExecutor - createProjectSetup completed.
2023-10-04 11:52:41.531 [main] INFO  actions.TestcaseExecutor - loadMethods started...
2023-10-04 11:52:41.531 [main] INFO  utils.ExecutionUtils - D:\Selenium Workspace\TEST\Automation-Framework\NewTestcases\performanceTestcase500.xls Excel File check started...
2023-10-04 11:52:41.657 [main] INFO  utils.ExecutionUtils - StartPerformance Sheet Step validation started...
2023-10-04 11:52:41.688 [main] INFO  utils.ExecutionUtils - StartPerformance Sheet Step validation Ended
2023-10-04 11:52:41.688 [main] INFO  utils.ExecutionUtils - shortcuts Sheet Step validation started...
2023-10-04 11:52:41.720 [main] INFO  utils.ExecutionUtils - shortcuts Sheet Step validation Ended
2023-10-04 11:52:41.720 [main] INFO  utils.ExecutionUtils - Chrome Test_with narration Sheet Step validation started...
2023-10-04 11:52:41.735 [main] INFO  utils.ExecutionUtils - Chrome Test_with narration Sheet Step validation Ended
2023-10-04 11:52:41.735 [main] INFO  utils.ExecutionUtils - Edge Test_with audio Sheet Step validation started...
2023-10-04 11:52:41.751 [main] INFO  utils.ExecutionUtils - Edge Test_with audio Sheet Step validation Ended
2023-10-04 11:52:41.751 [main] INFO  utils.ExecutionUtils - Dotnet Test Sheet Step validation started...
2023-10-04 11:52:41.767 [main] INFO  utils.ExecutionUtils - Dotnet Test Sheet Step validation Ended
2023-10-04 11:52:41.767 [main] INFO  utils.ExecutionUtils - Notepad Test Sheet Step validation started...
2023-10-04 11:52:41.782 [main] INFO  utils.ExecutionUtils - Notepad Test Sheet Step validation Ended
2023-10-04 11:52:41.782 [main] INFO  utils.ExecutionUtils - shortcuts Sheet Step validation started...
2023-10-04 11:52:41.805 [main] INFO  utils.ExecutionUtils - shortcuts Sheet Step validation Ended
2023-10-04 11:52:41.805 [main] INFO  utils.ExecutionUtils - Chrome Test_with narration Sheet Step validation started...
2023-10-04 11:52:41.814 [main] INFO  utils.ExecutionUtils - Chrome Test_with narration Sheet Step validation Ended
2023-10-04 11:52:41.814 [main] INFO  utils.ExecutionUtils - Edge Test_with audio Sheet Step validation started...
2023-10-04 11:52:41.829 [main] INFO  utils.ExecutionUtils - Edge Test_with audio Sheet Step validation Ended
2023-10-04 11:52:41.829 [main] INFO  utils.ExecutionUtils - Dotnet Test Sheet Step validation started...
2023-10-04 11:52:41.845 [main] INFO  utils.ExecutionUtils - Dotnet Test Sheet Step validation Ended
2023-10-04 11:52:41.845 [main] INFO  utils.ExecutionUtils - Notepad Test Sheet Step validation started...
2023-10-04 11:52:41.861 [main] INFO  utils.ExecutionUtils - Notepad Test Sheet Step validation Ended
2023-10-04 11:52:41.861 [main] INFO  utils.ExecutionUtils - shortcuts Sheet Step validation started...
2023-10-04 11:52:41.876 [main] INFO  utils.ExecutionUtils - shortcuts Sheet Step validation Ended
2023-10-04 11:52:41.876 [main] INFO  utils.ExecutionUtils - Chrome Test_with narration Sheet Step validation started...
2023-10-04 11:52:41.892 [main] INFO  utils.ExecutionUtils - Chrome Test_with narration Sheet Step validation Ended
2023-10-04 11:52:41.892 [main] INFO  utils.ExecutionUtils - SavePerformance Sheet Step validation started...
2023-10-04 11:52:41.908 [main] INFO  utils.ExecutionUtils - SavePerformance Sheet Step validation Ended
2023-10-04 11:52:41.908 [main] INFO  utils.ExecutionUtils - StartEpiplex Sheet Step validation started...
2023-10-04 11:52:41.908 [main] INFO  utils.ExecutionUtils - StartEpiplex Sheet Step validation Ended
2023-10-04 11:52:41.908 [main] INFO  utils.ExecutionUtils - shortcuts Sheet Step validation started...
2023-10-04 11:52:41.924 [main] INFO  utils.ExecutionUtils - shortcuts Sheet Step validation Ended
2023-10-04 11:52:41.924 [main] INFO  utils.ExecutionUtils - Chrome Test_with narration Sheet Step validation started...
2023-10-04 11:52:41.955 [main] INFO  utils.ExecutionUtils - Chrome Test_with narration Sheet Step validation Ended
2023-10-04 11:52:41.955 [main] INFO  utils.ExecutionUtils - Edge Test_with audio Sheet Step validation started...
2023-10-04 11:52:41.955 [main] INFO  utils.ExecutionUtils - Edge Test_with audio Sheet Step validation Ended
2023-10-04 11:52:41.955 [main] INFO  utils.ExecutionUtils - Dotnet Test Sheet Step validation started...
2023-10-04 11:52:41.970 [main] INFO  utils.ExecutionUtils - Dotnet Test Sheet Step validation Ended
2023-10-04 11:52:41.970 [main] INFO  utils.ExecutionUtils - Notepad Test Sheet Step validation started...
2023-10-04 11:52:41.986 [main] INFO  utils.ExecutionUtils - Notepad Test Sheet Step validation Ended
2023-10-04 11:52:41.986 [main] INFO  utils.ExecutionUtils - shortcuts Sheet Step validation started...
2023-10-04 11:52:41.986 [main] INFO  utils.ExecutionUtils - shortcuts Sheet Step validation Ended
2023-10-04 11:52:41.986 [main] INFO  utils.ExecutionUtils - Chrome Test_with narration Sheet Step validation started...
2023-10-04 11:52:42.006 [main] INFO  utils.ExecutionUtils - Chrome Test_with narration Sheet Step validation Ended
2023-10-04 11:52:42.006 [main] INFO  utils.ExecutionUtils - Edge Test_with audio Sheet Step validation started...
2023-10-04 11:52:42.018 [main] INFO  utils.ExecutionUtils - Edge Test_with audio Sheet Step validation Ended
2023-10-04 11:52:42.018 [main] INFO  utils.ExecutionUtils - Dotnet Test Sheet Step validation started...
2023-10-04 11:52:42.018 [main] INFO  utils.ExecutionUtils - Dotnet Test Sheet Step validation Ended
2023-10-04 11:52:42.018 [main] INFO  utils.ExecutionUtils - Notepad Test Sheet Step validation started...
2023-10-04 11:52:42.033 [main] INFO  utils.ExecutionUtils - Notepad Test Sheet Step validation Ended
2023-10-04 11:52:42.033 [main] INFO  utils.ExecutionUtils - shortcuts Sheet Step validation started...
2023-10-04 11:52:42.049 [main] INFO  utils.ExecutionUtils - shortcuts Sheet Step validation Ended
2023-10-04 11:52:42.049 [main] INFO  utils.ExecutionUtils - Chrome Test_with narration Sheet Step validation started...
2023-10-04 11:52:42.049 [main] INFO  utils.ExecutionUtils - Chrome Test_with narration Sheet Step validation Ended
2023-10-04 11:52:42.049 [main] INFO  utils.ExecutionUtils - CancelPerformance Sheet Step validation started...
2023-10-04 11:52:42.065 [main] INFO  utils.ExecutionUtils - CancelPerformance Sheet Step validation Ended
2023-10-04 11:52:42.065 [main] INFO  utils.ExecutionUtils - openCaptureFile Sheet Step validation started...
2023-10-04 11:52:42.080 [main] INFO  utils.ExecutionUtils - openCaptureFile Sheet Step validation Ended
2023-10-04 11:52:42.080 [main] INFO  utils.ExecutionUtils - SaveAndSaveAs Sheet Step validation started...
2023-10-04 11:52:42.080 [main] INFO  utils.ExecutionUtils - SaveAndSaveAs Sheet Step validation Ended
2023-10-04 11:52:42.080 [main] INFO  utils.ExecutionUtils - D:\Selenium Workspace\TEST\Automation-Framework\NewTestcases\performanceTestcase500.xls Excel File Check ended
2023-10-04 11:52:42.080 [main] INFO  actions.TestcaseExecutor - loadMethods completed.
2023-10-04 11:52:42.080 [main] INFO  actions.TestcaseExecutor - startExecution started...
2023-10-04 11:52:42.410 [main] INFO  utils.XML_Library - Automation settings updation started
2023-10-04 11:52:42.708 [main] INFO  utils.XML_Library - Automation settings updation completed
2023-10-04 11:52:42.724 [main] INFO  epiplex.PerformanceUtils - PerformanceTest500_jar Capture - initializing...
2023-10-04 11:52:42.724 [main] INFO  core.Application - D:\MSI\epiplex\BIN\epiplex.exe is launching...
2023-10-04 11:52:55.617 [main] INFO  core.Application - D:\MSI\epiplex\BIN\epiplex.exe is launched
2023-10-04 11:53:07.632 [main] ERROR actions.ElementFinder - File already exists. Do you want to overwrite? not displyed within 3 s
2023-10-04 11:53:10.880 [main] ERROR actions.ElementFinder - File Name specified is pending to recover and save. Do you want to overwrite the file? not displyed within 3 s
2023-10-04 11:53:34.429 [main] INFO  epiplex.PerformanceUtils - PerformanceTest500_jar Capture - started...
2023-10-04 11:53:34.743 [main] INFO  core.Application - chrome is closing...
2023-10-04 11:53:34.806 [main] INFO  core.Application - C:\Program Files\Google\Chrome\Application\chrome.exe is closed.
2023-10-04 11:53:35.120 [main] INFO  core.Application - msedge is closing...
2023-10-04 11:53:35.184 [main] INFO  core.Application - C:\\Program Files (x86)\\Microsoft\\Edge\\Application\\msedge.exe is closed.
2023-10-04 11:53:35.498 [main] INFO  core.Application - Dotnet App is closing...
2023-10-04 11:53:35.545 [main] INFO  core.Application - D:\\Selenium Workspace\\TEST\\Automation-Framework\\Base-Files\\Epiplex500ERP.exe is closed.
2023-10-04 11:53:35.861 [main] INFO  core.Application - notepad is closing...
2023-10-04 11:53:35.923 [main] INFO  core.Application - C:\\WINDOWS\\SYSTEM32\\notepad.exe is closed.
2023-10-04 11:53:36.237 [main] INFO  core.Application - C:\Program Files\Google\Chrome\Application\chrome.exe is launching...
2023-10-04 11:53:43.076 [main] INFO  core.Application - C:\Program Files\Google\Chrome\Application\chrome.exe is launched
2023-10-04 11:53:45.592 [main] INFO  core.Application - C:\\WINDOWS\\SYSTEM32\\notepad.exe is launching...
2023-10-04 11:53:49.034 [main] INFO  core.Application - C:\\WINDOWS\\SYSTEM32\\notepad.exe is launched
2023-10-04 11:53:51.128 [main] INFO  core.Application - C:\\Program Files (x86)\\Microsoft\\Edge\\Application\\msedge.exe is launching...
2023-10-04 11:53:53.607 [main] INFO  core.Application - C:\\Program Files (x86)\\Microsoft\\Edge\\Application\\msedge.exe is launched
2023-10-04 11:54:04.401 [main] INFO  core.Application - D:\\Selenium Workspace\\TEST\\Automation-Framework\\Base-Files\\Epiplex500ERP.exe is launching...
2023-10-04 11:54:07.827 [main] INFO  core.Application - D:\\Selenium Workspace\\TEST\\Automation-Framework\\Base-Files\\Epiplex500ERP.exe is launched
2023-10-04 11:55:20.961 [main] INFO  core.Application - chrome is closing...
2023-10-04 11:55:22.098 [main] INFO  core.Application - C:\Program Files\Google\Chrome\Application\chrome.exe is closed.
2023-10-04 11:55:22.404 [main] INFO  core.Application - msedge is closing...
2023-10-04 11:55:23.486 [main] INFO  core.Application - C:\\Program Files (x86)\\Microsoft\\Edge\\Application\\msedge.exe is closed.
2023-10-04 11:55:23.800 [main] INFO  core.Application - Dotnet App is closing...
2023-10-04 11:55:24.882 [main] INFO  core.Application - D:\\Selenium Workspace\\TEST\\Automation-Framework\\Base-Files\\Epiplex500ERP.exe is closed.
2023-10-04 11:55:25.212 [main] INFO  core.Application - notepad is closing...
2023-10-04 11:55:26.309 [main] INFO  core.Application - C:\\WINDOWS\\SYSTEM32\\notepad.exe is closed.
2023-10-04 11:55:26.623 [main] INFO  core.Application - chrome is closing...
2023-10-04 11:55:26.654 [main] INFO  core.Application - C:\Program Files\Google\Chrome\Application\chrome.exe is closed.
2023-10-04 11:55:26.968 [main] INFO  core.Application - C:\Program Files\Google\Chrome\Application\chrome.exe is launching...
2023-10-04 11:55:32.816 [main] INFO  core.Application - C:\Program Files\Google\Chrome\Application\chrome.exe is launched
2023-10-04 11:55:59.614 [main] INFO  core.Application - chrome is closing...
2023-10-04 11:56:00.728 [main] INFO  core.Application - C:\Program Files\Google\Chrome\Application\chrome.exe is closed.
2023-10-04 11:56:01.042 [main] INFO  core.Application - msedge is closing...
2023-10-04 11:56:06.390 [main] INFO  core.Application - C:\\Program Files (x86)\\Microsoft\\Edge\\Application\\msedge.exe is closed.
2023-10-04 11:56:06.705 [main] INFO  core.Application - C:\\Program Files (x86)\\Microsoft\\Edge\\Application\\msedge.exe is launching...
2023-10-04 11:56:09.419 [main] INFO  core.Application - C:\\Program Files (x86)\\Microsoft\\Edge\\Application\\msedge.exe is launched
2023-10-04 11:56:36.716 [main] INFO  core.Application - msedge is closing...
2023-10-04 11:56:37.861 [main] INFO  core.Application - C:\\Program Files (x86)\\Microsoft\\Edge\\Application\\msedge.exe is closed.
2023-10-04 11:56:38.174 [main] INFO  core.Application - Dotnet App is closing...
2023-10-04 11:56:38.190 [main] INFO  core.Application - D:\\Selenium Workspace\\TEST\\Automation-Framework\\Base-Files\\Epiplex500ERP.exe is closed.
2023-10-04 11:56:38.504 [main] INFO  core.Application - D:\\Selenium Workspace\\TEST\\Automation-Framework\\Base-Files\\Epiplex500ERP.exe is launching...
2023-10-04 11:56:42.330 [main] INFO  core.Application - D:\\Selenium Workspace\\TEST\\Automation-Framework\\Base-Files\\Epiplex500ERP.exe is launched
2023-10-04 11:57:20.542 [main] INFO  core.Application - Dotnet App is closing...
2023-10-04 11:57:21.657 [main] INFO  core.Application - D:\\Selenium Workspace\\TEST\\Automation-Framework\\Base-Files\\Epiplex500ERP.exe is closed.
2023-10-04 11:57:21.971 [main] INFO  core.Application - notepad is closing...
2023-10-04 11:57:22.002 [main] INFO  core.Application - C:\\WINDOWS\\SYSTEM32\\notepad.exe is closed.
2023-10-04 11:57:22.317 [main] INFO  core.Application - C:\\WINDOWS\\SYSTEM32\\notepad.exe is launching...
2023-10-04 11:57:25.791 [main] INFO  core.Application - C:\\WINDOWS\\SYSTEM32\\notepad.exe is launched
2023-10-04 11:57:48.784 [main] INFO  core.Application - notepad is closing...
2023-10-04 11:57:49.914 [main] INFO  core.Application - C:\\WINDOWS\\SYSTEM32\\notepad.exe is closed.
2023-10-04 11:57:50.228 [main] INFO  core.Application - chrome is closing...
2023-10-04 11:57:50.275 [main] INFO  core.Application - C:\Program Files\Google\Chrome\Application\chrome.exe is closed.
2023-10-04 11:57:50.589 [main] INFO  core.Application - msedge is closing...
2023-10-04 11:57:55.917 [main] INFO  core.Application - C:\\Program Files (x86)\\Microsoft\\Edge\\Application\\msedge.exe is closed.
2023-10-04 11:57:56.231 [main] INFO  core.Application - Dotnet App is closing...
2023-10-04 11:57:56.263 [main] INFO  core.Application - D:\\Selenium Workspace\\TEST\\Automation-Framework\\Base-Files\\Epiplex500ERP.exe is closed.
2023-10-04 11:57:56.577 [main] INFO  core.Application - notepad is closing...
2023-10-04 11:57:56.624 [main] INFO  core.Application - C:\\WINDOWS\\SYSTEM32\\notepad.exe is closed.
2023-10-04 11:57:56.938 [main] INFO  core.Application - C:\Program Files\Google\Chrome\Application\chrome.exe is launching...
2023-10-04 11:58:02.835 [main] INFO  core.Application - C:\Program Files\Google\Chrome\Application\chrome.exe is launched
2023-10-04 11:58:05.240 [main] INFO  core.Application - C:\\WINDOWS\\SYSTEM32\\notepad.exe is launching...
2023-10-04 11:58:08.673 [main] INFO  core.Application - C:\\WINDOWS\\SYSTEM32\\notepad.exe is launched
2023-10-04 11:58:10.817 [main] INFO  core.Application - C:\\Program Files (x86)\\Microsoft\\Edge\\Application\\msedge.exe is launching...
2023-10-04 11:58:13.608 [main] INFO  core.Application - C:\\Program Files (x86)\\Microsoft\\Edge\\Application\\msedge.exe is launched
2023-10-04 11:58:18.862 [main] INFO  core.Application - D:\\Selenium Workspace\\TEST\\Automation-Framework\\Base-Files\\Epiplex500ERP.exe is launching...
2023-10-04 11:58:22.341 [main] INFO  core.Application - D:\\Selenium Workspace\\TEST\\Automation-Framework\\Base-Files\\Epiplex500ERP.exe is launched
2023-10-04 11:59:37.439 [main] INFO  core.Application - chrome is closing...
2023-10-04 11:59:38.536 [main] INFO  core.Application - C:\Program Files\Google\Chrome\Application\chrome.exe is closed.
2023-10-04 11:59:38.850 [main] INFO  core.Application - msedge is closing...
2023-10-04 11:59:39.948 [main] INFO  core.Application - C:\\Program Files (x86)\\Microsoft\\Edge\\Application\\msedge.exe is closed.
2023-10-04 11:59:40.262 [main] INFO  core.Application - Dotnet App is closing...
2023-10-04 11:59:41.345 [main] INFO  core.Application - D:\\Selenium Workspace\\TEST\\Automation-Framework\\Base-Files\\Epiplex500ERP.exe is closed.
2023-10-04 11:59:41.658 [main] INFO  core.Application - notepad is closing...
2023-10-04 11:59:42.818 [main] INFO  core.Application - C:\\WINDOWS\\SYSTEM32\\notepad.exe is closed.
2023-10-04 11:59:43.148 [main] INFO  core.Application - chrome is closing...
2023-10-04 11:59:43.226 [main] INFO  core.Application - C:\Program Files\Google\Chrome\Application\chrome.exe is closed.
2023-10-04 11:59:43.541 [main] INFO  core.Application - C:\Program Files\Google\Chrome\Application\chrome.exe is launching...
2023-10-04 11:59:49.577 [main] INFO  core.Application - C:\Program Files\Google\Chrome\Application\chrome.exe is launched
2023-10-04 12:00:17.637 [main] INFO  core.Application - chrome is closing...
2023-10-04 12:00:18.735 [main] INFO  core.Application - C:\Program Files\Google\Chrome\Application\chrome.exe is closed.
2023-10-04 12:00:19.049 [main] INFO  core.Application - msedge is closing...
2023-10-04 12:00:24.416 [main] INFO  core.Application - C:\\Program Files (x86)\\Microsoft\\Edge\\Application\\msedge.exe is closed.
2023-10-04 12:00:24.730 [main] INFO  core.Application - C:\\Program Files (x86)\\Microsoft\\Edge\\Application\\msedge.exe is launching...
2023-10-04 12:00:27.371 [main] INFO  core.Application - C:\\Program Files (x86)\\Microsoft\\Edge\\Application\\msedge.exe is launched
2023-10-04 12:00:55.121 [main] INFO  core.Application - msedge is closing...
2023-10-04 12:00:56.251 [main] INFO  core.Application - C:\\Program Files (x86)\\Microsoft\\Edge\\Application\\msedge.exe is closed.
2023-10-04 12:00:56.565 [main] INFO  core.Application - Dotnet App is closing...
2023-10-04 12:00:56.580 [main] INFO  core.Application - D:\\Selenium Workspace\\TEST\\Automation-Framework\\Base-Files\\Epiplex500ERP.exe is closed.
2023-10-04 12:00:56.894 [main] INFO  core.Application - D:\\Selenium Workspace\\TEST\\Automation-Framework\\Base-Files\\Epiplex500ERP.exe is launching...
2023-10-04 12:01:00.752 [main] INFO  core.Application - D:\\Selenium Workspace\\TEST\\Automation-Framework\\Base-Files\\Epiplex500ERP.exe is launched
2023-10-04 12:01:38.521 [main] INFO  core.Application - Dotnet App is closing...
2023-10-04 12:01:39.661 [main] INFO  core.Application - D:\\Selenium Workspace\\TEST\\Automation-Framework\\Base-Files\\Epiplex500ERP.exe is closed.
2023-10-04 12:01:39.975 [main] INFO  core.Application - notepad is closing...
2023-10-04 12:01:40.022 [main] INFO  core.Application - C:\\WINDOWS\\SYSTEM32\\notepad.exe is closed.
2023-10-04 12:01:40.337 [main] INFO  core.Application - C:\\WINDOWS\\SYSTEM32\\notepad.exe is launching...
2023-10-04 12:01:43.806 [main] INFO  core.Application - C:\\WINDOWS\\SYSTEM32\\notepad.exe is launched
2023-10-04 12:02:06.985 [main] INFO  core.Application - notepad is closing...
2023-10-04 12:02:08.115 [main] INFO  core.Application - C:\\WINDOWS\\SYSTEM32\\notepad.exe is closed.
2023-10-04 12:02:08.430 [main] INFO  core.Application - chrome is closing...
2023-10-04 12:02:08.476 [main] INFO  core.Application - C:\Program Files\Google\Chrome\Application\chrome.exe is closed.
2023-10-04 12:02:08.790 [main] INFO  core.Application - msedge is closing...
2023-10-04 12:02:14.148 [main] INFO  core.Application - C:\\Program Files (x86)\\Microsoft\\Edge\\Application\\msedge.exe is closed.
2023-10-04 12:02:14.478 [main] INFO  core.Application - Dotnet App is closing...
2023-10-04 12:02:14.525 [main] INFO  core.Application - D:\\Selenium Workspace\\TEST\\Automation-Framework\\Base-Files\\Epiplex500ERP.exe is closed.
2023-10-04 12:02:14.839 [main] INFO  core.Application - notepad is closing...
2023-10-04 12:02:14.886 [main] INFO  core.Application - C:\\WINDOWS\\SYSTEM32\\notepad.exe is closed.
2023-10-04 12:02:15.200 [main] INFO  core.Application - C:\Program Files\Google\Chrome\Application\chrome.exe is launching...
2023-10-04 12:02:21.114 [main] INFO  core.Application - C:\Program Files\Google\Chrome\Application\chrome.exe is launched
2023-10-04 12:02:23.513 [main] INFO  core.Application - C:\\WINDOWS\\SYSTEM32\\notepad.exe is launching...
2023-10-04 12:02:26.986 [main] INFO  core.Application - C:\\WINDOWS\\SYSTEM32\\notepad.exe is launched
2023-10-04 12:02:29.170 [main] INFO  core.Application - C:\\Program Files (x86)\\Microsoft\\Edge\\Application\\msedge.exe is launching...
2023-10-04 12:02:31.893 [main] INFO  core.Application - C:\\Program Files (x86)\\Microsoft\\Edge\\Application\\msedge.exe is launched
2023-10-04 12:02:36.759 [main] INFO  core.Application - D:\\Selenium Workspace\\TEST\\Automation-Framework\\Base-Files\\Epiplex500ERP.exe is launching...
2023-10-04 12:02:40.346 [main] INFO  core.Application - D:\\Selenium Workspace\\TEST\\Automation-Framework\\Base-Files\\Epiplex500ERP.exe is launched
2023-10-04 12:03:54.125 [main] INFO  core.Application - chrome is closing...
2023-10-04 12:03:55.239 [main] INFO  core.Application - C:\Program Files\Google\Chrome\Application\chrome.exe is closed.
2023-10-04 12:03:55.553 [main] INFO  core.Application - msedge is closing...
2023-10-04 12:03:56.682 [main] INFO  core.Application - C:\\Program Files (x86)\\Microsoft\\Edge\\Application\\msedge.exe is closed.
2023-10-04 12:03:56.996 [main] INFO  core.Application - Dotnet App is closing...
2023-10-04 12:03:58.094 [main] INFO  core.Application - D:\\Selenium Workspace\\TEST\\Automation-Framework\\Base-Files\\Epiplex500ERP.exe is closed.
2023-10-04 12:03:58.408 [main] INFO  core.Application - notepad is closing...
2023-10-04 12:03:59.583 [main] INFO  core.Application - C:\\WINDOWS\\SYSTEM32\\notepad.exe is closed.
2023-10-04 12:03:59.897 [main] INFO  core.Application - chrome is closing...
2023-10-04 12:03:59.929 [main] INFO  core.Application - C:\Program Files\Google\Chrome\Application\chrome.exe is closed.
2023-10-04 12:04:00.242 [main] INFO  core.Application - C:\Program Files\Google\Chrome\Application\chrome.exe is launching...
2023-10-04 12:04:06.222 [main] INFO  core.Application - C:\Program Files\Google\Chrome\Application\chrome.exe is launched
2023-10-04 12:04:32.849 [main] INFO  core.Application - chrome is closing...
2023-10-04 12:04:33.964 [main] INFO  core.Application - C:\Program Files\Google\Chrome\Application\chrome.exe is closed.
2023-10-04 12:04:34.294 [main] INFO  epiplex.PerformanceUtils - Capture save initializing...
2023-10-04 12:04:42.482 [main] ERROR actions.ElementFinder - Saving capture file not vanished within 3 s
2023-10-04 12:04:46.135 [main] ERROR actions.ElementFinder - Saving capture file not vanished within 3 s
2023-10-04 12:04:49.147 [main] ERROR actions.ElementFinder - Saving capture file not vanished within 3 s
2023-10-04 12:04:55.988 [main] ERROR actions.ElementFinder - Saving capture file not vanished within 3 s
2023-10-04 12:05:00.582 [main] ERROR actions.ElementFinder - Saving capture file not vanished within 3 s
2023-10-04 12:05:10.748 [main] ERROR actions.ElementFinder - Saving capture file not vanished within 3 s
2023-10-04 12:05:15.356 [main] INFO  core.Application - Epiplex is closing...
2023-10-04 12:05:16.465 [main] INFO  core.Application - D:\MSI\epiplex\BIN\epiplex.exe is closed.
2023-10-04 12:05:16.465 [main] INFO  epiplex.PerformanceUtils - Capture save completed.
2023-10-04 12:05:17.093 [main] INFO  utils.XML_Library - Automation settings updation started
2023-10-04 12:05:17.297 [main] INFO  utils.XML_Library - Automation settings updation completed
2023-10-04 12:05:17.297 [main] INFO  core.Application - D:\MSI\epiplex\BIN\epiplex.exe is launching...
2023-10-04 12:05:25.804 [main] INFO  core.Application - D:\MSI\epiplex\BIN\epiplex.exe is launched
2023-10-04 12:05:36.022 [main] ERROR actions.ElementFinder - File already exists. Do you want to overwrite? not displyed within 3 s
2023-10-04 12:05:39.191 [main] ERROR actions.ElementFinder - File Name specified is pending to recover and save. Do you want to overwrite the file? not displyed within 3 s
2023-10-04 12:05:58.785 [main] INFO  core.Application - chrome is closing...
2023-10-04 12:05:58.848 [main] INFO  core.Application - C:\Program Files\Google\Chrome\Application\chrome.exe is closed.
2023-10-04 12:05:59.162 [main] INFO  core.Application - msedge is closing...
2023-10-04 12:06:04.483 [main] INFO  core.Application - C:\\Program Files (x86)\\Microsoft\\Edge\\Application\\msedge.exe is closed.
2023-10-04 12:06:04.797 [main] INFO  core.Application - Dotnet App is closing...
2023-10-04 12:06:04.844 [main] INFO  core.Application - D:\\Selenium Workspace\\TEST\\Automation-Framework\\Base-Files\\Epiplex500ERP.exe is closed.
2023-10-04 12:06:05.158 [main] INFO  core.Application - notepad is closing...
2023-10-04 12:06:05.205 [main] INFO  core.Application - C:\\WINDOWS\\SYSTEM32\\notepad.exe is closed.
2023-10-04 12:06:05.519 [main] INFO  core.Application - C:\Program Files\Google\Chrome\Application\chrome.exe is launching...
2023-10-04 12:06:11.131 [main] INFO  core.Application - C:\Program Files\Google\Chrome\Application\chrome.exe is launched
2023-10-04 12:06:13.569 [main] INFO  core.Application - C:\\WINDOWS\\SYSTEM32\\notepad.exe is launching...
2023-10-04 12:06:17.145 [main] INFO  core.Application - C:\\WINDOWS\\SYSTEM32\\notepad.exe is launched
2023-10-04 12:06:19.274 [main] INFO  core.Application - C:\\Program Files (x86)\\Microsoft\\Edge\\Application\\msedge.exe is launching...
2023-10-04 12:06:21.947 [main] INFO  core.Application - C:\\Program Files (x86)\\Microsoft\\Edge\\Application\\msedge.exe is launched
2023-10-04 12:06:26.553 [main] INFO  core.Application - D:\\Selenium Workspace\\TEST\\Automation-Framework\\Base-Files\\Epiplex500ERP.exe is launching...
2023-10-04 12:06:30.008 [main] INFO  core.Application - D:\\Selenium Workspace\\TEST\\Automation-Framework\\Base-Files\\Epiplex500ERP.exe is launched
2023-10-04 12:07:43.635 [main] INFO  core.Application - chrome is closing...
2023-10-04 12:07:44.734 [main] INFO  core.Application - C:\Program Files\Google\Chrome\Application\chrome.exe is closed.
2023-10-04 12:07:45.049 [main] INFO  core.Application - msedge is closing...
2023-10-04 12:07:46.178 [main] INFO  core.Application - C:\\Program Files (x86)\\Microsoft\\Edge\\Application\\msedge.exe is closed.
2023-10-04 12:07:46.492 [main] INFO  core.Application - Dotnet App is closing...
2023-10-04 12:07:47.574 [main] INFO  core.Application - D:\\Selenium Workspace\\TEST\\Automation-Framework\\Base-Files\\Epiplex500ERP.exe is closed.
2023-10-04 12:07:47.903 [main] INFO  core.Application - notepad is closing...
2023-10-04 12:07:49.032 [main] INFO  core.Application - C:\\WINDOWS\\SYSTEM32\\notepad.exe is closed.
2023-10-04 12:07:49.362 [main] INFO  core.Application - chrome is closing...
2023-10-04 12:07:49.471 [main] INFO  core.Application - C:\Program Files\Google\Chrome\Application\chrome.exe is closed.
2023-10-04 12:07:49.785 [main] INFO  core.Application - C:\Program Files\Google\Chrome\Application\chrome.exe is launching...
2023-10-04 12:07:55.625 [main] INFO  core.Application - C:\Program Files\Google\Chrome\Application\chrome.exe is launched
2023-10-04 12:08:22.286 [main] INFO  core.Application - chrome is closing...
2023-10-04 12:08:23.401 [main] INFO  core.Application - C:\Program Files\Google\Chrome\Application\chrome.exe is closed.
2023-10-04 12:08:23.730 [main] INFO  core.Application - msedge is closing...
2023-10-04 12:08:29.077 [main] INFO  core.Application - C:\\Program Files (x86)\\Microsoft\\Edge\\Application\\msedge.exe is closed.
2023-10-04 12:08:29.391 [main] INFO  core.Application - C:\\Program Files (x86)\\Microsoft\\Edge\\Application\\msedge.exe is launching...
2023-10-04 12:08:31.819 [main] INFO  core.Application - C:\\Program Files (x86)\\Microsoft\\Edge\\Application\\msedge.exe is launched
2023-10-04 12:08:58.550 [main] INFO  core.Application - msedge is closing...
2023-10-04 12:08:59.633 [main] INFO  core.Application - C:\\Program Files (x86)\\Microsoft\\Edge\\Application\\msedge.exe is closed.
2023-10-04 12:08:59.946 [main] INFO  core.Application - Dotnet App is closing...
2023-10-04 12:08:59.962 [main] INFO  core.Application - D:\\Selenium Workspace\\TEST\\Automation-Framework\\Base-Files\\Epiplex500ERP.exe is closed.
2023-10-04 12:09:00.276 [main] INFO  core.Application - D:\\Selenium Workspace\\TEST\\Automation-Framework\\Base-Files\\Epiplex500ERP.exe is launching...
2023-10-04 12:09:03.883 [main] INFO  core.Application - D:\\Selenium Workspace\\TEST\\Automation-Framework\\Base-Files\\Epiplex500ERP.exe is launched
2023-10-04 12:09:41.438 [main] INFO  core.Application - Dotnet App is closing...
2023-10-04 12:09:42.542 [main] INFO  core.Application - D:\\Selenium Workspace\\TEST\\Automation-Framework\\Base-Files\\Epiplex500ERP.exe is closed.
2023-10-04 12:09:42.856 [main] INFO  core.Application - notepad is closing...
2023-10-04 12:09:42.903 [main] INFO  core.Application - C:\\WINDOWS\\SYSTEM32\\notepad.exe is closed.
2023-10-04 12:09:43.217 [main] INFO  core.Application - C:\\WINDOWS\\SYSTEM32\\notepad.exe is launching...
2023-10-04 12:09:46.695 [main] INFO  core.Application - C:\\WINDOWS\\SYSTEM32\\notepad.exe is launched
2023-10-04 12:10:09.610 [main] INFO  core.Application - notepad is closing...
2023-10-04 12:10:10.709 [main] INFO  core.Application - C:\\WINDOWS\\SYSTEM32\\notepad.exe is closed.
2023-10-04 12:10:11.024 [main] INFO  core.Application - chrome is closing...
2023-10-04 12:10:11.055 [main] INFO  core.Application - C:\Program Files\Google\Chrome\Application\chrome.exe is closed.
2023-10-04 12:10:11.369 [main] INFO  core.Application - msedge is closing...
2023-10-04 12:10:16.740 [main] INFO  core.Application - C:\\Program Files (x86)\\Microsoft\\Edge\\Application\\msedge.exe is closed.
2023-10-04 12:10:17.053 [main] INFO  core.Application - Dotnet App is closing...
2023-10-04 12:10:17.085 [main] INFO  core.Application - D:\\Selenium Workspace\\TEST\\Automation-Framework\\Base-Files\\Epiplex500ERP.exe is closed.
2023-10-04 12:10:17.399 [main] INFO  core.Application - notepad is closing...
2023-10-04 12:10:17.446 [main] INFO  core.Application - C:\\WINDOWS\\SYSTEM32\\notepad.exe is closed.
2023-10-04 12:10:17.760 [main] INFO  core.Application - C:\Program Files\Google\Chrome\Application\chrome.exe is launching...
2023-10-04 12:10:23.582 [main] INFO  core.Application - C:\Program Files\Google\Chrome\Application\chrome.exe is launched
2023-10-04 12:10:25.985 [main] INFO  core.Application - C:\\WINDOWS\\SYSTEM32\\notepad.exe is launching...
2023-10-04 12:10:29.423 [main] INFO  core.Application - C:\\WINDOWS\\SYSTEM32\\notepad.exe is launched
2023-10-04 12:10:31.562 [main] INFO  core.Application - C:\\Program Files (x86)\\Microsoft\\Edge\\Application\\msedge.exe is launching...
2023-10-04 12:10:34.278 [main] INFO  core.Application - C:\\Program Files (x86)\\Microsoft\\Edge\\Application\\msedge.exe is launched
2023-10-04 12:10:38.954 [main] INFO  core.Application - D:\\Selenium Workspace\\TEST\\Automation-Framework\\Base-Files\\Epiplex500ERP.exe is launching...
2023-10-04 12:10:42.465 [main] INFO  core.Application - D:\\Selenium Workspace\\TEST\\Automation-Framework\\Base-Files\\Epiplex500ERP.exe is launched
2023-10-04 12:11:56.936 [main] INFO  core.Application - chrome is closing...
2023-10-04 12:11:58.035 [main] INFO  core.Application - C:\Program Files\Google\Chrome\Application\chrome.exe is closed.
2023-10-04 12:11:58.348 [main] INFO  core.Application - msedge is closing...
2023-10-04 12:11:59.431 [main] INFO  core.Application - C:\\Program Files (x86)\\Microsoft\\Edge\\Application\\msedge.exe is closed.
2023-10-04 12:11:59.744 [main] INFO  core.Application - Dotnet App is closing...
2023-10-04 12:12:00.827 [main] INFO  core.Application - D:\\Selenium Workspace\\TEST\\Automation-Framework\\Base-Files\\Epiplex500ERP.exe is closed.
2023-10-04 12:12:01.140 [main] INFO  core.Application - notepad is closing...
2023-10-04 12:12:02.223 [main] INFO  core.Application - C:\\WINDOWS\\SYSTEM32\\notepad.exe is closed.
2023-10-04 12:12:02.537 [main] INFO  core.Application - chrome is closing...
2023-10-04 12:12:02.552 [main] INFO  core.Application - C:\Program Files\Google\Chrome\Application\chrome.exe is closed.
2023-10-04 12:12:02.882 [main] INFO  core.Application - C:\Program Files\Google\Chrome\Application\chrome.exe is launching...
2023-10-04 12:12:10.249 [main] INFO  core.Application - C:\Program Files\Google\Chrome\Application\chrome.exe is launched
2023-10-04 12:12:37.053 [main] INFO  core.Application - chrome is closing...
2023-10-04 12:12:38.150 [main] INFO  core.Application - C:\Program Files\Google\Chrome\Application\chrome.exe is closed.
2023-10-04 12:12:38.481 [main] INFO  core.Application - msedge is closing...
2023-10-04 12:12:43.741 [main] INFO  core.Application - C:\\Program Files (x86)\\Microsoft\\Edge\\Application\\msedge.exe is closed.
2023-10-04 12:12:44.057 [main] INFO  core.Application - C:\\Program Files (x86)\\Microsoft\\Edge\\Application\\msedge.exe is launching...
2023-10-04 12:12:46.804 [main] INFO  core.Application - C:\\Program Files (x86)\\Microsoft\\Edge\\Application\\msedge.exe is launched
2023-10-04 12:13:13.614 [main] INFO  core.Application - msedge is closing...
2023-10-04 12:13:14.744 [main] INFO  core.Application - C:\\Program Files (x86)\\Microsoft\\Edge\\Application\\msedge.exe is closed.
2023-10-04 12:13:15.057 [main] INFO  core.Application - Dotnet App is closing...
2023-10-04 12:13:15.073 [main] INFO  core.Application - D:\\Selenium Workspace\\TEST\\Automation-Framework\\Base-Files\\Epiplex500ERP.exe is closed.
2023-10-04 12:13:15.387 [main] INFO  core.Application - D:\\Selenium Workspace\\TEST\\Automation-Framework\\Base-Files\\Epiplex500ERP.exe is launching...
2023-10-04 12:13:19.151 [main] INFO  core.Application - D:\\Selenium Workspace\\TEST\\Automation-Framework\\Base-Files\\Epiplex500ERP.exe is launched
2023-10-04 12:13:57.717 [main] INFO  core.Application - Dotnet App is closing...
2023-10-04 12:13:58.831 [main] INFO  core.Application - D:\\Selenium Workspace\\TEST\\Automation-Framework\\Base-Files\\Epiplex500ERP.exe is closed.
2023-10-04 12:13:59.145 [main] INFO  core.Application - notepad is closing...
2023-10-04 12:13:59.192 [main] INFO  core.Application - C:\\WINDOWS\\SYSTEM32\\notepad.exe is closed.
2023-10-04 12:13:59.507 [main] INFO  core.Application - C:\\WINDOWS\\SYSTEM32\\notepad.exe is launching...
2023-10-04 12:14:03.038 [main] INFO  core.Application - C:\\WINDOWS\\SYSTEM32\\notepad.exe is launched
2023-10-04 12:14:26.689 [main] INFO  core.Application - notepad is closing...
2023-10-04 12:14:27.820 [main] INFO  core.Application - C:\\WINDOWS\\SYSTEM32\\notepad.exe is closed.
2023-10-04 12:14:28.134 [main] INFO  core.Application - chrome is closing...
2023-10-04 12:14:28.181 [main] INFO  core.Application - C:\Program Files\Google\Chrome\Application\chrome.exe is closed.
2023-10-04 12:14:28.510 [main] INFO  core.Application - msedge is closing...
2023-10-04 12:14:33.853 [main] INFO  core.Application - C:\\Program Files (x86)\\Microsoft\\Edge\\Application\\msedge.exe is closed.
2023-10-04 12:14:34.169 [main] INFO  core.Application - Dotnet App is closing...
2023-10-04 12:14:34.216 [main] INFO  core.Application - D:\\Selenium Workspace\\TEST\\Automation-Framework\\Base-Files\\Epiplex500ERP.exe is closed.
2023-10-04 12:14:34.532 [main] INFO  core.Application - notepad is closing...
2023-10-04 12:14:34.579 [main] INFO  core.Application - C:\\WINDOWS\\SYSTEM32\\notepad.exe is closed.
2023-10-04 12:14:34.893 [main] INFO  core.Application - C:\Program Files\Google\Chrome\Application\chrome.exe is launching...
2023-10-04 12:14:40.755 [main] INFO  core.Application - C:\Program Files\Google\Chrome\Application\chrome.exe is launched
2023-10-04 12:14:43.173 [main] INFO  core.Application - C:\\WINDOWS\\SYSTEM32\\notepad.exe is launching...
2023-10-04 12:14:46.657 [main] INFO  core.Application - C:\\WINDOWS\\SYSTEM32\\notepad.exe is launched
2023-10-04 12:14:48.879 [main] INFO  core.Application - C:\\Program Files (x86)\\Microsoft\\Edge\\Application\\msedge.exe is launching...
2023-10-04 12:14:51.985 [main] INFO  core.Application - C:\\Program Files (x86)\\Microsoft\\Edge\\Application\\msedge.exe is launched
2023-10-04 12:14:57.498 [main] INFO  core.Application - D:\\Selenium Workspace\\TEST\\Automation-Framework\\Base-Files\\Epiplex500ERP.exe is launching...
2023-10-04 12:15:01.061 [main] INFO  core.Application - D:\\Selenium Workspace\\TEST\\Automation-Framework\\Base-Files\\Epiplex500ERP.exe is launched
2023-10-04 12:16:16.249 [main] INFO  core.Application - chrome is closing...
2023-10-04 12:16:17.363 [main] INFO  core.Application - C:\Program Files\Google\Chrome\Application\chrome.exe is closed.
2023-10-04 12:16:17.677 [main] INFO  core.Application - msedge is closing...
2023-10-04 12:16:18.807 [main] INFO  core.Application - C:\\Program Files (x86)\\Microsoft\\Edge\\Application\\msedge.exe is closed.
2023-10-04 12:16:19.120 [main] INFO  core.Application - Dotnet App is closing...
2023-10-04 12:16:20.218 [main] INFO  core.Application - D:\\Selenium Workspace\\TEST\\Automation-Framework\\Base-Files\\Epiplex500ERP.exe is closed.
2023-10-04 12:16:20.532 [main] INFO  core.Application - notepad is closing