2023-12-11 11:30:10.828 [main] INFO  actions.TestcaseExecutor - createProjectSetup started...
2023-12-11 11:30:10.831 [main] INFO  utils.ProjectConfiguration - Logs Folder Already exists...!
2023-12-11 11:30:10.832 [main] INFO  utils.ProjectConfiguration - CleanFolders Started
2023-12-11 11:30:10.839 [main] INFO  utils.ProjectConfiguration - Screenshots Folder Cleaned Successfully
2023-12-11 11:30:10.877 [main] INFO  utils.ProjectConfiguration - TransformedGPS Folder Cleaned Successfully
2023-12-11 11:30:10.877 [main] INFO  utils.ProjectConfiguration - CleanFolders Completed
2023-12-11 11:30:10.877 [main] INFO  utils.ProjectConfiguration - Folders Creation Started
2023-12-11 11:30:10.877 [main] INFO  utils.ProjectConfiguration - Report Folder Already exists...!
2023-12-11 11:30:10.877 [main] INFO  utils.ProjectConfiguration - Capture Images Folder Already exists...!
2023-12-11 11:30:10.877 [main] INFO  utils.ProjectConfiguration - Screenshots Folder Already exists...!
2023-12-11 11:30:10.878 [main] INFO  utils.ProjectConfiguration - Sikuli-Images Folder Already exists...!
2023-12-11 11:30:10.878 [main] INFO  utils.ProjectConfiguration - ExcelHolder Folder Already exists...!
2023-12-11 11:30:10.878 [main] INFO  utils.ProjectConfiguration - TransformedGPS Folder Already exists...!
2023-12-11 11:30:10.878 [main] INFO  utils.ProjectConfiguration - Base-Files Folder Already exists...!
2023-12-11 11:30:10.879 [main] INFO  utils.ProjectConfiguration - config Folder Already exists...!
2023-12-11 11:30:10.879 [main] INFO  utils.ProjectConfiguration - Folders Creation Completed
2023-12-11 11:30:10.879 [main] INFO  utils.ExecutionUtils - loadSettings started
2023-12-11 11:30:12.783 [main] INFO  utils.ExecutionUtils - loadSettings completed
2023-12-11 11:30:12.783 [main] INFO  utils.ProjectConfiguration - Logs Folder Already exists...!
2023-12-11 11:30:12.784 [main] INFO  utils.ProjectConfiguration - CleanFolders Started
2023-12-11 11:30:12.784 [main] INFO  utils.ProjectConfiguration - Screenshots Folder Cleaned Successfully
2023-12-11 11:30:12.785 [main] INFO  utils.ProjectConfiguration - TransformedGPS Folder Cleaned Successfully
2023-12-11 11:30:12.786 [main] INFO  utils.ProjectConfiguration - CleanFolders Completed
2023-12-11 11:30:12.786 [main] INFO  utils.ProjectConfiguration - Folders Creation Started
2023-12-11 11:30:12.786 [main] INFO  utils.ProjectConfiguration - Report Folder Already exists...!
2023-12-11 11:30:12.787 [main] INFO  utils.ProjectConfiguration - Capture Images Folder Already exists...!
2023-12-11 11:30:12.787 [main] INFO  utils.ProjectConfiguration - Screenshots Folder Already exists...!
2023-12-11 11:30:12.787 [main] INFO  utils.ProjectConfiguration - Sikuli-Images Folder Already exists...!
2023-12-11 11:30:12.788 [main] INFO  utils.ProjectConfiguration - ExcelHolder Folder Already exists...!
2023-12-11 11:30:12.788 [main] INFO  utils.ProjectConfiguration - TransformedGPS Folder Already exists...!
2023-12-11 11:30:12.788 [main] INFO  utils.ProjectConfiguration - Base-Files Folder Already exists...!
2023-12-11 11:30:12.788 [main] INFO  utils.ProjectConfiguration - config Folder Already exists...!
2023-12-11 11:30:12.789 [main] INFO  utils.ProjectConfiguration - Folders Creation Completed
2023-12-11 11:30:12.789 [main] INFO  utils.ProjectConfiguration - Report Setup Started
2023-12-11 11:30:13.022 [main] INFO  utils.ProjectConfiguration - Report Setup Completed
2023-12-11 11:30:13.022 [main] INFO  utils.ExecutionUtils - Get execution sheets started
2023-12-11 11:30:13.099 [main] INFO  utils.ExecutionUtils - Get execution sheets completed
2023-12-11 11:30:13.208 [main] INFO  actions.TestcaseExecutor - createProjectSetup completed.
2023-12-11 11:30:13.208 [main] INFO  actions.TestcaseExecutor - loadMethods started...
2023-12-11 11:30:13.210 [main] INFO  utils.ExecutionUtils - D:\Selenium Workspace\Framework\Automation Project\Finalized\Upgrade.xls Excel File check started...
2023-12-11 11:30:14.491 [main] INFO  utils.ExecutionUtils - upgrade Sheet Step validation started...
2023-12-11 11:30:14.547 [main] INFO  utils.ExecutionUtils - upgrade Sheet Step validation Ended
2023-12-11 11:30:14.547 [main] INFO  utils.ExecutionUtils - D:\Selenium Workspace\Framework\Automation Project\Finalized\Upgrade.xls Excel File Check ended
2023-12-11 11:30:14.547 [main] INFO  actions.TestcaseExecutor - loadMethods completed.
2023-12-11 11:30:14.548 [main] INFO  actions.TestcaseExecutor - startExecution started...
2023-12-11 11:30:14.869 [main] INFO  utils.ExecutionUtils - Load backup setting xml paths started
2023-12-11 11:30:14.872 [main] INFO  utils.ExecutionUtils - Load backup settings paths completed
2023-12-11 11:30:15.184 [main] INFO  utils.ExecutionUtils - Load XML paths started..
2023-12-11 11:30:15.262 [main] INFO  utils.ExecutionUtils - Load XML paths Completed..
2023-12-11 11:30:15.577 [main] INFO  utils.XML_Library - Offline Upgrade check started...
2023-12-11 11:30:15.578 [main] INFO  utils.XML_Library - NewCapturePrefernce.xml -upgrade check started...
2023-12-11 11:30:15.578 [main] INFO  utils.XML_Library - transform Upgrde GPS started for-BaseXML-config/NewCapturePreferences.xsl
2023-12-11 11:30:15.930 [main] INFO  utils.XML_Library - transform Upgrde GPS Completed-BaseXML-config/NewCapturePreferences.xsl
2023-12-11 11:30:15.930 [main] INFO  utils.XML_Library - transform Upgrde GPS started for-CurrentXMl-config/NewCapturePreferences.xsl
2023-12-11 11:30:16.002 [main] INFO  utils.XML_Library - transform Upgrde GPS Completed-CurrentXMl-config/NewCapturePreferences.xsl
2023-12-11 11:30:16.047 [main] INFO  utils.XML_Library - NewCapturePrefernce.xml -upgrade check completed...
2023-12-11 11:30:16.047 [main] INFO  utils.XML_Library - NewCapturePreference.xml -upgrade check started...
2023-12-11 11:30:16.048 [main] INFO  utils.XML_Library - transform Upgrde GPS started for-BaseXML-config/NewCapturePreferences.xsl
2023-12-11 11:30:16.107 [main] INFO  utils.XML_Library - transform Upgrde GPS Completed-BaseXML-config/NewCapturePreferences.xsl
2023-12-11 11:30:16.107 [main] INFO  utils.XML_Library - transform Upgrde GPS started for-CurrentXMl-config/NewCapturePreferences.xsl
2023-12-11 11:30:16.147 [main] INFO  utils.XML_Library - transform Upgrde GPS Completed-CurrentXMl-config/NewCapturePreferences.xsl
2023-12-11 11:30:16.165 [main] INFO  utils.XML_Library - NewCapturePreference.xml -upgrade check completed...
2023-12-11 11:30:16.165 [main] INFO  utils.XML_Library - AutoSecurityKeys.xml -upgrade check started...
2023-12-11 11:30:16.165 [main] INFO  utils.XML_Library - transform Upgrde GPS started for-BaseXML-config/OfflineUpgrade.xsl
2023-12-11 11:30:16.923 [main] INFO  utils.XML_Library - transform Upgrde GPS Completed-BaseXML-config/OfflineUpgrade.xsl
2023-12-11 11:30:16.924 [main] INFO  utils.XML_Library - transform Upgrde GPS started for-CurrentXMl-config/OfflineUpgrade.xsl
2023-12-11 11:30:16.967 [main] INFO  utils.XML_Library - transform Upgrde GPS Completed-CurrentXMl-config/OfflineUpgrade.xsl
2023-12-11 11:30:16.985 [main] INFO  utils.XML_Library - AutoSecurityKeys.xml -upgrade check completed...
2023-12-11 11:30:16.986 [main] INFO  utils.XML_Library - ExclusionFilter.xml -upgrade check started...
2023-12-11 11:30:16.987 [main] INFO  utils.XML_Library - transform Upgrde GPS started for-BaseXML-config/OfflineUpgrade.xsl
2023-12-11 11:30:17.055 [main] INFO  utils.XML_Library - transform Upgrde GPS Completed-BaseXML-config/OfflineUpgrade.xsl
2023-12-11 11:30:17.056 [main] INFO  utils.XML_Library - transform Upgrde GPS started for-CurrentXMl-config/OfflineUpgrade.xsl
2023-12-11 11:30:17.119 [main] INFO  utils.XML_Library - transform Upgrde GPS Completed-CurrentXMl-config/OfflineUpgrade.xsl
2023-12-11 11:30:17.129 [main] INFO  utils.XML_Library - ExclusionFilter.xml -upgrade check completed...
2023-12-11 11:30:17.129 [main] INFO  utils.XML_Library - epiSimDoc.xml -upgrade check started...
2023-12-11 11:30:17.130 [main] INFO  utils.XML_Library - transform Upgrde GPS started for-BaseXML-config/epiSimDoc.xsl
2023-12-11 11:30:17.192 [main] INFO  utils.XML_Library - transform Upgrde GPS Completed-BaseXML-config/epiSimDoc.xsl
2023-12-11 11:30:17.193 [main] INFO  utils.XML_Library - transform Upgrde GPS started for-CurrentXMl-config/epiSimDoc.xsl
2023-12-11 11:30:17.254 [main] INFO  utils.XML_Library - transform Upgrde GPS Completed-CurrentXMl-config/epiSimDoc.xsl
2023-12-11 11:30:17.307 [main] INFO  utils.XML_Library - epiSimDoc.xml -upgrade check completed...
2023-12-11 11:30:17.307 [main] INFO  utils.XML_Library - epiSimDoc.xml -upgrade check started...
2023-12-11 11:30:17.307 [main] INFO  utils.XML_Library - transform Upgrde GPS started for-BaseXML-config/epiSimDoc.xsl
2023-12-11 11:30:17.359 [main] INFO  utils.XML_Library - transform Upgrde GPS Completed-BaseXML-config/epiSimDoc.xsl
2023-12-11 11:30:17.360 [main] INFO  utils.XML_Library - transform Upgrde GPS started for-CurrentXMl-config/epiSimDoc.xsl
2023-12-11 11:30:17.406 [main] INFO  utils.XML_Library - transform Upgrde GPS Completed-CurrentXMl-config/epiSimDoc.xsl
2023-12-11 11:30:17.413 [main] INFO  utils.XML_Library - epiSimDoc.xml -upgrade check completed...
2023-12-11 11:30:17.413 [main] INFO  utils.XML_Library - UserSettings.xml -upgrade check started...
2023-12-11 11:30:17.413 [main] INFO  utils.XML_Library - transform Upgrde GPS started for-BaseXML-config/CaptureUpgradeAll.xsl
2023-12-11 11:30:17.454 [main] INFO  utils.XML_Library - transform Upgrde GPS Completed-BaseXML-config/CaptureUpgradeAll.xsl
2023-12-11 11:30:17.454 [main] INFO  utils.XML_Library - transform Upgrde GPS started for-CurrentXMl-config/CaptureUpgradeAll.xsl
2023-12-11 11:30:17.474 [main] INFO  utils.XML_Library - transform Upgrde GPS Completed-CurrentXMl-config/CaptureUpgradeAll.xsl
2023-12-11 11:30:17.489 [main] INFO  utils.XML_Library - UserSettings.xml -upgrade check completed...
2023-12-11 11:30:17.491 [main] INFO  utils.XML_Library - STTSettings -upgrade check started...
2023-12-11 11:30:17.491 [main] INFO  utils.XML_Library - transform Upgrde GPS started for-BaseXML-config/OfflineUpgrade.xsl
2023-12-11 11:30:17.522 [main] INFO  utils.XML_Library - transform Upgrde GPS Completed-BaseXML-config/OfflineUpgrade.xsl
2023-12-11 11:30:17.523 [main] INFO  utils.XML_Library - transform Upgrde GPS started for-CurrentXMl-config/OfflineUpgrade.xsl
2023-12-11 11:30:17.559 [main] INFO  utils.XML_Library - transform Upgrde GPS Completed-CurrentXMl-config/OfflineUpgrade.xsl
2023-12-11 11:30:17.571 [main] INFO  utils.XML_Library - STTSettings -upgrade check completed...
2023-12-11 11:30:17.571 [main] INFO  utils.XML_Library - Offline Upgrade check completed...
2023-12-11 11:30:17.874 [main] INFO  utils.XML_Library - Capture Upgrade check started....
2023-12-11 11:30:17.874 [main] INFO  utils.XML_Library - CaptureSetting.xml -upgrade check started...
2023-12-11 11:30:17.874 [main] INFO  utils.XML_Library - transform Upgrde GPS started for-BaseXML-config/CaptureSettings.xsl
2023-12-11 11:30:17.920 [main] INFO  utils.XML_Library - transform Upgrde GPS Completed-BaseXML-config/CaptureSettings.xsl
2023-12-11 11:30:17.920 [main] INFO  utils.XML_Library - transform Upgrde GPS started for-CurrentXMl-config/CaptureSettings.xsl
2023-12-11 11:30:17.960 [main] INFO  utils.XML_Library - transform Upgrde GPS Completed-CurrentXMl-config/CaptureSettings.xsl
2023-12-11 11:30:17.976 [main] INFO  utils.XML_Library - CaptureSetting.xml -upgrade check completed...
2023-12-11 11:30:17.976 [main] INFO  utils.XML_Library - DialogRules.xml -upgrade check started...
2023-12-11 11:30:17.976 [main] INFO  utils.XML_Library - transform Upgrde GPS started for-BaseXML-config/CaptureUpgradeAll.xsl
2023-12-11 11:30:18.012 [main] INFO  utils.XML_Library - transform Upgrde GPS Completed-BaseXML-config/CaptureUpgradeAll.xsl
2023-12-11 11:30:18.012 [main] INFO  utils.XML_Library - transform Upgrde GPS started for-CurrentXMl-config/CaptureUpgradeAll.xsl
2023-12-11 11:30:18.042 [main] INFO  utils.XML_Library - transform Upgrde GPS Completed-CurrentXMl-config/CaptureUpgradeAll.xsl
2023-12-11 11:30:18.051 [main] INFO  utils.XML_Library - DialogRules.xml -upgrade check completed...
2023-12-11 11:30:18.051 [main] INFO  utils.XML_Library - AdaptorInfo.xml -upgrade check started...
2023-12-11 11:30:18.051 [main] INFO  utils.XML_Library - transform Upgrde GPS started for-BaseXML-config/CaptureUpgradeAll.xsl
2023-12-11 11:30:18.088 [main] INFO  utils.XML_Library - transform Upgrde GPS Completed-BaseXML-config/CaptureUpgradeAll.xsl
2023-12-11 11:30:18.088 [main] INFO  utils.XML_Library - transform Upgrde GPS started for-CurrentXMl-config/CaptureUpgradeAll.xsl
2023-12-11 11:30:18.109 [main] INFO  utils.XML_Library - transform Upgrde GPS Completed-CurrentXMl-config/CaptureUpgradeAll.xsl
2023-12-11 11:30:18.131 [main] INFO  utils.XML_Library - AdaptorInfo.xml -upgrade check completed...
2023-12-11 11:30:18.131 [main] INFO  utils.XML_Library - ClawAdaptor.xml -upgrade check started...
2023-12-11 11:30:18.132 [main] INFO  utils.XML_Library - transform Upgrde GPS started for-BaseXML-config/CaptureUpgradeAll.xsl
2023-12-11 11:30:18.153 [main] INFO  utils.XML_Library - transform Upgrde GPS Completed-BaseXML-config/CaptureUpgradeAll.xsl
2023-12-11 11:30:18.153 [main] INFO  utils.XML_Library - transform Upgrde GPS started for-CurrentXMl-config/CaptureUpgradeAll.xsl
2023-12-11 11:30:18.188 [main] INFO  utils.XML_Library - transform Upgrde GPS Completed-CurrentXMl-config/CaptureUpgradeAll.xsl
2023-12-11 11:30:18.201 [main] INFO  utils.XML_Library - ClawAdaptor.xml -upgrade check completed...
2023-12-11 11:30:18.201 [main] INFO  utils.XML_Library - ImageSettings.xml -upgrade check started...
2023-12-11 11:30:18.201 [main] INFO  utils.XML_Library - transform Upgrde GPS started for-BaseXML-config/CaptureUpgradeAll.xsl
2023-12-11 11:30:18.217 [main] INFO  utils.XML_Library - transform Upgrde GPS Completed-BaseXML-config/CaptureUpgradeAll.xsl
2023-12-11 11:30:18.218 [main] INFO  utils.XML_Library - transform Upgrde GPS started for-CurrentXMl-config/CaptureUpgradeAll.xsl
2023-12-11 11:30:18.247 [main] INFO  utils.XML_Library - transform Upgrde GPS Completed-CurrentXMl-config/CaptureUpgradeAll.xsl
2023-12-11 11:30:18.258 [main] INFO  utils.XML_Library - ImageSettings.xml -upgrade check completed...
2023-12-11 11:30:18.259 [main] INFO  utils.XML_Library - KeyClubbing.xml -upgrade check started...
2023-12-11 11:30:18.259 [main] INFO  utils.XML_Library - transform Upgrde GPS started for-BaseXML-config/CaptureUpgradeAll.xsl
2023-12-11 11:30:19.428 [main] INFO  utils.XML_Library - transform Upgrde GPS Completed-BaseXML-config/CaptureUpgradeAll.xsl
2023-12-11 11:30:19.428 [main] INFO  utils.XML_Library - transform Upgrde GPS started for-CurrentXMl-config/CaptureUpgradeAll.xsl
2023-12-11 11:30:19.450 [main] INFO  utils.XML_Library - transform Upgrde GPS Completed-CurrentXMl-config/CaptureUpgradeAll.xsl
2023-12-11 11:30:19.470 [main] INFO  utils.XML_Library - KeyClubbing.xml -upgrade check completed...
2023-12-11 11:30:19.470 [main] INFO  utils.XML_Library - IEAdaptor.xml -upgrade check started...
2023-12-11 11:30:19.470 [main] INFO  utils.XML_Library - transform Upgrde GPS started for-BaseXML-config/IEAdopter.xsl
2023-12-11 11:30:19.545 [main] INFO  utils.XML_Library - transform Upgrde GPS Completed-BaseXML-config/IEAdopter.xsl
2023-12-11 11:30:19.545 [main] INFO  utils.XML_Library - transform Upgrde GPS started for-CurrentXMl-config/IEAdopter.xsl
2023-12-11 11:30:19.597 [main] INFO  utils.XML_Library - transform Upgrde GPS Completed-CurrentXMl-config/IEAdopter.xsl
2023-12-11 11:30:19.612 [main] INFO  utils.XML_Library - IEAdaptor.xml -upgrade check completed...
2023-12-11 11:30:19.613 [main] INFO  utils.XML_Library - Capture upgrade check completed...
2023-12-11 11:30:20.507 [main] INFO  utils.ProjectConfiguration - Report Logging Closed
2023-12-11 11:30:20.508 [main] INFO  actions.TestcaseExecutor - startExecution completed.
2023-12-11 11:30:20.508 [main] INFO  utils.ProjectConfiguration - Rename report File started
2023-12-11 11:30:20.511 [main] INFO  utils.ProjectConfiguration - Rename report File Completed
2023-12-11 11:30:20.511 [main] INFO  actions.TestcaseExecutor - Close all Application started...
2023-12-11 11:30:20.512 [main] INFO  core.Application - closeAllApps is started...
2023-12-11 11:30:20.512 [main] INFO  core.Application - closeAllApps is completed...
2023-12-11 11:30:20.512 [main] INFO  actions.TestcaseExecutor - Close all Application completed.
2023-12-11 11:30:43.698 [main] INFO  actions.TestcaseExecutor - createProjectSetup started...
2023-12-11 11:30:43.700 [main] INFO  utils.ProjectConfiguration - Logs Folder Already exists...!
2023-12-11 11:30:43.700 [main] INFO  utils.ProjectConfiguration - CleanFolders Started
2023-12-11 11:30:43.703 [main] INFO  utils.ProjectConfiguration - Screenshots Folder Cleaned Successfully
2023-12-11 11:30:43.764 [main] INFO  utils.ProjectConfiguration - TransformedGPS Folder Cleaned Successfully
2023-12-11 11:30:43.764 [main] INFO  utils.ProjectConfiguration - CleanFolders Completed
2023-12-11 11:30:43.764 [main] INFO  utils.ProjectConfiguration - Folders Creation Started
2023-12-11 11:30:43.764 [main] INFO  utils.ProjectConfiguration - Report Folder Already exists...!
2023-12-11 11:30:43.764 [main] INFO  utils.ProjectConfiguration - Capture Images Folder Already exists...!
2023-12-11 11:30:43.764 [main] INFO  utils.ProjectConfiguration - Screenshots Folder Already exists...!
2023-12-11 11:30:43.764 [main] INFO  utils.ProjectConfiguration - Sikuli-Images Folder Already exists...!
2023-12-11 11:30:43.764 [main] INFO  utils.ProjectConfiguration - ExcelHolder Folder Already exists...!
2023-12-11 11:30:43.765 [main] INFO  utils.ProjectConfiguration - TransformedGPS Folder Already exists...!
2023-12-11 11:30:43.765 [main] INFO  utils.ProjectConfiguration - Base-Files Folder Already exists...!
2023-12-11 11:30:43.765 [main] INFO  utils.ProjectConfiguration - config Folder Already exists...!
2023-12-11 11:30:43.765 [main] INFO  utils.ProjectConfiguration - Folders Creation Completed
2023-12-11 11:30:43.765 [main] INFO  utils.ExecutionUtils - loadSettings started
2023-12-11 11:30:45.469 [main] INFO  utils.ExecutionUtils - loadSettings completed
2023-12-11 11:30:45.470 [main] INFO  utils.ProjectConfiguration - Logs Folder Already exists...!
2023-12-11 11:30:45.470 [main] INFO  utils.ProjectConfiguration - CleanFolders Started
2023-12-11 11:30:45.470 [main] INFO  utils.ProjectConfiguration - Screenshots Folder Cleaned Successfully
2023-12-11 11:30:45.470 [main] INFO  utils.ProjectConfiguration - TransformedGPS Folder Cleaned Successfully
2023-12-11 11:30:45.470 [main] INFO  utils.ProjectConfiguration - CleanFolders Completed
2023-12-11 11:30:45.470 [main] INFO  utils.ProjectConfiguration - Folders Creation Started
2023-12-11 11:30:45.471 [main] INFO  utils.ProjectConfiguration - Report Folder Already exists...!
2023-12-11 11:30:45.471 [main] INFO  utils.ProjectConfiguration - Capture Images Folder Already exists...!
2023-12-11 11:30:45.471 [main] INFO  utils.ProjectConfiguration - Screenshots Folder Already exists...!
2023-12-11 11:30:45.471 [main] INFO  utils.ProjectConfiguration - Sikuli-Images Folder Already exists...!
2023-12-11 11:30:45.471 [main] INFO  utils.ProjectConfiguration - ExcelHolder Folder Already exists...!
2023-12-11 11:30:45.471 [main] INFO  utils.ProjectConfiguration - TransformedGPS Folder Already exists...!
2023-12-11 11:30:45.471 [main] INFO  utils.ProjectConfiguration - Base-Files Folder Already exists...!
2023-12-11 11:30:45.471 [main] INFO  utils.ProjectConfiguration - config Folder Already exists...!
2023-12-11 11:30:45.471 [main] INFO  utils.ProjectConfiguration - Folders Creation Completed
2023-12-11 11:30:45.471 [main] INFO  utils.ProjectConfiguration - Report Setup Started
2023-12-11 11:30:45.691 [main] INFO  utils.ProjectConfiguration - Report Setup Completed
2023-12-11 11:30:45.691 [main] INFO  utils.ExecutionUtils - Get execution sheets started
2023-12-11 11:30:45.754 [main] INFO  utils.ExecutionUtils - Get execution sheets completed
2023-12-11 11:30:45.857 [main] INFO  actions.TestcaseExecutor - createProjectSetup completed.
2023-12-11 11:30:45.858 [main] INFO  actions.TestcaseExecutor - loadMethods started...
2023-12-11 11:30:45.860 [main] INFO  utils.ExecutionUtils - D:\Selenium Workspace\Framework\Automation Project\Finalized\Upgrade.xls Excel File check started...
2023-12-11 11:30:46.073 [main] INFO  utils.ExecutionUtils - upgrade Sheet Step validation started...
2023-12-11 11:30:46.118 [main] INFO  utils.ExecutionUtils - upgrade Sheet Step validation Ended
2023-12-11 11:30:46.118 [main] INFO  utils.ExecutionUtils - D:\Selenium Workspace\Framework\Automation Project\Finalized\Upgrade.xls Excel File Check ended
2023-12-11 11:30:46.118 [main] INFO  actions.TestcaseExecutor - loadMethods completed.
2023-12-11 11:30:46.119 [main] INFO  actions.TestcaseExecutor - startExecution started...
2023-12-11 11:30:46.431 [main] INFO  utils.ExecutionUtils - Load backup setting xml paths started
2023-12-11 11:30:46.437 [main] INFO  utils.ExecutionUtils - Load backup settings paths completed
2023-12-11 11:30:46.746 [main] INFO  utils.ExecutionUtils - Load XML paths started..
2023-12-11 11:30:46.825 [main] INFO  utils.ExecutionUtils - Load XML paths Completed..
2023-12-11 11:30:47.141 [main] INFO  utils.XML_Library - Offline Upgrade check started...
2023-12-11 11:30:47.143 [main] INFO  utils.XML_Library - NewCapturePrefernce.xml -upgrade check started...
2023-12-11 11:30:47.144 [main] INFO  utils.XML_Library - transform Upgrde GPS started for-BaseXML-config/NewCapturePreferences.xsl
2023-12-11 11:30:47.500 [main] INFO  utils.XML_Library - transform Upgrde GPS Completed-BaseXML-config/NewCapturePreferences.xsl
2023-12-11 11:30:47.500 [main] INFO  utils.XML_Library - transform Upgrde GPS started for-CurrentXMl-config/NewCapturePreferences.xsl
2023-12-11 11:30:47.567 [main] INFO  utils.XML_Library - transform Upgrde GPS Completed-CurrentXMl-config/NewCapturePreferences.xsl
2023-12-11 11:30:47.611 [main] INFO  utils.XML_Library - NewCapturePrefernce.xml -upgrade check completed...
2023-12-11 11:30:47.611 [main] INFO  utils.XML_Library - NewCapturePreference.xml -upgrade check started...
2023-12-11 11:30:47.612 [main] INFO  utils.XML_Library - transform Upgrde GPS started for-BaseXML-config/NewCapturePreferences.xsl
2023-12-11 11:30:47.664 [main] INFO  utils.XML_Library - transform Upgrde GPS Completed-BaseXML-config/NewCapturePreferences.xsl
2023-12-11 11:30:47.664 [main] INFO  utils.XML_Library - transform Upgrde GPS started for-CurrentXMl-config/NewCapturePreferences.xsl
2023-12-11 11:30:47.709 [main] INFO  utils.XML_Library - transform Upgrde GPS Completed-CurrentXMl-config/NewCapturePreferences.xsl
2023-12-11 11:30:47.726 [main] INFO  utils.XML_Library - NewCapturePreference.xml -upgrade check completed...
2023-12-11 11:30:47.726 [main] INFO  utils.XML_Library - AutoSecurityKeys.xml -upgrade check started...
2023-12-11 11:30:47.726 [main] INFO  utils.XML_Library - transform Upgrde GPS started for-BaseXML-config/OfflineUpgrade.xsl
2023-12-11 11:30:47.755 [main] INFO  utils.XML_Library - transform Upgrde GPS Completed-BaseXML-config/OfflineUpgrade.xsl
2023-12-11 11:30:47.756 [main] INFO  utils.XML_Library - transform Upgrde GPS started for-CurrentXMl-config/OfflineUpgrade.xsl
2023-12-11 11:30:47.777 [main] INFO  utils.XML_Library - transform Upgrde GPS Completed-CurrentXMl-config/OfflineUpgrade.xsl
2023-12-11 11:30:47.787 [main] INFO  utils.XML_Library - AutoSecurityKeys.xml -upgrade check completed...
2023-12-11 11:30:47.787 [main] INFO  utils.XML_Library - ExclusionFilter.xml -upgrade check started...
2023-12-11 11:30:47.787 [main] INFO  utils.XML_Library - transform Upgrde GPS started for-BaseXML-config/OfflineUpgrade.xsl
2023-12-11 11:30:47.827 [main] INFO  utils.XML_Library - transform Upgrde GPS Completed-BaseXML-config/OfflineUpgrade.xsl
2023-12-11 11:30:47.828 [main] INFO  utils.XML_Library - transform Upgrde GPS started for-CurrentXMl-config/OfflineUpgrade.xsl
2023-12-11 11:30:47.875 [main] INFO  utils.XML_Library - transform Upgrde GPS Completed-CurrentXMl-config/OfflineUpgrade.xsl
2023-12-11 11:30:47.889 [main] INFO  utils.XML_Library - ExclusionFilter.xml -upgrade check completed...
2023-12-11 11:30:47.889 [main] INFO  utils.XML_Library - epiSimDoc.xml -upgrade check started...
2023-12-11 11:30:47.890 [main] INFO  utils.XML_Library - transform Upgrde GPS started for-BaseXML-config/epiSimDoc.xsl
2023-12-11 11:30:47.941 [main] INFO  utils.XML_Library - transform Upgrde GPS Completed-BaseXML-config/epiSimDoc.xsl
2023-12-11 11:30:47.941 [main] INFO  utils.XML_Library - transform Upgrde GPS started for-CurrentXMl-config/epiSimDoc.xsl
2023-12-11 11:30:47.991 [main] INFO  utils.XML_Library - transform Upgrde GPS Completed-CurrentXMl-config/epiSimDoc.xsl
2023-12-11 11:30:48.023 [main] INFO  utils.XML_Library - epiSimDoc.xml -upgrade check completed...
2023-12-11 11:30:48.024 [main] INFO  utils.XML_Library - epiSimDoc.xml -upgrade check started...
2023-12-11 11:30:48.024 [main] INFO  utils.XML_Library - transform Upgrde GPS started for-BaseXML-config/epiSimDoc.xsl
2023-12-11 11:30:48.063 [main] INFO  utils.XML_Library - transform Upgrde GPS Completed-BaseXML-config/epiSimDoc.xsl
2023-12-11 11:30:48.063 [main] INFO  utils.XML_Library - transform Upgrde GPS started for-CurrentXMl-config/epiSimDoc.xsl
2023-12-11 11:30:48.107 [main] INFO  utils.XML_Library - transform Upgrde GPS Completed-CurrentXMl-config/epiSimDoc.xsl
2023-12-11 11:30:48.115 [main] INFO  utils.XML_Library - epiSimDoc.xml -upgrade check completed...
2023-12-11 11:30:48.115 [main] INFO  utils.XML_Library - UserSettings.xml -upgrade check started...
2023-12-11 11:30:48.115 [main] INFO  utils.XML_Library - transform Upgrde GPS started for-BaseXML-config/CaptureUpgradeAll.xsl
2023-12-11 11:30:48.135 [main] INFO  utils.XML_Library - transform Upgrde GPS Completed-BaseXML-config/CaptureUpgradeAll.xsl
2023-12-11 11:30:48.136 [main] INFO  utils.XML_Library - transform Upgrde GPS started for-CurrentXMl-config/CaptureUpgradeAll.xsl
2023-12-11 11:30:48.164 [main] INFO  utils.XML_Library - transform Upgrde GPS Completed-CurrentXMl-config/CaptureUpgradeAll.xsl
2023-12-11 11:30:48.175 [main] INFO  utils.XML_Library - UserSettings.xml -upgrade check completed...
2023-12-11 11:30:48.175 [main] INFO  utils.XML_Library - STTSettings -upgrade check started...
2023-12-11 11:30:48.175 [main] INFO  utils.XML_Library - transform Upgrde GPS started for-BaseXML-config/OfflineUpgrade.xsl
2023-12-11 11:30:48.191 [main] INFO  utils.XML_Library - transform Upgrde GPS Completed-BaseXML-config/OfflineUpgrade.xsl
2023-12-11 11:30:48.192 [main] INFO  utils.XML_Library - transform Upgrde GPS started for-CurrentXMl-config/OfflineUpgrade.xsl
2023-12-11 11:30:48.214 [main] INFO  utils.XML_Library - transform Upgrde GPS Completed-CurrentXMl-config/OfflineUpgrade.xsl
2023-12-11 11:30:48.227 [main] INFO  utils.XML_Library - STTSettings -upgrade check completed...
2023-12-11 11:30:48.227 [main] INFO  utils.XML_Library - Offline Upgrade check completed...
2023-12-11 11:30:48.533 [main] INFO  utils.XML_Library - Capture Upgrade check started....
2023-12-11 11:30:48.533 [main] INFO  utils.XML_Library - CaptureSetting.xml -upgrade check started...
2023-12-11 11:30:48.534 [main] INFO  utils.XML_Library - transform Upgrde GPS started for-BaseXML-config/CaptureSettings.xsl
2023-12-11 11:30:48.557 [main] INFO  utils.XML_Library - transform Upgrde GPS Completed-BaseXML-config/CaptureSettings.xsl
2023-12-11 11:30:48.557 [main] INFO  utils.XML_Library - transform Upgrde GPS started for-CurrentXMl-config/CaptureSettings.xsl
2023-12-11 11:30:48.587 [main] INFO  utils.XML_Library - transform Upgrde GPS Completed-CurrentXMl-config/CaptureSettings.xsl
2023-12-11 11:30:48.608 [main] INFO  utils.XML_Library - CaptureSetting.xml -upgrade check completed...
2023-12-11 11:30:48.608 [main] INFO  utils.XML_Library - DialogRules.xml -upgrade check started...
2023-12-11 11:30:48.608 [main] INFO  utils.XML_Library - transform Upgrde GPS started for-BaseXML-config/CaptureUpgradeAll.xsl
2023-12-11 11:30:48.633 [main] INFO  utils.XML_Library - transform Upgrde GPS Completed-BaseXML-config/CaptureUpgradeAll.xsl
2023-12-11 11:30:48.633 [main] INFO  utils.XML_Library - transform Upgrde GPS started for-CurrentXMl-config/CaptureUpgradeAll.xsl
2023-12-11 11:30:48.667 [main] INFO  utils.XML_Library - transform Upgrde GPS Completed-CurrentXMl-config/CaptureUpgradeAll.xsl
2023-12-11 11:30:48.680 [main] INFO  utils.XML_Library - DialogRules.xml -upgrade check completed...
2023-12-11 11:30:48.680 [main] INFO  utils.XML_Library - AdaptorInfo.xml -upgrade check started...
2023-12-11 11:30:48.680 [main] INFO  utils.XML_Library - transform Upgrde GPS started for-BaseXML-config/CaptureUpgradeAll.xsl
2023-12-11 11:30:48.695 [main] INFO  utils.XML_Library - transform Upgrde GPS Completed-BaseXML-config/CaptureUpgradeAll.xsl
2023-12-11 11:30:48.696 [main] INFO  utils.XML_Library - transform Upgrde GPS started for-CurrentXMl-config/CaptureUpgradeAll.xsl
2023-12-11 11:30:48.724 [main] INFO  utils.XML_Library - transform Upgrde GPS Completed-CurrentXMl-config/CaptureUpgradeAll.xsl
2023-12-11 11:30:48.734 [main] INFO  utils.XML_Library - AdaptorInfo.xml -upgrade check completed...
2023-12-11 11:30:48.735 [main] INFO  utils.XML_Library - ClawAdaptor.xml -upgrade check started...
2023-12-11 11:30:48.735 [main] INFO  utils.XML_Library - transform Upgrde GPS started for-BaseXML-config/CaptureUpgradeAll.xsl
2023-12-11 11:30:48.749 [main] INFO  utils.XML_Library - transform Upgrde GPS Completed-BaseXML-config/CaptureUpgradeAll.xsl
2023-12-11 11:30:48.749 [main] INFO  utils.XML_Library - transform Upgrde GPS started for-CurrentXMl-config/CaptureUpgradeAll.xsl
2023-12-11 11:30:48.780 [main] INFO  utils.XML_Library - transform Upgrde GPS Completed-CurrentXMl-config/CaptureUpgradeAll.xsl
2023-12-11 11:30:48.789 [main] INFO  utils.XML_Library - ClawAdaptor.xml -upgrade check completed...
2023-12-11 11:30:48.789 [main] INFO  utils.XML_Library - ImageSettings.xml -upgrade check started...
2023-12-11 11:30:48.789 [main] INFO  utils.XML_Library - transform Upgrde GPS started for-BaseXML-config/CaptureUpgradeAll.xsl
2023-12-11 11:30:48.800 [main] INFO  utils.XML_Library - transform Upgrde GPS Completed-BaseXML-config/CaptureUpgradeAll.xsl
2023-12-11 11:30:48.800 [main] INFO  utils.XML_Library - transform Upgrde GPS started for-CurrentXMl-config/CaptureUpgradeAll.xsl
2023-12-11 11:30:48.813 [main] INFO  utils.XML_Library - transform Upgrde GPS Completed-CurrentXMl-config/CaptureUpgradeAll.xsl
2023-12-11 11:30:48.829 [main] INFO  utils.XML_Library - ImageSettings.xml -upgrade check completed...
2023-12-11 11:30:48.829 [main] INFO  utils.XML_Library - KeyClubbing.xml -upgrade check started...
2023-12-11 11:30:48.829 [main] INFO  utils.XML_Library - transform Upgrde GPS started for-BaseXML-config/CaptureUpgradeAll.xsl
2023-12-11 11:30:48.844 [main] INFO  utils.XML_Library - transform Upgrde GPS Completed-BaseXML-config/CaptureUpgradeAll.xsl
2023-12-11 11:30:48.844 [main] INFO  utils.XML_Library - transform Upgrde GPS started for-CurrentXMl-config/CaptureUpgradeAll.xsl
2023-12-11 11:30:48.855 [main] INFO  utils.XML_Library - transform Upgrde GPS Completed-CurrentXMl-config/CaptureUpgradeAll.xsl
2023-12-11 11:30:48.862 [main] INFO  utils.XML_Library - KeyClubbing.xml -upgrade check completed...
2023-12-11 11:30:48.862 [main] INFO  utils.XML_Library - IEAdaptor.xml -upgrade check started...
2023-12-11 11:30:48.862 [main] INFO  utils.XML_Library - transform Upgrde GPS started for-BaseXML-config/IEAdopter.xsl
2023-12-11 11:30:48.947 [main] INFO  utils.XML_Library - transform Upgrde GPS Completed-BaseXML-config/IEAdopter.xsl
2023-12-11 11:30:48.948 [main] INFO  utils.XML_Library - transform Upgrde GPS started for-CurrentXMl-config/IEAdopter.xsl
2023-12-11 11:30:48.973 [main] INFO  utils.XML_Library - transform Upgrde GPS Completed-CurrentXMl-config/IEAdopter.xsl
2023-12-11 11:30:48.999 [main] INFO  utils.XML_Library - IEAdaptor.xml -upgrade check completed...
2023-12-11 11:30:49.000 [main] INFO  utils.XML_Library - Capture upgrade check completed...
2023-12-11 11:30:49.758 [main] INFO  utils.ProjectConfiguration - Report Logging Closed
2023-12-11 11:30:49.758 [main] INFO  actions.TestcaseExecutor - startExecution completed.
2023-12-11 11:30:49.758 [main] INFO  utils.ProjectConfiguration - Rename report File started
2023-12-11 11:30:49.761 [main] INFO  utils.ProjectConfiguration - Rename report File Completed
2023-12-11 11:30:49.761 [main] INFO  actions.TestcaseExecutor - Close all Application started...
2023-12-11 11:30:49.762 [main] INFO  core.Application - closeAllApps is started...
2023-12-11 11:30:49.762 [main] INFO  core.Application - closeAllApps is completed...
2023-12-11 11:30:49.762 [main] INFO  actions.TestcaseExecutor - Close all Application completed.
2023-12-11 11:33:35.468 [main] INFO  actions.TestcaseExecutor - createProjectSetup started...
2023-12-11 11:33:35.480 [main] INFO  utils.ProjectConfiguration - Logs Folder Already exists...!
2023-12-11 11:33:35.480 [main] INFO  utils.ProjectConfiguration - CleanFolders Started
2023-12-11 11:33:35.521 [main] INFO  utils.ProjectConfiguration - Screenshots Folder Cleaned Successfully
2023-12-11 11:33:35.633 [main] INFO  utils.ProjectConfiguration - TransformedGPS Folder Cleaned Successfully
2023-12-11 11:33:35.633 [main] INFO  utils.ProjectConfiguration - CleanFolders Completed
2023-12-11 11:33:35.633 [main] INFO  utils.ProjectConfiguration - Folders Creation Started
2023-12-11 11:33:35.634 [main] INFO  utils.ProjectConfiguration - Report Folder Already exists...!
2023-12-11 11:33:35.634 [main] INFO  utils.ProjectConfiguration - Capture Images Folder Already exists...!
2023-12-11 11:33:35.634 [main] INFO  utils.ProjectConfiguration - Screenshots Folder Already exists...!
2023-12-11 11:33:35.634 [main] INFO  utils.ProjectConfiguration - Sikuli-Images Folder Already exists...!
2023-12-11 11:33:35.634 [main] INFO  utils.ProjectConfiguration - ExcelHolder Folder Already exists...!
2023-12-11 11:33:35.635 [main] INFO  utils.ProjectConfiguration - TransformedGPS Folder Already exists...!
2023-12-11 11:33:35.635 [main] INFO  utils.ProjectConfiguration - Base-Files Folder Already exists...!
2023-12-11 11:33:35.635 [main] INFO  utils.ProjectConfiguration - config Folder Already exists...!
2023-12-11 11:33:35.635 [main] INFO  utils.ProjectConfiguration - Folders Creation Completed
2023-12-11 11:33:35.635 [main] INFO  utils.ExecutionUtils - loadSettings started
2023-12-11 11:33:37.802 [main] INFO  utils.ExecutionUtils - loadSettings completed
2023-12-11 11:33:37.802 [main] INFO  utils.ProjectConfiguration - Logs Folder Already exists...!
2023-12-11 11:33:37.803 [main] INFO  utils.ProjectConfiguration - CleanFolders Started
2023-12-11 11:33:37.803 [main] INFO  utils.ProjectConfiguration - Screenshots Folder Cleaned Successfully
2023-12-11 11:33:37.803 [main] INFO  utils.ProjectConfiguration - TransformedGPS Folder Cleaned Successfully
2023-12-11 11:33:37.804 [main] INFO  utils.ProjectConfiguration - CleanFolders Completed
2023-12-11 11:33:37.804 [main] INFO  utils.ProjectConfiguration - Folders Creation Started
2023-12-11 11:33:37.804 [main] INFO  utils.ProjectConfiguration - Report Folder Already exists...!
2023-12-11 11:33:37.804 [main] INFO  utils.ProjectConfiguration - Capture Images Folder Already exists...!
2023-12-11 11:33:37.804 [main] INFO  utils.ProjectConfiguration - Screenshots Folder Already exists...!
2023-12-11 11:33:37.805 [main] INFO  utils.ProjectConfiguration - Sikuli-Images Folder Already exists...!
2023-12-11 11:33:37.805 [main] INFO  utils.ProjectConfiguration - ExcelHolder Folder Already exists...!
2023-12-11 11:33:37.805 [main] INFO  utils.ProjectConfiguration - TransformedGPS Folder Already exists...!
2023-12-11 11:33:37.805 [main] INFO  utils.ProjectConfiguration - Base-Files Folder Already exists...!
2023-12-11 11:33:37.806 [main] INFO  utils.ProjectConfiguration - config Folder Already exists...!
2023-12-11 11:33:37.806 [main] INFO  utils.ProjectConfiguration - Folders Creation Completed
2023-12-11 11:33:37.806 [main] INFO  utils.ProjectConfiguration - Report Setup Started
2023-12-11 11:33:38.116 [main] INFO  utils.ProjectConfiguration - Report Setup Completed
2023-12-11 11:33:38.116 [main] INFO  utils.ExecutionUtils - Get execution sheets started
2023-12-11 11:33:38.228 [main] INFO  utils.ExecutionUtils - Get execution sheets completed
2023-12-11 11:33:38.300 [main] INFO  actions.TestcaseExecutor - createProjectSetup completed.
2023-12-11 11:33:38.300 [main] INFO  actions.TestcaseExecutor - loadMethods started...
2023-12-11 11:33:38.304 [main] INFO  utils.ExecutionUtils - D:\Selenium Workspace\Framework\Automation Project\Finalized\Upgrade.xls Excel File check started...
2023-12-11 11:33:38.731 [main] INFO  utils.ExecutionUtils - upgrade Sheet Step validation started...
2023-12-11 11:33:38.827 [main] INFO  utils.ExecutionUtils - upgrade Sheet Step validation Ended
2023-12-11 11:33:38.827 [main] INFO  utils.ExecutionUtils - D:\Selenium Workspace\Framework\Automation Project\Finalized\Upgrade.xls Excel File Check ended
2023-12-11 11:33:38.828 [main] INFO  actions.TestcaseExecutor - loadMethods completed.
2023-12-11 11:33:38.829 [main] INFO  actions.TestcaseExecutor - startExecution started...
2023-12-11 11:33:39.157 [main] INFO  utils.ExecutionUtils - Load backup setting xml paths started
2023-12-11 11:33:39.164 [main] INFO  utils.ExecutionUtils - Load backup settings paths completed
2023-12-11 11:33:39.472 [main] INFO  utils.ExecutionUtils - Load XML paths started..
2023-12-11 11:33:39.593 [main] INFO  utils.ExecutionUtils - Load XML paths Completed..
2023-12-11 11:33:39.897 [main] INFO  utils.XML_Library - Offline Upgrade check started...
2023-12-11 11:33:39.898 [main] INFO  utils.XML_Library - NewCapturePrefernce.xml -upgrade check started...
2023-12-11 11:33:39.898 [main] INFO  utils.XML_Library - transform Upgrde GPS started for-BaseXML-config/NewCapturePreferences.xsl
2023-12-11 11:33:40.273 [main] INFO  utils.XML_Library - transform Upgrde GPS Completed-BaseXML-config/NewCapturePreferences.xsl
2023-12-11 11:33:40.273 [main] INFO  utils.XML_Library - transform Upgrde GPS started for-CurrentXMl-config/NewCapturePreferences.xsl
2023-12-11 11:33:40.346 [main] INFO  utils.XML_Library - transform Upgrde GPS Completed-CurrentXMl-config/NewCapturePreferences.xsl
2023-12-11 11:33:40.396 [main] INFO  utils.XML_Library - NewCapturePrefernce.xml -upgrade check completed...
2023-12-11 11:33:40.396 [main] INFO  utils.XML_Library - NewCapturePreference.xml -upgrade check started...
2023-12-11 11:33:40.396 [main] INFO  utils.XML_Library - transform Upgrde GPS started for-BaseXML-config/NewCapturePreferences.xsl
2023-12-11 11:33:40.449 [main] INFO  utils.XML_Library - transform Upgrde GPS Completed-BaseXML-config/NewCapturePreferences.xsl
2023-12-11 11:33:40.450 [main] INFO  utils.XML_Library - transform Upgrde GPS started for-CurrentXMl-config/NewCapturePreferences.xsl
2023-12-11 11:33:40.489 [main] INFO  utils.XML_Library - transform Upgrde GPS Completed-CurrentXMl-config/NewCapturePreferences.xsl
2023-12-11 11:33:40.506 [main] INFO  utils.XML_Library - NewCapturePreference.xml -upgrade check completed...
2023-12-11 11:33:40.506 [main] INFO  utils.XML_Library - AutoSecurityKeys.xml -upgrade check started...
2023-12-11 11:33:40.506 [main] INFO  utils.XML_Library - transform Upgrde GPS started for-BaseXML-config/OfflineUpgrade.xsl
2023-12-11 11:33:40.534 [main] INFO  utils.XML_Library - transform Upgrde GPS Completed-BaseXML-config/OfflineUpgrade.xsl
2023-12-11 11:33:40.535 [main] INFO  utils.XML_Library - transform Upgrde GPS started for-CurrentXMl-config/OfflineUpgrade.xsl
2023-12-11 11:33:40.558 [main] INFO  utils.XML_Library - transform Upgrde GPS Completed-CurrentXMl-config/OfflineUpgrade.xsl
2023-12-11 11:33:40.567 [main] INFO  utils.XML_Library - AutoSecurityKeys.xml -upgrade check completed...
2023-12-11 11:33:40.567 [main] INFO  utils.XML_Library - ExclusionFilter.xml -upgrade check started...
2023-12-11 11:33:40.567 [main] INFO  utils.XML_Library - transform Upgrde GPS started for-BaseXML-config/OfflineUpgrade.xsl
2023-12-11 11:33:40.611 [main] INFO  utils.XML_Library - transform Upgrde GPS Completed-BaseXML-config/OfflineUpgrade.xsl
2023-12-11 11:33:40.612 [main] INFO  utils.XML_Library - transform Upgrde GPS started for-CurrentXMl-config/OfflineUpgrade.xsl
2023-12-11 11:33:40.658 [main] INFO  utils.XML_Library - transform Upgrde GPS Completed-CurrentXMl-config/OfflineUpgrade.xsl
2023-12-11 11:33:40.671 [main] INFO  utils.XML_Library - ExclusionFilter.xml -upgrade check completed...
2023-12-11 11:33:40.671 [main] INFO  utils.XML_Library - epiSimDoc.xml -upgrade check started...
2023-12-11 11:33:40.671 [main] INFO  utils.XML_Library - transform Upgrde GPS started for-BaseXML-config/epiSimDoc.xsl
2023-12-11 11:33:40.726 [main] INFO  utils.XML_Library - transform Upgrde GPS Completed-BaseXML-config/epiSimDoc.xsl
2023-12-11 11:33:40.727 [main] INFO  utils.XML_Library - transform Upgrde GPS started for-CurrentXMl-config/epiSimDoc.xsl
2023-12-11 11:33:40.772 [main] INFO  utils.XML_Library - transform Upgrde GPS Completed-CurrentXMl-config/epiSimDoc.xsl
2023-12-11 11:33:40.795 [main] INFO  utils.XML_Library - epiSimDoc.xml -upgrade check completed...
2023-12-11 11:33:40.795 [main] INFO  utils.XML_Library - epiSimDoc.xml -upgrade check started...
2023-12-11 11:33:40.795 [main] INFO  utils.XML_Library - transform Upgrde GPS started for-BaseXML-config/epiSimDoc.xsl
2023-12-11 11:33:40.837 [main] INFO  utils.XML_Library - transform Upgrde GPS Completed-BaseXML-config/epiSimDoc.xsl
2023-12-11 11:33:40.837 [main] INFO  utils.XML_Library - transform Upgrde GPS started for-CurrentXMl-config/epiSimDoc.xsl
2023-12-11 11:33:40.882 [main] INFO  utils.XML_Library - transform Upgrde GPS Completed-CurrentXMl-config/epiSimDoc.xsl
2023-12-11 11:33:40.893 [main] INFO  utils.XML_Library - epiSimDoc.xml -upgrade check completed...
2023-12-11 11:33:40.893 [main] INFO  utils.XML_Library - UserSettings.xml -upgrade check started...
2023-12-11 11:33:40.893 [main] INFO  utils.XML_Library - transform Upgrde GPS started for-BaseXML-config/CaptureUpgradeAll.xsl
2023-12-11 11:33:40.917 [main] INFO  utils.XML_Library - transform Upgrde GPS Completed-BaseXML-config/CaptureUpgradeAll.xsl
2023-12-11 11:33:40.918 [main] INFO  utils.XML_Library - transform Upgrde GPS started for-CurrentXMl-config/CaptureUpgradeAll.xsl
2023-12-11 11:33:40.944 [main] INFO  utils.XML_Library - transform Upgrde GPS Completed-CurrentXMl-config/CaptureUpgradeAll.xsl
2023-12-11 11:33:40.954 [main] INFO  utils.XML_Library - UserSettings.xml -upgrade check completed...
2023-12-11 11:33:40.954 [main] INFO  utils.XML_Library - STTSettings -upgrade check started...
2023-12-11 11:33:40.955 [main] INFO  utils.XML_Library - transform Upgrde GPS started for-BaseXML-config/OfflineUpgrade.xsl
2023-12-11 11:33:40.966 [main] INFO  utils.XML_Library - transform Upgrde GPS Completed-BaseXML-config/OfflineUpgrade.xsl
2023-12-11 11:33:40.967 [main] INFO  utils.XML_Library - transform Upgrde GPS started for-CurrentXMl-config/OfflineUpgrade.xsl
2023-12-11 11:33:40.995 [main] INFO  utils.XML_Library - transform Upgrde GPS Completed-CurrentXMl-config/OfflineUpgrade.xsl
2023-12-11 11:33:41.008 [main] INFO  utils.XML_Library - STTSettings -upgrade check completed...
2023-12-11 11:33:41.009 [main] INFO  utils.XML_Library - Offline Upgrade check completed...
2023-12-11 11:33:41.317 [main] INFO  utils.XML_Library - Capture Upgrade check started....
2023-12-11 11:33:41.318 [main] INFO  utils.XML_Library - CaptureSetting.xml -upgrade check started...
2023-12-11 11:33:41.318 [main] INFO  utils.XML_Library - transform Upgrde GPS started for-BaseXML-config/CaptureSettings.xsl
2023-12-11 11:33:41.331 [main] INFO  utils.XML_Library - transform Upgrde GPS Completed-BaseXML-config/CaptureSettings.xsl
2023-12-11 11:33:41.332 [main] INFO  utils.XML_Library - transform Upgrde GPS started for-CurrentXMl-config/CaptureSettings.xsl
2023-12-11 11:33:41.349 [main] INFO  utils.XML_Library - transform Upgrde GPS Completed-CurrentXMl-config/CaptureSettings.xsl
2023-12-11 11:33:41.383 [main] INFO  utils.XML_Library - CaptureSetting.xml -upgrade check completed...
2023-12-11 11:33:41.383 [main] INFO  utils.XML_Library - DialogRules.xml -upgrade check started...
2023-12-11 11:33:41.384 [main] INFO  utils.XML_Library - transform Upgrde GPS started for-BaseXML-config/CaptureUpgradeAll.xsl
2023-12-11 11:33:41.414 [main] INFO  utils.XML_Library - transform Upgrde GPS Completed-BaseXML-config/CaptureUpgradeAll.xsl
2023-12-11 11:33:41.414 [main] INFO  utils.XML_Library - transform Upgrde GPS started for-CurrentXMl-config/CaptureUpgradeAll.xsl
2023-12-11 11:33:41.450 [main] INFO  utils.XML_Library - transform Upgrde GPS Completed-CurrentXMl-config/CaptureUpgradeAll.xsl
2023-12-11 11:33:41.462 [main] INFO  utils.XML_Library - DialogRules.xml -upgrade check completed...
2023-12-11 11:33:41.462 [main] INFO  utils.XML_Library - AdaptorInfo.xml -upgrade check started...
2023-12-11 11:33:41.462 [main] INFO  utils.XML_Library - transform Upgrde GPS started for-BaseXML-config/CaptureUpgradeAll.xsl
2023-12-11 11:33:41.491 [main] INFO  utils.XML_Library - transform Upgrde GPS Completed-BaseXML-config/CaptureUpgradeAll.xsl
2023-12-11 11:33:41.492 [main] INFO  utils.XML_Library - transform Upgrde GPS started for-CurrentXMl-config/CaptureUpgradeAll.xsl
2023-12-11 11:33:41.511 [main] INFO  utils.XML_Library - transform Upgrde GPS Completed-CurrentXMl-config/CaptureUpgradeAll.xsl
2023-12-11 11:33:41.520 [main] INFO  utils.XML_Library - AdaptorInfo.xml -upgrade check completed...
2023-12-11 11:33:41.520 [main] INFO  utils.XML_Library - ClawAdaptor.xml -upgrade check started...
2023-12-11 11:33:41.521 [main] INFO  utils.XML_Library - transform Upgrde GPS started for-BaseXML-config/CaptureUpgradeAll.xsl
2023-12-11 11:33:41.544 [main] INFO  utils.XML_Library - transform Upgrde GPS Completed-BaseXML-config/CaptureUpgradeAll.xsl
2023-12-11 11:33:41.545 [main] INFO  utils.XML_Library - transform Upgrde GPS started for-CurrentXMl-config/CaptureUpgradeAll.xsl
2023-12-11 11:33:41.564 [main] INFO  utils.XML_Library - transform Upgrde GPS Completed-CurrentXMl-config/CaptureUpgradeAll.xsl
2023-12-11 11:33:41.572 [main] INFO  utils.XML_Library - ClawAdaptor.xml -upgrade check completed...
2023-12-11 11:33:41.572 [main] INFO  utils.XML_Library - ImageSettings.xml -upgrade check started...
2023-12-11 11:33:41.572 [main] INFO  utils.XML_Library - transform Upgrde GPS started for-BaseXML-config/CaptureUpgradeAll.xsl
2023-12-11 11:33:41.589 [main] INFO  utils.XML_Library - transform Upgrde GPS Completed-BaseXML-config/CaptureUpgradeAll.xsl
2023-12-11 11:33:41.590 [main] INFO  utils.XML_Library - transform Upgrde GPS started for-CurrentXMl-config/CaptureUpgradeAll.xsl
2023-12-11 11:33:41.610 [main] INFO  utils.XML_Library - transform Upgrde GPS Completed-CurrentXMl-config/CaptureUpgradeAll.xsl
2023-12-11 11:33:41.621 [main] INFO  utils.XML_Library - ImageSettings.xml -upgrade check completed...
2023-12-11 11:33:41.621 [main] INFO  utils.XML_Library - KeyClubbing.xml -upgrade check started...
2023-12-11 11:33:41.622 [main] INFO  utils.XML_Library - transform Upgrde GPS started for-BaseXML-config/CaptureUpgradeAll.xsl
2023-12-11 11:33:41.634 [main] INFO  utils.XML_Library - transform Upgrde GPS Completed-BaseXML-config/CaptureUpgradeAll.xsl
2023-12-11 11:33:41.634 [main] INFO  utils.XML_Library - transform Upgrde GPS started for-CurrentXMl-config/CaptureUpgradeAll.xsl
2023-12-11 11:33:41.659 [main] INFO  utils.XML_Library - transform Upgrde GPS Completed-CurrentXMl-config/CaptureUpgradeAll.xsl
2023-12-11 11:33:41.669 [main] INFO  utils.XML_Library - KeyClubbing.xml -upgrade check completed...
2023-12-11 11:33:41.669 [main] INFO  utils.XML_Library - IEAdaptor.xml -upgrade check started...
2023-12-11 11:33:41.669 [main] INFO  utils.XML_Library - transform Upgrde GPS started for-BaseXML-config/IEAdopter.xsl
2023-12-11 11:33:41.725 [main] INFO  utils.XML_Library - transform Upgrde GPS Completed-BaseXML-config/IEAdopter.xsl
2023-12-11 11:33:41.725 [main] INFO  utils.XML_Library - transform Upgrde GPS started for-CurrentXMl-config/IEAdopter.xsl
2023-12-11 11:33:41.745 [main] INFO  utils.XML_Library - transform Upgrde GPS Completed-CurrentXMl-config/IEAdopter.xsl
2023-12-11 11:33:41.770 [main] INFO  utils.XML_Library - IEAdaptor.xml -upgrade check completed...
2023-12-11 11:33:41.771 [main] INFO  utils.XML_Library - Capture upgrade check completed...
2023-12-11 11:33:42.758 [main] INFO  utils.ProjectConfiguration - Report Logging Closed
2023-12-11 11:33:42.759 [main] INFO  actions.TestcaseExecutor - startExecution completed.
2023-12-11 11:33:42.759 [main] INFO  utils.ProjectConfiguration - Rename report File started
2023-12-11 11:33:42.761 [main] INFO  utils.ProjectConfiguration - Rename report File Completed
2023-12-11 11:33:42.762 [main] INFO  actions.TestcaseExecutor - Close all Application started...
2023-12-11 11:33:42.762 [main] INFO  core.Application - closeAllApps is started...
2023-12-11 11:33:42.762 [main] INFO  core.Application - closeAllApps is completed...
2023-12-11 11:33:42.762 [main] INFO  actions.TestcaseExecutor - Close all Application completed.
