2023-11-10 09:35:58.807 [main] INFO  actions.TestcaseExecutor - createProjectSetup started...
2023-11-10 09:35:58.813 [main] INFO  utils.ProjectConfiguration - Logs Folder Already exists...!
2023-11-10 09:35:58.814 [main] INFO  utils.ProjectConfiguration - CleanFolders Started
2023-11-10 09:35:58.823 [main] INFO  utils.ProjectConfiguration - Screenshots Folder Cleaned Successfully
2023-11-10 09:35:58.823 [main] INFO  utils.ProjectConfiguration - TransformedGPS Folder Cleaned Successfully
2023-11-10 09:35:58.824 [main] INFO  utils.ProjectConfiguration - CleanFolders Completed
2023-11-10 09:35:58.824 [main] INFO  utils.ProjectConfiguration - Folders Creation Started
2023-11-10 09:35:58.824 [main] INFO  utils.ProjectConfiguration - Report Folder Already exists...!
2023-11-10 09:35:58.824 [main] INFO  utils.ProjectConfiguration - Capture Images Folder Already exists...!
2023-11-10 09:35:58.825 [main] INFO  utils.ProjectConfiguration - Screenshots Folder Already exists...!
2023-11-10 09:35:58.825 [main] INFO  utils.ProjectConfiguration - Sikuli-Images Folder Already exists...!
2023-11-10 09:35:58.825 [main] INFO  utils.ProjectConfiguration - ExcelHolder Folder Already exists...!
2023-11-10 09:35:58.826 [main] INFO  utils.ProjectConfiguration - TransformedGPS Folder Already exists...!
2023-11-10 09:35:58.826 [main] INFO  utils.ProjectConfiguration - Base-Files Folder Already exists...!
2023-11-10 09:35:58.826 [main] INFO  utils.ProjectConfiguration - config Folder Already exists...!
2023-11-10 09:35:58.827 [main] INFO  utils.ProjectConfiguration - Folders Creation Completed
2023-11-10 09:35:58.827 [main] INFO  utils.ExecutionUtils - loadSettings started
2023-11-10 09:36:00.388 [main] INFO  utils.ExecutionUtils - loadSettings completed
2023-11-10 09:36:00.388 [main] INFO  utils.ProjectConfiguration - Logs Folder Already exists...!
2023-11-10 09:36:00.388 [main] INFO  utils.ProjectConfiguration - CleanFolders Started
2023-11-10 09:36:00.389 [main] INFO  utils.ProjectConfiguration - Screenshots Folder Cleaned Successfully
2023-11-10 09:36:00.389 [main] INFO  utils.ProjectConfiguration - TransformedGPS Folder Cleaned Successfully
2023-11-10 09:36:00.389 [main] INFO  utils.ProjectConfiguration - CleanFolders Completed
2023-11-10 09:36:00.389 [main] INFO  utils.ProjectConfiguration - Folders Creation Started
2023-11-10 09:36:00.389 [main] INFO  utils.ProjectConfiguration - Report Folder Already exists...!
2023-11-10 09:36:00.390 [main] INFO  utils.ProjectConfiguration - Capture Images Folder Already exists...!
2023-11-10 09:36:00.390 [main] INFO  utils.ProjectConfiguration - Screenshots Folder Already exists...!
2023-11-10 09:36:00.390 [main] INFO  utils.ProjectConfiguration - Sikuli-Images Folder Already exists...!
2023-11-10 09:36:00.390 [main] INFO  utils.ProjectConfiguration - ExcelHolder Folder Already exists...!
2023-11-10 09:36:00.391 [main] INFO  utils.ProjectConfiguration - TransformedGPS Folder Already exists...!
2023-11-10 09:36:00.391 [main] INFO  utils.ProjectConfiguration - Base-Files Folder Already exists...!
2023-11-10 09:36:00.391 [main] INFO  utils.ProjectConfiguration - config Folder Already exists...!
2023-11-10 09:36:00.391 [main] INFO  utils.ProjectConfiguration - Folders Creation Completed
2023-11-10 09:36:00.391 [main] INFO  utils.ProjectConfiguration - Report Setup Started
2023-11-10 09:36:00.533 [main] INFO  utils.ProjectConfiguration - Report Setup Completed
2023-11-10 09:36:00.533 [main] INFO  utils.ExecutionUtils - Get execution sheets started
2023-11-10 09:36:00.589 [main] INFO  utils.ExecutionUtils - Get execution sheets completed
2023-11-10 09:36:00.658 [main] INFO  actions.TestcaseExecutor - createProjectSetup completed.
2023-11-10 09:36:00.658 [main] INFO  actions.TestcaseExecutor - loadMethods started...
2023-11-10 09:36:00.661 [main] INFO  utils.ExecutionUtils - D:\Selenium Workspace\TEST\Automation-Framework\Finalized\2_Capture Test.xls Excel File check started...
2023-11-10 09:36:00.808 [main] INFO  utils.ExecutionUtils - Chrome Test_with narration Sheet Step validation started...
2023-11-10 09:36:00.864 [main] INFO  utils.ExecutionUtils - Chrome Test_with narration Sheet Step validation Ended
2023-11-10 09:36:00.864 [main] INFO  utils.ExecutionUtils - Edge Test_with audio Sheet Step validation started...
2023-11-10 09:36:00.883 [main] INFO  utils.ExecutionUtils - Edge Test_with audio Sheet Step validation Ended
2023-11-10 09:36:00.884 [main] INFO  utils.ExecutionUtils - D:\Selenium Workspace\TEST\Automation-Framework\Finalized\2_Capture Test.xls Excel File Check ended
2023-11-10 09:36:00.884 [main] INFO  utils.ExecutionUtils - D:\Selenium Workspace\TEST\Automation-Framework\Finalized\3_Steps_PE.xls Excel File check started...
2023-11-10 09:36:00.925 [main] INFO  utils.ExecutionUtils - Shortcuts_PE Sheet Step validation started...
2023-11-10 09:36:00.955 [main] INFO  utils.ExecutionUtils - Shortcuts_PE Sheet Step validation Ended
2023-11-10 09:36:00.955 [main] INFO  utils.ExecutionUtils - Notepad_PE Sheet Step validation started...
2023-11-10 09:36:00.984 [main] INFO  utils.ExecutionUtils - Notepad_PE Sheet Step validation Ended
2023-11-10 09:36:00.985 [main] INFO  utils.ExecutionUtils - Chrome_PE Sheet Step validation started...
2023-11-10 09:36:01.012 [main] INFO  utils.ExecutionUtils - Chrome_PE Sheet Step validation Ended
2023-11-10 09:36:01.012 [main] INFO  utils.ExecutionUtils - open_file_in_PE Sheet Step validation started...
2023-11-10 09:36:01.035 [main] INFO  utils.ExecutionUtils - open_file_in_PE Sheet Step validation Ended
2023-11-10 09:36:01.036 [main] INFO  utils.ExecutionUtils - Add rule for sel step Sheet Step validation started...
2023-11-10 09:36:01.060 [main] INFO  utils.ExecutionUtils - Add rule for sel step Sheet Step validation Ended
2023-11-10 09:36:01.061 [main] INFO  utils.ExecutionUtils - Add edit rule Sheet Step validation started...
2023-11-10 09:36:01.082 [main] INFO  utils.ExecutionUtils - Add edit rule Sheet Step validation Ended
2023-11-10 09:36:01.082 [main] INFO  utils.ExecutionUtils - replace image Sheet Step validation started...
2023-11-10 09:36:01.107 [main] INFO  utils.ExecutionUtils - replace image Sheet Step validation Ended
2023-11-10 09:36:01.108 [main] INFO  utils.ExecutionUtils - redraw control region Sheet Step validation started...
2023-11-10 09:36:01.130 [main] INFO  utils.ExecutionUtils - redraw control region Sheet Step validation Ended
2023-11-10 09:36:01.130 [main] INFO  utils.ExecutionUtils - insert reomve crop region Sheet Step validation started...
2023-11-10 09:36:01.151 [main] INFO  utils.ExecutionUtils - insert reomve crop region Sheet Step validation Ended
2023-11-10 09:36:01.152 [main] INFO  utils.ExecutionUtils - Modify step data Sheet Step validation started...
2023-11-10 09:36:01.175 [main] INFO  utils.ExecutionUtils - Modify step data Sheet Step validation Ended
2023-11-10 09:36:01.176 [main] INFO  utils.ExecutionUtils - Flagstep Sheet Step validation started...
2023-11-10 09:36:01.198 [main] INFO  utils.ExecutionUtils - Flagstep Sheet Step validation Ended
2023-11-10 09:36:01.198 [main] INFO  utils.ExecutionUtils - ChangeSteptoNNP Sheet Step validation started...
2023-11-10 09:36:01.219 [main] INFO  utils.ExecutionUtils - ChangeSteptoNNP Sheet Step validation Ended
2023-11-10 09:36:01.219 [main] INFO  utils.ExecutionUtils - Apply Navigation Step Filter Sheet Step validation started...
2023-11-10 09:36:01.241 [main] INFO  utils.ExecutionUtils - Apply Navigation Step Filter Sheet Step validation Ended
2023-11-10 09:36:01.242 [main] INFO  utils.ExecutionUtils - Apply Noise Step Filter Sheet Step validation started...
2023-11-10 09:36:01.262 [main] INFO  utils.ExecutionUtils - Apply Noise Step Filter Sheet Step validation Ended
2023-11-10 09:36:01.263 [main] INFO  utils.ExecutionUtils - ScreenNarration_group_rev Sheet Step validation started...
2023-11-10 09:36:01.285 [main] INFO  utils.ExecutionUtils - ScreenNarration_group_rev Sheet Step validation Ended
2023-11-10 09:36:01.285 [main] INFO  utils.ExecutionUtils - ScreenNarration_insertgroup Sheet Step validation started...
2023-11-10 09:36:01.306 [main] INFO  utils.ExecutionUtils - ScreenNarration_insertgroup Sheet Step validation Ended
2023-11-10 09:36:01.306 [main] INFO  utils.ExecutionUtils - ScreenNarration_group_rmvall Sheet Step validation started...
2023-11-10 09:36:01.327 [main] INFO  utils.ExecutionUtils - ScreenNarration_group_rmvall Sheet Step validation Ended
2023-11-10 09:36:01.327 [main] INFO  utils.ExecutionUtils - ScreenNarration_Modify Sheet Step validation started...
2023-11-10 09:36:01.348 [main] INFO  utils.ExecutionUtils - ScreenNarration_Modify Sheet Step validation Ended
2023-11-10 09:36:01.348 [main] INFO  utils.ExecutionUtils - Review steps Sheet Step validation started...
2023-11-10 09:36:01.370 [main] INFO  utils.ExecutionUtils - Review steps Sheet Step validation Ended
2023-11-10 09:36:01.370 [main] INFO  utils.ExecutionUtils - Insert steps Sheet Step validation started...
2023-11-10 09:36:01.396 [main] INFO  utils.ExecutionUtils - Insert steps Sheet Step validation Ended
2023-11-10 09:36:01.396 [main] INFO  utils.ExecutionUtils - ConvertToWAS Sheet Step validation started...
2023-11-10 09:36:01.416 [main] INFO  utils.ExecutionUtils - ConvertToWAS Sheet Step validation Ended
2023-11-10 09:36:01.416 [main] INFO  utils.ExecutionUtils - Insert_Append_Capture Sheet Step validation started...
2023-11-10 09:36:01.439 [main] INFO  utils.ExecutionUtils - Insert_Append_Capture Sheet Step validation Ended
2023-11-10 09:36:01.439 [main] INFO  utils.ExecutionUtils - Attach_audio_Tosteps Sheet Step validation started...
2023-11-10 09:36:01.461 [main] INFO  utils.ExecutionUtils - Attach_audio_Tosteps Sheet Step validation Ended
2023-11-10 09:36:01.461 [main] INFO  utils.ExecutionUtils - Pack_yes_no Sheet Step validation started...
2023-11-10 09:36:01.482 [main] INFO  utils.ExecutionUtils - Pack_yes_no Sheet Step validation Ended
2023-11-10 09:36:01.483 [main] INFO  utils.ExecutionUtils - change alias and control name Sheet Step validation started...
2023-11-10 09:36:01.504 [main] INFO  utils.ExecutionUtils - change alias and control name Sheet Step validation Ended
2023-11-10 09:36:01.504 [main] INFO  utils.ExecutionUtils - Reorder Sheet Step validation started...
2023-11-10 09:36:01.527 [main] INFO  utils.ExecutionUtils - Reorder Sheet Step validation Ended
2023-11-10 09:36:01.527 [main] INFO  utils.ExecutionUtils - D:\Selenium Workspace\TEST\Automation-Framework\Finalized\3_Steps_PE.xls Excel File Check ended
2023-11-10 09:36:01.527 [main] INFO  utils.ExecutionUtils - D:\Selenium Workspace\TEST\Automation-Framework\Finalized\3_ProcessEditor.xls Excel File check started...
2023-11-10 09:36:01.548 [main] INFO  utils.ExecutionUtils - Open File in PE Sheet Step validation started...
2023-11-10 09:36:01.567 [main] INFO  utils.ExecutionUtils - Open File in PE Sheet Step validation Ended
2023-11-10 09:36:01.567 [main] INFO  utils.ExecutionUtils - Audio to text Sheet Step validation started...
2023-11-10 09:36:01.585 [main] INFO  utils.ExecutionUtils - Audio to text Sheet Step validation Ended
2023-11-10 09:36:01.585 [main] INFO  utils.ExecutionUtils - Process Information Sheet Step validation started...
2023-11-10 09:36:01.603 [main] INFO  utils.ExecutionUtils - Process Information Sheet Step validation Ended
2023-11-10 09:36:01.603 [main] INFO  utils.ExecutionUtils - Process summary Sheet Step validation started...
2023-11-10 09:36:01.620 [main] INFO  utils.ExecutionUtils - Process summary Sheet Step validation Ended
2023-11-10 09:36:01.620 [main] INFO  utils.ExecutionUtils - Properties Sheet Step validation started...
2023-11-10 09:36:01.638 [main] INFO  utils.ExecutionUtils - Properties Sheet Step validation Ended
2023-11-10 09:36:01.638 [main] INFO  utils.ExecutionUtils - Mask Text In PE Sheet Step validation started...
2023-11-10 09:36:01.657 [main] INFO  utils.ExecutionUtils - Mask Text In PE Sheet Step validation Ended
2023-11-10 09:36:01.657 [main] INFO  utils.ExecutionUtils - Find Replace Sheet Step validation started...
2023-11-10 09:36:01.675 [main] INFO  utils.ExecutionUtils - Find Replace Sheet Step validation Ended
2023-11-10 09:36:01.675 [main] INFO  utils.ExecutionUtils - Regenerate Sentance Sheet Step validation started...
2023-11-10 09:36:01.695 [main] INFO  utils.ExecutionUtils - Regenerate Sentance Sheet Step validation Ended
2023-11-10 09:36:01.696 [main] INFO  utils.ExecutionUtils - change ctrl reg clr and thick Sheet Step validation started...
2023-11-10 09:36:01.715 [main] INFO  utils.ExecutionUtils - change ctrl reg clr and thick Sheet Step validation Ended
2023-11-10 09:36:01.715 [main] INFO  utils.ExecutionUtils - use control image prefs Sheet Step validation started...
2023-11-10 09:36:01.732 [main] INFO  utils.ExecutionUtils - use control image prefs Sheet Step validation Ended
2023-11-10 09:36:01.732 [main] INFO  utils.ExecutionUtils - show navigation data Sheet Step validation started...
2023-11-10 09:36:01.749 [main] INFO  utils.ExecutionUtils - show navigation data Sheet Step validation Ended
2023-11-10 09:36:01.749 [main] INFO  utils.ExecutionUtils - View Menu Sheet Step validation started...
2023-11-10 09:36:01.766 [main] INFO  utils.ExecutionUtils - View Menu Sheet Step validation Ended
2023-11-10 09:36:01.767 [main] INFO  utils.ExecutionUtils - Hide Noise and Nav Steps Sheet Step validation started...
2023-11-10 09:36:01.787 [main] INFO  utils.ExecutionUtils - Hide Noise and Nav Steps Sheet Step validation Ended
2023-11-10 09:36:01.787 [main] INFO  utils.ExecutionUtils - Hide Noise and Nav Grid Sheet Step validation started...
2023-11-10 09:36:01.808 [main] INFO  utils.ExecutionUtils - Hide Noise and Nav Grid Sheet Step validation Ended
2023-11-10 09:36:01.814 [main] INFO  utils.ExecutionUtils - Hide Additional Grid Sheet Step validation started...
2023-11-10 09:36:01.835 [main] INFO  utils.ExecutionUtils - Hide Additional Grid Sheet Step validation Ended
2023-11-10 09:36:01.835 [main] INFO  utils.ExecutionUtils - Hide Key Step Grid Sheet Step validation started...
2023-11-10 09:36:01.852 [main] INFO  utils.ExecutionUtils - Hide Key Step Grid Sheet Step validation Ended
2023-11-10 09:36:01.852 [main] INFO  utils.ExecutionUtils - Hide Audio Vedio Grid Sheet Step validation started...
2023-11-10 09:36:01.869 [main] INFO  utils.ExecutionUtils - Hide Audio Vedio Grid Sheet Step validation Ended
2023-11-10 09:36:01.869 [main] INFO  utils.ExecutionUtils - Hide and Show All Grid Sheet Step validation started...
2023-11-10 09:36:01.887 [main] INFO  utils.ExecutionUtils - Hide and Show All Grid Sheet Step validation Ended
2023-11-10 09:36:01.887 [main] INFO  utils.ExecutionUtils - Export to visio Sheet Step validation started...
2023-11-10 09:36:01.904 [main] INFO  utils.ExecutionUtils - Export to visio Sheet Step validation Ended
2023-11-10 09:36:01.904 [main] INFO  utils.ExecutionUtils - Finalize from PE Sheet Step validation started...
2023-11-10 09:36:01.920 [main] INFO  utils.ExecutionUtils - Finalize from PE Sheet Step validation Ended
2023-11-10 09:36:01.920 [main] INFO  utils.ExecutionUtils - Close All Sheet Step validation started...
2023-11-10 09:36:01.938 [main] INFO  utils.ExecutionUtils - Close All Sheet Step validation Ended
2023-11-10 09:36:01.938 [main] INFO  utils.ExecutionUtils - D:\Selenium Workspace\TEST\Automation-Framework\Finalized\3_ProcessEditor.xls Excel File Check ended
2023-11-10 09:36:01.938 [main] INFO  actions.TestcaseExecutor - loadMethods completed.
2023-11-10 09:36:01.939 [main] INFO  actions.TestcaseExecutor - startExecution started...
2023-11-10 09:36:02.259 [main] INFO  utils.XML_Library - Automation settings updation started
2023-11-10 09:36:02.551 [main] INFO  utils.XML_Library - Automation settings updation completed
2023-11-10 09:36:02.856 [main] INFO  core.Application - chrome is closing...
2023-11-10 09:36:02.991 [main] INFO  core.Application - C:\Program Files\Google\Chrome\Application\chrome.exe is closed.
2023-11-10 09:36:03.294 [main] INFO  core.Application - C:\Program Files\Google\Chrome\Application\chrome.exe is launching...
2023-11-10 09:36:09.572 [main] INFO  core.Application - C:\Program Files\Google\Chrome\Application\chrome.exe is launched
2023-11-10 09:36:12.128 [main] INFO  utils.XML_Library - Automation settings updation started
2023-11-10 09:36:12.307 [main] INFO  utils.XML_Library - Automation settings updation completed
2023-11-10 09:36:12.307 [main] INFO  core.Application - D:\MSI\02-11-2023\Epiplex500\epiplex\BIN\epiplex.exe is launching...
2023-11-10 09:36:25.797 [main] INFO  core.Application - D:\MSI\02-11-2023\Epiplex500\epiplex\BIN\epiplex.exe is launched
2023-11-10 09:39:40.083 [main] ERROR actions.ElementFinder - Epiplex500 not displyed within 30 s
2023-11-10 09:39:41.502 [main] INFO  core.Application - Epiplex is closing...
2023-11-10 09:39:42.628 [main] INFO  core.Application - D:\MSI\02-11-2023\Epiplex500\epiplex\BIN\epiplex.exe is closed.
2023-11-10 09:39:42.941 [main] INFO  utils.XML_Library - transformGPS started
2023-11-10 09:39:43.191 [main] INFO  utils.XML_Library - transform-GPS completed
2023-11-10 09:39:43.191 [main] INFO  utils.XML_Library - transformGPS started
2023-11-10 09:39:43.238 [main] INFO  utils.XML_Library - transform-GPS completed
2023-11-10 09:39:43.659 [main] INFO  core.Application - chrome is closing...
2023-11-10 09:39:44.784 [main] INFO  core.Application - C:\Program Files\Google\Chrome\Application\chrome.exe is closed.
2023-11-10 09:39:47.972 [main] INFO  core.Application - msedge is closing...
2023-11-10 09:39:53.302 [main] INFO  core.Application - C:\\Program Files (x86)\\Microsoft\\Edge\\Application\\msedge.exe is closed.
2023-11-10 09:39:53.966 [main] INFO  core.Application - C:\\Program Files (x86)\\Microsoft\\Edge\\Application\\msedge.exe is launching...
2023-11-10 09:39:56.269 [main] INFO  core.Application - C:\\Program Files (x86)\\Microsoft\\Edge\\Application\\msedge.exe is launched
2023-11-10 09:40:00.430 [main] INFO  utils.XML_Library - Automation settings updation started
2023-11-10 09:40:00.587 [main] INFO  utils.XML_Library - Automation settings updation completed
2023-11-10 09:40:00.587 [main] INFO  core.Application - D:\MSI\02-11-2023\Epiplex500\epiplex\BIN\epiplex.exe is launching...
2023-11-10 09:40:11.347 [main] INFO  core.Application - D:\MSI\02-11-2023\Epiplex500\epiplex\BIN\epiplex.exe is launched
2023-11-10 09:41:36.431 [main] ERROR actions.ElementFinder - Saving capture file not vanished within 5 s
2023-11-10 09:41:41.435 [main] ERROR actions.ElementFinder - Saving capture file not vanished within 5 s
2023-11-10 09:41:47.358 [main] ERROR actions.ElementFinder - Saving capture file not vanished within 5 s
2023-11-10 09:42:03.188 [main] INFO  core.Application - Epiplex is closing...
2023-11-10 09:42:04.259 [main] INFO  core.Application - D:\MSI\02-11-2023\Epiplex500\epiplex\BIN\epiplex.exe is closed.
2023-11-10 09:42:04.572 [main] INFO  core.Application - msedge is closing...
2023-11-10 09:42:05.666 [main] INFO  core.Application - C:\\Program Files (x86)\\Microsoft\\Edge\\Application\\msedge.exe is closed.
2023-11-10 09:42:05.994 [main] INFO  utils.XML_Library - transformGPS started
2023-11-10 09:42:06.041 [main] INFO  utils.XML_Library - transform-GPS completed
2023-11-10 09:42:06.041 [main] INFO  utils.XML_Library - transformGPS started
2023-11-10 09:42:06.119 [main] INFO  utils.XML_Library - transform-GPS completed
2023-11-10 09:42:07.494 [main] INFO  utils.XML_Library - Automation settings updation started
2023-11-10 09:42:07.947 [main] INFO  utils.XML_Library - Automation settings updation completed
2023-11-10 09:42:08.276 [main] INFO  core.Application - notepad is closing...
2023-11-10 09:42:08.292 [main] INFO  core.Application - C:\\WINDOWS\\SYSTEM32\\notepad.exe is closed.
2023-11-10 09:42:08.604 [main] INFO  core.Application - chrome is closing...
2023-11-10 09:42:08.635 [main] INFO  core.Application - C:\Program Files\Google\Chrome\Application\chrome.exe is closed.
2023-11-10 09:42:08.948 [main] INFO  core.Application - C:\\WINDOWS\\SYSTEM32\\notepad.exe is launching...
2023-11-10 09:42:12.204 [main] INFO  core.Application - C:\\WINDOWS\\SYSTEM32\\notepad.exe is launched
2023-11-10 09:42:12.853 [main] INFO  core.Application - C:\Program Files\Google\Chrome\Application\chrome.exe is launching...
2023-11-10 09:42:19.136 [main] INFO  core.Application - C:\Program Files\Google\Chrome\Application\chrome.exe is launched
2023-11-10 09:42:21.672 [main] INFO  utils.XML_Library - Automation settings updation started
2023-11-10 09:42:21.821 [main] INFO  utils.XML_Library - Automation settings updation completed
2023-11-10 09:42:21.821 [main] INFO  core.Application - D:\MSI\02-11-2023\Epiplex500\epiplex\BIN\epiplex.exe is launching...
2023-11-10 09:42:32.209 [main] INFO  core.Application - D:\MSI\02-11-2023\Epiplex500\epiplex\BIN\epiplex.exe is launched
2023-11-10 09:44:16.023 [main] INFO  core.Application - Epiplex is closing...
2023-11-10 09:44:17.116 [main] INFO  core.Application - D:\MSI\02-11-2023\Epiplex500\epiplex\BIN\epiplex.exe is closed.
2023-11-10 09:44:17.444 [main] INFO  core.Application - notepad is closing...
2023-11-10 09:44:18.538 [main] INFO  core.Application - C:\\WINDOWS\\SYSTEM32\\notepad.exe is closed.
2023-11-10 09:44:18.870 [main] INFO  core.Application - chrome is closing...
2023-11-10 09:44:19.963 [main] INFO  core.Application - C:\Program Files\Google\Chrome\Application\chrome.exe is closed.
2023-11-10 09:44:20.588 [main] INFO  core.Application - Notepad is closing...
2023-11-10 09:44:20.635 [main] INFO  core.Application - C:\\WINDOWS\\SYSTEM32\\notepad.exe is closed.
2023-11-10 09:44:20.948 [main] INFO  core.Application - C:\\WINDOWS\\SYSTEM32\\notepad.exe is launching...
2023-11-10 09:44:24.301 [main] INFO  core.Application - C:\\WINDOWS\\SYSTEM32\\notepad.exe is launched
2023-11-10 09:44:24.978 [main] INFO  utils.XML_Library - Automation settings updation started
2023-11-10 09:44:25.124 [main] INFO  utils.XML_Library - Automation settings updation completed
2023-11-10 09:44:25.124 [main] INFO  core.Application - D:\MSI\02-11-2023\Epiplex500\epiplex\BIN\epiplex.exe is launching...
2023-11-10 09:44:34.543 [main] INFO  core.Application - D:\MSI\02-11-2023\Epiplex500\epiplex\BIN\epiplex.exe is launched
2023-11-10 09:46:08.603 [main] INFO  core.Application - Epiplex is closing...
2023-11-10 09:46:09.681 [main] INFO  core.Application - D:\MSI\02-11-2023\Epiplex500\epiplex\BIN\epiplex.exe is closed.
2023-11-10 09:46:09.994 [main] INFO  core.Application - notepad is closing...
2023-11-10 09:46:11.103 [main] INFO  core.Application - C:\\WINDOWS\\SYSTEM32\\notepad.exe is closed.
2023-11-10 09:46:11.728 [main] INFO  core.Application - chrome is closing...
2023-11-10 09:46:11.759 [main] INFO  core.Application - C:\Program Files\Google\Chrome\Application\chrome.exe is closed.
2023-11-10 09:46:12.087 [main] INFO  core.Application - C:\Program Files\Google\Chrome\Application\chrome.exe is launching...
2023-11-10 09:46:16.738 [main] INFO  core.Application - C:\Program Files\Google\Chrome\Application\chrome.exe is launched
2023-11-10 09:46:19.330 [main] INFO  utils.XML_Library - Automation settings updation started
2023-11-10 09:46:19.470 [main] INFO  utils.XML_Library - Automation settings updation completed
2023-11-10 09:46:19.470 [main] INFO  core.Application - D:\MSI\02-11-2023\Epiplex500\epiplex\BIN\epiplex.exe is launching...
2023-11-10 09:46:32.261 [main] INFO  core.Application - D:\MSI\02-11-2023\Epiplex500\epiplex\BIN\epiplex.exe is launched
2023-11-10 09:48:12.912 [main] INFO  core.Application - Epiplex is closing...
2023-11-10 09:48:13.985 [main] INFO  core.Application - D:\MSI\02-11-2023\Epiplex500\epiplex\BIN\epiplex.exe is closed.
2023-11-10 09:48:14.304 [main] INFO  core.Application - chrome is closing...
2023-11-10 09:48:15.452 [main] INFO  core.Application - C:\Program Files\Google\Chrome\Application\chrome.exe is closed.
2023-11-10 09:48:16.077 [main] INFO  core.Application - D:\MSI\02-11-2023\Epiplex500\epiplex\BIN\epiplex.exe is launching...
2023-11-10 09:48:25.238 [main] INFO  core.Application - D:\MSI\02-11-2023\Epiplex500\epiplex\BIN\epiplex.exe is launched
2023-11-10 09:50:54.357 [main] INFO  core.Application - D:\MSI\02-11-2023\Epiplex500\epiplex\BIN\ProcessEditor.exe is launching...
2023-11-10 09:50:56.592 [main] INFO  core.Application - D:\MSI\02-11-2023\Epiplex500\epiplex\BIN\ProcessEditor.exe is launched
2023-11-10 09:51:20.704 [main] INFO  core.Application - D:\MSI\02-11-2023\Epiplex500\epiplex\BIN\ProcessEditor.exe is launching...
2023-11-10 09:51:22.938 [main] INFO  core.Application - D:\MSI\02-11-2023\Epiplex500\epiplex\BIN\ProcessEditor.exe is launched
2023-11-10 10:01:17.502 [main] INFO  core.Application - C:\\WINDOWS\\SYSTEM32\\notepad.exe is launching...
2023-11-10 10:01:20.908 [main] INFO  core.Application - C:\\WINDOWS\\SYSTEM32\\notepad.exe is launched
2023-11-10 10:02:39.590 [main] INFO  core.Application - C:\\WINDOWS\\SYSTEM32\\notepad.exe is launching...
2023-11-10 10:02:41.871 [main] INFO  core.Application - C:\\WINDOWS\\SYSTEM32\\notepad.exe is launched
2023-11-10 10:03:52.199 [main] INFO  utils.XML_Library - transformGPS started
2023-11-10 10:03:52.261 [main] INFO  utils.XML_Library - transform-GPS completed
2023-11-10 10:03:52.261 [main] INFO  utils.XML_Library - transformGPS started
2023-11-10 10:03:52.293 [main] INFO  utils.XML_Library - transform-GPS completed
2023-11-10 10:03:52.683 [main] INFO  core.Application - notepad is closing...
2023-11-10 10:03:53.793 [main] INFO  core.Application - C:\\WINDOWS\\SYSTEM32\\notepad.exe is closed.
2023-11-10 10:06:42.900 [main] INFO  core.Application - Process Editor is closing...
2023-11-10 10:06:43.978 [main] INFO  core.Application - D:\MSI\02-11-2023\Epiplex500\epiplex\BIN\ProcessEditor.exe is closed.
2023-11-10 10:06:44.603 [main] INFO  utils.XML_Library - Automation settings updation started
2023-11-10 10:06:44.697 [main] INFO  utils.XML_Library - Automation settings updation completed
2023-11-10 10:06:45.665 [main] INFO  core.Application - D:\MSI\02-11-2023\Epiplex500\epiplex\BIN\epiplex.exe is launching...
2023-11-10 10:06:47.821 [main] INFO  core.Application - D:\MSI\02-11-2023\Epiplex500\epiplex\BIN\epiplex.exe is launched
2023-11-10 10:07:27.618 [main] INFO  core.Application - D:\MSI\02-11-2023\Epiplex500\epiplex\BIN\ProcessEditor.exe is launching...
2023-11-10 10:07:29.868 [main] INFO  core.Application - D:\MSI\02-11-2023\Epiplex500\epiplex\BIN\ProcessEditor.exe is launched
2023-11-10 10:07:38.746 [main] ERROR actions.ElementFinder - You don't have valid license to convert audio to text not displyed within 5 s
2023-11-10 10:07:41.457 [main] INFO  core.Application - Process Editor is closing...
2023-11-10 10:07:42.520 [main] INFO  core.Application - D:\MSI\02-11-2023\Epiplex500\epiplex\BIN\ProcessEditor.exe is closed.
2023-11-10 10:09:57.887 [main] ERROR actions.ElementFinder - Process Editor - [ not displyed within 130 s
2023-11-10 10:09:58.384 [main] INFO  utils.ProjectConfiguration - Report Logging Closed
2023-11-10 10:09:58.385 [main] INFO  actions.TestcaseExecutor - startExecution completed.
2023-11-10 10:09:58.385 [main] INFO  actions.TestcaseExecutor - Close all Application started...
2023-11-10 10:09:58.385 [main] INFO  core.Application - closeAllApps is started...
2023-11-10 10:10:10.297 [main] INFO  core.Application - closeAllApps is completed...
2023-11-10 10:10:10.297 [main] INFO  actions.TestcaseExecutor - Close all Application completed.
2023-11-10 10:13:04.985 [main] INFO  actions.TestcaseExecutor - createProjectSetup started...
2023-11-10 10:13:04.992 [main] INFO  utils.ProjectConfiguration - Logs Folder Already exists...!
2023-11-10 10:13:04.992 [main] INFO  utils.ProjectConfiguration - CleanFolders Started
2023-11-10 10:13:05.012 [main] INFO  utils.ProjectConfiguration - Screenshots Folder Cleaned Successfully
2023-11-10 10:13:05.022 [main] INFO  utils.ProjectConfiguration - TransformedGPS Folder Cleaned Successfully
2023-11-10 10:13:05.023 [main] INFO  utils.ProjectConfiguration - CleanFolders Completed
2023-11-10 10:13:05.023 [main] INFO  utils.ProjectConfiguration - Folders Creation Started
2023-11-10 10:13:05.023 [main] INFO  utils.ProjectConfiguration - Report Folder Already exists...!
2023-11-10 10:13:05.023 [main] INFO  utils.ProjectConfiguration - Capture Images Folder Already exists...!
2023-11-10 10:13:05.023 [main] INFO  utils.ProjectConfiguration - Screenshots Folder Already exists...!
2023-11-10 10:13:05.024 [main] INFO  utils.ProjectConfiguration - Sikuli-Images Folder Already exists...!
2023-11-10 10:13:05.024 [main] INFO  utils.ProjectConfiguration - ExcelHolder Folder Already exists...!
2023-11-10 10:13:05.024 [main] INFO  utils.ProjectConfiguration - TransformedGPS Folder Already exists...!
2023-11-10 10:13:05.024 [main] INFO  utils.ProjectConfiguration - Base-Files Folder Already exists...!
2023-11-10 10:13:05.024 [main] INFO  utils.ProjectConfiguration - config Folder Already exists...!
2023-11-10 10:13:05.025 [main] INFO  utils.ProjectConfiguration - Folders Creation Completed
2023-11-10 10:13:05.025 [main] INFO  utils.ExecutionUtils - loadSettings started
2023-11-10 10:13:06.563 [main] INFO  utils.ExecutionUtils - loadSettings completed
2023-11-10 10:13:06.563 [main] INFO  utils.ProjectConfiguration - Logs Folder Already exists...!
2023-11-10 10:13:06.563 [main] INFO  utils.ProjectConfiguration - CleanFolders Started
2023-11-10 10:13:06.564 [main] INFO  utils.ProjectConfiguration - Screenshots Folder Cleaned Successfully
2023-11-10 10:13:06.564 [main] INFO  utils.ProjectConfiguration - TransformedGPS Folder Cleaned Successfully
2023-11-10 10:13:06.564 [main] INFO  utils.ProjectConfiguration - CleanFolders Completed
2023-11-10 10:13:06.564 [main] INFO  utils.ProjectConfiguration - Folders Creation Started
2023-11-10 10:13:06.564 [main] INFO  utils.ProjectConfiguration - Report Folder Already exists...!
2023-11-10 10:13:06.565 [main] INFO  utils.ProjectConfiguration - Capture Images Folder Already exists...!
2023-11-10 10:13:06.565 [main] INFO  utils.ProjectConfiguration - Screenshots Folder Already exists...!
2023-11-10 10:13:06.565 [main] INFO  utils.ProjectConfiguration - Sikuli-Images Folder Already exists...!
2023-11-10 10:13:06.565 [main] INFO  utils.ProjectConfiguration - ExcelHolder Folder Already exists...!
2023-11-10 10:13:06.565 [main] INFO  utils.ProjectConfiguration - TransformedGPS Folder Already exists...!
2023-11-10 10:13:06.565 [main] INFO  utils.ProjectConfiguration - Base-Files Folder Already exists...!
2023-11-10 10:13:06.565 [main] INFO  utils.ProjectConfiguration - config Folder Already exists...!
2023-11-10 10:13:06.566 [main] INFO  utils.ProjectConfiguration - Folders Creation Completed
2023-11-10 10:13:06.566 [main] INFO  utils.ProjectConfiguration - Report Setup Started
2023-11-10 10:13:06.686 [main] INFO  utils.ProjectConfiguration - Report Setup Completed
2023-11-10 10:13:06.687 [main] INFO  utils.ExecutionUtils - Get execution sheets started
2023-11-10 10:13:06.730 [main] INFO  utils.ExecutionUtils - Get execution sheets completed
2023-11-10 10:13:06.800 [main] INFO  actions.TestcaseExecutor - createProjectSetup completed.
2023-11-10 10:13:06.800 [main] INFO  actions.TestcaseExecutor - loadMethods started...
2023-11-10 10:13:06.802 [main] INFO  utils.ExecutionUtils - D:\Selenium Workspace\TEST\Automation-Framework\Finalized\3_ProcessEditor.xls Excel File check started...
2023-11-10 10:13:06.949 [main] INFO  utils.ExecutionUtils - Open File in PE Sheet Step validation started...
2023-11-10 10:13:07.004 [main] INFO  utils.ExecutionUtils - Open File in PE Sheet Step validation Ended
2023-11-10 10:13:07.005 [main] INFO  utils.ExecutionUtils - Audio to text Sheet Step validation started...
2023-11-10 10:13:07.039 [main] INFO  utils.ExecutionUtils - Audio to text Sheet Step validation Ended
2023-11-10 10:13:07.039 [main] INFO  utils.ExecutionUtils - Process Information Sheet Step validation started...
2023-11-10 10:13:07.068 [main] INFO  utils.ExecutionUtils - Process Information Sheet Step validation Ended
2023-11-10 10:13:07.068 [main] INFO  utils.ExecutionUtils - Process summary Sheet Step validation started...
2023-11-10 10:13:07.090 [main] INFO  utils.ExecutionUtils - Process summary Sheet Step validation Ended
2023-11-10 10:13:07.091 [main] INFO  utils.ExecutionUtils - Properties Sheet Step validation started...
2023-11-10 10:13:07.116 [main] INFO  utils.ExecutionUtils - Properties Sheet Step validation Ended
2023-11-10 10:13:07.116 [main] INFO  utils.ExecutionUtils - Mask Text In PE Sheet Step validation started...
2023-11-10 10:13:07.143 [main] INFO  utils.ExecutionUtils - Mask Text In PE Sheet Step validation Ended
2023-11-10 10:13:07.143 [main] INFO  utils.ExecutionUtils - Find Replace Sheet Step validation started...
2023-11-10 10:13:07.163 [main] INFO  utils.ExecutionUtils - Find Replace Sheet Step validation Ended
2023-11-10 10:13:07.163 [main] INFO  utils.ExecutionUtils - Regenerate Sentance Sheet Step validation started...
2023-11-10 10:13:07.190 [main] INFO  utils.ExecutionUtils - Regenerate Sentance Sheet Step validation Ended
2023-11-10 10:13:07.191 [main] INFO  utils.ExecutionUtils - change ctrl reg clr and thick Sheet Step validation started...
2023-11-10 10:13:07.212 [main] INFO  utils.ExecutionUtils - change ctrl reg clr and thick Sheet Step validation Ended
2023-11-10 10:13:07.212 [main] INFO  utils.ExecutionUtils - use control image prefs Sheet Step validation started...
2023-11-10 10:13:07.231 [main] INFO  utils.ExecutionUtils - use control image prefs Sheet Step validation Ended
2023-11-10 10:13:07.231 [main] INFO  utils.ExecutionUtils - show navigation data Sheet Step validation started...
2023-11-10 10:13:07.251 [main] INFO  utils.ExecutionUtils - show navigation data Sheet Step validation Ended
2023-11-10 10:13:07.251 [main] INFO  utils.ExecutionUtils - View Menu Sheet Step validation started...
2023-11-10 10:13:07.271 [main] INFO  utils.ExecutionUtils - View Menu Sheet Step validation Ended
2023-11-10 10:13:07.271 [main] INFO  utils.ExecutionUtils - Hide Noise and Nav Steps Sheet Step validation started...
2023-11-10 10:13:07.291 [main] INFO  utils.ExecutionUtils - Hide Noise and Nav Steps Sheet Step validation Ended
2023-11-10 10:13:07.291 [main] INFO  utils.ExecutionUtils - Hide Noise and Nav Grid Sheet Step validation started...
2023-11-10 10:13:07.310 [main] INFO  utils.ExecutionUtils - Hide Noise and Nav Grid Sheet Step validation Ended
2023-11-10 10:13:07.310 [main] INFO  utils.ExecutionUtils - Hide Additional Grid Sheet Step validation started...
2023-11-10 10:13:07.329 [main] INFO  utils.ExecutionUtils - Hide Additional Grid Sheet Step validation Ended
2023-11-10 10:13:07.329 [main] INFO  utils.ExecutionUtils - Hide Key Step Grid Sheet Step validation started...
2023-11-10 10:13:07.346 [main] INFO  utils.ExecutionUtils - Hide Key Step Grid Sheet Step validation Ended
2023-11-10 10:13:07.346 [main] INFO  utils.ExecutionUtils - Hide Audio Vedio Grid Sheet Step validation started...
2023-11-10 10:13:07.364 [main] INFO  utils.ExecutionUtils - Hide Audio Vedio Grid Sheet Step validation Ended
2023-11-10 10:13:07.364 [main] INFO  utils.ExecutionUtils - Hide and Show All Grid Sheet Step validation started...
2023-11-10 10:13:07.383 [main] INFO  utils.ExecutionUtils - Hide and Show All Grid Sheet Step validation Ended
2023-11-10 10:13:07.383 [main] INFO  utils.ExecutionUtils - Export to visio Sheet Step validation started...
2023-11-10 10:13:07.401 [main] INFO  utils.ExecutionUtils - Export to visio Sheet Step validation Ended
2023-11-10 10:13:07.401 [main] INFO  utils.ExecutionUtils - Finalize from PE Sheet Step validation started...
2023-11-10 10:13:07.419 [main] INFO  utils.ExecutionUtils - Finalize from PE Sheet Step validation Ended
2023-11-10 10:13:07.419 [main] INFO  utils.ExecutionUtils - Close All Sheet Step validation started...
2023-11-10 10:13:07.437 [main] INFO  utils.ExecutionUtils - Close All Sheet Step validation Ended
2023-11-10 10:13:07.437 [main] INFO  utils.ExecutionUtils - D:\Selenium Workspace\TEST\Automation-Framework\Finalized\3_ProcessEditor.xls Excel File Check ended
2023-11-10 10:13:07.437 [main] INFO  actions.TestcaseExecutor - loadMethods completed.
2023-11-10 10:13:07.438 [main] INFO  actions.TestcaseExecutor - startExecution started...
2023-11-10 10:13:07.757 [main] INFO  utils.XML_Library - Automation settings updation started
2023-11-10 10:13:08.051 [main] INFO  utils.XML_Library - Automation settings updation completed
2023-11-10 10:13:09.051 [main] INFO  core.Application - D:\MSI\02-11-2023\Epiplex500\epiplex\BIN\epiplex.exe is launching...
2023-11-10 10:13:19.877 [main] INFO  core.Application - D:\MSI\02-11-2023\Epiplex500\epiplex\BIN\epiplex.exe is launched
2023-11-10 10:13:55.757 [main] INFO  core.Application - D:\MSI\02-11-2023\Epiplex500\epiplex\BIN\ProcessEditor.exe is launching...
2023-11-10 10:13:57.936 [main] INFO  core.Application - D:\MSI\02-11-2023\Epiplex500\epiplex\BIN\ProcessEditor.exe is launched
2023-11-10 10:14:02.941 [main] INFO  core.Application - Process Editor is closing...
2023-11-10 10:14:04.034 [main] INFO  core.Application - D:\MSI\02-11-2023\Epiplex500\epiplex\BIN\ProcessEditor.exe is closed.
2023-11-10 10:15:13.291 [main] INFO  core.Application - D:\MSI\02-11-2023\Epiplex500\epiplex\BIN\ProcessEditor.exe is launching...
2023-11-10 10:15:15.478 [main] INFO  core.Application - D:\MSI\02-11-2023\Epiplex500\epiplex\BIN\ProcessEditor.exe is launched
2023-11-10 10:15:22.175 [main] INFO  core.Application - D:\MSI\02-11-2023\Epiplex500\epiplex\BIN\ProcessEditor.exe is launching...
2023-11-10 10:15:24.393 [main] INFO  core.Application - D:\MSI\02-11-2023\Epiplex500\epiplex\BIN\ProcessEditor.exe is launched
2023-11-10 10:16:48.373 [main] INFO  core.Application - D:\MSI\02-11-2023\Epiplex500\epiplex\BIN\ProcessEditor.exe is launching...
2023-11-10 10:16:50.576 [main] INFO  core.Application - D:\MSI\02-11-2023\Epiplex500\epiplex\BIN\ProcessEditor.exe is launched
2023-11-10 10:17:58.958 [main] INFO  core.Application - D:\MSI\02-11-2023\Epiplex500\epiplex\BIN\ProcessEditor.exe is launching...
2023-11-10 10:18:01.145 [main] INFO  core.Application - D:\MSI\02-11-2023\Epiplex500\epiplex\BIN\ProcessEditor.exe is launched
2023-11-10 10:18:43.969 [main] INFO  core.Application - D:\MSI\02-11-2023\Epiplex500\epiplex\BIN\ProcessEditor.exe is launching...
2023-11-10 10:18:46.187 [main] INFO  core.Application - D:\MSI\02-11-2023\Epiplex500\epiplex\BIN\ProcessEditor.exe is launched
2023-11-10 10:19:19.349 [main] INFO  core.Application - Process Editor is closing...
2023-11-10 10:19:20.473 [main] INFO  core.Application - D:\MSI\02-11-2023\Epiplex500\epiplex\BIN\ProcessEditor.exe is closed.
2023-11-10 10:20:27.604 [main] ERROR actions.ElementFinder - Text - Click in E-mail Address box not found within 30 s
2023-11-10 10:20:33.151 [main] ERROR actions.ElementFinder - Text - Click in E-mail Address box not found within 5 s
2023-11-10 10:20:51.189 [main] INFO  core.Application - Process Editor is closing...
2023-11-10 10:20:52.314 [main] INFO  core.Application - D:\MSI\02-11-2023\Epiplex500\epiplex\BIN\ProcessEditor.exe is closed.
2023-11-10 10:22:00.278 [main] ERROR actions.ElementFinder - Text - Click in E-mail Address box not found within 30 s
2023-11-10 10:22:05.902 [main] ERROR actions.ElementFinder - Text - Click in E-mail Address box not found within 5 s
2023-11-10 10:22:31.893 [main] INFO  core.Application - Process Editor is closing...
2023-11-10 10:22:32.971 [main] INFO  core.Application - D:\MSI\02-11-2023\Epiplex500\epiplex\BIN\ProcessEditor.exe is closed.
2023-11-10 10:23:59.500 [main] INFO  core.Application - D:\MSI\02-11-2023\Epiplex500\epiplex\BIN\ProcessEditor.exe is launching...
2023-11-10 10:24:01.718 [main] INFO  core.Application - D:\MSI\02-11-2023\Epiplex500\epiplex\BIN\ProcessEditor.exe is launched
2023-11-10 10:24:53.918 [main] INFO  core.Application - D:\MSI\02-11-2023\Epiplex500\epiplex\BIN\ProcessEditor.exe is launching...
2023-11-10 10:24:56.152 [main] INFO  core.Application - D:\MSI\02-11-2023\Epiplex500\epiplex\BIN\ProcessEditor.exe is launched
2023-11-10 10:26:09.919 [main] ERROR actions.ElementFinder - tsmiRemove not enabled within 3 s
2023-11-10 10:26:36.862 [main] INFO  core.Application - notepad is closing...
2023-11-10 10:26:36.894 [main] INFO  core.Application - C:\\WINDOWS\\SYSTEM32\\notepad.exe is closed.
2023-11-10 10:26:37.208 [main] INFO  core.Application - C:\\WINDOWS\\SYSTEM32\\notepad.exe is launching...
2023-11-10 10:26:40.599 [main] INFO  core.Application - C:\\WINDOWS\\SYSTEM32\\notepad.exe is launched
2023-11-10 10:26:41.380 [main] INFO  core.Application - D:\MSI\02-11-2023\Epiplex500\epiplex\BIN\ProcessEditor.exe is launching...
2023-11-10 10:26:43.646 [main] INFO  core.Application - D:\MSI\02-11-2023\Epiplex500\epiplex\BIN\ProcessEditor.exe is launched
2023-11-10 10:28:37.207 [main] INFO  core.Application - notepad is closing...
2023-11-10 10:28:38.347 [main] INFO  core.Application - C:\\WINDOWS\\SYSTEM32\\notepad.exe is closed.
2023-11-10 10:30:21.866 [main] INFO  core.Application - D:\MSI\02-11-2023\Epiplex500\epiplex\BIN\ProcessEditor.exe is launching...
2023-11-10 10:30:24.049 [main] INFO  core.Application - D:\MSI\02-11-2023\Epiplex500\epiplex\BIN\ProcessEditor.exe is launched
2023-11-10 10:30:33.585 [main] INFO  core.Application - D:\MSI\02-11-2023\Epiplex500\epiplex\BIN\ProcessEditor.exe is launching...
2023-11-10 10:30:35.800 [main] INFO  core.Application - D:\MSI\02-11-2023\Epiplex500\epiplex\BIN\ProcessEditor.exe is launched
2023-11-10 10:31:35.165 [main] INFO  core.Application - D:\MSI\02-11-2023\Epiplex500\epiplex\BIN\ProcessEditor.exe is launching...
2023-11-10 10:31:37.378 [main] INFO  core.Application - D:\MSI\02-11-2023\Epiplex500\epiplex\BIN\ProcessEditor.exe is launched
2023-11-10 10:31:56.352 [main] INFO  core.Application - D:\MSI\02-11-2023\Epiplex500\epiplex\BIN\ProcessEditor.exe is launching...
2023-11-10 10:31:58.552 [main] INFO  core.Application - D:\MSI\02-11-2023\Epiplex500\epiplex\BIN\ProcessEditor.exe is launched
2023-11-10 10:32:10.179 [main] INFO  core.Application - D:\MSI\02-11-2023\Epiplex500\epiplex\BIN\ProcessEditor.exe is launching...
2023-11-10 10:32:12.410 [main] INFO  core.Application - D:\MSI\02-11-2023\Epiplex500\epiplex\BIN\ProcessEditor.exe is launched
2023-11-10 10:32:25.074 [main] INFO  core.Application - D:\MSI\02-11-2023\Epiplex500\epiplex\BIN\ProcessEditor.exe is launching...
2023-11-10 10:32:27.305 [main] INFO  core.Application - D:\MSI\02-11-2023\Epiplex500\epiplex\BIN\ProcessEditor.exe is launched
2023-11-10 10:32:40.953 [main] INFO  core.Application - D:\MSI\02-11-2023\Epiplex500\epiplex\BIN\ProcessEditor.exe is launching...
2023-11-10 10:32:43.196 [main] INFO  core.Application - D:\MSI\02-11-2023\Epiplex500\epiplex\BIN\ProcessEditor.exe is launched
2023-11-10 10:32:47.759 [main] INFO  core.Application - D:\MSI\02-11-2023\Epiplex500\epiplex\BIN\ProcessEditor.exe is launching...
2023-11-10 10:32:49.989 [main] INFO  core.Application - D:\MSI\02-11-2023\Epiplex500\epiplex\BIN\ProcessEditor.exe is launched
2023-11-10 10:32:58.833 [main] ERROR actions.ElementFinder - Ns_icon.png not displyed within 5 s
2023-11-10 10:32:59.572 [main] INFO  core.Application - D:\MSI\02-11-2023\Epiplex500\epiplex\BIN\ProcessEditor.exe is launching...
2023-11-10 10:33:01.803 [main] INFO  core.Application - D:\MSI\02-11-2023\Epiplex500\epiplex\BIN\ProcessEditor.exe is launched
2023-11-10 10:33:06.308 [main] INFO  core.Application - D:\MSI\02-11-2023\Epiplex500\epiplex\BIN\ProcessEditor.exe is launching...
2023-11-10 10:33:08.539 [main] INFO  core.Application - D:\MSI\02-11-2023\Epiplex500\epiplex\BIN\ProcessEditor.exe is launched
2023-11-10 10:33:13.114 [main] INFO  core.Application - D:\MSI\02-11-2023\Epiplex500\epiplex\BIN\ProcessEditor.exe is launching...
2023-11-10 10:33:15.330 [main] INFO  core.Application - D:\MSI\02-11-2023\Epiplex500\epiplex\BIN\ProcessEditor.exe is launched
2023-11-10 10:33:33.581 [main] ERROR actions.ElementFinder - Ns_icon.png not displyed within 5 s
2023-11-10 10:33:34.288 [main] INFO  core.Application - D:\MSI\02-11-2023\Epiplex500\epiplex\BIN\ProcessEditor.exe is launching...
2023-11-10 10:33:36.486 [main] INFO  core.Application - D:\MSI\02-11-2023\Epiplex500\epiplex\BIN\ProcessEditor.exe is launched
2023-11-10 10:34:09.771 [main] INFO  core.Application - D:\MSI\02-11-2023\Epiplex500\epiplex\BIN\ProcessEditor.exe is launching...
2023-11-10 10:34:11.976 [main] INFO  core.Application - D:\MSI\02-11-2023\Epiplex500\epiplex\BIN\ProcessEditor.exe is launched
2023-11-10 10:34:22.927 [main] INFO  core.Application - D:\MSI\02-11-2023\Epiplex500\epiplex\BIN\ProcessEditor.exe is launching...
2023-11-10 10:34:25.142 [main] INFO  core.Application - D:\MSI\02-11-2023\Epiplex500\epiplex\BIN\ProcessEditor.exe is launched
2023-11-10 10:34:33.364 [main] INFO  core.Application - D:\MSI\02-11-2023\Epiplex500\epiplex\BIN\ProcessEditor.exe is launching...
2023-11-10 10:34:35.563 [main] INFO  core.Application - D:\MSI\02-11-2023\Epiplex500\epiplex\BIN\ProcessEditor.exe is launched
2023-11-10 10:34:43.748 [main] INFO  core.Application - D:\MSI\02-11-2023\Epiplex500\epiplex\BIN\ProcessEditor.exe is launching...
2023-11-10 10:34:45.963 [main] INFO  core.Application - D:\MSI\02-11-2023\Epiplex500\epiplex\BIN\ProcessEditor.exe is launched
2023-11-10 10:35:30.843 [main] INFO  core.Application - D:\MSI\02-11-2023\Epiplex500\epiplex\BIN\ProcessEditor.exe is launching...
2023-11-10 10:35:33.026 [main] INFO  core.Application - D:\MSI\02-11-2023\Epiplex500\epiplex\BIN\ProcessEditor.exe is launched
2023-11-10 10:35:44.401 [main] ERROR actions.ElementFinder - Please save capture file beforeExport to Visio. not displyed within 5 s
2023-11-10 10:36:06.176 [main] INFO  core.Application - D:\MSI\02-11-2023\Epiplex500\epiplex\BIN\ProcessEditor.exe is launching...
2023-11-10 10:36:08.393 [main] INFO  core.Application - D:\MSI\02-11-2023\Epiplex500\epiplex\BIN\ProcessEditor.exe is launched
2023-11-10 10:38:19.279 [main] INFO  core.Application - epiSimDoc is closing...
2023-11-10 10:38:20.393 [main] INFO  core.Application - D:\MSI\02-11-2023\Epiplex500\epiplex\BIN\epiSimDoc_Editor.exe is closed.
2023-11-10 10:38:20.707 [main] INFO  core.Application - Process Editor is closing...
2023-11-10 10:38:21.818 [main] INFO  core.Application - D:\MSI\02-11-2023\Epiplex500\epiplex\BIN\ProcessEditor.exe is closed.
2023-11-10 10:38:22.131 [main] INFO  core.Application - Epiplex is closing...
2023-11-10 10:38:23.224 [main] INFO  core.Application - D:\MSI\02-11-2023\Epiplex500\epiplex\BIN\epiplex.exe is closed.
2023-11-10 10:38:23.927 [main] INFO  utils.ProjectConfiguration - Report Logging Closed
2023-11-10 10:38:23.927 [main] INFO  actions.TestcaseExecutor - startExecution completed.
2023-11-10 10:38:23.927 [main] INFO  actions.TestcaseExecutor - Close all Application started...
2023-11-10 10:38:23.927 [main] INFO  core.Application - closeAllApps is started...
2023-11-10 10:38:24.365 [main] INFO  core.Application - closeAllApps is completed...
2023-11-10 10:38:24.365 [main] INFO  actions.TestcaseExecutor - Close all Application completed.
